2024-03-01 22:02:36,913 - MINIMUM_SPANNING_TREE - INFO - 开始验证补丁1 1:
2024-03-01 22:02:36,913 - MINIMUM_SPANNING_TREE - INFO - 
                    groupByNode.get(vertex_u).addAll(groupByNode.get(vertex_v));

2024-03-01 22:02:37,700 - MINIMUM_SPANNING_TREE - INFO - 补丁1 1测试失败
2024-03-01 22:02:37,702 - MINIMUM_SPANNING_TREE - INFO - 开始验证补丁1 2:
2024-03-01 22:02:37,702 - MINIMUM_SPANNING_TREE - INFO - 
                    groupByNode.get(vertex_v).clear();

2024-03-01 22:02:38,470 - MINIMUM_SPANNING_TREE - INFO - 补丁1 2测试失败
2024-03-01 22:02:38,471 - MINIMUM_SPANNING_TREE - INFO - 开始验证补丁1 3:
2024-03-01 22:02:38,471 - MINIMUM_SPANNING_TREE - INFO - 
                    groupByNode.get(vertex_u).addAll(groupByNode.get(vertex_v));
                    groupByNode.get(vertex_v).forEach(node -> groupByNode.put(node, groupByNode.get(vertex_u)));

2024-03-01 22:02:39,254 - MINIMUM_SPANNING_TREE - INFO - 补丁1 3测试失败
2024-03-01 22:02:39,255 - MINIMUM_SPANNING_TREE - INFO - 开始验证补丁1 4:
2024-03-01 22:02:39,255 - MINIMUM_SPANNING_TREE - INFO - 
                    groupByNode.get(vertex_u).addAll(groupByNode.get(vertex_v));

2024-03-01 22:02:39,255 - MINIMUM_SPANNING_TREE - INFO - 补丁1 4为重复的补丁
2024-03-01 22:02:39,260 - MINIMUM_SPANNING_TREE - INFO - 开始验证补丁1 5:
2024-03-01 22:02:39,260 - MINIMUM_SPANNING_TREE - INFO - 
                    groupByNode.get(vertex_v).clear();

2024-03-01 22:02:39,260 - MINIMUM_SPANNING_TREE - INFO - 补丁1 5为重复的补丁
2024-03-01 22:02:39,261 - MINIMUM_SPANNING_TREE - INFO - 开始验证补丁1 6:
2024-03-01 22:02:39,261 - MINIMUM_SPANNING_TREE - INFO - 
                    for (Node node : groupByNode.get(vertex_v)) {
                        groupByNode.put(node, groupByNode.get(vertex_u));
                    }

2024-03-01 22:02:40,059 - MINIMUM_SPANNING_TREE - INFO - 补丁1 6测试失败
2024-03-01 22:02:40,060 - MINIMUM_SPANNING_TREE - INFO - 开始验证补丁1 7:
2024-03-01 22:02:40,060 - MINIMUM_SPANNING_TREE - INFO - 
                    groupByNode.get(vertex_u).addAll(groupByNode.get(vertex_v));

2024-03-01 22:02:40,060 - MINIMUM_SPANNING_TREE - INFO - 补丁1 7为重复的补丁
2024-03-01 22:02:40,061 - MINIMUM_SPANNING_TREE - INFO - 开始验证补丁1 8:
2024-03-01 22:02:40,061 - MINIMUM_SPANNING_TREE - INFO - 
                    groupByNode.get(vertex_v).forEach(node -> groupByNode.put(node, groupByNode.get(vertex_u)));

2024-03-01 22:02:40,845 - MINIMUM_SPANNING_TREE - INFO - 补丁1 8测试失败
2024-03-01 22:02:40,846 - MINIMUM_SPANNING_TREE - INFO - 开始验证补丁1 9:
2024-03-01 22:02:40,846 - MINIMUM_SPANNING_TREE - INFO - 
                    for (Node node : groupByNode.get(vertex_v)) {
                        groupByNode.get(node).addAll(groupByNode.get(vertex_u));
                        groupByNode.put(node, groupByNode.get(vertex_u));
                    }

2024-03-01 22:02:41,630 - MINIMUM_SPANNING_TREE - INFO - 补丁1 9测试失败
2024-03-01 22:02:41,631 - MINIMUM_SPANNING_TREE - INFO - 开始验证补丁2 1:
2024-03-01 22:02:41,631 - MINIMUM_SPANNING_TREE - INFO - 
                    groupByNode.get(vertex_u).addAll(groupByNode.get(vertex_v));

2024-03-01 22:02:41,631 - MINIMUM_SPANNING_TREE - INFO - 补丁2 1为重复的补丁
2024-03-01 22:02:41,632 - MINIMUM_SPANNING_TREE - INFO - 开始验证补丁2 2:
2024-03-01 22:02:41,632 - MINIMUM_SPANNING_TREE - INFO - 
                    for (Node node : groupByNode.get(vertex_v)) {
                        groupByNode.put(node, groupByNode.get(vertex_u));
                    }

2024-03-01 22:02:41,632 - MINIMUM_SPANNING_TREE - INFO - 补丁2 2为重复的补丁
2024-03-01 22:02:41,633 - MINIMUM_SPANNING_TREE - INFO - 开始验证补丁2 3:
2024-03-01 22:02:41,633 - MINIMUM_SPANNING_TREE - INFO - 
                    for (Node node : groupByNode.get(vertex_v)) {
                        groupByNode.get(node).addAll(groupByNode.get(vertex_u));
                    }

2024-03-01 22:02:42,401 - MINIMUM_SPANNING_TREE - INFO - 补丁2 3测试失败
2024-03-01 22:02:42,402 - MINIMUM_SPANNING_TREE - INFO - 开始验证补丁2 4:
2024-03-01 22:02:42,402 - MINIMUM_SPANNING_TREE - INFO - 
                    groupByNode.get(vertex_u).addAll(groupByNode.get(vertex_v));

2024-03-01 22:02:42,402 - MINIMUM_SPANNING_TREE - INFO - 补丁2 4为重复的补丁
2024-03-01 22:02:42,403 - MINIMUM_SPANNING_TREE - INFO - 开始验证补丁2 5:
2024-03-01 22:02:42,403 - MINIMUM_SPANNING_TREE - INFO - 
                    for (Node node : groupByNode.get(vertex_v)) {
                        groupByNode.put(node, groupByNode.get(vertex_u));
                    }

2024-03-01 22:02:42,403 - MINIMUM_SPANNING_TREE - INFO - 补丁2 5为重复的补丁
2024-03-01 22:02:42,404 - MINIMUM_SPANNING_TREE - INFO - 开始验证补丁2 6:
2024-03-01 22:02:42,404 - MINIMUM_SPANNING_TREE - INFO - 
                    for (Node node : groupByNode.get(vertex_v)) {
                        groupByNode.get(node).addAll(groupByNode.get(vertex_u));
                    }

2024-03-01 22:02:42,404 - MINIMUM_SPANNING_TREE - INFO - 补丁2 6为重复的补丁
2024-03-01 22:02:42,405 - MINIMUM_SPANNING_TREE - INFO - 开始验证补丁2 7:
2024-03-01 22:02:42,405 - MINIMUM_SPANNING_TREE - INFO - 
                    groupByNode.get(vertex_u).addAll(groupByNode.get(vertex_v));

2024-03-01 22:02:42,405 - MINIMUM_SPANNING_TREE - INFO - 补丁2 7为重复的补丁
2024-03-01 22:02:42,406 - MINIMUM_SPANNING_TREE - INFO - 开始验证补丁2 8:
2024-03-01 22:02:42,406 - MINIMUM_SPANNING_TREE - INFO - 
                    for (Node node : groupByNode.get(vertex_v)) {
                        groupByNode.put(node, groupByNode.get(vertex_u));
                    }

2024-03-01 22:02:42,406 - MINIMUM_SPANNING_TREE - INFO - 补丁2 8为重复的补丁
2024-03-01 22:02:42,407 - MINIMUM_SPANNING_TREE - INFO - 开始验证补丁2 9:
2024-03-01 22:02:42,407 - MINIMUM_SPANNING_TREE - INFO - 
                    for (Node node : groupByNode.get(vertex_v)) {
                        groupByNode.get(node).addAll(groupByNode.get(vertex_u));
                    }

2024-03-01 22:02:42,407 - MINIMUM_SPANNING_TREE - INFO - 补丁2 9为重复的补丁
2024-03-01 22:02:42,408 - MINIMUM_SPANNING_TREE - INFO - 开始验证补丁3 1:
2024-03-01 22:02:42,408 - MINIMUM_SPANNING_TREE - INFO - 
                    groupByNode.get(node).addAll(groupByNode.get(vertex_v));

2024-03-01 22:02:43,186 - MINIMUM_SPANNING_TREE - INFO - 补丁3 1测试失败
2024-03-01 22:02:43,188 - MINIMUM_SPANNING_TREE - INFO - 开始验证补丁3 2:
2024-03-01 22:02:43,188 - MINIMUM_SPANNING_TREE - INFO - 
                    groupByNode.put(node, groupByNode.get(vertex_u));

2024-03-01 22:02:43,971 - MINIMUM_SPANNING_TREE - INFO - 补丁3 2测试失败
2024-03-01 22:02:43,973 - MINIMUM_SPANNING_TREE - INFO - 开始验证补丁3 3:
2024-03-01 22:02:43,973 - MINIMUM_SPANNING_TREE - INFO - 
                    for (Node connectedNode : groupByNode.get(vertex_v)) {
                        groupByNode.put(connectedNode, groupByNode.get(vertex_u));
                    }

2024-03-01 22:02:44,759 - MINIMUM_SPANNING_TREE - INFO - 补丁3 3测试失败
2024-03-01 22:02:44,760 - MINIMUM_SPANNING_TREE - INFO - 开始验证补丁3 4:
2024-03-01 22:02:44,760 - MINIMUM_SPANNING_TREE - INFO - 
                    groupByNode.get(vertex_u).addAll(groupByNode.get(vertex_v));

2024-03-01 22:02:44,760 - MINIMUM_SPANNING_TREE - INFO - 补丁3 4为重复的补丁
2024-03-01 22:02:44,761 - MINIMUM_SPANNING_TREE - INFO - 开始验证补丁3 5:
2024-03-01 22:02:44,761 - MINIMUM_SPANNING_TREE - INFO - 
                    groupByNode.get(vertex_v).forEach(node -> groupByNode.put(node, groupByNode.get(vertex_u)));

2024-03-01 22:02:44,761 - MINIMUM_SPANNING_TREE - INFO - 补丁3 5为重复的补丁
2024-03-01 22:02:44,762 - MINIMUM_SPANNING_TREE - INFO - 开始验证补丁3 6:
2024-03-01 22:02:44,762 - MINIMUM_SPANNING_TREE - INFO - 
                    for (Node node : groupByNode.get(vertex_v)) {
                        groupByNode.get(node).addAll(groupByNode.get(vertex_u));
                        groupByNode.put(node, groupByNode.get(vertex_u));
                    }

2024-03-01 22:02:44,762 - MINIMUM_SPANNING_TREE - INFO - 补丁3 6为重复的补丁
2024-03-01 22:02:44,763 - MINIMUM_SPANNING_TREE - INFO - 开始验证补丁3 7:
2024-03-01 22:02:44,763 - MINIMUM_SPANNING_TREE - INFO - 
                    groupByNode.get(vertex_u).addAll(groupByNode.get(vertex_v));

2024-03-01 22:02:44,763 - MINIMUM_SPANNING_TREE - INFO - 补丁3 7为重复的补丁
2024-03-01 22:02:44,764 - MINIMUM_SPANNING_TREE - INFO - 开始验证补丁3 8:
2024-03-01 22:02:44,764 - MINIMUM_SPANNING_TREE - INFO - 
                    groupByNode.get(vertex_v).forEach(node -> groupByNode.put(node, groupByNode.get(vertex_u)));

2024-03-01 22:02:44,764 - MINIMUM_SPANNING_TREE - INFO - 补丁3 8为重复的补丁
2024-03-01 22:02:44,765 - MINIMUM_SPANNING_TREE - INFO - 开始验证补丁3 9:
2024-03-01 22:02:44,765 - MINIMUM_SPANNING_TREE - INFO - 
                    for (Node node : groupByNode.get(vertex_v)) {
                        groupByNode.get(node).addAll(groupByNode.get(vertex_u));
                        groupByNode.put(node, groupByNode.get(vertex_u));
                    }

2024-03-01 22:02:44,765 - MINIMUM_SPANNING_TREE - INFO - 补丁3 9为重复的补丁
2024-03-01 22:02:44,765 - MINIMUM_SPANNING_TREE - INFO - MINIMUM_SPANNING_TREE 未成功修复
2024-03-01 22:54:46,573 - MINIMUM_SPANNING_TREE - INFO - 开始验证补丁1 1:
2024-03-01 22:54:46,573 - MINIMUM_SPANNING_TREE - INFO - 
                    groupByNode.get(vertex_u).addAll(groupByNode.get(vertex_v));

2024-03-01 22:54:47,674 - MINIMUM_SPANNING_TREE - INFO - 补丁1 1测试失败
2024-03-01 22:54:47,675 - MINIMUM_SPANNING_TREE - INFO - 开始验证补丁1 2:
2024-03-01 22:54:47,675 - MINIMUM_SPANNING_TREE - INFO - 
                    groupByNode.get(vertex_v).clear();

2024-03-01 22:54:48,755 - MINIMUM_SPANNING_TREE - INFO - 补丁1 2测试失败
2024-03-01 22:54:48,756 - MINIMUM_SPANNING_TREE - INFO - 开始验证补丁1 3:
2024-03-01 22:54:48,756 - MINIMUM_SPANNING_TREE - INFO - 
                    groupByNode.get(vertex_u).addAll(groupByNode.get(vertex_v));
                    groupByNode.get(vertex_v).forEach(node -> groupByNode.put(node, groupByNode.get(vertex_u)));

2024-03-01 22:54:49,590 - MINIMUM_SPANNING_TREE - INFO - 补丁1 3测试失败
2024-03-01 22:54:49,591 - MINIMUM_SPANNING_TREE - INFO - 开始验证补丁1 4:
2024-03-01 22:54:49,591 - MINIMUM_SPANNING_TREE - INFO - 
                    groupByNode.get(vertex_u).addAll(groupByNode.get(vertex_v));

2024-03-01 22:54:49,591 - MINIMUM_SPANNING_TREE - INFO - 补丁1 4为重复的补丁
2024-03-01 22:54:49,596 - MINIMUM_SPANNING_TREE - INFO - 开始验证补丁1 5:
2024-03-01 22:54:49,596 - MINIMUM_SPANNING_TREE - INFO - 
                    groupByNode.get(vertex_v).clear();

2024-03-01 22:54:49,596 - MINIMUM_SPANNING_TREE - INFO - 补丁1 5为重复的补丁
2024-03-01 22:54:49,597 - MINIMUM_SPANNING_TREE - INFO - 开始验证补丁1 6:
2024-03-01 22:54:49,597 - MINIMUM_SPANNING_TREE - INFO - 
                    for (Node node : groupByNode.get(vertex_v)) {
                        groupByNode.put(node, groupByNode.get(vertex_u));
                    }

2024-03-01 22:54:50,645 - MINIMUM_SPANNING_TREE - INFO - 补丁1 6 通过了所有的测试用例
