2024-02-24 00:45:54,491 - Closure_114 - INFO - rm -rf /home/chongchong/d4j-project/Closure_114
2024-02-24 00:45:54,491 - Closure_114 - INFO - 删除 Closure 114b 成功
2024-02-24 00:45:54,491 - Closure_114 - INFO - defects4j checkout -p Closure -v 114b -w /home/chongchong/d4j-project/Closure_114
2024-02-24 00:45:57,160 - Closure_114 - INFO - checkout Closure 114b 成功
2024-02-24 00:46:09,050 - Closure_114 - INFO - 编译成功
2024-02-24 00:47:07,190 - Closure_114 - INFO - 测试失败
2024-02-24 00:47:07,190 - Closure_114 - INFO - Failing tests: 1
  - com.google.javascript.jscomp.NameAnalyzerTest::testAssignWithCall

2024-02-24 00:47:08,231 - Closure_114 - INFO - 它的bug类型为:
2024-02-24 00:47:08,231 - Closure_114 - INFO - 1
2024-02-24 00:47:33,980 - Closure_114 - INFO - Closure_114 未成功修复
2024-02-24 14:28:23,210 - Closure_114 - INFO - rm -rf /home/chongchong/d4j-project/Closure_114
2024-02-24 14:28:23,267 - Closure_114 - INFO - 删除 Closure 114b 成功
2024-02-24 14:28:23,267 - Closure_114 - INFO - defects4j checkout -p Closure -v 114b -w /home/chongchong/d4j-project/Closure_114
2024-02-24 14:28:26,063 - Closure_114 - INFO - checkout Closure 114b 成功
2024-02-24 14:28:38,236 - Closure_114 - INFO - 编译成功
2024-02-24 14:29:37,049 - Closure_114 - INFO - 测试失败
2024-02-24 14:29:37,049 - Closure_114 - INFO - Failing tests: 1
  - com.google.javascript.jscomp.NameAnalyzerTest::testAssignWithCall

2024-02-24 14:29:38,076 - Closure_114 - INFO - 它的bug类型为:
2024-02-24 14:29:38,076 - Closure_114 - INFO - 1
2024-02-24 14:30:30,147 - Closure_114 - INFO - 开始验证补丁1 1:
2024-02-24 14:30:30,147 - Closure_114 - INFO - 
          ...
          } // Missing closing brace to end the if-else construct
          // The rhs of the assignment is the caller, so it's used by the
          ...

2024-02-24 14:30:31,996 - Closure_114 - INFO - 编译失败
2024-02-24 14:30:31,996 - Closure_114 - INFO - 错误: 非法的表达式开始
...
2024-02-24 14:30:31,996 - Closure_114 - INFO - 补丁1 1 未成功编译
2024-02-24 14:30:31,998 - Closure_114 - INFO - 开始验证补丁1 2:
2024-02-24 14:30:31,998 - Closure_114 - INFO - 
          ...
          } // Additional logic could be here, like an else-if or a method call
          else {
            recordDepScope(recordNode, ns);
          }
          // The rhs of the assignment is the caller, so it's used by the
          ...

2024-02-24 14:30:33,849 - Closure_114 - INFO - 编译失败
2024-02-24 14:30:33,849 - Closure_114 - INFO - 错误: 非法的表达式开始
...
2024-02-24 14:30:33,849 - Closure_114 - INFO - 补丁1 2 未成功编译
2024-02-24 14:30:33,850 - Closure_114 - INFO - 开始验证补丁1 3:
2024-02-24 14:30:33,850 - Closure_114 - INFO - 
          ...
          // Additional conditions or operations could be here
          recordDepScope(nameNode, ns);
          }
          // The rhs of the assignment is the caller, so it's used by the
          ...

2024-02-24 14:30:35,699 - Closure_114 - INFO - 编译失败
2024-02-24 14:30:35,699 - Closure_114 - INFO - 错误: 非法的表达式开始
...
2024-02-24 14:30:35,699 - Closure_114 - INFO - 补丁1 3 未成功编译
2024-02-24 14:30:35,700 - Closure_114 - INFO - 开始验证补丁1 4:
2024-02-24 14:30:35,700 - Closure_114 - INFO - 
          }
          // Additional conditional logic might be necessary here, depending on the specifics of the task
          if (someCondition) { // Placeholder for the actual condition that needs to be checked
            // The rhs of the assignment is the caller, so it's used by the
            // context. Don't associate it w/ the lhs.
            // FYI: this fixes only the specific case where the assignment is the
            // caller expression, but it could be nested deeper in the caller and
            // we would still get a bug.
            // See testAssignWithCall2 for an example of this.
            recordDepScope(recordNode, ns);
          }

2024-02-24 14:30:37,508 - Closure_114 - INFO - 编译失败
2024-02-24 14:30:37,508 - Closure_114 - INFO - 错误: 需要class, interface或enum
private static final Predicate<Node> NON_LOCAL_RESULT_PREDICATE =
2024-02-24 14:30:37,508 - Closure_114 - INFO - 补丁1 4 未成功编译
2024-02-24 14:30:37,509 - Closure_114 - INFO - 开始验证补丁1 5:
2024-02-24 14:30:37,509 - Closure_114 - INFO - 
          } else if (anotherCondition) { // Placeholder for a different condition that may be required
            // The rhs of the assignment is the caller, so it's used by the
            // context. Don't associate it w/ the lhs.
            // FYI: this fixes only the specific case where the assignment is the
            // caller expression, but it could be nested deeper in the caller and
            // we would still get a bug.
            // See testAssignWithCall2 for an example of this.
            recordDepScope(recordNode, ns);
          }

2024-02-24 14:30:39,342 - Closure_114 - INFO - 编译失败
2024-02-24 14:30:39,342 - Closure_114 - INFO - 错误: 需要class, interface或enum
private static final Predicate<Node> NON_LOCAL_RESULT_PREDICATE =
2024-02-24 14:30:39,342 - Closure_114 - INFO - 补丁1 5 未成功编译
2024-02-24 14:30:39,343 - Closure_114 - INFO - 开始验证补丁1 6:
2024-02-24 14:30:39,343 - Closure_114 - INFO - 
          // Assuming the above else branch should be closed before the new block of code.
          }
          // If the previous logic is complete and no further conditions are needed, the following standalone block could be the intended structure:
          // The rhs of the assignment is the caller, so it's used by the
          // context. Don't associate it w/ the lhs.
          // FYI: this fixes only the specific case where the assignment is the
          // caller expression, but it could be nested deeper in the caller and
          // we would still get a bug.
          // See testAssignWithCall2 for an example of this.
          recordDepScope(recordNode, ns);

2024-02-24 14:30:41,171 - Closure_114 - INFO - 编译失败
2024-02-24 14:30:41,172 - Closure_114 - INFO - 错误: 需要class, interface或enum
private static final Predicate<Node> NON_LOCAL_RESULT_PREDICATE =
2024-02-24 14:30:41,172 - Closure_114 - INFO - 补丁1 6 未成功编译
2024-02-24 14:30:41,173 - Closure_114 - INFO - 开始验证补丁1 7:
2024-02-24 14:30:41,173 - Closure_114 - INFO - 
        } // Missing closing brace to end the preceding else block

2024-02-24 14:30:42,999 - Closure_114 - INFO - 编译失败
2024-02-24 14:30:42,999 - Closure_114 - INFO - 错误: 需要class, interface或enum
private static final Predicate<Node> NON_LOCAL_RESULT_PREDICATE =
2024-02-24 14:30:42,999 - Closure_114 - INFO - 补丁1 7 未成功编译
2024-02-24 14:30:43,000 - Closure_114 - INFO - 开始验证补丁1 8:
2024-02-24 14:30:43,000 - Closure_114 - INFO - 
        } // Correct syntax error: Else without if
        // Additional logic or conditions might be required here

2024-02-24 14:30:44,822 - Closure_114 - INFO - 编译失败
2024-02-24 14:30:44,822 - Closure_114 - INFO - 错误: 需要class, interface或enum
private static final Predicate<Node> NON_LOCAL_RESULT_PREDICATE =
2024-02-24 14:30:44,822 - Closure_114 - INFO - 补丁1 8 未成功编译
2024-02-24 14:30:44,824 - Closure_114 - INFO - 开始验证补丁1 9:
2024-02-24 14:30:44,824 - Closure_114 - INFO - 
        } // Assuming that the else block is correctly closed, the <fill> might indicate a transition to a different control flow
        // Insert logic that was meant to be written here by the original developer

2024-02-24 14:30:46,640 - Closure_114 - INFO - 编译失败
2024-02-24 14:30:46,640 - Closure_114 - INFO - 错误: 需要class, interface或enum
private static final Predicate<Node> NON_LOCAL_RESULT_PREDICATE =
2024-02-24 14:30:46,640 - Closure_114 - INFO - 补丁1 9 未成功编译
2024-02-24 14:30:46,641 - Closure_114 - INFO - 开始验证补丁2 1:
2024-02-24 14:30:46,641 - Closure_114 - INFO - 
        } else {
          recordDepScope(nameNode, ns);
        }
        recordDepScope(recordNode, ns);

2024-02-24 14:30:48,461 - Closure_114 - INFO - 编译失败
2024-02-24 14:30:48,461 - Closure_114 - INFO - 错误: 需要class, interface或enum
private static final Predicate<Node> NON_LOCAL_RESULT_PREDICATE =
2024-02-24 14:30:48,461 - Closure_114 - INFO - 补丁2 1 未成功编译
2024-02-24 14:30:48,462 - Closure_114 - INFO - 开始验证补丁2 2:
2024-02-24 14:30:48,462 - Closure_114 - INFO - 
        } // The else block is not needed here, it seems to be a leftover.
        recordDepScope(recordNode, ns);

2024-02-24 14:30:50,293 - Closure_114 - INFO - 编译失败
2024-02-24 14:30:50,293 - Closure_114 - INFO - 错误: 需要class, interface或enum
private static final Predicate<Node> NON_LOCAL_RESULT_PREDICATE =
2024-02-24 14:30:50,293 - Closure_114 - INFO - 补丁2 2 未成功编译
2024-02-24 14:30:50,294 - Closure_114 - INFO - 开始验证补丁2 3:
2024-02-24 14:30:50,294 - Closure_114 - INFO - 
        }
        // Additional logic or conditions should be handled here if necessary.
        recordDepScope(recordNode, ns);

2024-02-24 14:30:52,146 - Closure_114 - INFO - 编译失败
2024-02-24 14:30:52,146 - Closure_114 - INFO - 错误: 需要class, interface或enum
private static final Predicate<Node> NON_LOCAL_RESULT_PREDICATE =
2024-02-24 14:30:52,146 - Closure_114 - INFO - 补丁2 3 未成功编译
2024-02-24 14:30:52,148 - Closure_114 - INFO - 开始验证补丁2 4:
2024-02-24 14:30:52,148 - Closure_114 - INFO - 
        }
        recordDepScope(recordNode, ns);

2024-02-24 14:30:53,961 - Closure_114 - INFO - 编译失败
2024-02-24 14:30:53,961 - Closure_114 - INFO - 错误: 需要class, interface或enum
private static final Predicate<Node> NON_LOCAL_RESULT_PREDICATE =
2024-02-24 14:30:53,961 - Closure_114 - INFO - 补丁2 4 未成功编译
2024-02-24 14:30:53,962 - Closure_114 - INFO - 开始验证补丁2 5:
2024-02-24 14:30:53,962 - Closure_114 - INFO - 
        else if (someCondition) {
            recordDepScope(recordNode, ns);
        }

2024-02-24 14:30:55,784 - Closure_114 - INFO - 编译失败
2024-02-24 14:30:55,785 - Closure_114 - INFO - 错误: 有 'if', 但是没有 'else'
else if (someCondition) {
2024-02-24 14:30:55,785 - Closure_114 - INFO - 补丁2 5 未成功编译
2024-02-24 14:30:55,786 - Closure_114 - INFO - 开始验证补丁2 6:
2024-02-24 14:30:55,786 - Closure_114 - INFO - 
        // some additional logic or comments can be here
        recordDepScope(recordNode, ns);

2024-02-24 14:31:00,133 - Closure_114 - INFO - 编译成功
2024-02-24 14:32:00,557 - Closure_114 - INFO - 测试失败
2024-02-24 14:32:00,558 - Closure_114 - INFO - Failing tests: 62
  - com.google.javascript.jscomp.IntegrationTest::testSmartNamePass
  - com.google.javascript.jscomp.IntegrationTest::testBrokenNameSpace
  - com.google.javascript.jscomp.IntegrationTest::testIssue284
  - com.google.javascript.jscomp.NameAnalyzerTest::testExpressions1
  - com.google.javascript.jscomp.NameAnalyzerTest::testRemoveRecursiveFunction3
  - com.google.javascript.jscomp.NameAnalyzerTest::testRemoveRecursiveFunction8
  - com.google.javascript.jscomp.NameAnalyzerTest::testTopLevelClass1
  - com.google.javascript.jscomp.NameAnalyzerTest::testTopLevelClass4
  - com.google.javascript.jscomp.NameAnalyzerTest::testTopLevelClass7
  - com.google.javascript.jscomp.NameAnalyzerTest::testRemoveDeclaration3
  - com.google.javascript.jscomp.NameAnalyzerTest::testRemoveDeclaration4
  - com.google.javascript.jscomp.NameAnalyzerTest::testNamespacedClass1
  - com.google.javascript.jscomp.NameAnalyzerTest::testNamespacedClass3
  - com.google.javascript.jscomp.NameAnalyzerTest::testFor
  - com.google.javascript.jscomp.NameAnalyzerTest::testIf1
  - com.google.javascript.jscomp.NameAnalyzerTest::testIf2
  - com.google.javascript.jscomp.NameAnalyzerTest::testIf3
  - com.google.javascript.jscomp.NameAnalyzerTest::testIf4
  - com.google.javascript.jscomp.NameAnalyzerTest::testIf5
  - com.google.javascript.jscomp.NameAnalyzerTest::testExternalAliasInstanceof2
  - com.google.javascript.jscomp.NameAnalyzerTest::testRemoveInstanceOfOnly
  - com.google.javascript.jscomp.NameAnalyzerTest::testWhile
  - com.google.javascript.jscomp.NameAnalyzerTest::testRhsAssign4
  - com.google.javascript.jscomp.NameAnalyzerTest::testAssign1
  - com.google.javascript.jscomp.NameAnalyzerTest::testAssign2
  - com.google.javascript.jscomp.NameAnalyzerTest::testAssign3
  - com.google.javascript.jscomp.NameAnalyzerTest::testAssign4
  - com.google.javascript.jscomp.NameAnalyzerTest::testAssign5
  - com.google.javascript.jscomp.NameAnalyzerTest::testSetterInForStruct12
  - com.google.javascript.jscomp.NameAnalyzerTest::testSetterInForStruct13
  - com.google.javascript.jscomp.NameAnalyzerTest::testNestedAssign2
  - com.google.javascript.jscomp.NameAnalyzerTest::testNestedAssign3
  - com.google.javascript.jscomp.NameAnalyzerTest::testNestedAssign4
  - com.google.javascript.jscomp.NameAnalyzerTest::testAssignWithHook2a
  - com.google.javascript.jscomp.NameAnalyzerTest::testPrototypePropertySetInLocalScope4
  - com.google.javascript.jscomp.NameAnalyzerTest::testPrototypePropertySetInLocalScope5
  - com.google.javascript.jscomp.NameAnalyzerTest::testRemovePrototypeAliases
  - com.google.javascript.jscomp.NameAnalyzerTest::testRemovePrototypeDefinitionsInGlobalScope2
  - com.google.javascript.jscomp.NameAnalyzerTest::testNestedAssigns1
  - com.google.javascript.jscomp.NameAnalyzerTest::testClassDefinedInObjectLit1
  - com.google.javascript.jscomp.NameAnalyzerTest::testClassDefinedInObjectLit2
  - com.google.javascript.jscomp.NameAnalyzerTest::testClassDefinedInObjectLit3
  - com.google.javascript.jscomp.NameAnalyzerTest::testClassDefinedInObjectLit4
  - com.google.javascript.jscomp.NameAnalyzerTest::testBrokenNamespaceWithPrototypeAssignment
  - com.google.javascript.jscomp.NameAnalyzerTest::testRemoveInstanceOfWithReferencedMethod
  - com.google.javascript.jscomp.NameAnalyzerTest::testNoRemoveWindowPropertyAlias4a
  - com.google.javascript.jscomp.NameAnalyzerTest::testNoRemoveWindowPropertyAlias5a
  - com.google.javascript.jscomp.NameAnalyzerTest::testSetterInWhilePredicate
  - com.google.javascript.jscomp.NameAnalyzerTest::testPreservePropertyMutationsToAlias7
  - com.google.javascript.jscomp.NameAnalyzerTest::testPreservePropertyMutationsToAlias8
  - com.google.javascript.jscomp.NameAnalyzerTest::testNoRemoveWindowPropertyAlias4
  - com.google.javascript.jscomp.NameAnalyzerTest::testNoRemoveWindowPropertyAlias5
  - com.google.javascript.jscomp.NameAnalyzerTest::testAssignWithCall2
  - com.google.javascript.jscomp.NameAnalyzerTest::testAssignWithHook4
  - com.google.javascript.jscomp.NameAnalyzerTest::testAssignWithHook6
  - com.google.javascript.jscomp.NameAnalyzerTest::testAssignWithHook9
  - com.google.javascript.jscomp.NameAnalyzerTest::testIssue284
  - com.google.javascript.jscomp.NameAnalyzerTest::testIfElse
  - com.google.javascript.jscomp.NameAnalyzerTest::testMixin3
  - com.google.javascript.jscomp.NameAnalyzerTest::testRemoveFunction3
  - com.google.javascript.jscomp.NameAnalyzerTest::testRemoveFunction4
  - com.google.javascript.jscomp.NameAnalyzerTest::testSetterInForIn5

2024-02-24 14:32:01,066 - Closure_114 - INFO - 选择失败的测试用例为:
2024-02-24 14:32:01,066 - Closure_114 - INFO - com.google.javascript.jscomp.IntegrationTest::testSmartNamePass
2024-02-24 14:32:01,066 - Closure_114 - INFO - 失败的测试代码为:
2024-02-24 14:32:01,066 - Closure_114 - INFO -     test(options, code, "");

2024-02-24 14:32:01,066 - Closure_114 - INFO - 失败信息为:
2024-02-24 14:32:01,066 - Closure_114 - INFO - junit.framework.AssertionFailedError: 

2024-02-24 14:32:01,066 - Closure_114 - INFO - 补丁2 6测试失败
2024-02-24 14:32:01,067 - Closure_114 - INFO - 开始验证补丁2 7:
2024-02-24 14:32:01,067 - Closure_114 - INFO - 
          }

2024-02-24 14:32:02,885 - Closure_114 - INFO - 编译失败
2024-02-24 14:32:02,885 - Closure_114 - INFO - 错误: 需要class, interface或enum
private static final Predicate<Node> NON_LOCAL_RESULT_PREDICATE =
2024-02-24 14:32:02,885 - Closure_114 - INFO - 补丁2 7 未成功编译
2024-02-24 14:32:02,886 - Closure_114 - INFO - 开始验证补丁2 8:
2024-02-24 14:32:02,886 - Closure_114 - INFO - 
          if (condition) {

2024-02-24 14:32:04,716 - Closure_114 - INFO - 编译失败
2024-02-24 14:32:04,716 - Closure_114 - INFO - 错误: 非法的表达式开始
private void recordDepScope(Node node, NameInformation name) {
2024-02-24 14:32:04,716 - Closure_114 - INFO - 补丁2 8 未成功编译
2024-02-24 14:32:04,718 - Closure_114 - INFO - 开始验证补丁2 9:
2024-02-24 14:32:04,718 - Closure_114 - INFO - 
        }
        // Additional logic or comments may be intended here

2024-02-24 14:32:06,541 - Closure_114 - INFO - 编译失败
2024-02-24 14:32:06,541 - Closure_114 - INFO - 错误: 需要class, interface或enum
private static final Predicate<Node> NON_LOCAL_RESULT_PREDICATE =
2024-02-24 14:32:06,541 - Closure_114 - INFO - 补丁2 9 未成功编译
2024-02-24 14:32:06,542 - Closure_114 - INFO - 开始验证补丁3 1:
2024-02-24 14:32:06,542 - Closure_114 - INFO - 
          // Comment stating the intention to handle cases
          // related to the rhs of assignment...
          // code handling those cases or a placeholder comment
          
          // The rhs of the assignment is the caller...
          recordDepScope(recordNode, ns);

2024-02-24 14:32:10,908 - Closure_114 - INFO - 编译成功
2024-02-24 14:33:09,922 - Closure_114 - INFO - 测试失败
2024-02-24 14:33:09,922 - Closure_114 - INFO - Failing tests: 62
  - com.google.javascript.jscomp.IntegrationTest::testSmartNamePass
  - com.google.javascript.jscomp.IntegrationTest::testBrokenNameSpace
  - com.google.javascript.jscomp.IntegrationTest::testIssue284
  - com.google.javascript.jscomp.NameAnalyzerTest::testExpressions1
  - com.google.javascript.jscomp.NameAnalyzerTest::testRemoveRecursiveFunction3
  - com.google.javascript.jscomp.NameAnalyzerTest::testRemoveRecursiveFunction8
  - com.google.javascript.jscomp.NameAnalyzerTest::testTopLevelClass1
  - com.google.javascript.jscomp.NameAnalyzerTest::testTopLevelClass4
  - com.google.javascript.jscomp.NameAnalyzerTest::testTopLevelClass7
  - com.google.javascript.jscomp.NameAnalyzerTest::testRemoveDeclaration3
  - com.google.javascript.jscomp.NameAnalyzerTest::testRemoveDeclaration4
  - com.google.javascript.jscomp.NameAnalyzerTest::testNamespacedClass1
  - com.google.javascript.jscomp.NameAnalyzerTest::testNamespacedClass3
  - com.google.javascript.jscomp.NameAnalyzerTest::testFor
  - com.google.javascript.jscomp.NameAnalyzerTest::testIf1
  - com.google.javascript.jscomp.NameAnalyzerTest::testIf2
  - com.google.javascript.jscomp.NameAnalyzerTest::testIf3
  - com.google.javascript.jscomp.NameAnalyzerTest::testIf4
  - com.google.javascript.jscomp.NameAnalyzerTest::testIf5
  - com.google.javascript.jscomp.NameAnalyzerTest::testExternalAliasInstanceof2
  - com.google.javascript.jscomp.NameAnalyzerTest::testRemoveInstanceOfOnly
  - com.google.javascript.jscomp.NameAnalyzerTest::testWhile
  - com.google.javascript.jscomp.NameAnalyzerTest::testRhsAssign4
  - com.google.javascript.jscomp.NameAnalyzerTest::testAssign1
  - com.google.javascript.jscomp.NameAnalyzerTest::testAssign2
  - com.google.javascript.jscomp.NameAnalyzerTest::testAssign3
  - com.google.javascript.jscomp.NameAnalyzerTest::testAssign4
  - com.google.javascript.jscomp.NameAnalyzerTest::testAssign5
  - com.google.javascript.jscomp.NameAnalyzerTest::testSetterInForStruct12
  - com.google.javascript.jscomp.NameAnalyzerTest::testSetterInForStruct13
  - com.google.javascript.jscomp.NameAnalyzerTest::testNestedAssign2
  - com.google.javascript.jscomp.NameAnalyzerTest::testNestedAssign3
  - com.google.javascript.jscomp.NameAnalyzerTest::testNestedAssign4
  - com.google.javascript.jscomp.NameAnalyzerTest::testAssignWithHook2a
  - com.google.javascript.jscomp.NameAnalyzerTest::testPrototypePropertySetInLocalScope4
  - com.google.javascript.jscomp.NameAnalyzerTest::testPrototypePropertySetInLocalScope5
  - com.google.javascript.jscomp.NameAnalyzerTest::testRemovePrototypeAliases
  - com.google.javascript.jscomp.NameAnalyzerTest::testRemovePrototypeDefinitionsInGlobalScope2
  - com.google.javascript.jscomp.NameAnalyzerTest::testNestedAssigns1
  - com.google.javascript.jscomp.NameAnalyzerTest::testClassDefinedInObjectLit1
  - com.google.javascript.jscomp.NameAnalyzerTest::testClassDefinedInObjectLit2
  - com.google.javascript.jscomp.NameAnalyzerTest::testClassDefinedInObjectLit3
  - com.google.javascript.jscomp.NameAnalyzerTest::testClassDefinedInObjectLit4
  - com.google.javascript.jscomp.NameAnalyzerTest::testBrokenNamespaceWithPrototypeAssignment
  - com.google.javascript.jscomp.NameAnalyzerTest::testRemoveInstanceOfWithReferencedMethod
  - com.google.javascript.jscomp.NameAnalyzerTest::testNoRemoveWindowPropertyAlias4a
  - com.google.javascript.jscomp.NameAnalyzerTest::testNoRemoveWindowPropertyAlias5a
  - com.google.javascript.jscomp.NameAnalyzerTest::testSetterInWhilePredicate
  - com.google.javascript.jscomp.NameAnalyzerTest::testPreservePropertyMutationsToAlias7
  - com.google.javascript.jscomp.NameAnalyzerTest::testPreservePropertyMutationsToAlias8
  - com.google.javascript.jscomp.NameAnalyzerTest::testNoRemoveWindowPropertyAlias4
  - com.google.javascript.jscomp.NameAnalyzerTest::testNoRemoveWindowPropertyAlias5
  - com.google.javascript.jscomp.NameAnalyzerTest::testAssignWithCall2
  - com.google.javascript.jscomp.NameAnalyzerTest::testAssignWithHook4
  - com.google.javascript.jscomp.NameAnalyzerTest::testAssignWithHook6
  - com.google.javascript.jscomp.NameAnalyzerTest::testAssignWithHook9
  - com.google.javascript.jscomp.NameAnalyzerTest::testIssue284
  - com.google.javascript.jscomp.NameAnalyzerTest::testIfElse
  - com.google.javascript.jscomp.NameAnalyzerTest::testMixin3
  - com.google.javascript.jscomp.NameAnalyzerTest::testRemoveFunction3
  - com.google.javascript.jscomp.NameAnalyzerTest::testRemoveFunction4
  - com.google.javascript.jscomp.NameAnalyzerTest::testSetterInForIn5

2024-02-24 14:33:10,443 - Closure_114 - INFO - 选择失败的测试用例为:
2024-02-24 14:33:10,443 - Closure_114 - INFO - com.google.javascript.jscomp.IntegrationTest::testSmartNamePass
2024-02-24 14:33:10,443 - Closure_114 - INFO - 失败的测试代码为:
2024-02-24 14:33:10,443 - Closure_114 - INFO -     test(options, code, "");

2024-02-24 14:33:10,444 - Closure_114 - INFO - 失败信息为:
2024-02-24 14:33:10,444 - Closure_114 - INFO - junit.framework.AssertionFailedError: 

2024-02-24 14:33:10,444 - Closure_114 - INFO - 补丁3 1测试失败
2024-02-24 14:33:10,445 - Closure_114 - INFO - 开始验证补丁3 2:
2024-02-24 14:33:10,445 - Closure_114 - INFO - 
          if (<new-condition>) {
            // New condition handling logic or a comment placeholder
          } else {
            // The rhs of the assignment is the caller...
            recordDepScope(recordNode, ns);
          }

2024-02-24 14:33:12,260 - Closure_114 - INFO - 编译失败
2024-02-24 14:33:12,260 - Closure_114 - INFO - 错误: 非法的类型开始
if (<new-condition>) {
2024-02-24 14:33:12,261 - Closure_114 - INFO - 补丁3 2 未成功编译
2024-02-24 14:33:12,262 - Closure_114 - INFO - 开始验证补丁3 3:
2024-02-24 14:33:12,262 - Closure_114 - INFO - 
          // Assuming the previous condition might be related
          // but a different handling is required which is missing
          // Placeholder for new logic or a comment
          // The rhs of the assignment is the caller...
          recordDepScope(recordNode, ns);

2024-02-24 14:33:16,648 - Closure_114 - INFO - 编译成功
2024-02-24 14:34:15,033 - Closure_114 - INFO - 测试失败
2024-02-24 14:34:15,033 - Closure_114 - INFO - Failing tests: 62
  - com.google.javascript.jscomp.IntegrationTest::testSmartNamePass
  - com.google.javascript.jscomp.IntegrationTest::testBrokenNameSpace
  - com.google.javascript.jscomp.IntegrationTest::testIssue284
  - com.google.javascript.jscomp.NameAnalyzerTest::testExpressions1
  - com.google.javascript.jscomp.NameAnalyzerTest::testRemoveRecursiveFunction3
  - com.google.javascript.jscomp.NameAnalyzerTest::testRemoveRecursiveFunction8
  - com.google.javascript.jscomp.NameAnalyzerTest::testTopLevelClass1
  - com.google.javascript.jscomp.NameAnalyzerTest::testTopLevelClass4
  - com.google.javascript.jscomp.NameAnalyzerTest::testTopLevelClass7
  - com.google.javascript.jscomp.NameAnalyzerTest::testRemoveDeclaration3
  - com.google.javascript.jscomp.NameAnalyzerTest::testRemoveDeclaration4
  - com.google.javascript.jscomp.NameAnalyzerTest::testNamespacedClass1
  - com.google.javascript.jscomp.NameAnalyzerTest::testNamespacedClass3
  - com.google.javascript.jscomp.NameAnalyzerTest::testFor
  - com.google.javascript.jscomp.NameAnalyzerTest::testIf1
  - com.google.javascript.jscomp.NameAnalyzerTest::testIf2
  - com.google.javascript.jscomp.NameAnalyzerTest::testIf3
  - com.google.javascript.jscomp.NameAnalyzerTest::testIf4
  - com.google.javascript.jscomp.NameAnalyzerTest::testIf5
  - com.google.javascript.jscomp.NameAnalyzerTest::testExternalAliasInstanceof2
  - com.google.javascript.jscomp.NameAnalyzerTest::testRemoveInstanceOfOnly
  - com.google.javascript.jscomp.NameAnalyzerTest::testWhile
  - com.google.javascript.jscomp.NameAnalyzerTest::testRhsAssign4
  - com.google.javascript.jscomp.NameAnalyzerTest::testAssign1
  - com.google.javascript.jscomp.NameAnalyzerTest::testAssign2
  - com.google.javascript.jscomp.NameAnalyzerTest::testAssign3
  - com.google.javascript.jscomp.NameAnalyzerTest::testAssign4
  - com.google.javascript.jscomp.NameAnalyzerTest::testAssign5
  - com.google.javascript.jscomp.NameAnalyzerTest::testSetterInForStruct12
  - com.google.javascript.jscomp.NameAnalyzerTest::testSetterInForStruct13
  - com.google.javascript.jscomp.NameAnalyzerTest::testNestedAssign2
  - com.google.javascript.jscomp.NameAnalyzerTest::testNestedAssign3
  - com.google.javascript.jscomp.NameAnalyzerTest::testNestedAssign4
  - com.google.javascript.jscomp.NameAnalyzerTest::testAssignWithHook2a
  - com.google.javascript.jscomp.NameAnalyzerTest::testPrototypePropertySetInLocalScope4
  - com.google.javascript.jscomp.NameAnalyzerTest::testPrototypePropertySetInLocalScope5
  - com.google.javascript.jscomp.NameAnalyzerTest::testRemovePrototypeAliases
  - com.google.javascript.jscomp.NameAnalyzerTest::testRemovePrototypeDefinitionsInGlobalScope2
  - com.google.javascript.jscomp.NameAnalyzerTest::testNestedAssigns1
  - com.google.javascript.jscomp.NameAnalyzerTest::testClassDefinedInObjectLit1
  - com.google.javascript.jscomp.NameAnalyzerTest::testClassDefinedInObjectLit2
  - com.google.javascript.jscomp.NameAnalyzerTest::testClassDefinedInObjectLit3
  - com.google.javascript.jscomp.NameAnalyzerTest::testClassDefinedInObjectLit4
  - com.google.javascript.jscomp.NameAnalyzerTest::testBrokenNamespaceWithPrototypeAssignment
  - com.google.javascript.jscomp.NameAnalyzerTest::testRemoveInstanceOfWithReferencedMethod
  - com.google.javascript.jscomp.NameAnalyzerTest::testNoRemoveWindowPropertyAlias4a
  - com.google.javascript.jscomp.NameAnalyzerTest::testNoRemoveWindowPropertyAlias5a
  - com.google.javascript.jscomp.NameAnalyzerTest::testSetterInWhilePredicate
  - com.google.javascript.jscomp.NameAnalyzerTest::testPreservePropertyMutationsToAlias7
  - com.google.javascript.jscomp.NameAnalyzerTest::testPreservePropertyMutationsToAlias8
  - com.google.javascript.jscomp.NameAnalyzerTest::testNoRemoveWindowPropertyAlias4
  - com.google.javascript.jscomp.NameAnalyzerTest::testNoRemoveWindowPropertyAlias5
  - com.google.javascript.jscomp.NameAnalyzerTest::testAssignWithCall2
  - com.google.javascript.jscomp.NameAnalyzerTest::testAssignWithHook4
  - com.google.javascript.jscomp.NameAnalyzerTest::testAssignWithHook6
  - com.google.javascript.jscomp.NameAnalyzerTest::testAssignWithHook9
  - com.google.javascript.jscomp.NameAnalyzerTest::testIssue284
  - com.google.javascript.jscomp.NameAnalyzerTest::testIfElse
  - com.google.javascript.jscomp.NameAnalyzerTest::testMixin3
  - com.google.javascript.jscomp.NameAnalyzerTest::testRemoveFunction3
  - com.google.javascript.jscomp.NameAnalyzerTest::testRemoveFunction4
  - com.google.javascript.jscomp.NameAnalyzerTest::testSetterInForIn5

2024-02-24 14:34:15,543 - Closure_114 - INFO - 选择失败的测试用例为:
2024-02-24 14:34:15,543 - Closure_114 - INFO - com.google.javascript.jscomp.IntegrationTest::testSmartNamePass
2024-02-24 14:34:15,544 - Closure_114 - INFO - 失败的测试代码为:
2024-02-24 14:34:15,544 - Closure_114 - INFO -     test(options, code, "");

2024-02-24 14:34:15,544 - Closure_114 - INFO - 失败信息为:
2024-02-24 14:34:15,544 - Closure_114 - INFO - junit.framework.AssertionFailedError: 

2024-02-24 14:34:15,544 - Closure_114 - INFO - 补丁3 3测试失败
2024-02-24 14:34:15,545 - Closure_114 - INFO - 开始验证补丁3 4:
2024-02-24 14:34:15,545 - Closure_114 - INFO - 
        // If the 'else' block is not needed, simply remove it.

2024-02-24 14:34:19,890 - Closure_114 - INFO - 编译成功
2024-02-24 14:35:21,409 - Closure_114 - INFO - 测试失败
2024-02-24 14:35:21,409 - Closure_114 - INFO - Failing tests: 62
  - com.google.javascript.jscomp.IntegrationTest::testSmartNamePass
  - com.google.javascript.jscomp.IntegrationTest::testBrokenNameSpace
  - com.google.javascript.jscomp.IntegrationTest::testIssue284
  - com.google.javascript.jscomp.NameAnalyzerTest::testExpressions1
  - com.google.javascript.jscomp.NameAnalyzerTest::testRemoveRecursiveFunction3
  - com.google.javascript.jscomp.NameAnalyzerTest::testRemoveRecursiveFunction8
  - com.google.javascript.jscomp.NameAnalyzerTest::testTopLevelClass1
  - com.google.javascript.jscomp.NameAnalyzerTest::testTopLevelClass4
  - com.google.javascript.jscomp.NameAnalyzerTest::testTopLevelClass7
  - com.google.javascript.jscomp.NameAnalyzerTest::testRemoveDeclaration3
  - com.google.javascript.jscomp.NameAnalyzerTest::testRemoveDeclaration4
  - com.google.javascript.jscomp.NameAnalyzerTest::testNamespacedClass1
  - com.google.javascript.jscomp.NameAnalyzerTest::testNamespacedClass3
  - com.google.javascript.jscomp.NameAnalyzerTest::testFor
  - com.google.javascript.jscomp.NameAnalyzerTest::testIf1
  - com.google.javascript.jscomp.NameAnalyzerTest::testIf2
  - com.google.javascript.jscomp.NameAnalyzerTest::testIf3
  - com.google.javascript.jscomp.NameAnalyzerTest::testIf4
  - com.google.javascript.jscomp.NameAnalyzerTest::testIf5
  - com.google.javascript.jscomp.NameAnalyzerTest::testExternalAliasInstanceof2
  - com.google.javascript.jscomp.NameAnalyzerTest::testRemoveInstanceOfOnly
  - com.google.javascript.jscomp.NameAnalyzerTest::testWhile
  - com.google.javascript.jscomp.NameAnalyzerTest::testRhsAssign4
  - com.google.javascript.jscomp.NameAnalyzerTest::testAssign1
  - com.google.javascript.jscomp.NameAnalyzerTest::testAssign2
  - com.google.javascript.jscomp.NameAnalyzerTest::testAssign3
  - com.google.javascript.jscomp.NameAnalyzerTest::testAssign4
  - com.google.javascript.jscomp.NameAnalyzerTest::testAssign5
  - com.google.javascript.jscomp.NameAnalyzerTest::testSetterInForStruct12
  - com.google.javascript.jscomp.NameAnalyzerTest::testSetterInForStruct13
  - com.google.javascript.jscomp.NameAnalyzerTest::testNestedAssign2
  - com.google.javascript.jscomp.NameAnalyzerTest::testNestedAssign3
  - com.google.javascript.jscomp.NameAnalyzerTest::testNestedAssign4
  - com.google.javascript.jscomp.NameAnalyzerTest::testAssignWithHook2a
  - com.google.javascript.jscomp.NameAnalyzerTest::testPrototypePropertySetInLocalScope4
  - com.google.javascript.jscomp.NameAnalyzerTest::testPrototypePropertySetInLocalScope5
  - com.google.javascript.jscomp.NameAnalyzerTest::testRemovePrototypeAliases
  - com.google.javascript.jscomp.NameAnalyzerTest::testRemovePrototypeDefinitionsInGlobalScope2
  - com.google.javascript.jscomp.NameAnalyzerTest::testNestedAssigns1
  - com.google.javascript.jscomp.NameAnalyzerTest::testClassDefinedInObjectLit1
  - com.google.javascript.jscomp.NameAnalyzerTest::testClassDefinedInObjectLit2
  - com.google.javascript.jscomp.NameAnalyzerTest::testClassDefinedInObjectLit3
  - com.google.javascript.jscomp.NameAnalyzerTest::testClassDefinedInObjectLit4
  - com.google.javascript.jscomp.NameAnalyzerTest::testBrokenNamespaceWithPrototypeAssignment
  - com.google.javascript.jscomp.NameAnalyzerTest::testRemoveInstanceOfWithReferencedMethod
  - com.google.javascript.jscomp.NameAnalyzerTest::testNoRemoveWindowPropertyAlias4a
  - com.google.javascript.jscomp.NameAnalyzerTest::testNoRemoveWindowPropertyAlias5a
  - com.google.javascript.jscomp.NameAnalyzerTest::testSetterInWhilePredicate
  - com.google.javascript.jscomp.NameAnalyzerTest::testPreservePropertyMutationsToAlias7
  - com.google.javascript.jscomp.NameAnalyzerTest::testPreservePropertyMutationsToAlias8
  - com.google.javascript.jscomp.NameAnalyzerTest::testNoRemoveWindowPropertyAlias4
  - com.google.javascript.jscomp.NameAnalyzerTest::testNoRemoveWindowPropertyAlias5
  - com.google.javascript.jscomp.NameAnalyzerTest::testAssignWithCall2
  - com.google.javascript.jscomp.NameAnalyzerTest::testAssignWithHook4
  - com.google.javascript.jscomp.NameAnalyzerTest::testAssignWithHook6
  - com.google.javascript.jscomp.NameAnalyzerTest::testAssignWithHook9
  - com.google.javascript.jscomp.NameAnalyzerTest::testIssue284
  - com.google.javascript.jscomp.NameAnalyzerTest::testIfElse
  - com.google.javascript.jscomp.NameAnalyzerTest::testMixin3
  - com.google.javascript.jscomp.NameAnalyzerTest::testRemoveFunction3
  - com.google.javascript.jscomp.NameAnalyzerTest::testRemoveFunction4
  - com.google.javascript.jscomp.NameAnalyzerTest::testSetterInForIn5

2024-02-24 14:35:21,911 - Closure_114 - INFO - 选择失败的测试用例为:
2024-02-24 14:35:21,911 - Closure_114 - INFO - com.google.javascript.jscomp.IntegrationTest::testSmartNamePass
2024-02-24 14:35:21,911 - Closure_114 - INFO - 失败的测试代码为:
2024-02-24 14:35:21,911 - Closure_114 - INFO -     test(options, code, "");

2024-02-24 14:35:21,911 - Closure_114 - INFO - 失败信息为:
2024-02-24 14:35:21,911 - Closure_114 - INFO - junit.framework.AssertionFailedError: 

2024-02-24 14:35:21,911 - Closure_114 - INFO - 补丁3 4测试失败
2024-02-24 14:35:21,912 - Closure_114 - INFO - 开始验证补丁3 5:
2024-02-24 14:35:21,912 - Closure_114 - INFO - 
        // If there is a condition missing, add the appropriate 'if' statement.
        if (someCondition) {
          //... handle the condition
        }

2024-02-24 14:35:24,038 - Closure_114 - INFO - 编译失败
2024-02-24 14:35:24,038 - Closure_114 - INFO - 错误: 找不到符号
if (someCondition) {
2024-02-24 14:35:24,038 - Closure_114 - INFO - 补丁3 5 未成功编译
2024-02-24 14:35:24,039 - Closure_114 - INFO - 开始验证补丁3 6:
2024-02-24 14:35:24,039 - Closure_114 - INFO - 
        // If unsure about the necessity of the 'else' block, comment it out and add a TODO.
        // TODO(user): Determine if the 'else' block is necessary and what condition it should handle.
        // } else {
        //   //... some code to handle the else condition
        // }

2024-02-24 14:35:28,484 - Closure_114 - INFO - 编译成功
2024-02-24 14:36:27,098 - Closure_114 - INFO - 测试失败
2024-02-24 14:36:27,098 - Closure_114 - INFO - Failing tests: 62
  - com.google.javascript.jscomp.IntegrationTest::testSmartNamePass
  - com.google.javascript.jscomp.IntegrationTest::testBrokenNameSpace
  - com.google.javascript.jscomp.IntegrationTest::testIssue284
  - com.google.javascript.jscomp.NameAnalyzerTest::testExpressions1
  - com.google.javascript.jscomp.NameAnalyzerTest::testRemoveRecursiveFunction3
  - com.google.javascript.jscomp.NameAnalyzerTest::testRemoveRecursiveFunction8
  - com.google.javascript.jscomp.NameAnalyzerTest::testTopLevelClass1
  - com.google.javascript.jscomp.NameAnalyzerTest::testTopLevelClass4
  - com.google.javascript.jscomp.NameAnalyzerTest::testTopLevelClass7
  - com.google.javascript.jscomp.NameAnalyzerTest::testRemoveDeclaration3
  - com.google.javascript.jscomp.NameAnalyzerTest::testRemoveDeclaration4
  - com.google.javascript.jscomp.NameAnalyzerTest::testNamespacedClass1
  - com.google.javascript.jscomp.NameAnalyzerTest::testNamespacedClass3
  - com.google.javascript.jscomp.NameAnalyzerTest::testFor
  - com.google.javascript.jscomp.NameAnalyzerTest::testIf1
  - com.google.javascript.jscomp.NameAnalyzerTest::testIf2
  - com.google.javascript.jscomp.NameAnalyzerTest::testIf3
  - com.google.javascript.jscomp.NameAnalyzerTest::testIf4
  - com.google.javascript.jscomp.NameAnalyzerTest::testIf5
  - com.google.javascript.jscomp.NameAnalyzerTest::testExternalAliasInstanceof2
  - com.google.javascript.jscomp.NameAnalyzerTest::testRemoveInstanceOfOnly
  - com.google.javascript.jscomp.NameAnalyzerTest::testWhile
  - com.google.javascript.jscomp.NameAnalyzerTest::testRhsAssign4
  - com.google.javascript.jscomp.NameAnalyzerTest::testAssign1
  - com.google.javascript.jscomp.NameAnalyzerTest::testAssign2
  - com.google.javascript.jscomp.NameAnalyzerTest::testAssign3
  - com.google.javascript.jscomp.NameAnalyzerTest::testAssign4
  - com.google.javascript.jscomp.NameAnalyzerTest::testAssign5
  - com.google.javascript.jscomp.NameAnalyzerTest::testSetterInForStruct12
  - com.google.javascript.jscomp.NameAnalyzerTest::testSetterInForStruct13
  - com.google.javascript.jscomp.NameAnalyzerTest::testNestedAssign2
  - com.google.javascript.jscomp.NameAnalyzerTest::testNestedAssign3
  - com.google.javascript.jscomp.NameAnalyzerTest::testNestedAssign4
  - com.google.javascript.jscomp.NameAnalyzerTest::testAssignWithHook2a
  - com.google.javascript.jscomp.NameAnalyzerTest::testPrototypePropertySetInLocalScope4
  - com.google.javascript.jscomp.NameAnalyzerTest::testPrototypePropertySetInLocalScope5
  - com.google.javascript.jscomp.NameAnalyzerTest::testRemovePrototypeAliases
  - com.google.javascript.jscomp.NameAnalyzerTest::testRemovePrototypeDefinitionsInGlobalScope2
  - com.google.javascript.jscomp.NameAnalyzerTest::testNestedAssigns1
  - com.google.javascript.jscomp.NameAnalyzerTest::testClassDefinedInObjectLit1
  - com.google.javascript.jscomp.NameAnalyzerTest::testClassDefinedInObjectLit2
  - com.google.javascript.jscomp.NameAnalyzerTest::testClassDefinedInObjectLit3
  - com.google.javascript.jscomp.NameAnalyzerTest::testClassDefinedInObjectLit4
  - com.google.javascript.jscomp.NameAnalyzerTest::testBrokenNamespaceWithPrototypeAssignment
  - com.google.javascript.jscomp.NameAnalyzerTest::testRemoveInstanceOfWithReferencedMethod
  - com.google.javascript.jscomp.NameAnalyzerTest::testNoRemoveWindowPropertyAlias4a
  - com.google.javascript.jscomp.NameAnalyzerTest::testNoRemoveWindowPropertyAlias5a
  - com.google.javascript.jscomp.NameAnalyzerTest::testSetterInWhilePredicate
  - com.google.javascript.jscomp.NameAnalyzerTest::testPreservePropertyMutationsToAlias7
  - com.google.javascript.jscomp.NameAnalyzerTest::testPreservePropertyMutationsToAlias8
  - com.google.javascript.jscomp.NameAnalyzerTest::testNoRemoveWindowPropertyAlias4
  - com.google.javascript.jscomp.NameAnalyzerTest::testNoRemoveWindowPropertyAlias5
  - com.google.javascript.jscomp.NameAnalyzerTest::testAssignWithCall2
  - com.google.javascript.jscomp.NameAnalyzerTest::testAssignWithHook4
  - com.google.javascript.jscomp.NameAnalyzerTest::testAssignWithHook6
  - com.google.javascript.jscomp.NameAnalyzerTest::testAssignWithHook9
  - com.google.javascript.jscomp.NameAnalyzerTest::testIssue284
  - com.google.javascript.jscomp.NameAnalyzerTest::testIfElse
  - com.google.javascript.jscomp.NameAnalyzerTest::testMixin3
  - com.google.javascript.jscomp.NameAnalyzerTest::testRemoveFunction3
  - com.google.javascript.jscomp.NameAnalyzerTest::testRemoveFunction4
  - com.google.javascript.jscomp.NameAnalyzerTest::testSetterInForIn5

2024-02-24 14:36:27,615 - Closure_114 - INFO - 选择失败的测试用例为:
2024-02-24 14:36:27,615 - Closure_114 - INFO - com.google.javascript.jscomp.IntegrationTest::testSmartNamePass
2024-02-24 14:36:27,615 - Closure_114 - INFO - 失败的测试代码为:
2024-02-24 14:36:27,615 - Closure_114 - INFO -     test(options, code, "");

2024-02-24 14:36:27,615 - Closure_114 - INFO - 失败信息为:
2024-02-24 14:36:27,615 - Closure_114 - INFO - junit.framework.AssertionFailedError: 

2024-02-24 14:36:27,615 - Closure_114 - INFO - 补丁3 6测试失败
2024-02-24 14:36:27,616 - Closure_114 - INFO - 开始验证补丁3 7:
2024-02-24 14:36:27,616 - Closure_114 - INFO - 
          recordDepScope(recordNode, ns);
          // The rhs of the assignment is the caller, so it's used by the
          // context. Don't associate it w/ the lhs.
          // FYI: this fixes only the specific case where the assignment is the
          // caller expression, but it could be nested deeper in the caller and
          // we would still get a bug.
          // See testAssignWithCall2 for an example of this.
   
2024-02-24 14:36:32,000 - Closure_114 - INFO - 编译成功
2024-02-24 14:37:31,127 - Closure_114 - INFO - 测试失败
2024-02-24 14:37:31,127 - Closure_114 - INFO - Failing tests: 62
  - com.google.javascript.jscomp.IntegrationTest::testSmartNamePass
  - com.google.javascript.jscomp.IntegrationTest::testBrokenNameSpace
  - com.google.javascript.jscomp.IntegrationTest::testIssue284
  - com.google.javascript.jscomp.NameAnalyzerTest::testExpressions1
  - com.google.javascript.jscomp.NameAnalyzerTest::testRemoveRecursiveFunction3
  - com.google.javascript.jscomp.NameAnalyzerTest::testRemoveRecursiveFunction8
  - com.google.javascript.jscomp.NameAnalyzerTest::testTopLevelClass1
  - com.google.javascript.jscomp.NameAnalyzerTest::testTopLevelClass4
  - com.google.javascript.jscomp.NameAnalyzerTest::testTopLevelClass7
  - com.google.javascript.jscomp.NameAnalyzerTest::testRemoveDeclaration3
  - com.google.javascript.jscomp.NameAnalyzerTest::testRemoveDeclaration4
  - com.google.javascript.jscomp.NameAnalyzerTest::testNamespacedClass1
  - com.google.javascript.jscomp.NameAnalyzerTest::testNamespacedClass3
  - com.google.javascript.jscomp.NameAnalyzerTest::testFor
  - com.google.javascript.jscomp.NameAnalyzerTest::testIf1
  - com.google.javascript.jscomp.NameAnalyzerTest::testIf2
  - com.google.javascript.jscomp.NameAnalyzerTest::testIf3
  - com.google.javascript.jscomp.NameAnalyzerTest::testIf4
  - com.google.javascript.jscomp.NameAnalyzerTest::testIf5
  - com.google.javascript.jscomp.NameAnalyzerTest::testExternalAliasInstanceof2
  - com.google.javascript.jscomp.NameAnalyzerTest::testRemoveInstanceOfOnly
  - com.google.javascript.jscomp.NameAnalyzerTest::testWhile
  - com.google.javascript.jscomp.NameAnalyzerTest::testRhsAssign4
  - com.google.javascript.jscomp.NameAnalyzerTest::testAssign1
  - com.google.javascript.jscomp.NameAnalyzerTest::testAssign2
  - com.google.javascript.jscomp.NameAnalyzerTest::testAssign3
  - com.google.javascript.jscomp.NameAnalyzerTest::testAssign4
  - com.google.javascript.jscomp.NameAnalyzerTest::testAssign5
  - com.google.javascript.jscomp.NameAnalyzerTest::testSetterInForStruct12
  - com.google.javascript.jscomp.NameAnalyzerTest::testSetterInForStruct13
  - com.google.javascript.jscomp.NameAnalyzerTest::testNestedAssign2
  - com.google.javascript.jscomp.NameAnalyzerTest::testNestedAssign3
  - com.google.javascript.jscomp.NameAnalyzerTest::testNestedAssign4
  - com.google.javascript.jscomp.NameAnalyzerTest::testAssignWithHook2a
  - com.google.javascript.jscomp.NameAnalyzerTest::testPrototypePropertySetInLocalScope4
  - com.google.javascript.jscomp.NameAnalyzerTest::testPrototypePropertySetInLocalScope5
  - com.google.javascript.jscomp.NameAnalyzerTest::testRemovePrototypeAliases
  - com.google.javascript.jscomp.NameAnalyzerTest::testRemovePrototypeDefinitionsInGlobalScope2
  - com.google.javascript.jscomp.NameAnalyzerTest::testNestedAssigns1
  - com.google.javascript.jscomp.NameAnalyzerTest::testClassDefinedInObjectLit1
  - com.google.javascript.jscomp.NameAnalyzerTest::testClassDefinedInObjectLit2
  - com.google.javascript.jscomp.NameAnalyzerTest::testClassDefinedInObjectLit3
  - com.google.javascript.jscomp.NameAnalyzerTest::testClassDefinedInObjectLit4
  - com.google.javascript.jscomp.NameAnalyzerTest::testBrokenNamespaceWithPrototypeAssignment
  - com.google.javascript.jscomp.NameAnalyzerTest::testRemoveInstanceOfWithReferencedMethod
  - com.google.javascript.jscomp.NameAnalyzerTest::testNoRemoveWindowPropertyAlias4a
  - com.google.javascript.jscomp.NameAnalyzerTest::testNoRemoveWindowPropertyAlias5a
  - com.google.javascript.jscomp.NameAnalyzerTest::testSetterInWhilePredicate
  - com.google.javascript.jscomp.NameAnalyzerTest::testPreservePropertyMutationsToAlias7
  - com.google.javascript.jscomp.NameAnalyzerTest::testPreservePropertyMutationsToAlias8
  - com.google.javascript.jscomp.NameAnalyzerTest::testNoRemoveWindowPropertyAlias4
  - com.google.javascript.jscomp.NameAnalyzerTest::testNoRemoveWindowPropertyAlias5
  - com.google.javascript.jscomp.NameAnalyzerTest::testAssignWithCall2
  - com.google.javascript.jscomp.NameAnalyzerTest::testAssignWithHook4
  - com.google.javascript.jscomp.NameAnalyzerTest::testAssignWithHook6
  - com.google.javascript.jscomp.NameAnalyzerTest::testAssignWithHook9
  - com.google.javascript.jscomp.NameAnalyzerTest::testIssue284
  - com.google.javascript.jscomp.NameAnalyzerTest::testIfElse
  - com.google.javascript.jscomp.NameAnalyzerTest::testMixin3
  - com.google.javascript.jscomp.NameAnalyzerTest::testRemoveFunction3
  - com.google.javascript.jscomp.NameAnalyzerTest::testRemoveFunction4
  - com.google.javascript.jscomp.NameAnalyzerTest::testSetterInForIn5

2024-02-24 14:37:31,644 - Closure_114 - INFO - 选择失败的测试用例为:
2024-02-24 14:37:31,644 - Closure_114 - INFO - com.google.javascript.jscomp.IntegrationTest::testSmartNamePass
2024-02-24 14:37:31,644 - Closure_114 - INFO - 失败的测试代码为:
2024-02-24 14:37:31,644 - Closure_114 - INFO -     test(options, code, "");

2024-02-24 14:37:31,644 - Closure_114 - INFO - 失败信息为:
2024-02-24 14:37:31,644 - Closure_114 - INFO - junit.framework.AssertionFailedError: 

2024-02-24 14:37:31,644 - Closure_114 - INFO - 补丁3 7测试失败
2024-02-24 14:37:31,645 - Closure_114 - INFO - 开始验证补丁3 8:
2024-02-24 14:37:31,645 - Closure_114 - INFO - 
          if (<some_condition>) {
            // additional logic here if condition is met
          } else {
            recordDepScope(recordNode, ns);
          }
          // The rhs of the assignment is the caller, so it's used by the
          // context. Don't associate it w/ the lhs.
          // FYI: this fixes only the specific case where the assignment is the
          // caller expression, but it could be nested deeper in the caller and
          // we would still get a bug.
          // See testAssignWithCall2 for an example of this.
   
2024-02-24 14:37:33,432 - Closure_114 - INFO - 编译失败
2024-02-24 14:37:33,432 - Closure_114 - INFO - 错误: 非法的表达式开始
if (<some_condition>) {
2024-02-24 14:37:33,432 - Closure_114 - INFO - 补丁3 8 未成功编译
2024-02-24 14:37:33,433 - Closure_114 - INFO - 开始验证补丁3 9:
2024-02-24 14:37:33,433 - Closure_114 - INFO - 
          // } else {
          recordDepScope(recordNode, ns);
          // The rhs of the assignment is the caller, so it's used by the
          // context. Don't associate it w/ the lhs.
          // FYI: this fixes only the specific case where the assignment is the
          // caller expression, but it could be nested deeper in the caller and
          // we would still get a bug.
          // See testAssignWithCall2 for an example of this.
   
2024-02-24 14:37:37,751 - Closure_114 - INFO - 编译成功
2024-02-24 14:38:37,538 - Closure_114 - INFO - 测试失败
2024-02-24 14:38:37,538 - Closure_114 - INFO - Failing tests: 62
  - com.google.javascript.jscomp.IntegrationTest::testSmartNamePass
  - com.google.javascript.jscomp.IntegrationTest::testBrokenNameSpace
  - com.google.javascript.jscomp.IntegrationTest::testIssue284
  - com.google.javascript.jscomp.NameAnalyzerTest::testExpressions1
  - com.google.javascript.jscomp.NameAnalyzerTest::testRemoveRecursiveFunction3
  - com.google.javascript.jscomp.NameAnalyzerTest::testRemoveRecursiveFunction8
  - com.google.javascript.jscomp.NameAnalyzerTest::testTopLevelClass1
  - com.google.javascript.jscomp.NameAnalyzerTest::testTopLevelClass4
  - com.google.javascript.jscomp.NameAnalyzerTest::testTopLevelClass7
  - com.google.javascript.jscomp.NameAnalyzerTest::testRemoveDeclaration3
  - com.google.javascript.jscomp.NameAnalyzerTest::testRemoveDeclaration4
  - com.google.javascript.jscomp.NameAnalyzerTest::testNamespacedClass1
  - com.google.javascript.jscomp.NameAnalyzerTest::testNamespacedClass3
  - com.google.javascript.jscomp.NameAnalyzerTest::testFor
  - com.google.javascript.jscomp.NameAnalyzerTest::testIf1
  - com.google.javascript.jscomp.NameAnalyzerTest::testIf2
  - com.google.javascript.jscomp.NameAnalyzerTest::testIf3
  - com.google.javascript.jscomp.NameAnalyzerTest::testIf4
  - com.google.javascript.jscomp.NameAnalyzerTest::testIf5
  - com.google.javascript.jscomp.NameAnalyzerTest::testExternalAliasInstanceof2
  - com.google.javascript.jscomp.NameAnalyzerTest::testRemoveInstanceOfOnly
  - com.google.javascript.jscomp.NameAnalyzerTest::testWhile
  - com.google.javascript.jscomp.NameAnalyzerTest::testRhsAssign4
  - com.google.javascript.jscomp.NameAnalyzerTest::testAssign1
  - com.google.javascript.jscomp.NameAnalyzerTest::testAssign2
  - com.google.javascript.jscomp.NameAnalyzerTest::testAssign3
  - com.google.javascript.jscomp.NameAnalyzerTest::testAssign4
  - com.google.javascript.jscomp.NameAnalyzerTest::testAssign5
  - com.google.javascript.jscomp.NameAnalyzerTest::testSetterInForStruct12
  - com.google.javascript.jscomp.NameAnalyzerTest::testSetterInForStruct13
  - com.google.javascript.jscomp.NameAnalyzerTest::testNestedAssign2
  - com.google.javascript.jscomp.NameAnalyzerTest::testNestedAssign3
  - com.google.javascript.jscomp.NameAnalyzerTest::testNestedAssign4
  - com.google.javascript.jscomp.NameAnalyzerTest::testAssignWithHook2a
  - com.google.javascript.jscomp.NameAnalyzerTest::testPrototypePropertySetInLocalScope4
  - com.google.javascript.jscomp.NameAnalyzerTest::testPrototypePropertySetInLocalScope5
  - com.google.javascript.jscomp.NameAnalyzerTest::testRemovePrototypeAliases
  - com.google.javascript.jscomp.NameAnalyzerTest::testRemovePrototypeDefinitionsInGlobalScope2
  - com.google.javascript.jscomp.NameAnalyzerTest::testNestedAssigns1
  - com.google.javascript.jscomp.NameAnalyzerTest::testClassDefinedInObjectLit1
  - com.google.javascript.jscomp.NameAnalyzerTest::testClassDefinedInObjectLit2
  - com.google.javascript.jscomp.NameAnalyzerTest::testClassDefinedInObjectLit3
  - com.google.javascript.jscomp.NameAnalyzerTest::testClassDefinedInObjectLit4
  - com.google.javascript.jscomp.NameAnalyzerTest::testBrokenNamespaceWithPrototypeAssignment
  - com.google.javascript.jscomp.NameAnalyzerTest::testRemoveInstanceOfWithReferencedMethod
  - com.google.javascript.jscomp.NameAnalyzerTest::testNoRemoveWindowPropertyAlias4a
  - com.google.javascript.jscomp.NameAnalyzerTest::testNoRemoveWindowPropertyAlias5a
  - com.google.javascript.jscomp.NameAnalyzerTest::testSetterInWhilePredicate
  - com.google.javascript.jscomp.NameAnalyzerTest::testPreservePropertyMutationsToAlias7
  - com.google.javascript.jscomp.NameAnalyzerTest::testPreservePropertyMutationsToAlias8
  - com.google.javascript.jscomp.NameAnalyzerTest::testNoRemoveWindowPropertyAlias4
  - com.google.javascript.jscomp.NameAnalyzerTest::testNoRemoveWindowPropertyAlias5
  - com.google.javascript.jscomp.NameAnalyzerTest::testAssignWithCall2
  - com.google.javascript.jscomp.NameAnalyzerTest::testAssignWithHook4
  - com.google.javascript.jscomp.NameAnalyzerTest::testAssignWithHook6
  - com.google.javascript.jscomp.NameAnalyzerTest::testAssignWithHook9
  - com.google.javascript.jscomp.NameAnalyzerTest::testIssue284
  - com.google.javascript.jscomp.NameAnalyzerTest::testIfElse
  - com.google.javascript.jscomp.NameAnalyzerTest::testMixin3
  - com.google.javascript.jscomp.NameAnalyzerTest::testRemoveFunction3
  - com.google.javascript.jscomp.NameAnalyzerTest::testRemoveFunction4
  - com.google.javascript.jscomp.NameAnalyzerTest::testSetterInForIn5

2024-02-24 14:38:38,052 - Closure_114 - INFO - 选择失败的测试用例为:
2024-02-24 14:38:38,052 - Closure_114 - INFO - com.google.javascript.jscomp.IntegrationTest::testSmartNamePass
2024-02-24 14:38:38,052 - Closure_114 - INFO - 失败的测试代码为:
2024-02-24 14:38:38,052 - Closure_114 - INFO -     test(options, code, "");

2024-02-24 14:38:38,052 - Closure_114 - INFO - 失败信息为:
2024-02-24 14:38:38,052 - Closure_114 - INFO - junit.framework.AssertionFailedError: 

2024-02-24 14:38:38,052 - Closure_114 - INFO - 补丁3 9测试失败
2024-02-24 14:38:38,052 - Closure_114 - INFO - Closure_114 未成功修复
