2024-02-24 00:24:16,042 - Closure_51 - INFO - rm -rf /home/chongchong/d4j-project/Closure_51
2024-02-24 00:24:16,043 - Closure_51 - INFO - 删除 Closure 51b 成功
2024-02-24 00:24:16,043 - Closure_51 - INFO - defects4j checkout -p Closure -v 51b -w /home/chongchong/d4j-project/Closure_51
2024-02-24 00:24:18,022 - Closure_51 - INFO - checkout Closure 51b 成功
2024-02-24 00:24:29,128 - Closure_51 - INFO - 编译成功
2024-02-24 00:25:12,553 - Closure_51 - INFO - 测试失败
2024-02-24 00:25:12,554 - Closure_51 - INFO - Failing tests: 1
  - com.google.javascript.jscomp.CodePrinterTest::testIssue582

2024-02-24 00:25:13,575 - Closure_51 - INFO - 它的bug类型为:
2024-02-24 00:25:13,575 - Closure_51 - INFO - 1
2024-02-24 00:26:07,204 - Closure_51 - INFO - Closure_51 未成功修复
2024-02-24 13:15:29,631 - Closure_51 - INFO - rm -rf /home/chongchong/d4j-project/Closure_51
2024-02-24 13:15:29,692 - Closure_51 - INFO - 删除 Closure 51b 成功
2024-02-24 13:15:29,692 - Closure_51 - INFO - defects4j checkout -p Closure -v 51b -w /home/chongchong/d4j-project/Closure_51
2024-02-24 13:15:31,311 - Closure_51 - INFO - checkout Closure 51b 成功
2024-02-24 13:15:42,439 - Closure_51 - INFO - 编译成功
2024-02-24 13:16:25,986 - Closure_51 - INFO - 测试失败
2024-02-24 13:16:25,986 - Closure_51 - INFO - Failing tests: 1
  - com.google.javascript.jscomp.CodePrinterTest::testIssue582

2024-02-24 13:16:26,998 - Closure_51 - INFO - 它的bug类型为:
2024-02-24 13:16:26,998 - Closure_51 - INFO - 1
2024-02-24 13:17:38,290 - Closure_51 - INFO - 开始验证补丁1 1:
2024-02-24 13:17:38,290 - Closure_51 - INFO - 
    if (!Double.valueOf(x).equals(-0.0) && (long) x == x) {

2024-02-24 13:17:42,199 - Closure_51 - INFO - 编译成功
2024-02-24 13:18:25,663 - Closure_51 - INFO - 测试成功
2024-02-24 13:18:25,663 - Closure_51 - INFO - 补丁1 1 通过了所有的测试用例
