2024-02-24 00:42:00,478 - Closure_92 - INFO - rm -rf /home/chongchong/d4j-project/Closure_92
2024-02-24 00:42:00,479 - Closure_92 - INFO - 删除 Closure 92b 成功
2024-02-24 00:42:00,479 - Closure_92 - INFO - defects4j checkout -p Closure -v 92b -w /home/chongchong/d4j-project/Closure_92
2024-02-24 00:42:02,107 - Closure_92 - INFO - checkout Closure 92b 成功
2024-02-24 00:42:07,988 - Closure_92 - INFO - 编译成功
2024-02-24 00:42:37,046 - Closure_92 - INFO - 测试失败
2024-02-24 00:42:37,046 - Closure_92 - INFO - Failing tests: 1
  - com.google.javascript.jscomp.ProcessClosurePrimitivesTest::testProvideInIndependentModules4

2024-02-24 00:42:37,922 - Closure_92 - INFO - 它的bug类型为:
2024-02-24 00:42:37,922 - Closure_92 - INFO - 1
2024-02-24 00:43:31,699 - Closure_92 - INFO - Closure_92 未成功修复
2024-02-24 14:12:21,558 - Closure_92 - INFO - rm -rf /home/chongchong/d4j-project/Closure_92
2024-02-24 14:12:21,588 - Closure_92 - INFO - 删除 Closure 92b 成功
2024-02-24 14:12:21,588 - Closure_92 - INFO - defects4j checkout -p Closure -v 92b -w /home/chongchong/d4j-project/Closure_92
2024-02-24 14:12:23,120 - Closure_92 - INFO - checkout Closure 92b 成功
2024-02-24 14:12:29,103 - Closure_92 - INFO - 编译成功
2024-02-24 14:12:57,924 - Closure_92 - INFO - 测试失败
2024-02-24 14:12:57,924 - Closure_92 - INFO - Failing tests: 1
  - com.google.javascript.jscomp.ProcessClosurePrimitivesTest::testProvideInIndependentModules4

2024-02-24 14:12:58,807 - Closure_92 - INFO - 它的bug类型为:
2024-02-24 14:12:58,807 - Closure_92 - INFO - 1
2024-02-24 14:13:28,758 - Closure_92 - INFO - 开始验证补丁1 1:
2024-02-24 14:13:28,758 - Closure_92 - INFO - 
   int indexOfDot = namespace.indexOf('.');
   
2024-02-24 14:13:29,992 - Closure_92 - INFO - 编译成功
2024-02-24 14:13:58,733 - Closure_92 - INFO - 测试失败
2024-02-24 14:13:58,733 - Closure_92 - INFO - Failing tests: 1
  - com.google.javascript.jscomp.ProcessClosurePrimitivesTest::testProvideInIndependentModules4

2024-02-24 14:13:59,172 - Closure_92 - INFO - 选择失败的测试用例为:
2024-02-24 14:13:59,172 - Closure_92 - INFO - com.google.javascript.jscomp.ProcessClosurePrimitivesTest::testProvideInIndependentModules4
2024-02-24 14:13:59,172 - Closure_92 - INFO - 失败的测试代码为:
2024-02-24 14:13:59,172 - Closure_92 - INFO -     test(

2024-02-24 14:13:59,172 - Closure_92 - INFO - 失败信息为:
2024-02-24 14:13:59,172 - Closure_92 - INFO - junit.framework.AssertionFailedError: 

2024-02-24 14:13:59,172 - Closure_92 - INFO - 补丁1 1测试失败
2024-02-24 14:13:59,173 - Closure_92 - INFO - 开始验证补丁1 2:
2024-02-24 14:13:59,173 - Closure_92 - INFO - 
   int indexOfDot = namespace.lastIndexOf('.');
   
2024-02-24 14:14:00,405 - Closure_92 - INFO - 编译成功
2024-02-24 14:14:29,405 - Closure_92 - INFO - 测试成功
2024-02-24 14:14:29,405 - Closure_92 - INFO - 补丁1 2 通过了所有的测试用例
