2024-02-24 00:26:07,204 - Closure_52 - INFO - rm -rf /home/chongchong/d4j-project/Closure_52
2024-02-24 00:26:07,205 - Closure_52 - INFO - 删除 Closure 52b 成功
2024-02-24 00:26:07,205 - Closure_52 - INFO - defects4j checkout -p Closure -v 52b -w /home/chongchong/d4j-project/Closure_52
2024-02-24 00:26:09,167 - Closure_52 - INFO - checkout Closure 52b 成功
2024-02-24 00:26:20,398 - Closure_52 - INFO - 编译成功
2024-02-24 00:27:04,584 - Closure_52 - INFO - 测试失败
2024-02-24 00:27:04,584 - Closure_52 - INFO - Failing tests: 1
  - com.google.javascript.jscomp.CodePrinterTest::testNumericKeys

2024-02-24 00:27:05,593 - Closure_52 - INFO - 它的bug类型为:
2024-02-24 00:27:05,593 - Closure_52 - INFO - 1
2024-02-24 00:27:57,453 - Closure_52 - INFO - Closure_52 未成功修复
2024-02-24 13:20:54,191 - Closure_52 - INFO - rm -rf /home/chongchong/d4j-project/Closure_52
2024-02-24 13:20:54,252 - Closure_52 - INFO - 删除 Closure 52b 成功
2024-02-24 13:20:54,252 - Closure_52 - INFO - defects4j checkout -p Closure -v 52b -w /home/chongchong/d4j-project/Closure_52
2024-02-24 13:20:56,132 - Closure_52 - INFO - checkout Closure 52b 成功
2024-02-24 13:21:07,377 - Closure_52 - INFO - 编译成功
2024-02-24 13:21:50,324 - Closure_52 - INFO - 测试失败
2024-02-24 13:21:50,324 - Closure_52 - INFO - Failing tests: 1
  - com.google.javascript.jscomp.CodePrinterTest::testNumericKeys

2024-02-24 13:21:51,352 - Closure_52 - INFO - 它的bug类型为:
2024-02-24 13:21:51,352 - Closure_52 - INFO - 1
2024-02-24 13:22:53,957 - Closure_52 - INFO - 开始验证补丁2 4:
2024-02-24 13:22:53,957 - Closure_52 - INFO - 
  return len > 0 && (len == 1 || s.charAt(0) != '0');

2024-02-24 13:22:58,261 - Closure_52 - INFO - 编译成功
2024-02-24 13:23:41,559 - Closure_52 - INFO - 测试成功
2024-02-24 13:23:41,559 - Closure_52 - INFO - 补丁2 4 通过了所有的测试用例
