2024-02-24 23:08:46,844 - Math_50 - INFO - rm -rf /home/chongchong/d4j-project/Math_50
2024-02-24 23:08:46,870 - Math_50 - INFO - 删除 Math 50b 成功
2024-02-24 23:08:46,870 - Math_50 - INFO - defects4j checkout -p Math -v 50b -w /home/chongchong/d4j-project/Math_50
2024-02-24 23:08:50,326 - Math_50 - INFO - checkout Math 50b 成功
2024-02-24 23:08:56,533 - Math_50 - INFO - 编译成功
2024-02-24 23:09:22,246 - Math_50 - INFO - 测试失败
2024-02-24 23:09:22,246 - Math_50 - INFO - Failing tests: 1
  - org.apache.commons.math.analysis.solvers.RegulaFalsiSolverTest::testIssue631

2024-02-24 23:09:22,726 - Math_50 - INFO - 它的bug类型为:
2024-02-24 23:09:22,726 - Math_50 - INFO - 2
2024-02-24 23:10:15,614 - Math_50 - INFO - 开始验证补丁1 1:
2024-02-24 23:10:15,614 - Math_50 - INFO - 
if (x == x1) {
    x0 = 0.5 * (x0 + x1);
} else {
    x0 = 0.5 * (x0 + x1 + FastMath.max(rtol * FastMath.abs(x1), atol));
}
f0 = computeObjectiveValue(x0);

2024-02-24 23:10:16,867 - Math_50 - INFO - 编译成功
2024-02-24 23:10:41,622 - Math_50 - INFO - 测试失败
2024-02-24 23:10:41,622 - Math_50 - INFO - Failing tests: 2
  - org.apache.commons.math.analysis.solvers.RegulaFalsiSolverTest::testIssue631
  - org.apache.commons.math.analysis.solvers.RegulaFalsiSolverTest::testSinZero

2024-02-24 23:10:41,623 - Math_50 - INFO - 选择失败的测试用例为:
2024-02-24 23:10:41,623 - Math_50 - INFO - org.apache.commons.math.analysis.solvers.RegulaFalsiSolverTest::testIssue631
2024-02-24 23:10:41,623 - Math_50 - INFO - 失败的测试代码为:
2024-02-24 23:10:41,623 - Math_50 - INFO - 
2024-02-24 23:10:41,623 - Math_50 - INFO - 失败信息为:
2024-02-24 23:10:41,623 - Math_50 - INFO - junit.framework.AssertionFailedError: Expected exception: org.apache.commons.math.exception.TooManyEvaluationsException

2024-02-24 23:10:41,623 - Math_50 - INFO - 补丁1 1测试失败
2024-02-24 23:10:41,624 - Math_50 - INFO - 开始验证补丁1 2:
2024-02-24 23:10:41,624 - Math_50 - INFO - 
if (Math.abs(x - x1) < someSmallTolerance) { // Replace someSmallTolerance with an appropriate small value
    x0 = 0.5 * (x0 + x1); // Case where x is approximately equal to x1
} else {
    // Apply the adjustment with the max of relative and absolute tolerance
    x0 = 0.5 * (x0 + x1 + FastMath.max(rtol * FastMath.abs(x1), atol));
}
f0 = computeObjectiveValue(x0);

2024-02-24 23:10:42,356 - Math_50 - INFO - 编译失败
2024-02-24 23:10:42,356 - Math_50 - INFO - 错误: 找不到符号
if (Math.abs(x - x1) < someSmallTolerance) { // Replace someSmallTolerance with an appropriate small value
2024-02-24 23:10:42,357 - Math_50 - INFO - 补丁1 2 未成功编译
2024-02-24 23:10:42,358 - Math_50 - INFO - 开始验证补丁1 3:
2024-02-24 23:10:42,358 - Math_50 - INFO - 
// Assuming the condition is met when x is sufficiently close to x1 within a tolerance range
if (FastMath.abs(x - x1) < FastMath.ulp(x1)) { // Use ulp (Units in the Last Place) for tolerance comparison
    x0 = 0.5 * (x0 + x1); // Case where x is sufficiently close to x1
} else {
    // Apply the adjustment with the max of relative and absolute tolerance
    x0 = 0.5 * (x0 + x1 + FastMath.max(rtol * FastMath.abs(x1), atol));
}
f0 = computeObjectiveValue(x0);

2024-02-24 23:10:43,628 - Math_50 - INFO - 编译成功
2024-02-24 23:11:09,545 - Math_50 - INFO - 测试失败
2024-02-24 23:11:09,546 - Math_50 - INFO - Failing tests: 2
  - org.apache.commons.math.analysis.solvers.RegulaFalsiSolverTest::testIssue631
  - org.apache.commons.math.analysis.solvers.RegulaFalsiSolverTest::testSinZero

2024-02-24 23:11:09,546 - Math_50 - INFO - 选择失败的测试用例为:
2024-02-24 23:11:09,546 - Math_50 - INFO - org.apache.commons.math.analysis.solvers.RegulaFalsiSolverTest::testIssue631
2024-02-24 23:11:09,546 - Math_50 - INFO - 失败的测试代码为:
2024-02-24 23:11:09,546 - Math_50 - INFO - 
2024-02-24 23:11:09,546 - Math_50 - INFO - 失败信息为:
2024-02-24 23:11:09,546 - Math_50 - INFO - junit.framework.AssertionFailedError: Expected exception: org.apache.commons.math.exception.TooManyEvaluationsException

2024-02-24 23:11:09,546 - Math_50 - INFO - 补丁1 3测试失败
2024-02-24 23:11:09,547 - Math_50 - INFO - 开始验证补丁1 4:
2024-02-24 23:11:09,547 - Math_50 - INFO - 
x0 = 0.5 * (x0 + x1 + FastMath.max(rtol * FastMath.abs(x1), atol));
f0 = computeObjectiveValue(x0);
}

2024-02-24 23:11:10,144 - Math_50 - INFO - 编译失败
2024-02-24 23:11:10,144 - Math_50 - INFO - 错误: 孤立的default
default:
2024-02-24 23:11:10,144 - Math_50 - INFO - 补丁1 4 未成功编译
2024-02-24 23:11:10,145 - Math_50 - INFO - 开始验证补丁1 5:
2024-02-24 23:11:10,145 - Math_50 - INFO - 
if (Math.abs(x - x1) < someTolerance) {
    x0 = 0.5 * (x0 + x1 + FastMath.max(rtol * FastMath.abs(x1), atol));
    f0 = computeObjectiveValue(x0);
}

2024-02-24 23:11:10,871 - Math_50 - INFO - 编译失败
2024-02-24 23:11:10,871 - Math_50 - INFO - 错误: 找不到符号
if (Math.abs(x - x1) < someTolerance) {
2024-02-24 23:11:10,871 - Math_50 - INFO - 补丁1 5 未成功编译
2024-02-24 23:11:10,872 - Math_50 - INFO - 开始验证补丁1 6:
2024-02-24 23:11:10,872 - Math_50 - INFO - 
x0 = 0.5 * (x0 + x1 + FastMath.max(rtol * FastMath.abs(x1), atol));
f0 = computeObjectiveValue(x0);
if (f0 == 0 || the number of evaluations is exceeded) {
    throw new TooManyEvaluationsException();
}

2024-02-24 23:11:11,458 - Math_50 - INFO - 编译失败
2024-02-24 23:11:11,458 - Math_50 - INFO - 错误: 需要')'
if (f0 == 0 || the number of evaluations is exceeded) {
2024-02-24 23:11:11,458 - Math_50 - INFO - 补丁1 6 未成功编译
2024-02-24 23:11:11,459 - Math_50 - INFO - 开始验证补丁1 7:
2024-02-24 23:11:11,459 - Math_50 - INFO - 
                    if (Math.abs(x - x1) <rtol * Math.abs(x1) + atol) {
                        x0 = 0.5 * (x0 + x1 + Math.max(rtol * Math.abs(x1), atol));
                        f0 = computeObjectiveValue(x0);
                    }
                    break;

2024-02-24 23:11:12,172 - Math_50 - INFO - 编译失败
2024-02-24 23:11:12,172 - Math_50 - INFO - 错误: 无法访问的语句
break;
2024-02-24 23:11:12,172 - Math_50 - INFO - 补丁1 7 未成功编译
2024-02-24 23:11:12,173 - Math_50 - INFO - 开始验证补丁1 8:
2024-02-24 23:11:12,173 - Math_50 - INFO - 
                    if (!Double.isNaN(x) && Double.compare(x, x1) == 0) {
                        x0 = 0.5 * (x0 + x1 + Math.max(rtol * Math.abs(x1), atol));
                        f0 = computeObjectiveValue(x0);
                    }
                    break;

2024-02-24 23:11:12,899 - Math_50 - INFO - 编译失败
2024-02-24 23:11:12,899 - Math_50 - INFO - 错误: 无法访问的语句
break;
2024-02-24 23:11:12,899 - Math_50 - INFO - 补丁1 8 未成功编译
2024-02-24 23:11:12,900 - Math_50 - INFO - 开始验证补丁1 9:
2024-02-24 23:11:12,900 - Math_50 - INFO - 
                    try {
                        if (Math.abs(x - x1) < rtol * Math.abs(x1) + atol) {
                            x0 = 0.5 * (x0 + x1 + Math.max(rtol * Math.abs(x1), atol));
                            f0 = computeObjectiveValue(x0);
                        }
                    } catch (TooManyEvaluationsException e) {
                        // Handle exception
                    }
                    break;

2024-02-24 23:11:13,618 - Math_50 - INFO - 编译失败
2024-02-24 23:11:13,618 - Math_50 - INFO - 错误: 找不到符号
} catch (TooManyEvaluationsException e) {
2024-02-24 23:11:13,618 - Math_50 - INFO - 补丁1 9 未成功编译
2024-02-24 23:11:13,619 - Math_50 - INFO - 开始验证补丁2 1:
2024-02-24 23:11:13,619 - Math_50 - INFO - 
x0 = 0.5 * (x0 + x1 + FastMath.max(rtol * FastMath.abs(x1), atol));
f0 = computeObjectiveValue(x0);

2024-02-24 23:11:14,863 - Math_50 - INFO - 编译成功
2024-02-24 23:11:39,709 - Math_50 - INFO - 测试失败
2024-02-24 23:11:39,709 - Math_50 - INFO - Failing tests: 1
  - org.apache.commons.math.analysis.solvers.RegulaFalsiSolverTest::testSinZero

2024-02-24 23:11:40,165 - Math_50 - INFO - 选择失败的测试用例为:
2024-02-24 23:11:40,166 - Math_50 - INFO - org.apache.commons.math.analysis.solvers.RegulaFalsiSolverTest::testSinZero
2024-02-24 23:11:40,166 - Math_50 - INFO - 失败的测试代码为:
2024-02-24 23:11:40,166 - Math_50 - INFO -         Assert.assertTrue(solver.getEvaluations() <= 6);

2024-02-24 23:11:40,166 - Math_50 - INFO - 失败信息为:
2024-02-24 23:11:40,166 - Math_50 - INFO - junit.framework.AssertionFailedError

2024-02-24 23:11:40,166 - Math_50 - INFO - 补丁2 1测试失败
2024-02-24 23:11:40,167 - Math_50 - INFO - 开始验证补丁2 2:
2024-02-24 23:11:40,167 - Math_50 - INFO - 
if (Math.abs(x - x1) < someTolerance) {
    x0 = 0.5 * (x0 + x1 + FastMath.max(rtol * FastMath.abs(x1), atol));
    f0 = computeObjectiveValue(x0);
}

2024-02-24 23:11:40,167 - Math_50 - INFO - 补丁2 2为重复的补丁
2024-02-24 23:11:40,167 - Math_50 - INFO - 开始验证补丁2 3:
2024-02-24 23:11:40,168 - Math_50 - INFO - 
// Assuming this modification intends to nudge x0 towards x1 with considerations for tolerance
x0 = 0.5 * (x0 + x1 + FastMath.max(rtol * FastMath.abs(x1), atol));
f0 = computeObjectiveValue(x0);

2024-02-24 23:11:41,411 - Math_50 - INFO - 编译成功
2024-02-24 23:12:07,333 - Math_50 - INFO - 测试失败
2024-02-24 23:12:07,334 - Math_50 - INFO - Failing tests: 1
  - org.apache.commons.math.analysis.solvers.RegulaFalsiSolverTest::testSinZero

2024-02-24 23:12:07,799 - Math_50 - INFO - 选择失败的测试用例为:
2024-02-24 23:12:07,799 - Math_50 - INFO - org.apache.commons.math.analysis.solvers.RegulaFalsiSolverTest::testSinZero
2024-02-24 23:12:07,799 - Math_50 - INFO - 失败的测试代码为:
2024-02-24 23:12:07,799 - Math_50 - INFO -         Assert.assertTrue(solver.getEvaluations() <= 6);

2024-02-24 23:12:07,799 - Math_50 - INFO - 失败信息为:
2024-02-24 23:12:07,799 - Math_50 - INFO - junit.framework.AssertionFailedError

2024-02-24 23:12:07,799 - Math_50 - INFO - 补丁2 3测试失败
2024-02-24 23:12:07,800 - Math_50 - INFO - 开始验证补丁2 4:
2024-02-24 23:12:07,800 - Math_50 - INFO - 
// Add the missing '+' operator between 'x1' and 'FastMath.max(...)'
x0 = 0.5 * (x0 + x1 + FastMath.max(rtol * FastMath.abs(x1), atol));
// Recompute f0 with the new value of x0
f0 = computeObjectiveValue(x0);
// Close the if block
}

2024-02-24 23:12:08,401 - Math_50 - INFO - 编译失败
2024-02-24 23:12:08,401 - Math_50 - INFO - 错误: 孤立的default
default:
2024-02-24 23:12:08,401 - Math_50 - INFO - 补丁2 4 未成功编译
2024-02-24 23:12:08,402 - Math_50 - INFO - 开始验证补丁2 5:
2024-02-24 23:12:08,402 - Math_50 - INFO - 
// Add the missing operator, and for floating-point safety, use a tolerance-based condition to compare 'x' and 'x1'
if (Math.abs(x - x1) < someToleranceValue) { // 'someToleranceValue' to be defined earlier in the code
    x0 = 0.5 * (x0 + x1 + FastMath.max(rtol * FastMath.abs(x1), atol));
    f0 = computeObjectiveValue(x0);
}

2024-02-24 23:12:09,126 - Math_50 - INFO - 编译失败
2024-02-24 23:12:09,126 - Math_50 - INFO - 错误: 找不到符号
if (Math.abs(x - x1) < someToleranceValue) { // 'someToleranceValue' to be defined earlier in the code
2024-02-24 23:12:09,126 - Math_50 - INFO - 补丁2 5 未成功编译
2024-02-24 23:12:09,127 - Math_50 - INFO - 开始验证补丁2 6:
2024-02-24 23:12:09,127 - Math_50 - INFO - 
// Assume that 'x' should never equal 'x1' exactly due to floating-point calculations and remove the condition
x0 = 0.5 * (x0 + x1 + FastMath.max(rtol * FastMath.abs(x1), atol));
f0 = computeObjectiveValue(x0);
// Note: This removes the conditional check entirely, which may or may not align with the intended logic of the code.

2024-02-24 23:12:10,363 - Math_50 - INFO - 编译成功
2024-02-24 23:12:35,698 - Math_50 - INFO - 测试失败
2024-02-24 23:12:35,698 - Math_50 - INFO - Failing tests: 1
  - org.apache.commons.math.analysis.solvers.RegulaFalsiSolverTest::testSinZero

2024-02-24 23:12:36,171 - Math_50 - INFO - 选择失败的测试用例为:
2024-02-24 23:12:36,171 - Math_50 - INFO - org.apache.commons.math.analysis.solvers.RegulaFalsiSolverTest::testSinZero
2024-02-24 23:12:36,171 - Math_50 - INFO - 失败的测试代码为:
2024-02-24 23:12:36,171 - Math_50 - INFO -         Assert.assertTrue(solver.getEvaluations() <= 6);

2024-02-24 23:12:36,171 - Math_50 - INFO - 失败信息为:
2024-02-24 23:12:36,171 - Math_50 - INFO - junit.framework.AssertionFailedError

2024-02-24 23:12:36,171 - Math_50 - INFO - 补丁2 6测试失败
2024-02-24 23:12:36,172 - Math_50 - INFO - 开始验证补丁2 7:
2024-02-24 23:12:36,172 - Math_50 - INFO - 
                    if (x == x1) {
                        // Correct the operation to properly compute x0
                        x0 = 0.5 * (x0 + x1 + FastMath.max(rtol * FastMath.abs(x1), atol));
                        // Recompute f0 using the newly computed value of x0
                        f0 = computeObjectiveValue(x0);
                    }
                    break;

2024-02-24 23:12:36,881 - Math_50 - INFO - 编译失败
2024-02-24 23:12:36,881 - Math_50 - INFO - 错误: 无法访问的语句
break;
2024-02-24 23:12:36,881 - Math_50 - INFO - 补丁2 7 未成功编译
2024-02-24 23:12:36,882 - Math_50 - INFO - 开始验证补丁2 8:
2024-02-24 23:12:36,883 - Math_50 - INFO - 
                    if (Math.abs(x - x1) < someSmallTolerance) { // someSmallTolerance to be defined or calculated based on context
                        // Correct the operation to properly compute x0
                        x0 = 0.5 * (x0 + x1 + FastMath.max(rtol * FastMath.abs(x1), atol));
                        // Recompute f0 using the newly computed value of x0
                        f0 = computeObjectiveValue(x0);
                    }
                    break;

2024-02-24 23:12:37,593 - Math_50 - INFO - 编译失败
2024-02-24 23:12:37,593 - Math_50 - INFO - 错误: 找不到符号
if (Math.abs(x - x1) < someSmallTolerance) { // someSmallTolerance to be defined or calculated based on context
2024-02-24 23:12:37,594 - Math_50 - INFO - 补丁2 8 未成功编译
2024-02-24 23:12:37,595 - Math_50 - INFO - 开始验证补丁2 9:
2024-02-24 23:12:37,595 - Math_50 - INFO - 
                    if (x == x1) {
                        // Assuming the original "-" was intended to be a subtraction operation
                        x0 = 0.5 * (x0 + x1 - FastMath.max(rtol * FastMath.abs(x1), atol));
                        // Recompute f0 using the newly computed value of x0
                        f0 = computeObjectiveValue(x0);
                    }
                    break;

2024-02-24 23:12:38,331 - Math_50 - INFO - 编译失败
2024-02-24 23:12:38,331 - Math_50 - INFO - 错误: 无法访问的语句
break;
2024-02-24 23:12:38,331 - Math_50 - INFO - 补丁2 9 未成功编译
2024-02-24 23:12:38,332 - Math_50 - INFO - 开始验证补丁3 1:
2024-02-24 23:12:38,332 - Math_50 - INFO - 
                    if (x == x1) {
                        x0 = 0.5 * (x0 + x1 + FastMath.max(rtol * FastMath.abs(x1), atol));
                        f0 = computeObjectiveValue(x0);
                    }

2024-02-24 23:12:39,563 - Math_50 - INFO - 编译成功
2024-02-24 23:13:04,812 - Math_50 - INFO - 测试成功
2024-02-24 23:13:04,812 - Math_50 - INFO - 补丁3 1 通过了所有的测试用例
