2024-02-25 00:37:32,145 - Math_56 - INFO - rm -rf /home/chongchong/d4j-project/Math_56
2024-02-25 00:37:32,146 - Math_56 - INFO - 删除 Math 56b 成功
2024-02-25 00:37:32,146 - Math_56 - INFO - defects4j checkout -p Math -v 56b -w /home/chongchong/d4j-project/Math_56
2024-02-25 00:37:34,571 - Math_56 - INFO - checkout Math 56b 成功
2024-02-25 00:37:40,656 - Math_56 - INFO - 编译成功
2024-02-25 00:42:02,338 - Math_56 - INFO - rm -rf /home/chongchong/d4j-project/Math_56
2024-02-25 00:42:02,360 - Math_56 - INFO - 删除 Math 56b 成功
2024-02-25 00:42:02,360 - Math_56 - INFO - defects4j checkout -p Math -v 56b -w /home/chongchong/d4j-project/Math_56
2024-02-25 00:42:04,774 - Math_56 - INFO - checkout Math 56b 成功
2024-02-25 00:42:10,878 - Math_56 - INFO - 编译成功
2024-02-25 00:42:31,067 - Math_56 - INFO - 测试失败
2024-02-25 00:42:31,067 - Math_56 - INFO - Failing tests: 1
  - org.apache.commons.math.util.MultidimensionalCounterTest::testIterationConsistency

2024-02-25 00:42:31,984 - Math_56 - INFO - 它的bug类型为:
2024-02-25 00:42:31,984 - Math_56 - INFO - 2
2024-02-25 00:43:39,609 - Math_56 - INFO - 开始验证补丁1 1:
2024-02-25 00:43:39,609 - Math_56 - INFO - 
           // --idx; (this line should be removed/commented out)
           indices[last] = idx;
   
2024-02-25 00:43:40,325 - Math_56 - INFO - 编译失败
2024-02-25 00:43:40,325 - Math_56 - INFO - 错误: 找不到符号
indices[last] = idx;
2024-02-25 00:43:40,325 - Math_56 - INFO - 补丁1 1 未成功编译
2024-02-25 00:43:40,326 - Math_56 - INFO - 开始验证补丁1 2:
2024-02-25 00:43:40,326 - Math_56 - INFO - 
           int idx = 0; // or another appropriate initial value, instead of 1
           while (count < index) {
               count += idx;
               ++idx;
           }
           // --idx; (might still be needed or not, depending on the logic)
           indices[last] = idx;
   
2024-02-25 00:43:41,553 - Math_56 - INFO - 编译成功
2024-02-25 00:44:01,678 - Math_56 - INFO - 测试失败
2024-02-25 00:44:01,678 - Math_56 - INFO - Failing tests: 1
  - org.apache.commons.math.util.MultidimensionalCounterTest::testIterationConsistency

2024-02-25 00:44:02,133 - Math_56 - INFO - 选择失败的测试用例为:
2024-02-25 00:44:02,133 - Math_56 - INFO - org.apache.commons.math.util.MultidimensionalCounterTest::testIterationConsistency
2024-02-25 00:44:02,133 - Math_56 - INFO - 失败的测试代码为:
2024-02-25 00:44:02,133 - Math_56 - INFO -                 Assert.assertEquals("Wrong multidimensional index for [" + i + "][" + dimIndex + "]",

2024-02-25 00:44:02,133 - Math_56 - INFO - 失败信息为:
2024-02-25 00:44:02,133 - Math_56 - INFO - junit.framework.AssertionFailedError: Wrong multidimensional index for [1][2] expected:<1> but was:<2>

2024-02-25 00:44:02,133 - Math_56 - INFO - 补丁1 2测试失败
2024-02-25 00:44:02,134 - Math_56 - INFO - 开始验证补丁1 3:
2024-02-25 00:44:02,134 - Math_56 - INFO - 
           if (count > index) {
               --idx;
           }
           indices[last] = idx;
   
2024-02-25 00:44:02,847 - Math_56 - INFO - 编译失败
2024-02-25 00:44:02,847 - Math_56 - INFO - 错误: 找不到符号
--idx;
2024-02-25 00:44:02,847 - Math_56 - INFO - 补丁1 3 未成功编译
2024-02-25 00:44:02,848 - Math_56 - INFO - 开始验证补丁1 4:
2024-02-25 00:44:02,848 - Math_56 - INFO - 
   indices[last] = idx;
   
2024-02-25 00:44:03,572 - Math_56 - INFO - 编译失败
2024-02-25 00:44:03,572 - Math_56 - INFO - 错误: 找不到符号
indices[last] = idx;
2024-02-25 00:44:03,573 - Math_56 - INFO - 补丁1 4 未成功编译
2024-02-25 00:44:03,574 - Math_56 - INFO - 开始验证补丁1 5:
2024-02-25 00:44:03,574 - Math_56 - INFO - 
   if (someCondition) --idx;
   indices[last] = idx;
   
2024-02-25 00:44:04,293 - Math_56 - INFO - 编译失败
2024-02-25 00:44:04,293 - Math_56 - INFO - 错误: 找不到符号
if (someCondition) --idx;
2024-02-25 00:44:04,294 - Math_56 - INFO - 补丁1 5 未成功编译
2024-02-25 00:44:04,295 - Math_56 - INFO - 开始验证补丁1 6:
2024-02-25 00:44:04,295 - Math_56 - INFO - 
   int idx = 0; // Starting from 0 if that's the correct initial value
   while (count <= index) { // Change the condition if 'idx' needs to increment when count is equal to 'index'
       count += idx;
       ++idx;
   }
   indices[last] = idx;
   
2024-02-25 00:44:05,507 - Math_56 - INFO - 编译成功
2024-02-25 00:44:25,602 - Math_56 - INFO - 测试失败
2024-02-25 00:44:25,602 - Math_56 - INFO - Failing tests: 1
  - org.apache.commons.math.util.MultidimensionalCounterTest::testIterationConsistency

2024-02-25 00:44:26,053 - Math_56 - INFO - 选择失败的测试用例为:
2024-02-25 00:44:26,053 - Math_56 - INFO - org.apache.commons.math.util.MultidimensionalCounterTest::testIterationConsistency
2024-02-25 00:44:26,053 - Math_56 - INFO - 失败的测试代码为:
2024-02-25 00:44:26,053 - Math_56 - INFO -                 Assert.assertEquals("Wrong multidimensional index for [" + i + "][" + dimIndex + "]",

2024-02-25 00:44:26,053 - Math_56 - INFO - 失败信息为:
2024-02-25 00:44:26,053 - Math_56 - INFO - junit.framework.AssertionFailedError: Wrong multidimensional index for [0][2] expected:<0> but was:<2>

2024-02-25 00:44:26,053 - Math_56 - INFO - 补丁1 6测试失败
2024-02-25 00:44:26,054 - Math_56 - INFO - 开始验证补丁1 7:
2024-02-25 00:44:26,054 - Math_56 - INFO - 
   // --idx;   // Remove or comment out this line
   indices[last] = idx;
   
2024-02-25 00:44:26,762 - Math_56 - INFO - 编译失败
2024-02-25 00:44:26,762 - Math_56 - INFO - 错误: 找不到符号
indices[last] = idx;
2024-02-25 00:44:26,762 - Math_56 - INFO - 补丁1 7 未成功编译
2024-02-25 00:44:26,763 - Math_56 - INFO - 开始验证补丁1 8:
2024-02-25 00:44:26,763 - Math_56 - INFO - 
   int idx = 1;
   while (count <= index) {  // Change < to <= to ensure idx reaches the count of increments
       count += idx;
       ++idx;
   }
   // --idx;  // This line may or may not be necessary based on other code context
   indices[last] = idx;
   
2024-02-25 00:44:28,046 - Math_56 - INFO - 编译成功
2024-02-25 00:44:48,360 - Math_56 - INFO - 测试失败
2024-02-25 00:44:48,360 - Math_56 - INFO - Failing tests: 1
  - org.apache.commons.math.util.MultidimensionalCounterTest::testIterationConsistency

2024-02-25 00:44:48,820 - Math_56 - INFO - 选择失败的测试用例为:
2024-02-25 00:44:48,820 - Math_56 - INFO - org.apache.commons.math.util.MultidimensionalCounterTest::testIterationConsistency
2024-02-25 00:44:48,820 - Math_56 - INFO - 失败的测试代码为:
2024-02-25 00:44:48,820 - Math_56 - INFO -                 Assert.assertEquals("Wrong multidimensional index for [" + i + "][" + dimIndex + "]",

2024-02-25 00:44:48,820 - Math_56 - INFO - 失败信息为:
2024-02-25 00:44:48,820 - Math_56 - INFO - junit.framework.AssertionFailedError: Wrong multidimensional index for [0][2] expected:<0> but was:<2>

2024-02-25 00:44:48,820 - Math_56 - INFO - 补丁1 8测试失败
2024-02-25 00:44:48,821 - Math_56 - INFO - 开始验证补丁1 9:
2024-02-25 00:44:48,821 - Math_56 - INFO - 
   int idx = 0;  // Initialized to 0 instead of 1
   while (count < index) {
       count += idx;
       ++idx;
   }
   // --idx;  // Decide on the necessity of this line based on the intended logic
   indices[last] = idx;
   
2024-02-25 00:44:50,035 - Math_56 - INFO - 编译成功
2024-02-25 00:45:10,276 - Math_56 - INFO - 测试失败
2024-02-25 00:45:10,276 - Math_56 - INFO - Failing tests: 1
  - org.apache.commons.math.util.MultidimensionalCounterTest::testIterationConsistency

2024-02-25 00:45:10,738 - Math_56 - INFO - 选择失败的测试用例为:
2024-02-25 00:45:10,738 - Math_56 - INFO - org.apache.commons.math.util.MultidimensionalCounterTest::testIterationConsistency
2024-02-25 00:45:10,738 - Math_56 - INFO - 失败的测试代码为:
2024-02-25 00:45:10,738 - Math_56 - INFO -                 Assert.assertEquals("Wrong multidimensional index for [" + i + "][" + dimIndex + "]",

2024-02-25 00:45:10,738 - Math_56 - INFO - 失败信息为:
2024-02-25 00:45:10,738 - Math_56 - INFO - junit.framework.AssertionFailedError: Wrong multidimensional index for [1][2] expected:<1> but was:<2>

2024-02-25 00:45:10,738 - Math_56 - INFO - 补丁1 9测试失败
2024-02-25 00:45:10,739 - Math_56 - INFO - 开始验证补丁2 1:
2024-02-25 00:45:10,739 - Math_56 - INFO - 
        indices[last] = idx; // Keep the incremented value of idx
        return indices;
    }

2024-02-25 00:45:11,363 - Math_56 - INFO - 编译失败
2024-02-25 00:45:11,363 - Math_56 - INFO - 错误: 非法的类型开始
return indices;
2024-02-25 00:45:11,363 - Math_56 - INFO - 补丁2 1 未成功编译
2024-02-25 00:45:11,364 - Math_56 - INFO - 开始验证补丁2 2:
2024-02-25 00:45:11,364 - Math_56 - INFO - 
        indices[last] = idx - 1; // Decrement idx if logic specifically requires the value prior to the last increment
        return indices;
    }

2024-02-25 00:45:11,950 - Math_56 - INFO - 编译失败
2024-02-25 00:45:11,950 - Math_56 - INFO - 错误: 非法的类型开始
return indices;
2024-02-25 00:45:11,950 - Math_56 - INFO - 补丁2 2 未成功编译
2024-02-25 00:45:11,951 - Math_56 - INFO - 开始验证补丁2 3:
2024-02-25 00:45:11,951 - Math_56 - INFO - 
        // Assuming additional context might be needed, for example if 'last' needs to be computed or there's a specific reason for idx decrement
        int last = someCalculationMethod(); // Placeholder for actual method to calculate 'last'
        indices[last] = idx; // Still avoiding the decrement unless contextually needed
        return indices;
    }

2024-02-25 00:45:12,536 - Math_56 - INFO - 编译失败
2024-02-25 00:45:12,536 - Math_56 - INFO - 错误: 非法的类型开始
return indices;
2024-02-25 00:45:12,536 - Math_56 - INFO - 补丁2 3 未成功编译
2024-02-25 00:45:12,537 - Math_56 - INFO - 开始验证补丁2 4:
2024-02-25 00:45:12,537 - Math_56 - INFO - 
        indices[last] = idx; // Fixed the off-by-one error by removing the decrement

2024-02-25 00:45:13,250 - Math_56 - INFO - 编译失败
2024-02-25 00:45:13,250 - Math_56 - INFO - 错误: 找不到符号
indices[last] = idx; // Fixed the off-by-one error by removing the decrement
2024-02-25 00:45:13,250 - Math_56 - INFO - 补丁2 4 未成功编译
2024-02-25 00:45:13,251 - Math_56 - INFO - 开始验证补丁2 5:
2024-02-25 00:45:13,251 - Math_56 - INFO - 
        --idx;
        indices[last] = idx; // Preserving existing decrement before assignment for context outside snippet

2024-02-25 00:45:13,972 - Math_56 - INFO - 编译失败
2024-02-25 00:45:13,972 - Math_56 - INFO - 错误: 找不到符号
--idx;
2024-02-25 00:45:13,972 - Math_56 - INFO - 补丁2 5 未成功编译
2024-02-25 00:45:13,973 - Math_56 - INFO - 开始验证补丁2 6:
2024-02-25 00:45:13,973 - Math_56 - INFO - 
        if (count > index) {
           --idx;
        }
        indices[last] = idx; // Adding condition to check if decrement is needed

2024-02-25 00:45:14,699 - Math_56 - INFO - 编译失败
2024-02-25 00:45:14,699 - Math_56 - INFO - 错误: 找不到符号
--idx;
2024-02-25 00:45:14,699 - Math_56 - INFO - 补丁2 6 未成功编译
2024-02-25 00:45:14,700 - Math_56 - INFO - 开始验证补丁2 7:
2024-02-25 00:45:14,700 - Math_56 - INFO - 
        indices[last] = idx; // No decrement of idx.

2024-02-25 00:45:15,412 - Math_56 - INFO - 编译失败
2024-02-25 00:45:15,412 - Math_56 - INFO - 错误: 找不到符号
indices[last] = idx; // No decrement of idx.
2024-02-25 00:45:15,412 - Math_56 - INFO - 补丁2 7 未成功编译
2024-02-25 00:45:15,413 - Math_56 - INFO - 开始验证补丁2 8:
2024-02-25 00:45:15,413 - Math_56 - INFO - 
        indices[last] = idx - 1; // If the intended logic was to have the decrement.

2024-02-25 00:45:16,141 - Math_56 - INFO - 编译失败
2024-02-25 00:45:16,141 - Math_56 - INFO - 错误: 找不到符号
indices[last] = idx - 1; // If the intended logic was to have the decrement.
2024-02-25 00:45:16,141 - Math_56 - INFO - 补丁2 8 未成功编译
2024-02-25 00:45:16,142 - Math_56 - INFO - 开始验证补丁2 9:
2024-02-25 00:45:16,142 - Math_56 - INFO - 
        // Assuming `last` needs to be calculated or other operations are necessary
        int last = calculateLastIndex(indices); // Hypothetical method to calculate 'last'
        indices[last] = idx; // Assign idx without decrementing.

2024-02-25 00:45:16,850 - Math_56 - INFO - 编译失败
2024-02-25 00:45:16,850 - Math_56 - INFO - 错误: 找不到符号
int last = calculateLastIndex(indices); // Hypothetical method to calculate 'last'
2024-02-25 00:45:16,850 - Math_56 - INFO - 补丁2 9 未成功编译
2024-02-25 00:45:16,851 - Math_56 - INFO - 开始验证补丁3 1:
2024-02-25 00:45:16,852 - Math_56 - INFO - 
        indices[last] = idx - 1;

2024-02-25 00:45:17,553 - Math_56 - INFO - 编译失败
2024-02-25 00:45:17,553 - Math_56 - INFO - 错误: 找不到符号
indices[last] = idx - 1;
2024-02-25 00:45:17,553 - Math_56 - INFO - 补丁3 1 未成功编译
2024-02-25 00:45:17,554 - Math_56 - INFO - 开始验证补丁3 2:
2024-02-25 00:45:17,554 - Math_56 - INFO - 
        indices[last] = idx;

2024-02-25 00:45:18,271 - Math_56 - INFO - 编译失败
2024-02-25 00:45:18,271 - Math_56 - INFO - 错误: 找不到符号
indices[last] = idx;
2024-02-25 00:45:18,271 - Math_56 - INFO - 补丁3 2 未成功编译
2024-02-25 00:45:18,272 - Math_56 - INFO - 开始验证补丁3 3:
2024-02-25 00:45:18,272 - Math_56 - INFO - 
        indices[last] = idx + 1;

2024-02-25 00:45:18,991 - Math_56 - INFO - 编译失败
2024-02-25 00:45:18,991 - Math_56 - INFO - 错误: 找不到符号
indices[last] = idx + 1;
2024-02-25 00:45:18,991 - Math_56 - INFO - 补丁3 3 未成功编译
2024-02-25 00:45:18,992 - Math_56 - INFO - 开始验证补丁3 4:
2024-02-25 00:45:18,992 - Math_56 - INFO - 
indices[last] = idx;

2024-02-25 00:45:19,701 - Math_56 - INFO - 编译失败
2024-02-25 00:45:19,701 - Math_56 - INFO - 错误: 找不到符号
indices[last] = idx;
2024-02-25 00:45:19,701 - Math_56 - INFO - 补丁3 4 未成功编译
2024-02-25 00:45:19,702 - Math_56 - INFO - 开始验证补丁3 5:
2024-02-25 00:45:19,702 - Math_56 - INFO - 
indices[last] = idx + 1;

2024-02-25 00:45:20,409 - Math_56 - INFO - 编译失败
2024-02-25 00:45:20,409 - Math_56 - INFO - 错误: 找不到符号
indices[last] = idx + 1;
2024-02-25 00:45:20,409 - Math_56 - INFO - 补丁3 5 未成功编译
2024-02-25 00:45:20,410 - Math_56 - INFO - 开始验证补丁3 6:
2024-02-25 00:45:20,410 - Math_56 - INFO - 
indices[i] = idx;

2024-02-25 00:45:21,124 - Math_56 - INFO - 编译失败
2024-02-25 00:45:21,124 - Math_56 - INFO - 错误: 找不到符号
indices[i] = idx;
2024-02-25 00:45:21,124 - Math_56 - INFO - 补丁3 6 未成功编译
2024-02-25 00:45:21,125 - Math_56 - INFO - 开始验证补丁3 7:
2024-02-25 00:45:21,126 - Math_56 - INFO - 
   indices[last] = idx;
   
2024-02-25 00:45:21,126 - Math_56 - INFO - 补丁3 7为重复的补丁
2024-02-25 00:45:21,126 - Math_56 - INFO - 开始验证补丁3 8:
2024-02-25 00:45:21,126 - Math_56 - INFO - 
   if (count > index) {
       --idx;
   }
   indices[last] = idx;
   
2024-02-25 00:45:21,831 - Math_56 - INFO - 编译失败
2024-02-25 00:45:21,831 - Math_56 - INFO - 错误: 找不到符号
--idx;
2024-02-25 00:45:21,831 - Math_56 - INFO - 补丁3 8 未成功编译
2024-02-25 00:45:21,832 - Math_56 - INFO - 开始验证补丁3 9:
2024-02-25 00:45:21,832 - Math_56 - INFO - 
   if (count == index) {
       ++idx;
   }
   indices[last] = idx;
   
2024-02-25 00:45:22,544 - Math_56 - INFO - 编译失败
2024-02-25 00:45:22,544 - Math_56 - INFO - 错误: 找不到符号
++idx;
2024-02-25 00:45:22,544 - Math_56 - INFO - 补丁3 9 未成功编译
2024-02-25 00:45:22,544 - Math_56 - INFO - Math_56 未成功修复
