2024-02-26 09:23:24,652 - Math_79 - INFO - rm -rf /home/chongchong/d4j-project/Math_79
2024-02-26 09:23:24,674 - Math_79 - INFO - 删除 Math 79b 成功
2024-02-26 09:23:24,675 - Math_79 - INFO - defects4j checkout -p Math -v 79b -w /home/chongchong/d4j-project/Math_79
2024-02-26 09:23:28,121 - Math_79 - INFO - checkout Math 79b 成功
2024-02-26 09:23:31,881 - Math_79 - INFO - 编译成功
2024-02-26 09:23:36,845 - Math_79 - INFO - 测试失败
2024-02-26 09:23:36,845 - Math_79 - INFO - Failing tests: 1
  - org.apache.commons.math.stat.clustering.KMeansPlusPlusClustererTest::testPerformClusterAnalysisDegenerate

2024-02-26 09:23:38,168 - Math_79 - INFO - 它的bug类型为:
2024-02-26 09:23:38,168 - Math_79 - INFO - 4
2024-02-26 09:23:38,179 - Math_79 - INFO - 开始验证补丁1 1:
2024-02-26 09:23:38,179 - Math_79 - INFO - 
int sum = 0;
for (int i = 0; i < p1.length; i++) {
    final int dp = p1[i] - p2[i];
    sum += dp * dp;
}

2024-02-26 09:23:39,549 - Math_79 - INFO - 编译成功
2024-02-26 09:23:44,469 - Math_79 - INFO - 测试失败
2024-02-26 09:23:44,469 - Math_79 - INFO - Failing tests: 1
  - org.apache.commons.math.stat.clustering.KMeansPlusPlusClustererTest::testPerformClusterAnalysisDegenerate

2024-02-26 09:23:45,116 - Math_79 - INFO - 选择失败的测试用例为:
2024-02-26 09:23:45,116 - Math_79 - INFO - org.apache.commons.math.stat.clustering.KMeansPlusPlusClustererTest::testPerformClusterAnalysisDegenerate
2024-02-26 09:23:45,116 - Math_79 - INFO - 失败的测试代码为:
2024-02-26 09:23:45,116 - Math_79 - INFO -         List<Cluster<EuclideanIntegerPoint>> clusters = transformer.cluster(Arrays.asList(points), 1, 1);

2024-02-26 09:23:45,116 - Math_79 - INFO - 失败信息为:
2024-02-26 09:23:45,116 - Math_79 - INFO - java.lang.NullPointerException

2024-02-26 09:23:45,116 - Math_79 - INFO - 补丁1 1测试失败
2024-02-26 09:23:45,117 - Math_79 - INFO - 开始验证补丁1 2:
2024-02-26 09:23:45,117 - Math_79 - INFO - 
long sum = 0;
for (int i = 0; i < p1.length; i++) {
    final int dp = p1[i] - p2[i];
    sum += (long) dp * dp; // Cast to long to prevent overflow
}
return Math.sqrt(sum);

2024-02-26 09:23:45,817 - Math_79 - INFO - 编译失败
2024-02-26 09:23:45,817 - Math_79 - INFO - 错误: 非法的类型开始
return Math.sqrt(sum);
2024-02-26 09:23:45,817 - Math_79 - INFO - 补丁1 2 未成功编译
2024-02-26 09:23:45,818 - Math_79 - INFO - 开始验证补丁1 3:
2024-02-26 09:23:45,818 - Math_79 - INFO - 
if (p1.length != p2.length) {
    throw new IllegalArgumentException("The two points must have the same number of dimensions.");
}
long sum = 0;
for (int i = 0; i < p1.length; i++) {
    final int dp = p1[i] - p2[i];
    sum += (long) dp * dp; // Cast to long to prevent overflow
}
return Math.sqrt(sum);

2024-02-26 09:23:46,501 - Math_79 - INFO - 编译失败
2024-02-26 09:23:46,501 - Math_79 - INFO - 错误: 非法的类型开始
return Math.sqrt(sum);
2024-02-26 09:23:46,501 - Math_79 - INFO - 补丁1 3 未成功编译
2024-02-26 09:23:46,502 - Math_79 - INFO - 开始验证补丁1 4:
2024-02-26 09:23:46,502 - Math_79 - INFO - 
int sum = 0;
for (int i = 0; i < p1.length; i++) {
    final int dp = p1[i] - p2[i];
    sum += dp * dp;
}

2024-02-26 09:23:46,502 - Math_79 - INFO - 补丁1 4为重复的补丁
2024-02-26 09:23:46,503 - Math_79 - INFO - 开始验证补丁1 5:
2024-02-26 09:23:46,503 - Math_79 - INFO - 
double sum = 0.0;
for (int i = 0; i < p1.length; i++) {
    final double dp = p1[i] - p2[i];
    sum += dp * dp;
}

2024-02-26 09:23:47,893 - Math_79 - INFO - 编译成功
2024-02-26 09:23:52,809 - Math_79 - INFO - 测试成功
2024-02-26 09:23:52,809 - Math_79 - INFO - 补丁1 5 通过了所有的测试用例
