2024-02-26 10:38:55,075 - Time_8 - INFO - rm -rf /home/chongchong/d4j-project/Time_8
2024-02-26 10:38:55,076 - Time_8 - INFO - 删除 Time 8b 成功
2024-02-26 10:38:55,076 - Time_8 - INFO - defects4j checkout -p Time -v 8b -w /home/chongchong/d4j-project/Time_8
2024-02-26 10:38:58,442 - Time_8 - INFO - checkout Time 8b 成功
2024-02-26 10:39:06,048 - Time_8 - INFO - 编译成功
2024-02-26 10:39:14,048 - Time_8 - INFO - 测试失败
2024-02-26 10:39:14,048 - Time_8 - INFO - Failing tests: 1
  - org.joda.time.TestDateTimeZone::testForOffsetHoursMinutes_int_int

2024-02-26 10:39:14,931 - Time_8 - INFO - 它的bug类型为:
2024-02-26 10:39:14,931 - Time_8 - INFO - 4
2024-02-26 10:40:16,182 - Time_8 - INFO - 开始验证补丁1 1:
2024-02-26 10:40:16,182 - Time_8 - INFO - 
        if ((hoursOffset == 0 && (minutesOffset < -59 || minutesOffset > 59)) ||
            (hoursOffset != 0 && (minutesOffset < 0 || minutesOffset > 59))) {
            throw new IllegalArgumentException("Minutes out of range: " + minutesOffset);
        }
        int offset = 0;
        try {
            int hoursInMinutes = hoursOffset * 60;
            if (hoursInMinutes < 0) {
                minutesOffset = hoursInMinutes + minutesOffset;

2024-02-26 10:40:19,240 - Time_8 - INFO - 编译成功
2024-02-26 10:40:27,177 - Time_8 - INFO - 测试失败
2024-02-26 10:40:27,177 - Time_8 - INFO - Failing tests: 1
  - org.joda.time.TestDateTimeZone::testForOffsetHoursMinutes_int_int

2024-02-26 10:40:27,614 - Time_8 - INFO - 选择失败的测试用例为:
2024-02-26 10:40:27,614 - Time_8 - INFO - org.joda.time.TestDateTimeZone::testForOffsetHoursMinutes_int_int
2024-02-26 10:40:27,614 - Time_8 - INFO - 失败的测试代码为:
2024-02-26 10:40:27,614 - Time_8 - INFO -         assertEquals(DateTimeZone.forID("-02:15"), DateTimeZone.forOffsetHoursMinutes(-2, -15));

2024-02-26 10:40:27,614 - Time_8 - INFO - 失败信息为:
2024-02-26 10:40:27,614 - Time_8 - INFO - java.lang.IllegalArgumentException: Minutes out of range: -15

2024-02-26 10:40:27,614 - Time_8 - INFO - 补丁1 1测试失败
2024-02-26 10:40:27,615 - Time_8 - INFO - 开始验证补丁1 2:
2024-02-26 10:40:27,615 - Time_8 - INFO - 
        if ((hoursOffset == 0 && (minutesOffset < -60 || minutesOffset > 59)) ||
            (hoursOffset != 0 && (minutesOffset < 0 || minutesOffset > 59))) {
            throw new IllegalArgumentException("Minutes out of range: " + minutesOffset);
        }
        int offset = 0;
        try {
            int hoursInMinutes = hoursOffset * 60;
            if (hoursInMinutes < 0) {
                minutesOffset = hoursInMinutes + minutesOffset;

2024-02-26 10:40:30,644 - Time_8 - INFO - 编译成功
2024-02-26 10:40:38,588 - Time_8 - INFO - 测试失败
2024-02-26 10:40:38,588 - Time_8 - INFO - Failing tests: 1
  - org.joda.time.TestDateTimeZone::testForOffsetHoursMinutes_int_int

2024-02-26 10:40:39,028 - Time_8 - INFO - 选择失败的测试用例为:
2024-02-26 10:40:39,028 - Time_8 - INFO - org.joda.time.TestDateTimeZone::testForOffsetHoursMinutes_int_int
2024-02-26 10:40:39,028 - Time_8 - INFO - 失败的测试代码为:
2024-02-26 10:40:39,028 - Time_8 - INFO -         assertEquals(DateTimeZone.forID("-02:15"), DateTimeZone.forOffsetHoursMinutes(-2, -15));

2024-02-26 10:40:39,028 - Time_8 - INFO - 失败信息为:
2024-02-26 10:40:39,029 - Time_8 - INFO - java.lang.IllegalArgumentException: Minutes out of range: -15

2024-02-26 10:40:39,029 - Time_8 - INFO - 补丁1 2测试失败
2024-02-26 10:40:39,030 - Time_8 - INFO - 开始验证补丁1 3:
2024-02-26 10:40:39,030 - Time_8 - INFO - 
        if ((hoursOffset < 0 && (minutesOffset < -59 || minutesOffset > 59)) ||
            (hoursOffset >= 0 && (minutesOffset < 0 || minutesOffset > 59))) {
            throw new IllegalArgumentException("Minutes out of range: " + minutesOffset);
        }
        int offset = 0;
        try {
            int hoursInMinutes = hoursOffset * 60;
            if (hoursInMinutes < 0) {
                minutesOffset = hoursInMinutes + minutesOffset;

2024-02-26 10:40:42,052 - Time_8 - INFO - 编译成功
2024-02-26 10:40:50,042 - Time_8 - INFO - 测试失败
2024-02-26 10:40:50,042 - Time_8 - INFO - Failing tests: 1
  - org.joda.time.TestDateTimeZone::testForOffsetHoursMinutes_int_int

2024-02-26 10:40:50,488 - Time_8 - INFO - 选择失败的测试用例为:
2024-02-26 10:40:50,488 - Time_8 - INFO - org.joda.time.TestDateTimeZone::testForOffsetHoursMinutes_int_int
2024-02-26 10:40:50,488 - Time_8 - INFO - 失败的测试代码为:
2024-02-26 10:40:50,488 - Time_8 - INFO -         assertEquals(DateTimeZone.forID("-00:15"), DateTimeZone.forOffsetHoursMinutes(0, -15));

2024-02-26 10:40:50,488 - Time_8 - INFO - 失败信息为:
2024-02-26 10:40:50,488 - Time_8 - INFO - java.lang.IllegalArgumentException: Minutes out of range: -15

2024-02-26 10:40:50,488 - Time_8 - INFO - 补丁1 3测试失败
2024-02-26 10:40:50,489 - Time_8 - INFO - 开始验证补丁1 4:
2024-02-26 10:40:50,489 - Time_8 - INFO - 
        if ((hoursOffset == 0 && (minutesOffset < -59 || minutesOffset > 59)) ||
            (hoursOffset != 0 && (minutesOffset < 0 || minutesOffset > 59))) {
            throw new IllegalArgumentException("Minutes out of range: " + minutesOffset);
        }
        int offset;
        try {
            int hoursInMinutes = hoursOffset * 60;
            if (hoursInMinutes < 0) {
                minutesOffset = hoursInMinutes - minutesOffset;

2024-02-26 10:40:53,498 - Time_8 - INFO - 编译成功
2024-02-26 10:41:01,480 - Time_8 - INFO - 测试失败
2024-02-26 10:41:01,480 - Time_8 - INFO - Failing tests: 1
  - org.joda.time.TestDateTimeZone::testForOffsetHoursMinutes_int_int

2024-02-26 10:41:01,925 - Time_8 - INFO - 选择失败的测试用例为:
2024-02-26 10:41:01,925 - Time_8 - INFO - org.joda.time.TestDateTimeZone::testForOffsetHoursMinutes_int_int
2024-02-26 10:41:01,925 - Time_8 - INFO - 失败的测试代码为:
2024-02-26 10:41:01,925 - Time_8 - INFO -         assertEquals(DateTimeZone.forID("-02:15"), DateTimeZone.forOffsetHoursMinutes(-2, -15));

2024-02-26 10:41:01,926 - Time_8 - INFO - 失败信息为:
2024-02-26 10:41:01,926 - Time_8 - INFO - java.lang.IllegalArgumentException: Minutes out of range: -15

2024-02-26 10:41:01,926 - Time_8 - INFO - 补丁1 4测试失败
2024-02-26 10:41:01,927 - Time_8 - INFO - 开始验证补丁1 5:
2024-02-26 10:41:01,927 - Time_8 - INFO - 
        if (minutesOffset < -59 || minutesOffset > 59) {
            throw new IllegalArgumentException("Minutes out of range: " + minutesOffset);
        }
        int offset;
        try {
            int hoursInMinutes = hoursOffset * 60;
            if (hoursInMinutes < 0) {
                minutesOffset = hoursInMinutes - minutesOffset;

2024-02-26 10:41:04,970 - Time_8 - INFO - 编译成功
2024-02-26 10:41:12,901 - Time_8 - INFO - 测试失败
2024-02-26 10:41:12,901 - Time_8 - INFO - Failing tests: 1
  - org.joda.time.TestDateTimeZone::testForOffsetHoursMinutes_int_int

2024-02-26 10:41:13,343 - Time_8 - INFO - 选择失败的测试用例为:
2024-02-26 10:41:13,343 - Time_8 - INFO - org.joda.time.TestDateTimeZone::testForOffsetHoursMinutes_int_int
2024-02-26 10:41:13,343 - Time_8 - INFO - 失败的测试代码为:
2024-02-26 10:41:13,343 - Time_8 - INFO -             fail();

2024-02-26 10:41:13,343 - Time_8 - INFO - 失败信息为:
2024-02-26 10:41:13,343 - Time_8 - INFO - junit.framework.AssertionFailedError

2024-02-26 10:41:13,343 - Time_8 - INFO - 补丁1 5测试失败
2024-02-26 10:41:13,344 - Time_8 - INFO - 开始验证补丁1 6:
2024-02-26 10:41:13,344 - Time_8 - INFO - 
        if (hoursOffset == 0 && (minutesOffset < 0 || minutesOffset > 59)) {
            throw new IllegalArgumentException("Minutes out of range: " + minutesOffset);
        }
        int offset;
        try {
            int hoursInMinutes = hoursOffset * 60;
            if (hoursInMinutes < 0) {
                minutesOffset = hoursInMinutes - minutesOffset;

2024-02-26 10:41:16,353 - Time_8 - INFO - 编译成功
2024-02-26 10:41:24,361 - Time_8 - INFO - 测试失败
2024-02-26 10:41:24,361 - Time_8 - INFO - Failing tests: 1
  - org.joda.time.TestDateTimeZone::testForOffsetHoursMinutes_int_int

2024-02-26 10:41:24,803 - Time_8 - INFO - 选择失败的测试用例为:
2024-02-26 10:41:24,803 - Time_8 - INFO - org.joda.time.TestDateTimeZone::testForOffsetHoursMinutes_int_int
2024-02-26 10:41:24,803 - Time_8 - INFO - 失败的测试代码为:
2024-02-26 10:41:24,803 - Time_8 - INFO -             fail();

2024-02-26 10:41:24,803 - Time_8 - INFO - 失败信息为:
2024-02-26 10:41:24,803 - Time_8 - INFO - junit.framework.AssertionFailedError

2024-02-26 10:41:24,803 - Time_8 - INFO - 补丁1 6测试失败
2024-02-26 10:41:24,804 - Time_8 - INFO - 开始验证补丁1 7:
2024-02-26 10:41:24,804 - Time_8 - INFO - 
        if ((hoursOffset == 0 && (minutesOffset < -59 || minutesOffset > 59)) ||
            (hoursOffset != 0 && (minutesOffset < 0 || minutesOffset > 59))) {
            throw new IllegalArgumentException("Minutes out of range: " + minutesOffset);
        }
        int offset = 0;
        try {
            int hoursInMinutes = hoursOffset * 60;
            if (hoursInMinutes < 0) {
                minutesOffset = hoursInMinutes - minutesOffset;
            } else {
                minutesOffset = hoursInMinutes + minutesOffset;
            }
            offset = FieldUtils.safeMultiply(minutesOffset, DateTimeConstants.MILLIS_PER_MINUTE);
        } catch (ArithmeticException ex) {

2024-02-26 10:41:25,791 - Time_8 - INFO - 编译失败
2024-02-26 10:41:25,791 - Time_8 - INFO - 错误: 有 'if', 但是没有 'else'
} else {
2024-02-26 10:41:25,791 - Time_8 - INFO - 补丁1 7 未成功编译
2024-02-26 10:41:25,792 - Time_8 - INFO - 开始验证补丁1 8:
2024-02-26 10:41:25,792 - Time_8 - INFO - 
        if (minutesOffset < -59 || minutesOffset > 59) {
            throw new IllegalArgumentException("Minutes out of range: " + minutesOffset);
        }
        int offset = 0;
        try {
            int hoursInMinutes = hoursOffset * 60;
            if (hoursInMinutes < 0) {
                minutesOffset = hoursInMinutes - minutesOffset;
            } else {
                minutesOffset = hoursInMinutes + minutesOffset;
            }
            offset = FieldUtils.safeMultiply(minutesOffset, DateTimeConstants.MILLIS_PER_MINUTE);
        } catch (ArithmeticException ex) {

2024-02-26 10:41:26,791 - Time_8 - INFO - 编译失败
2024-02-26 10:41:26,791 - Time_8 - INFO - 错误: 有 'if', 但是没有 'else'
} else {
2024-02-26 10:41:26,791 - Time_8 - INFO - 补丁1 8 未成功编译
2024-02-26 10:41:26,792 - Time_8 - INFO - 开始验证补丁1 9:
2024-02-26 10:41:26,792 - Time_8 - INFO - 
        if (minutesOffset < 0 || minutesOffset > 59) {
            throw new IllegalArgumentException("Minutes out of range: " + minutesOffset);
        }
        int offset = 0;
        try {
            int hoursInMinutes = hoursOffset * 60;
            if (hoursInMinutes < 0) {
                minutesOffset = hoursInMinutes + minutesOffset; // Assuming the correct operation is addition for negative hours
            } else {
                minutesOffset = hoursInMinutes + minutesOffset;
            }
            offset = FieldUtils.safeMultiply(minutesOffset, DateTimeConstants.MILLIS_PER_MINUTE);
        } catch (ArithmeticException ex) {

2024-02-26 10:41:27,781 - Time_8 - INFO - 编译失败
2024-02-26 10:41:27,781 - Time_8 - INFO - 错误: 有 'if', 但是没有 'else'
} else {
2024-02-26 10:41:27,781 - Time_8 - INFO - 补丁1 9 未成功编译
2024-02-26 10:41:27,782 - Time_8 - INFO - 开始验证补丁2 1:
2024-02-26 10:41:27,782 - Time_8 - INFO - 
        if (minutesOffset < -59 || minutesOffset > 59) {
            throw new IllegalArgumentException("Minutes out of range: " + minutesOffset);
        }
        int offset = 0;
        try {
            int hoursInMinutes = hoursOffset * 60;
            if (hoursOffset < 0) {
                minutesOffset = hoursInMinutes - minutesOffset;

2024-02-26 10:41:30,825 - Time_8 - INFO - 编译成功
2024-02-26 10:41:38,858 - Time_8 - INFO - 测试失败
2024-02-26 10:41:38,858 - Time_8 - INFO - Failing tests: 1
  - org.joda.time.TestDateTimeZone::testForOffsetHoursMinutes_int_int

2024-02-26 10:41:39,304 - Time_8 - INFO - 选择失败的测试用例为:
2024-02-26 10:41:39,304 - Time_8 - INFO - org.joda.time.TestDateTimeZone::testForOffsetHoursMinutes_int_int
2024-02-26 10:41:39,305 - Time_8 - INFO - 失败的测试代码为:
2024-02-26 10:41:39,305 - Time_8 - INFO -             fail();

2024-02-26 10:41:39,305 - Time_8 - INFO - 失败信息为:
2024-02-26 10:41:39,305 - Time_8 - INFO - junit.framework.AssertionFailedError

2024-02-26 10:41:39,305 - Time_8 - INFO - 补丁2 1测试失败
2024-02-26 10:41:39,306 - Time_8 - INFO - 开始验证补丁2 2:
2024-02-26 10:41:39,306 - Time_8 - INFO - 
        if (minutesOffset <= -60 || minutesOffset >= 60) {
            throw new IllegalArgumentException("Minutes out of range: " + minutesOffset);
        }
        int offset = 0;
        try {
            int hoursInMinutes = hoursOffset * 60;
            if (hoursOffset < 0) {
                minutesOffset = hoursInMinutes - minutesOffset;

2024-02-26 10:41:42,328 - Time_8 - INFO - 编译成功
2024-02-26 10:41:50,308 - Time_8 - INFO - 测试失败
2024-02-26 10:41:50,308 - Time_8 - INFO - Failing tests: 1
  - org.joda.time.TestDateTimeZone::testForOffsetHoursMinutes_int_int

2024-02-26 10:41:50,747 - Time_8 - INFO - 选择失败的测试用例为:
2024-02-26 10:41:50,747 - Time_8 - INFO - org.joda.time.TestDateTimeZone::testForOffsetHoursMinutes_int_int
2024-02-26 10:41:50,747 - Time_8 - INFO - 失败的测试代码为:
2024-02-26 10:41:50,747 - Time_8 - INFO -             fail();

2024-02-26 10:41:50,747 - Time_8 - INFO - 失败信息为:
2024-02-26 10:41:50,747 - Time_8 - INFO - junit.framework.AssertionFailedError

2024-02-26 10:41:50,747 - Time_8 - INFO - 补丁2 2测试失败
2024-02-26 10:41:50,748 - Time_8 - INFO - 开始验证补丁2 3:
2024-02-26 10:41:50,748 - Time_8 - INFO - 
        if (minutesOffset < -59 || minutesOffset > 59) {
            throw new IllegalArgumentException("Minutes out of range: " + minutesOffset);
        }
        int offset;
        try {
            int hoursInMinutes = hoursOffset * 60;
            if (hoursOffset < 0) {
                minutesOffset = hoursInMinutes - minutesOffset;

2024-02-26 10:41:53,759 - Time_8 - INFO - 编译成功
2024-02-26 10:42:01,765 - Time_8 - INFO - 测试失败
2024-02-26 10:42:01,765 - Time_8 - INFO - Failing tests: 1
  - org.joda.time.TestDateTimeZone::testForOffsetHoursMinutes_int_int

2024-02-26 10:42:02,207 - Time_8 - INFO - 选择失败的测试用例为:
2024-02-26 10:42:02,207 - Time_8 - INFO - org.joda.time.TestDateTimeZone::testForOffsetHoursMinutes_int_int
2024-02-26 10:42:02,207 - Time_8 - INFO - 失败的测试代码为:
2024-02-26 10:42:02,207 - Time_8 - INFO -             fail();

2024-02-26 10:42:02,207 - Time_8 - INFO - 失败信息为:
2024-02-26 10:42:02,207 - Time_8 - INFO - junit.framework.AssertionFailedError

2024-02-26 10:42:02,207 - Time_8 - INFO - 补丁2 3测试失败
2024-02-26 10:42:02,208 - Time_8 - INFO - 开始验证补丁2 4:
2024-02-26 10:42:02,208 - Time_8 - INFO - 
        if (minutesOffset < -59 || minutesOffset > 59) {
            throw new IllegalArgumentException("Minutes out of range: " + minutesOffset);
        }
        int offset;
        try {
            int hoursInMinutes = hoursOffset * 60;
            if (hoursOffset < 0) {
                minutesOffset = hoursInMinutes - minutesOffset;

2024-02-26 10:42:02,209 - Time_8 - INFO - 补丁2 4为重复的补丁
2024-02-26 10:42:02,209 - Time_8 - INFO - 开始验证补丁2 5:
2024-02-26 10:42:02,209 - Time_8 - INFO - 
        if (minutesOffset < -59 || minutesOffset > 59) {
            throw new IllegalArgumentException("Minutes out of range: " + minutesOffset);
        }
        int offset = 0;
        try {
            int hoursInMinutes = hoursOffset * 60;
            if (hoursOffset < 0) {
                minutesOffset = hoursInMinutes - minutesOffset;

2024-02-26 10:42:02,209 - Time_8 - INFO - 补丁2 5为重复的补丁
2024-02-26 10:42:02,210 - Time_8 - INFO - 开始验证补丁2 6:
2024-02-26 10:42:02,210 - Time_8 - INFO - 
        if (minutesOffset < 0 || minutesOffset > 59) {
            throw new IllegalArgumentException("Minutes out of range: " + minutesOffset);
        }
        try {
            int hoursInMinutes = hoursOffset * 60;
            if (hoursOffset < 0) {
                minutesOffset = hoursInMinutes - minutesOffset;

2024-02-26 10:42:03,422 - Time_8 - INFO - 编译失败
2024-02-26 10:42:03,422 - Time_8 - INFO - 错误: 找不到符号
offset = FieldUtils.safeMultiply(minutesOffset, DateTimeConstants.MILLIS_PER_MINUTE);
2024-02-26 10:42:03,423 - Time_8 - INFO - 补丁2 6 未成功编译
2024-02-26 10:42:03,424 - Time_8 - INFO - 开始验证补丁2 7:
2024-02-26 10:42:03,424 - Time_8 - INFO - 
        if (minutesOffset < -59 || minutesOffset > 59) {
            throw new IllegalArgumentException("Minutes out of range: " + minutesOffset);
        }
        int offset = 0;
        try {
            int hoursInMinutes = hoursOffset * 60;
            if (hoursInMinutes < 0) {
                minutesOffset = hoursInMinutes - minutesOffset;

2024-02-26 10:42:06,441 - Time_8 - INFO - 编译成功
2024-02-26 10:42:14,410 - Time_8 - INFO - 测试失败
2024-02-26 10:42:14,410 - Time_8 - INFO - Failing tests: 1
  - org.joda.time.TestDateTimeZone::testForOffsetHoursMinutes_int_int

2024-02-26 10:42:14,867 - Time_8 - INFO - 选择失败的测试用例为:
2024-02-26 10:42:14,867 - Time_8 - INFO - org.joda.time.TestDateTimeZone::testForOffsetHoursMinutes_int_int
2024-02-26 10:42:14,867 - Time_8 - INFO - 失败的测试代码为:
2024-02-26 10:42:14,867 - Time_8 - INFO -             fail();

2024-02-26 10:42:14,867 - Time_8 - INFO - 失败信息为:
2024-02-26 10:42:14,867 - Time_8 - INFO - junit.framework.AssertionFailedError

2024-02-26 10:42:14,867 - Time_8 - INFO - 补丁2 7测试失败
2024-02-26 10:42:14,868 - Time_8 - INFO - 开始验证补丁2 8:
2024-02-26 10:42:14,868 - Time_8 - INFO - 
        if (minutesOffset < -59 || minutesOffset >= 60) {
            throw new IllegalArgumentException("Minutes out of range: " + minutesOffset);
        }
        int offset = 0;
        try {
            int hoursInMinutes = hoursOffset * 60;
            if (hoursInMinutes < 0) {
                minutesOffset = hoursInMinutes - minutesOffset;

2024-02-26 10:42:17,905 - Time_8 - INFO - 编译成功
2024-02-26 10:42:25,927 - Time_8 - INFO - 测试失败
2024-02-26 10:42:25,927 - Time_8 - INFO - Failing tests: 1
  - org.joda.time.TestDateTimeZone::testForOffsetHoursMinutes_int_int

2024-02-26 10:42:26,388 - Time_8 - INFO - 选择失败的测试用例为:
2024-02-26 10:42:26,388 - Time_8 - INFO - org.joda.time.TestDateTimeZone::testForOffsetHoursMinutes_int_int
2024-02-26 10:42:26,388 - Time_8 - INFO - 失败的测试代码为:
2024-02-26 10:42:26,388 - Time_8 - INFO -             fail();

2024-02-26 10:42:26,388 - Time_8 - INFO - 失败信息为:
2024-02-26 10:42:26,388 - Time_8 - INFO - junit.framework.AssertionFailedError

2024-02-26 10:42:26,388 - Time_8 - INFO - 补丁2 8测试失败
2024-02-26 10:42:26,389 - Time_8 - INFO - 开始验证补丁2 9:
2024-02-26 10:42:26,389 - Time_8 - INFO - 
        if (minutesOffset <= -60 || minutesOffset > 59) {
            throw new IllegalArgumentException("Minutes out of range: " + minutesOffset);
        }
        int offset = 0;
        try {
            int hoursInMinutes = hoursOffset * 60;
            if (hoursInMinutes < 0) {
                minutesOffset = hoursInMinutes - minutesOffset;

2024-02-26 10:42:29,435 - Time_8 - INFO - 编译成功
2024-02-26 10:42:37,421 - Time_8 - INFO - 测试失败
2024-02-26 10:42:37,421 - Time_8 - INFO - Failing tests: 1
  - org.joda.time.TestDateTimeZone::testForOffsetHoursMinutes_int_int

2024-02-26 10:42:37,856 - Time_8 - INFO - 选择失败的测试用例为:
2024-02-26 10:42:37,856 - Time_8 - INFO - org.joda.time.TestDateTimeZone::testForOffsetHoursMinutes_int_int
2024-02-26 10:42:37,856 - Time_8 - INFO - 失败的测试代码为:
2024-02-26 10:42:37,856 - Time_8 - INFO -             fail();

2024-02-26 10:42:37,856 - Time_8 - INFO - 失败信息为:
2024-02-26 10:42:37,856 - Time_8 - INFO - junit.framework.AssertionFailedError

2024-02-26 10:42:37,856 - Time_8 - INFO - 补丁2 9测试失败
2024-02-26 10:42:37,857 - Time_8 - INFO - 开始验证补丁3 1:
2024-02-26 10:42:37,857 - Time_8 - INFO - 
if ((hoursOffset == 0 && (minutesOffset < -59 || minutesOffset > 59)) || 
    (hoursOffset != 0 && (minutesOffset < 0 || minutesOffset > 59))) {
    throw new IllegalArgumentException("Minutes out of range: " + minutesOffset);
}
int offset = 0;
try {
    int hoursInMinutes = hoursOffset * 60;
    if (hoursInMinutes >= 0) {
        minutesOffset = hoursInMinutes + minutesOffset;
    } else {
        minutesOffset = hoursInMinutes - minutesOffset;
    }
    offset = FieldUtils.safeMultiply(minutesOffset, DateTimeConstants.MILLIS_PER_MINUTE);
} catch (ArithmeticException ex) {

2024-02-26 10:42:38,846 - Time_8 - INFO - 编译失败
2024-02-26 10:42:38,846 - Time_8 - INFO - 错误: 有 'if', 但是没有 'else'
} else {
2024-02-26 10:42:38,846 - Time_8 - INFO - 补丁3 1 未成功编译
2024-02-26 10:42:38,847 - Time_8 - INFO - 开始验证补丁3 2:
2024-02-26 10:42:38,847 - Time_8 - INFO - 
if ((hoursOffset == 0 && minutesOffset < -59) || 
    (minutesOffset < 0 || minutesOffset > 59)) {
    throw new IllegalArgumentException("Minutes out of range: " + minutesOffset);
}
int offset;
try {
    int hoursInMinutes = hoursOffset * 60;
    if (hoursInMinutes < 0) {
        minutesOffset = hoursInMinutes - minutesOffset;
    } else {
        minutesOffset = hoursInMinutes + minutesOffset;
    }
    offset = FieldUtils.safeMultiply(minutesOffset, DateTimeConstants.MILLIS_PER_MINUTE);
} catch (ArithmeticException ex) {

2024-02-26 10:42:39,852 - Time_8 - INFO - 编译失败
2024-02-26 10:42:39,852 - Time_8 - INFO - 错误: 有 'if', 但是没有 'else'
} else {
2024-02-26 10:42:39,853 - Time_8 - INFO - 补丁3 2 未成功编译
2024-02-26 10:42:39,853 - Time_8 - INFO - 开始验证补丁3 3:
2024-02-26 10:42:39,854 - Time_8 - INFO - 
if ((hoursOffset != 0 && (minutesOffset < 0 || minutesOffset > 59)) || 
    (hoursOffset == 0 && (minutesOffset < -59 || minutesOffset > 59))) {
    throw new IllegalArgumentException("Minutes out of range: " + minutesOffset);
}
int offset;
try {
    int hoursInMinutes = hoursOffset * 60;
    minutesOffset = hoursInMinutes - minutesOffset; // This line might not meet the intended logic
    offset = FieldUtils.safeMultiply(minutesOffset, DateTimeConstants.MILLIS_PER_MINUTE);
} catch (ArithmeticException ex) {

2024-02-26 10:42:40,844 - Time_8 - INFO - 编译失败
2024-02-26 10:42:40,844 - Time_8 - INFO - 错误: 有 'if', 但是没有 'else'
} else {
2024-02-26 10:42:40,844 - Time_8 - INFO - 补丁3 3 未成功编译
2024-02-26 10:42:40,845 - Time_8 - INFO - 开始验证补丁3 4:
2024-02-26 10:42:40,845 - Time_8 - INFO - 
        if ((hoursOffset == 0 && (minutesOffset < -59 || minutesOffset > 59)) || 
            (hoursOffset != 0 && (minutesOffset < 0 || minutesOffset > 59))) {
            throw new IllegalArgumentException("Minutes out of range: " + minutesOffset);
        }
        int offset = 0;
        try {
            int hoursInMinutes = hoursOffset * 60;
            if (hoursInMinutes < 0) {
                minutesOffset = hoursInMinutes - minutesOffset;
            } else {
                minutesOffset = hoursInMinutes + minutesOffset;
            }
            offset = FieldUtils.safeMultiply(minutesOffset, DateTimeConstants.MILLIS_PER_MINUTE);
        } catch (ArithmeticException ex) {

2024-02-26 10:42:41,833 - Time_8 - INFO - 编译失败
2024-02-26 10:42:41,833 - Time_8 - INFO - 错误: 有 'if', 但是没有 'else'
} else {
2024-02-26 10:42:41,833 - Time_8 - INFO - 补丁3 4 未成功编译
2024-02-26 10:42:41,834 - Time_8 - INFO - 开始验证补丁3 5:
2024-02-26 10:42:41,834 - Time_8 - INFO - 
        if (hoursOffset != 0 && (minutesOffset < 0 || minutesOffset > 59)) {
            throw new IllegalArgumentException("Minutes out of range: " + minutesOffset);
        } else if (hoursOffset == 0 && (minutesOffset < -59 || minutesOffset > 59)) {
            throw new IllegalArgumentException("Minutes out of range for zero hour offset: " + minutesOffset);
        }
        int offset = 0;
        try {
            int hoursInMinutes = hoursOffset * 60;
            minutesOffset = hoursInMinutes + minutesOffset;
            offset = FieldUtils.safeMultiply(minutesOffset, DateTimeConstants.MILLIS_PER_MINUTE);
        } catch (ArithmeticException ex) {

2024-02-26 10:42:42,825 - Time_8 - INFO - 编译失败
2024-02-26 10:42:42,825 - Time_8 - INFO - 错误: 有 'if', 但是没有 'else'
} else {
2024-02-26 10:42:42,825 - Time_8 - INFO - 补丁3 5 未成功编译
2024-02-26 10:42:42,826 - Time_8 - INFO - 开始验证补丁3 6:
2024-02-26 10:42:42,826 - Time_8 - INFO - 
        boolean isHoursOffsetZero = hoursOffset == 0;
        if ((isHoursOffsetZero && (minutesOffset < -59 || minutesOffset > 59)) || 
            (!isHoursOffsetZero && (minutesOffset < 0 || minutesOffset > 59))) {
            throw new IllegalArgumentException("Minutes out of range: " + minutesOffset);
        }
        int offset = 0;
        try {
            int hoursInMinutes = hoursOffset * 60;
            minutesOffset = isHoursOffsetZero ? minutesOffset : hoursInMinutes + minutesOffset;
            offset = FieldUtils.safeMultiply(minutesOffset, DateTimeConstants.MILLIS_PER_MINUTE);
        } catch (ArithmeticException ex) {

2024-02-26 10:42:43,821 - Time_8 - INFO - 编译失败
2024-02-26 10:42:43,821 - Time_8 - INFO - 错误: 有 'if', 但是没有 'else'
} else {
2024-02-26 10:42:43,821 - Time_8 - INFO - 补丁3 6 未成功编译
2024-02-26 10:42:43,822 - Time_8 - INFO - 开始验证补丁3 7:
2024-02-26 10:42:43,822 - Time_8 - INFO - 
        if ((hoursOffset != 0 && (minutesOffset < 0 || minutesOffset > 59)) || 
            (hoursOffset == 0 && (minutesOffset < -59 || minutesOffset > 59))) {
            throw new IllegalArgumentException("Minutes out of range: " + minutesOffset);
        }
        int offset = 0;
        try {
            int hoursInMinutes = hoursOffset * 60;
            if (hoursInMinutes < 0) {
                minutesOffset = hoursInMinutes - minutesOffset;

2024-02-26 10:42:46,876 - Time_8 - INFO - 编译成功
2024-02-26 10:42:54,937 - Time_8 - INFO - 测试失败
2024-02-26 10:42:54,937 - Time_8 - INFO - Failing tests: 1
  - org.joda.time.TestDateTimeZone::testForOffsetHoursMinutes_int_int

2024-02-26 10:42:55,375 - Time_8 - INFO - 选择失败的测试用例为:
2024-02-26 10:42:55,375 - Time_8 - INFO - org.joda.time.TestDateTimeZone::testForOffsetHoursMinutes_int_int
2024-02-26 10:42:55,375 - Time_8 - INFO - 失败的测试代码为:
2024-02-26 10:42:55,375 - Time_8 - INFO -         assertEquals(DateTimeZone.forID("-02:15"), DateTimeZone.forOffsetHoursMinutes(-2, -15));

2024-02-26 10:42:55,375 - Time_8 - INFO - 失败信息为:
2024-02-26 10:42:55,375 - Time_8 - INFO - java.lang.IllegalArgumentException: Minutes out of range: -15

2024-02-26 10:42:55,375 - Time_8 - INFO - 补丁3 7测试失败
2024-02-26 10:42:55,376 - Time_8 - INFO - 开始验证补丁3 8:
2024-02-26 10:42:55,376 - Time_8 - INFO - 
        if ((hoursOffset == 0 && (minutesOffset < -59 || minutesOffset > 59)) || 
            (hoursOffset != 0 && (minutesOffset < 0 || minutesOffset > 59))) {
            throw new IllegalArgumentException("Minutes out of range: " + minutesOffset);
        }
        int offset = 0;
        try {
            int hoursInMinutes = hoursOffset * 60;
            if (hoursInMinutes < 0) {
                minutesOffset = hoursInMinutes - minutesOffset;

2024-02-26 10:42:58,381 - Time_8 - INFO - 编译成功
2024-02-26 10:43:06,364 - Time_8 - INFO - 测试失败
2024-02-26 10:43:06,364 - Time_8 - INFO - Failing tests: 1
  - org.joda.time.TestDateTimeZone::testForOffsetHoursMinutes_int_int

2024-02-26 10:43:06,810 - Time_8 - INFO - 选择失败的测试用例为:
2024-02-26 10:43:06,810 - Time_8 - INFO - org.joda.time.TestDateTimeZone::testForOffsetHoursMinutes_int_int
2024-02-26 10:43:06,810 - Time_8 - INFO - 失败的测试代码为:
2024-02-26 10:43:06,810 - Time_8 - INFO -         assertEquals(DateTimeZone.forID("-02:15"), DateTimeZone.forOffsetHoursMinutes(-2, -15));

2024-02-26 10:43:06,810 - Time_8 - INFO - 失败信息为:
2024-02-26 10:43:06,810 - Time_8 - INFO - java.lang.IllegalArgumentException: Minutes out of range: -15

2024-02-26 10:43:06,810 - Time_8 - INFO - 补丁3 8测试失败
2024-02-26 10:43:06,811 - Time_8 - INFO - 开始验证补丁3 9:
2024-02-26 10:43:06,812 - Time_8 - INFO - 
        if (hoursOffset == 0 && (minutesOffset < -59 || minutesOffset > 59)) {
            throw new IllegalArgumentException("Minutes out of range: " + minutesOffset);
        } else if (hoursOffset != 0 && (minutesOffset < 0 || minutesOffset > 59)) {
            throw new IllegalArgumentException("Minutes out of range: " + minutesOffset);
        }
        int offset = 0;
        try {
            int hoursInMinutes = hoursOffset * 60;
            if (hoursInMinutes < 0) {
                minutesOffset = hoursInMinutes - minutesOffset;

2024-02-26 10:43:09,851 - Time_8 - INFO - 编译成功
2024-02-26 10:43:17,781 - Time_8 - INFO - 测试失败
2024-02-26 10:43:17,781 - Time_8 - INFO - Failing tests: 1
  - org.joda.time.TestDateTimeZone::testForOffsetHoursMinutes_int_int

2024-02-26 10:43:18,218 - Time_8 - INFO - 选择失败的测试用例为:
2024-02-26 10:43:18,218 - Time_8 - INFO - org.joda.time.TestDateTimeZone::testForOffsetHoursMinutes_int_int
2024-02-26 10:43:18,218 - Time_8 - INFO - 失败的测试代码为:
2024-02-26 10:43:18,218 - Time_8 - INFO -         assertEquals(DateTimeZone.forID("-02:15"), DateTimeZone.forOffsetHoursMinutes(-2, -15));

2024-02-26 10:43:18,218 - Time_8 - INFO - 失败信息为:
2024-02-26 10:43:18,218 - Time_8 - INFO - java.lang.IllegalArgumentException: Minutes out of range: -15

2024-02-26 10:43:18,218 - Time_8 - INFO - 补丁3 9测试失败
2024-02-26 10:43:18,218 - Time_8 - INFO - Time_8 未成功修复
