2024-02-24 01:29:31,012 - Time_19 - INFO - rm -rf /home/chongchong/d4j-project/Time_19
2024-02-24 01:29:31,013 - Time_19 - INFO - 删除 Time 19b 成功
2024-02-24 01:29:31,013 - Time_19 - INFO - defects4j checkout -p Time -v 19b -w /home/chongchong/d4j-project/Time_19
2024-02-24 01:29:32,269 - Time_19 - INFO - checkout Time 19b 成功
2024-02-24 01:29:38,385 - Time_19 - INFO - 编译成功
2024-02-24 01:29:45,978 - Time_19 - INFO - 测试失败
2024-02-24 01:29:45,978 - Time_19 - INFO - Failing tests: 1
  - org.joda.time.TestDateTimeZoneCutover::testDateTimeCreation_london

2024-02-24 01:29:46,865 - Time_19 - INFO - 它的bug类型为:
2024-02-24 01:29:46,865 - Time_19 - INFO - 1
2024-02-24 01:30:30,614 - Time_19 - INFO - Time_19 未成功修复
2024-02-24 12:39:37,784 - Time_19 - INFO - rm -rf /home/chongchong/d4j-project/Time_19
2024-02-24 12:39:37,804 - Time_19 - INFO - 删除 Time 19b 成功
2024-02-24 12:39:37,804 - Time_19 - INFO - defects4j checkout -p Time -v 19b -w /home/chongchong/d4j-project/Time_19
2024-02-24 12:39:39,056 - Time_19 - INFO - checkout Time 19b 成功
2024-02-24 12:39:45,066 - Time_19 - INFO - 编译成功
2024-02-24 12:39:52,832 - Time_19 - INFO - 测试失败
2024-02-24 12:39:52,833 - Time_19 - INFO - Failing tests: 1
  - org.joda.time.TestDateTimeZoneCutover::testDateTimeCreation_london

2024-02-24 12:39:53,721 - Time_19 - INFO - 它的bug类型为:
2024-02-24 12:39:53,721 - Time_19 - INFO - 1
2024-02-24 12:40:34,746 - Time_19 - INFO - 开始验证补丁1 1:
2024-02-24 12:40:34,746 - Time_19 - INFO - 
        } else {

2024-02-24 12:40:37,205 - Time_19 - INFO - 编译成功
2024-02-24 12:40:44,858 - Time_19 - INFO - 测试成功
2024-02-24 12:40:44,858 - Time_19 - INFO - 补丁1 1 通过了所有的测试用例
