2024-02-25 21:00:43,832 - Chart_26 - INFO - rm -rf /home/chongchong/d4j-project/Chart_26
2024-02-25 21:00:43,833 - Chart_26 - INFO - 删除 Chart 26b 成功
2024-02-25 21:00:43,833 - Chart_26 - INFO - defects4j checkout -p Chart -v 26b -w /home/chongchong/d4j-project/Chart_26
2024-02-25 21:00:46,859 - Chart_26 - INFO - checkout Chart 26b 成功
2024-02-25 21:00:50,159 - Chart_26 - INFO - 编译成功
2024-02-25 21:00:56,581 - Chart_26 - INFO - 测试失败
2024-02-25 21:00:56,581 - Chart_26 - INFO - Failing tests: 23
  - org.jfree.chart.junit.AreaChartTests::testDrawWithNullInfo
  - org.jfree.chart.junit.BarChart3DTests::testDrawWithNullInfo
  - org.jfree.chart.junit.BarChartTests::testDrawWithNullInfo
  - org.jfree.chart.junit.GanttChartTests::testDrawWithNullInfo
  - org.jfree.chart.junit.GanttChartTests::testDrawWithNullInfo2
  - org.jfree.chart.junit.LineChart3DTests::testDrawWithNullInfo
  - org.jfree.chart.junit.LineChartTests::testDrawWithNullInfo
  - org.jfree.chart.junit.StackedAreaChartTests::testDrawWithNullInfo
  - org.jfree.chart.junit.StackedBarChart3DTests::testDrawWithNullInfo
  - org.jfree.chart.junit.StackedBarChartTests::testDrawWithNullInfo
  - org.jfree.chart.junit.WaterfallChartTests::testDrawWithNullInfo
  - org.jfree.chart.plot.junit.CategoryPlotTests::test1654215
  - org.jfree.chart.plot.junit.CategoryPlotTests::testSerialization3
  - org.jfree.chart.plot.junit.CategoryPlotTests::testSerialization4
  - org.jfree.chart.renderer.category.junit.BoxAndWhiskerRendererTests::testDrawWithNullInfo
  - org.jfree.chart.renderer.category.junit.GroupedStackedBarRendererTests::testDrawWithNullInfo
  - org.jfree.chart.renderer.category.junit.IntervalBarRendererTests::testDrawWithNullInfo
  - org.jfree.chart.renderer.category.junit.LayeredBarRendererTests::testDrawWithNullInfo
  - org.jfree.chart.renderer.category.junit.LevelRendererTests::testDrawWithNullInfo
  - org.jfree.chart.renderer.category.junit.MinMaxCategoryRendererTests::testDrawWithNullInfo
  - org.jfree.chart.renderer.category.junit.StatisticalBarRendererTests::testDrawWithNullInfo
  - org.jfree.chart.renderer.category.junit.StatisticalLineAndShapeRendererTests::testDrawWithNullInfo
  - org.jfree.data.time.junit.MonthTests::testParseMonth

2024-02-25 21:00:57,433 - Chart_26 - INFO - 它的bug类型为:
2024-02-25 21:00:57,433 - Chart_26 - INFO - 4
2024-02-25 21:01:02,589 - Chart_26 - INFO - rm -rf /home/chongchong/d4j-project/Chart_26
2024-02-25 21:01:02,642 - Chart_26 - INFO - 删除 Chart 26b 成功
2024-02-25 21:01:02,642 - Chart_26 - INFO - defects4j checkout -p Chart -v 26b -w /home/chongchong/d4j-project/Chart_26
2024-02-25 21:01:05,615 - Chart_26 - INFO - checkout Chart 26b 成功
2024-02-25 21:01:08,977 - Chart_26 - INFO - 编译成功
2024-02-25 21:01:15,372 - Chart_26 - INFO - 测试失败
2024-02-25 21:01:15,372 - Chart_26 - INFO - Failing tests: 23
  - org.jfree.chart.junit.AreaChartTests::testDrawWithNullInfo
  - org.jfree.chart.junit.BarChart3DTests::testDrawWithNullInfo
  - org.jfree.chart.junit.BarChartTests::testDrawWithNullInfo
  - org.jfree.chart.junit.GanttChartTests::testDrawWithNullInfo
  - org.jfree.chart.junit.GanttChartTests::testDrawWithNullInfo2
  - org.jfree.chart.junit.LineChart3DTests::testDrawWithNullInfo
  - org.jfree.chart.junit.LineChartTests::testDrawWithNullInfo
  - org.jfree.chart.junit.StackedAreaChartTests::testDrawWithNullInfo
  - org.jfree.chart.junit.StackedBarChart3DTests::testDrawWithNullInfo
  - org.jfree.chart.junit.StackedBarChartTests::testDrawWithNullInfo
  - org.jfree.chart.junit.WaterfallChartTests::testDrawWithNullInfo
  - org.jfree.chart.plot.junit.CategoryPlotTests::test1654215
  - org.jfree.chart.plot.junit.CategoryPlotTests::testSerialization3
  - org.jfree.chart.plot.junit.CategoryPlotTests::testSerialization4
  - org.jfree.chart.renderer.category.junit.BoxAndWhiskerRendererTests::testDrawWithNullInfo
  - org.jfree.chart.renderer.category.junit.GroupedStackedBarRendererTests::testDrawWithNullInfo
  - org.jfree.chart.renderer.category.junit.IntervalBarRendererTests::testDrawWithNullInfo
  - org.jfree.chart.renderer.category.junit.LayeredBarRendererTests::testDrawWithNullInfo
  - org.jfree.chart.renderer.category.junit.LevelRendererTests::testDrawWithNullInfo
  - org.jfree.chart.renderer.category.junit.MinMaxCategoryRendererTests::testDrawWithNullInfo
  - org.jfree.chart.renderer.category.junit.StatisticalBarRendererTests::testDrawWithNullInfo
  - org.jfree.chart.renderer.category.junit.StatisticalLineAndShapeRendererTests::testDrawWithNullInfo
  - org.jfree.data.time.junit.MonthTests::testParseMonth

2024-02-25 21:01:16,213 - Chart_26 - INFO - 它的bug类型为:
2024-02-25 21:01:16,213 - Chart_26 - INFO - 4
