2024-02-25 10:04:41,587 - Chart_3 - INFO - rm -rf /home/chongchong/d4j-project/Chart_3
2024-02-25 10:04:41,588 - Chart_3 - INFO - 删除 Chart 3b 成功
2024-02-25 10:04:41,588 - Chart_3 - INFO - defects4j checkout -p Chart -v 3b -w /home/chongchong/d4j-project/Chart_3
2024-02-25 10:04:44,981 - Chart_3 - INFO - checkout Chart 3b 成功
2024-02-25 10:04:50,981 - Chart_3 - INFO - 编译成功
2024-02-25 10:05:00,414 - Chart_3 - INFO - 测试失败
2024-02-25 10:05:00,414 - Chart_3 - INFO - Failing tests: 2
  - org.jfree.data.time.junit.MonthTests::testParseMonth
  - org.jfree.data.time.junit.TimeSeriesTests::testCreateCopy3

2024-02-25 10:05:01,279 - Chart_3 - INFO - 它的bug类型为:
2024-02-25 10:05:01,279 - Chart_3 - INFO - 3
2024-02-25 10:06:05,453 - Chart_3 - INFO - 开始验证补丁1 1:
2024-02-25 10:06:05,453 - Chart_3 - INFO - 
copy.data = new java.util.ArrayList();
if (this.data.size() > 0) {
    for (int index = start; index < end; index++) {
        // Remaining code to clone and add the items...
    }
}

2024-02-25 10:06:06,706 - Chart_3 - INFO - 编译成功
2024-02-25 10:06:15,919 - Chart_3 - INFO - 测试失败
2024-02-25 10:06:15,919 - Chart_3 - INFO - Failing tests: 2
  - org.jfree.data.time.junit.MonthTests::testParseMonth
  - org.jfree.data.time.junit.TimeSeriesTests::testCreateCopy3

2024-02-25 10:06:16,357 - Chart_3 - INFO - 选择失败的测试用例为:
2024-02-25 10:06:16,357 - Chart_3 - INFO - org.jfree.data.time.junit.TimeSeriesTests::testCreateCopy3
2024-02-25 10:06:16,357 - Chart_3 - INFO - 失败的测试代码为:
2024-02-25 10:06:16,357 - Chart_3 - INFO -         assertEquals(101.0, s2.getMaxY(), EPSILON);

2024-02-25 10:06:16,357 - Chart_3 - INFO - 失败信息为:
2024-02-25 10:06:16,357 - Chart_3 - INFO - junit.framework.AssertionFailedError: expected:<101.0> but was:<102.0>

2024-02-25 10:06:16,357 - Chart_3 - INFO - 补丁1 1测试失败
2024-02-25 10:06:16,358 - Chart_3 - INFO - 开始验证补丁1 2:
2024-02-25 10:06:16,358 - Chart_3 - INFO - 
copy.data = new java.util.ArrayList();
if (this.data.size() > 0) {
    for (int index = start; index <= end && index < this.data.size(); index++) {
        // Remaining code to clone and add the items...
    }
}

2024-02-25 10:06:17,620 - Chart_3 - INFO - 编译成功
2024-02-25 10:06:26,633 - Chart_3 - INFO - 测试失败
2024-02-25 10:06:26,633 - Chart_3 - INFO - Failing tests: 2
  - org.jfree.data.time.junit.MonthTests::testParseMonth
  - org.jfree.data.time.junit.TimeSeriesTests::testCreateCopy3

2024-02-25 10:06:27,066 - Chart_3 - INFO - 选择失败的测试用例为:
2024-02-25 10:06:27,066 - Chart_3 - INFO - org.jfree.data.time.junit.TimeSeriesTests::testCreateCopy3
2024-02-25 10:06:27,066 - Chart_3 - INFO - 失败的测试代码为:
2024-02-25 10:06:27,066 - Chart_3 - INFO -         assertEquals(101.0, s2.getMaxY(), EPSILON);

2024-02-25 10:06:27,066 - Chart_3 - INFO - 失败信息为:
2024-02-25 10:06:27,067 - Chart_3 - INFO - junit.framework.AssertionFailedError: expected:<101.0> but was:<102.0>

2024-02-25 10:06:27,067 - Chart_3 - INFO - 补丁1 2测试失败
2024-02-25 10:06:27,068 - Chart_3 - INFO - 开始验证补丁1 3:
2024-02-25 10:06:27,068 - Chart_3 - INFO - 
copy.data = new java.util.ArrayList(end - start + 1);
if (this.data.size() > 0) {
    for (int index = start; index <= end; index++) {
        // Remaining code to clone and add the items...
    }
}

2024-02-25 10:06:28,355 - Chart_3 - INFO - 编译成功
2024-02-25 10:06:37,530 - Chart_3 - INFO - 测试失败
2024-02-25 10:06:37,530 - Chart_3 - INFO - Failing tests: 2
  - org.jfree.data.time.junit.MonthTests::testParseMonth
  - org.jfree.data.time.junit.TimeSeriesTests::testCreateCopy3

2024-02-25 10:06:37,987 - Chart_3 - INFO - 选择失败的测试用例为:
2024-02-25 10:06:37,987 - Chart_3 - INFO - org.jfree.data.time.junit.TimeSeriesTests::testCreateCopy3
2024-02-25 10:06:37,987 - Chart_3 - INFO - 失败的测试代码为:
2024-02-25 10:06:37,987 - Chart_3 - INFO -         assertEquals(101.0, s2.getMaxY(), EPSILON);

2024-02-25 10:06:37,987 - Chart_3 - INFO - 失败信息为:
2024-02-25 10:06:37,987 - Chart_3 - INFO - junit.framework.AssertionFailedError: expected:<101.0> but was:<102.0>

2024-02-25 10:06:37,987 - Chart_3 - INFO - 补丁1 3测试失败
2024-02-25 10:06:37,988 - Chart_3 - INFO - 开始验证补丁1 4:
2024-02-25 10:06:37,988 - Chart_3 - INFO - 
copy.data = new java.util.ArrayList();

2024-02-25 10:06:39,258 - Chart_3 - INFO - 编译成功
2024-02-25 10:06:48,396 - Chart_3 - INFO - 测试失败
2024-02-25 10:06:48,396 - Chart_3 - INFO - Failing tests: 2
  - org.jfree.data.time.junit.MonthTests::testParseMonth
  - org.jfree.data.time.junit.TimeSeriesTests::testCreateCopy3

2024-02-25 10:06:48,825 - Chart_3 - INFO - 选择失败的测试用例为:
2024-02-25 10:06:48,825 - Chart_3 - INFO - org.jfree.data.time.junit.TimeSeriesTests::testCreateCopy3
2024-02-25 10:06:48,825 - Chart_3 - INFO - 失败的测试代码为:
2024-02-25 10:06:48,825 - Chart_3 - INFO -         assertEquals(101.0, s2.getMaxY(), EPSILON);

2024-02-25 10:06:48,825 - Chart_3 - INFO - 失败信息为:
2024-02-25 10:06:48,825 - Chart_3 - INFO - junit.framework.AssertionFailedError: expected:<101.0> but was:<102.0>

2024-02-25 10:06:48,825 - Chart_3 - INFO - 补丁1 4测试失败
2024-02-25 10:06:48,826 - Chart_3 - INFO - 开始验证补丁1 5:
2024-02-25 10:06:48,826 - Chart_3 - INFO - 
// Reinitialize data to ensure we have a fresh list for the copy
copy.data = new java.util.ArrayList();

2024-02-25 10:06:50,097 - Chart_3 - INFO - 编译成功
2024-02-25 10:06:59,091 - Chart_3 - INFO - 测试失败
2024-02-25 10:06:59,091 - Chart_3 - INFO - Failing tests: 2
  - org.jfree.data.time.junit.MonthTests::testParseMonth
  - org.jfree.data.time.junit.TimeSeriesTests::testCreateCopy3

2024-02-25 10:06:59,527 - Chart_3 - INFO - 选择失败的测试用例为:
2024-02-25 10:06:59,527 - Chart_3 - INFO - org.jfree.data.time.junit.TimeSeriesTests::testCreateCopy3
2024-02-25 10:06:59,527 - Chart_3 - INFO - 失败的测试代码为:
2024-02-25 10:06:59,527 - Chart_3 - INFO -         assertEquals(101.0, s2.getMaxY(), EPSILON);

2024-02-25 10:06:59,527 - Chart_3 - INFO - 失败信息为:
2024-02-25 10:06:59,527 - Chart_3 - INFO - junit.framework.AssertionFailedError: expected:<101.0> but was:<102.0>

2024-02-25 10:06:59,527 - Chart_3 - INFO - 补丁1 5测试失败
2024-02-25 10:06:59,528 - Chart_3 - INFO - 开始验证补丁1 6:
2024-02-25 10:06:59,528 - Chart_3 - INFO - 
// Assuming super.clone() handles the cloning of data, we do not need to reinitialize it here.
// copy.data = new java.util.ArrayList(); (line removed)

2024-02-25 10:07:00,812 - Chart_3 - INFO - 编译成功
2024-02-25 10:07:09,862 - Chart_3 - INFO - 测试失败
2024-02-25 10:07:09,862 - Chart_3 - INFO - Failing tests: 2
  - org.jfree.data.time.junit.MonthTests::testParseMonth
  - org.jfree.data.time.junit.TimeSeriesTests::testCreateCopy3

2024-02-25 10:07:10,299 - Chart_3 - INFO - 选择失败的测试用例为:
2024-02-25 10:07:10,299 - Chart_3 - INFO - org.jfree.data.time.junit.TimeSeriesTests::testCreateCopy3
2024-02-25 10:07:10,299 - Chart_3 - INFO - 失败的测试代码为:
2024-02-25 10:07:10,299 - Chart_3 - INFO -         assertEquals(101.0, s2.getMaxY(), EPSILON);

2024-02-25 10:07:10,299 - Chart_3 - INFO - 失败信息为:
2024-02-25 10:07:10,299 - Chart_3 - INFO - junit.framework.AssertionFailedError: expected:<101.0> but was:<102.0>

2024-02-25 10:07:10,299 - Chart_3 - INFO - 补丁1 6测试失败
2024-02-25 10:07:10,300 - Chart_3 - INFO - 开始验证补丁1 7:
2024-02-25 10:07:10,301 - Chart_3 - INFO - 
copy.data = new java.util.ArrayList(this.data.subList(start, end + 1));

2024-02-25 10:07:11,595 - Chart_3 - INFO - 编译成功
2024-02-25 10:07:20,737 - Chart_3 - INFO - 测试失败
2024-02-25 10:07:20,737 - Chart_3 - INFO - Failing tests: 3
  - org.jfree.data.time.junit.MonthTests::testParseMonth
  - org.jfree.data.time.junit.TimeSeriesTests::testCreateCopy2
  - org.jfree.data.time.junit.TimeSeriesTests::testCreateCopy3

2024-02-25 10:07:21,169 - Chart_3 - INFO - 选择失败的测试用例为:
2024-02-25 10:07:21,169 - Chart_3 - INFO - org.jfree.data.time.junit.TimeSeriesTests::testCreateCopy2
2024-02-25 10:07:21,169 - Chart_3 - INFO - 失败的测试代码为:
2024-02-25 10:07:21,169 - Chart_3 - INFO -             TimeSeries series3 = series2.createCopy(99, 999);

2024-02-25 10:07:21,169 - Chart_3 - INFO - 失败信息为:
2024-02-25 10:07:21,169 - Chart_3 - INFO - java.lang.IndexOutOfBoundsException: toIndex = 1000

2024-02-25 10:07:21,169 - Chart_3 - INFO - 补丁1 7测试失败
2024-02-25 10:07:21,170 - Chart_3 - INFO - 开始验证补丁1 8:
2024-02-25 10:07:21,170 - Chart_3 - INFO - 
copy.data = new java.util.ArrayList();

2024-02-25 10:07:21,170 - Chart_3 - INFO - 补丁1 8为重复的补丁
2024-02-25 10:07:21,171 - Chart_3 - INFO - 开始验证补丁1 9:
2024-02-25 10:07:21,171 - Chart_3 - INFO - 
copy.data = new java.util.ArrayList(this.data.size());
for (int i = start; i <= end; i++) {
    copy.data.add(null);
}

2024-02-25 10:07:22,432 - Chart_3 - INFO - 编译成功
2024-02-25 10:07:31,470 - Chart_3 - INFO - 测试失败
2024-02-25 10:07:31,470 - Chart_3 - INFO - Failing tests: 2
  - org.jfree.data.time.junit.MonthTests::testParseMonth
  - org.jfree.data.time.junit.TimeSeriesTests::testCreateCopy3

2024-02-25 10:07:31,904 - Chart_3 - INFO - 选择失败的测试用例为:
2024-02-25 10:07:31,904 - Chart_3 - INFO - org.jfree.data.time.junit.TimeSeriesTests::testCreateCopy3
2024-02-25 10:07:31,904 - Chart_3 - INFO - 失败的测试代码为:
2024-02-25 10:07:31,904 - Chart_3 - INFO -         assertEquals(101.0, s2.getMaxY(), EPSILON);

2024-02-25 10:07:31,904 - Chart_3 - INFO - 失败信息为:
2024-02-25 10:07:31,904 - Chart_3 - INFO - junit.framework.AssertionFailedError: expected:<101.0> but was:<102.0>

2024-02-25 10:07:31,904 - Chart_3 - INFO - 补丁1 9测试失败
2024-02-25 10:07:31,905 - Chart_3 - INFO - 开始验证补丁2 1:
2024-02-25 10:07:31,905 - Chart_3 - INFO - 
copy.data = new java.util.ArrayList(end - start + 1);

2024-02-25 10:07:33,201 - Chart_3 - INFO - 编译成功
2024-02-25 10:07:42,232 - Chart_3 - INFO - 测试失败
2024-02-25 10:07:42,232 - Chart_3 - INFO - Failing tests: 2
  - org.jfree.data.time.junit.MonthTests::testParseMonth
  - org.jfree.data.time.junit.TimeSeriesTests::testCreateCopy3

2024-02-25 10:07:42,660 - Chart_3 - INFO - 选择失败的测试用例为:
2024-02-25 10:07:42,660 - Chart_3 - INFO - org.jfree.data.time.junit.TimeSeriesTests::testCreateCopy3
2024-02-25 10:07:42,660 - Chart_3 - INFO - 失败的测试代码为:
2024-02-25 10:07:42,660 - Chart_3 - INFO -         assertEquals(101.0, s2.getMaxY(), EPSILON);

2024-02-25 10:07:42,660 - Chart_3 - INFO - 失败信息为:
2024-02-25 10:07:42,660 - Chart_3 - INFO - junit.framework.AssertionFailedError: expected:<101.0> but was:<102.0>

2024-02-25 10:07:42,660 - Chart_3 - INFO - 补丁2 1测试失败
2024-02-25 10:07:42,661 - Chart_3 - INFO - 开始验证补丁2 2:
2024-02-25 10:07:42,661 - Chart_3 - INFO - 
copy.data = new java.util.ArrayList();

2024-02-25 10:07:42,661 - Chart_3 - INFO - 补丁2 2为重复的补丁
2024-02-25 10:07:42,662 - Chart_3 - INFO - 开始验证补丁2 3:
2024-02-25 10:07:42,662 - Chart_3 - INFO - 
copy.data = new java.util.ArrayList<>(this.data.subList(start, end + 1));

2024-02-25 10:07:43,274 - Chart_3 - INFO - 编译失败
2024-02-25 10:07:43,274 - Chart_3 - INFO - 错误: -source 1.4 中不支持泛型
copy.data = new java.util.ArrayList<>(this.data.subList(start, end + 1));
2024-02-25 10:07:43,274 - Chart_3 - INFO - 补丁2 3 未成功编译
2024-02-25 10:07:43,275 - Chart_3 - INFO - 开始验证补丁2 4:
2024-02-25 10:07:43,275 - Chart_3 - INFO - 
copy.data = new java.util.ArrayList();
if (this.data.size() > 0) {
    for (int index = start; index <= end && index < this.data.size(); index++) {
        TimeSeriesDataItem item = (TimeSeriesDataItem) this.data.get(index);
        TimeSeriesDataItem clone = (TimeSeriesDataItem) item.clone();
        copy.add(clone);
    }
}

2024-02-25 10:07:44,542 - Chart_3 - INFO - 编译成功
2024-02-25 10:07:53,657 - Chart_3 - INFO - 测试失败
2024-02-25 10:07:53,657 - Chart_3 - INFO - Failing tests: 2
  - org.jfree.data.time.junit.MonthTests::testParseMonth
  - org.jfree.data.time.junit.TimeSeriesTests::testCreateCopy3

2024-02-25 10:07:54,096 - Chart_3 - INFO - 选择失败的测试用例为:
2024-02-25 10:07:54,096 - Chart_3 - INFO - org.jfree.data.time.junit.TimeSeriesTests::testCreateCopy3
2024-02-25 10:07:54,096 - Chart_3 - INFO - 失败的测试代码为:
2024-02-25 10:07:54,096 - Chart_3 - INFO -         assertEquals(101.0, s2.getMaxY(), EPSILON);

2024-02-25 10:07:54,096 - Chart_3 - INFO - 失败信息为:
2024-02-25 10:07:54,096 - Chart_3 - INFO - junit.framework.AssertionFailedError: expected:<101.0> but was:<102.0>

2024-02-25 10:07:54,096 - Chart_3 - INFO - 补丁2 4测试失败
2024-02-25 10:07:54,097 - Chart_3 - INFO - 开始验证补丁2 5:
2024-02-25 10:07:54,097 - Chart_3 - INFO - 
copy.data.clear();
if (this.data.size() > 0) {
    for (int index = start; index <= end && index < this.data.size(); index++) {
        TimeSeriesDataItem item = (TimeSeriesDataItem) this.data.get(index);
        TimeSeriesDataItem clone = (TimeSeriesDataItem) item.clone();
        copy.add(clone);
    }
}

2024-02-25 10:07:55,353 - Chart_3 - INFO - 编译成功
2024-02-25 10:08:04,358 - Chart_3 - INFO - 测试失败
2024-02-25 10:08:04,358 - Chart_3 - INFO - Failing tests: 4
  - org.jfree.data.time.junit.MonthTests::testParseMonth
  - org.jfree.data.time.junit.TimeSeriesTests::testCreateCopy1
  - org.jfree.data.time.junit.TimeSeriesTests::testCreateCopy2
  - org.jfree.data.time.junit.TimeSeriesTests::testCreateCopy3

2024-02-25 10:08:04,799 - Chart_3 - INFO - 选择失败的测试用例为:
2024-02-25 10:08:04,799 - Chart_3 - INFO - org.jfree.data.time.junit.TimeSeriesTests::testCreateCopy1
2024-02-25 10:08:04,799 - Chart_3 - INFO - 失败的测试代码为:
2024-02-25 10:08:04,799 - Chart_3 - INFO -             assertEquals(1, result2.getItemCount());

2024-02-25 10:08:04,799 - Chart_3 - INFO - 失败信息为:
2024-02-25 10:08:04,799 - Chart_3 - INFO - junit.framework.AssertionFailedError: expected:<1> but was:<0>

2024-02-25 10:08:04,799 - Chart_3 - INFO - 补丁2 5测试失败
2024-02-25 10:08:04,800 - Chart_3 - INFO - 开始验证补丁2 6:
2024-02-25 10:08:04,800 - Chart_3 - INFO - 
copy.data = new java.util.ArrayList();
if (this.data.size() > 0) {
    for (int index = start; index <= end && index < this.data.size(); index++) {
        TimeSeriesDataItem item = (TimeSeriesDataItem) this.data.get(index);
        if (item != null) {
            TimeSeriesDataItem clone = (TimeSeriesDataItem) item.clone();
            copy.add(clone);
        }
    }
}

2024-02-25 10:08:06,073 - Chart_3 - INFO - 编译成功
2024-02-25 10:08:15,096 - Chart_3 - INFO - 测试失败
2024-02-25 10:08:15,096 - Chart_3 - INFO - Failing tests: 2
  - org.jfree.data.time.junit.MonthTests::testParseMonth
  - org.jfree.data.time.junit.TimeSeriesTests::testCreateCopy3

2024-02-25 10:08:15,530 - Chart_3 - INFO - 选择失败的测试用例为:
2024-02-25 10:08:15,530 - Chart_3 - INFO - org.jfree.data.time.junit.TimeSeriesTests::testCreateCopy3
2024-02-25 10:08:15,530 - Chart_3 - INFO - 失败的测试代码为:
2024-02-25 10:08:15,530 - Chart_3 - INFO -         assertEquals(101.0, s2.getMaxY(), EPSILON);

2024-02-25 10:08:15,530 - Chart_3 - INFO - 失败信息为:
2024-02-25 10:08:15,530 - Chart_3 - INFO - junit.framework.AssertionFailedError: expected:<101.0> but was:<102.0>

2024-02-25 10:08:15,531 - Chart_3 - INFO - 补丁2 6测试失败
2024-02-25 10:08:15,531 - Chart_3 - INFO - 开始验证补丁2 7:
2024-02-25 10:08:15,532 - Chart_3 - INFO - 
copy.data = new ArrayList(this.data.subList(start, end + 1));

2024-02-25 10:08:16,288 - Chart_3 - INFO - 编译失败
2024-02-25 10:08:16,288 - Chart_3 - INFO - 错误: 找不到符号
copy.data = new ArrayList(this.data.subList(start, end + 1));
2024-02-25 10:08:16,288 - Chart_3 - INFO - 补丁2 7 未成功编译
2024-02-25 10:08:16,289 - Chart_3 - INFO - 开始验证补丁2 8:
2024-02-25 10:08:16,289 - Chart_3 - INFO - 
copy.data = new ArrayList();
for (int i = 0; i < start; i++) {
    copy.data.add(null);
}

2024-02-25 10:08:17,055 - Chart_3 - INFO - 编译失败
2024-02-25 10:08:17,055 - Chart_3 - INFO - 错误: 找不到符号
copy.data = new ArrayList();
2024-02-25 10:08:17,055 - Chart_3 - INFO - 补丁2 8 未成功编译
2024-02-25 10:08:17,056 - Chart_3 - INFO - 开始验证补丁2 9:
2024-02-25 10:08:17,056 - Chart_3 - INFO - 
copy.data = new ArrayList(this.data.size());
for (int i = 0; i < this.data.size(); i++) {
    if (i < start || i > end) {
        copy.data.add(null);
    } else {
        copy.data.add(this.data.get(i).clone());
    }
}

2024-02-25 10:08:17,832 - Chart_3 - INFO - 编译失败
2024-02-25 10:08:17,832 - Chart_3 - INFO - 错误: 找不到符号
copy.data = new ArrayList(this.data.size());
2024-02-25 10:08:17,832 - Chart_3 - INFO - 补丁2 9 未成功编译
2024-02-25 10:08:17,833 - Chart_3 - INFO - 开始验证补丁3 1:
2024-02-25 10:08:17,833 - Chart_3 - INFO - 
        // No need to reinitialize the list as it's already been shallow cloned.
        // We just need to narrow down the data to the specified range.

2024-02-25 10:08:19,116 - Chart_3 - INFO - 编译成功
2024-02-25 10:08:28,187 - Chart_3 - INFO - 测试失败
2024-02-25 10:08:28,187 - Chart_3 - INFO - Failing tests: 2
  - org.jfree.data.time.junit.MonthTests::testParseMonth
  - org.jfree.data.time.junit.TimeSeriesTests::testCreateCopy3

2024-02-25 10:08:28,621 - Chart_3 - INFO - 选择失败的测试用例为:
2024-02-25 10:08:28,621 - Chart_3 - INFO - org.jfree.data.time.junit.TimeSeriesTests::testCreateCopy3
2024-02-25 10:08:28,621 - Chart_3 - INFO - 失败的测试代码为:
2024-02-25 10:08:28,621 - Chart_3 - INFO -         assertEquals(101.0, s2.getMaxY(), EPSILON);

2024-02-25 10:08:28,621 - Chart_3 - INFO - 失败信息为:
2024-02-25 10:08:28,621 - Chart_3 - INFO - junit.framework.AssertionFailedError: expected:<101.0> but was:<102.0>

2024-02-25 10:08:28,621 - Chart_3 - INFO - 补丁3 1测试失败
2024-02-25 10:08:28,622 - Chart_3 - INFO - 开始验证补丁3 2:
2024-02-25 10:08:28,622 - Chart_3 - INFO - 
        // Clear the shallow copied list and we will add the required elements back in the loop.
        copy.data.clear();

2024-02-25 10:08:29,899 - Chart_3 - INFO - 编译成功
2024-02-25 10:08:38,875 - Chart_3 - INFO - 测试失败
2024-02-25 10:08:38,875 - Chart_3 - INFO - Failing tests: 4
  - org.jfree.data.time.junit.MonthTests::testParseMonth
  - org.jfree.data.time.junit.TimeSeriesTests::testCreateCopy1
  - org.jfree.data.time.junit.TimeSeriesTests::testCreateCopy2
  - org.jfree.data.time.junit.TimeSeriesTests::testCreateCopy3

2024-02-25 10:08:39,312 - Chart_3 - INFO - 选择失败的测试用例为:
2024-02-25 10:08:39,312 - Chart_3 - INFO - org.jfree.data.time.junit.TimeSeriesTests::testCreateCopy1
2024-02-25 10:08:39,312 - Chart_3 - INFO - 失败的测试代码为:
2024-02-25 10:08:39,312 - Chart_3 - INFO -             assertEquals(1, result2.getItemCount());

2024-02-25 10:08:39,312 - Chart_3 - INFO - 失败信息为:
2024-02-25 10:08:39,312 - Chart_3 - INFO - junit.framework.AssertionFailedError: expected:<1> but was:<0>

2024-02-25 10:08:39,312 - Chart_3 - INFO - 补丁3 2测试失败
2024-02-25 10:08:39,313 - Chart_3 - INFO - 开始验证补丁3 3:
2024-02-25 10:08:39,313 - Chart_3 - INFO - 
        // Initialize the data list within the copy to ensure it's empty before we start adding elements.
        copy.data = new ArrayList<>(end - start + 1);

2024-02-25 10:08:39,914 - Chart_3 - INFO - 编译失败
2024-02-25 10:08:39,914 - Chart_3 - INFO - 错误: -source 1.4 中不支持泛型
copy.data = new ArrayList<>(end - start + 1);
2024-02-25 10:08:39,914 - Chart_3 - INFO - 补丁3 3 未成功编译
2024-02-25 10:08:39,915 - Chart_3 - INFO - 开始验证补丁3 4:
2024-02-25 10:08:39,915 - Chart_3 - INFO - 
        copy.data.clear(); // Clearing the copied data list to ensure it starts empty.

2024-02-25 10:08:41,203 - Chart_3 - INFO - 编译成功
2024-02-25 10:08:50,214 - Chart_3 - INFO - 测试失败
2024-02-25 10:08:50,214 - Chart_3 - INFO - Failing tests: 4
  - org.jfree.data.time.junit.MonthTests::testParseMonth
  - org.jfree.data.time.junit.TimeSeriesTests::testCreateCopy1
  - org.jfree.data.time.junit.TimeSeriesTests::testCreateCopy2
  - org.jfree.data.time.junit.TimeSeriesTests::testCreateCopy3

2024-02-25 10:08:50,662 - Chart_3 - INFO - 选择失败的测试用例为:
2024-02-25 10:08:50,663 - Chart_3 - INFO - org.jfree.data.time.junit.TimeSeriesTests::testCreateCopy1
2024-02-25 10:08:50,663 - Chart_3 - INFO - 失败的测试代码为:
2024-02-25 10:08:50,663 - Chart_3 - INFO -             assertEquals(1, result2.getItemCount());

2024-02-25 10:08:50,663 - Chart_3 - INFO - 失败信息为:
2024-02-25 10:08:50,663 - Chart_3 - INFO - junit.framework.AssertionFailedError: expected:<1> but was:<0>

2024-02-25 10:08:50,663 - Chart_3 - INFO - 补丁3 4测试失败
2024-02-25 10:08:50,664 - Chart_3 - INFO - 开始验证补丁3 5:
2024-02-25 10:08:50,664 - Chart_3 - INFO - 
        copy.data = new java.util.ArrayList(this.data.subList(start, end + 1));

2024-02-25 10:08:51,931 - Chart_3 - INFO - 编译成功
2024-02-25 10:09:00,934 - Chart_3 - INFO - 测试失败
2024-02-25 10:09:00,934 - Chart_3 - INFO - Failing tests: 3
  - org.jfree.data.time.junit.MonthTests::testParseMonth
  - org.jfree.data.time.junit.TimeSeriesTests::testCreateCopy2
  - org.jfree.data.time.junit.TimeSeriesTests::testCreateCopy3

2024-02-25 10:09:01,368 - Chart_3 - INFO - 选择失败的测试用例为:
2024-02-25 10:09:01,368 - Chart_3 - INFO - org.jfree.data.time.junit.TimeSeriesTests::testCreateCopy2
2024-02-25 10:09:01,368 - Chart_3 - INFO - 失败的测试代码为:
2024-02-25 10:09:01,368 - Chart_3 - INFO -             TimeSeries series3 = series2.createCopy(99, 999);

2024-02-25 10:09:01,368 - Chart_3 - INFO - 失败信息为:
2024-02-25 10:09:01,368 - Chart_3 - INFO - java.lang.IndexOutOfBoundsException: toIndex = 1000

2024-02-25 10:09:01,368 - Chart_3 - INFO - 补丁3 5测试失败
2024-02-25 10:09:01,369 - Chart_3 - INFO - 开始验证补丁3 6:
2024-02-25 10:09:01,369 - Chart_3 - INFO - 
        // No operation required, remove <fill> placeholder

2024-02-25 10:09:02,642 - Chart_3 - INFO - 编译成功
2024-02-25 10:09:11,604 - Chart_3 - INFO - 测试失败
2024-02-25 10:09:11,604 - Chart_3 - INFO - Failing tests: 2
  - org.jfree.data.time.junit.MonthTests::testParseMonth
  - org.jfree.data.time.junit.TimeSeriesTests::testCreateCopy3

2024-02-25 10:09:12,042 - Chart_3 - INFO - 选择失败的测试用例为:
2024-02-25 10:09:12,043 - Chart_3 - INFO - org.jfree.data.time.junit.TimeSeriesTests::testCreateCopy3
2024-02-25 10:09:12,043 - Chart_3 - INFO - 失败的测试代码为:
2024-02-25 10:09:12,043 - Chart_3 - INFO -         assertEquals(101.0, s2.getMaxY(), EPSILON);

2024-02-25 10:09:12,043 - Chart_3 - INFO - 失败信息为:
2024-02-25 10:09:12,043 - Chart_3 - INFO - junit.framework.AssertionFailedError: expected:<101.0> but was:<102.0>

2024-02-25 10:09:12,043 - Chart_3 - INFO - 补丁3 6测试失败
2024-02-25 10:09:12,044 - Chart_3 - INFO - 开始验证补丁3 7:
2024-02-25 10:09:12,044 - Chart_3 - INFO - 
// No need to initialize 'copy.data' as a new ArrayList since it should already contain a shallow copy of the original data.
// Instead, we need to clear it and add only the range of interest.
copy.data.clear();
for (int index = start; index <= end; index++) {
    copy.data.add(this.data.get(index).clone());
}

2024-02-25 10:09:12,828 - Chart_3 - INFO - 编译失败
2024-02-25 10:09:12,828 - Chart_3 - INFO - 错误: clone()可以在Object中访问protected
copy.data.add(this.data.get(index).clone());
2024-02-25 10:09:12,828 - Chart_3 - INFO - 补丁3 7 未成功编译
2024-02-25 10:09:12,829 - Chart_3 - INFO - 开始验证补丁3 8:
2024-02-25 10:09:12,829 - Chart_3 - INFO - 
// If it is required to initialize the data ArrayList to ensure no leftover elements exist,
// then we should only add the elements within the specified range, avoiding the full clear.
copy.data = new java.util.ArrayList();
for (int index = start; index < this.data.size() && index <= end; index++) {
    copy.data.add(this.data.get(index).clone());
}

2024-02-25 10:09:13,599 - Chart_3 - INFO - 编译失败
2024-02-25 10:09:13,599 - Chart_3 - INFO - 错误: clone()可以在Object中访问protected
copy.data.add(this.data.get(index).clone());
2024-02-25 10:09:13,599 - Chart_3 - INFO - 补丁3 8 未成功编译
2024-02-25 10:09:13,600 - Chart_3 - INFO - 开始验证补丁3 9:
2024-02-25 10:09:13,600 - Chart_3 - INFO - 
// Alternatively, if a new ArrayList must be assigned to 'copy.data' for some reason,
// we use subList to create a view of the specified range, which is then copied into the new list.
// This avoids the need to manually loop through the elements and clone them individually.
copy.data = new java.util.ArrayList(this.data.subList(start, end + 1));
for (int i = 0; i < copy.data.size(); i++) {
    copy.data.set(i, ((TimeSeriesDataItem) copy.data.get(i)).clone());
}

2024-02-25 10:09:14,908 - Chart_3 - INFO - 编译成功
2024-02-25 10:09:23,995 - Chart_3 - INFO - 测试失败
2024-02-25 10:09:23,995 - Chart_3 - INFO - Failing tests: 3
  - org.jfree.data.time.junit.MonthTests::testParseMonth
  - org.jfree.data.time.junit.TimeSeriesTests::testCreateCopy2
  - org.jfree.data.time.junit.TimeSeriesTests::testCreateCopy3

2024-02-25 10:09:24,443 - Chart_3 - INFO - 选择失败的测试用例为:
2024-02-25 10:09:24,443 - Chart_3 - INFO - org.jfree.data.time.junit.TimeSeriesTests::testCreateCopy2
2024-02-25 10:09:24,443 - Chart_3 - INFO - 失败的测试代码为:
2024-02-25 10:09:24,443 - Chart_3 - INFO -             TimeSeries series3 = series2.createCopy(99, 999);

2024-02-25 10:09:24,443 - Chart_3 - INFO - 失败信息为:
2024-02-25 10:09:24,443 - Chart_3 - INFO - java.lang.IndexOutOfBoundsException: toIndex = 1000

2024-02-25 10:09:24,443 - Chart_3 - INFO - 补丁3 9测试失败
2024-02-25 10:09:24,443 - Chart_3 - INFO - Chart_3 未成功修复
2024-02-25 10:22:23,619 - Chart_3 - INFO - rm -rf /home/chongchong/d4j-project/Chart_3
2024-02-25 10:22:23,677 - Chart_3 - INFO - 删除 Chart 3b 成功
2024-02-25 10:22:23,677 - Chart_3 - INFO - defects4j checkout -p Chart -v 3b -w /home/chongchong/d4j-project/Chart_3
2024-02-25 10:22:26,765 - Chart_3 - INFO - checkout Chart 3b 成功
2024-02-25 10:22:32,559 - Chart_3 - INFO - 编译成功
2024-02-25 10:22:41,498 - Chart_3 - INFO - 测试失败
2024-02-25 10:22:41,498 - Chart_3 - INFO - Failing tests: 2
  - org.jfree.data.time.junit.MonthTests::testParseMonth
  - org.jfree.data.time.junit.TimeSeriesTests::testCreateCopy3

2024-02-25 10:22:42,358 - Chart_3 - INFO - 它的bug类型为:
2024-02-25 10:22:42,358 - Chart_3 - INFO - 3
2024-02-25 10:23:31,023 - Chart_3 - INFO - 开始验证补丁1 1:
2024-02-25 10:23:31,023 - Chart_3 - INFO - 
        copy.data = new java.util.ArrayList(this.data.subList(start, end + 1));

2024-02-25 10:23:32,286 - Chart_3 - INFO - 编译成功
2024-02-25 10:23:41,350 - Chart_3 - INFO - 测试失败
2024-02-25 10:23:41,350 - Chart_3 - INFO - Failing tests: 3
  - org.jfree.data.time.junit.MonthTests::testParseMonth
  - org.jfree.data.time.junit.TimeSeriesTests::testCreateCopy2
  - org.jfree.data.time.junit.TimeSeriesTests::testCreateCopy3

2024-02-25 10:23:41,786 - Chart_3 - INFO - 选择失败的测试用例为:
2024-02-25 10:23:41,786 - Chart_3 - INFO - org.jfree.data.time.junit.TimeSeriesTests::testCreateCopy2
2024-02-25 10:23:41,786 - Chart_3 - INFO - 失败的测试代码为:
2024-02-25 10:23:41,786 - Chart_3 - INFO -             TimeSeries series3 = series2.createCopy(99, 999);

2024-02-25 10:23:41,786 - Chart_3 - INFO - 失败信息为:
2024-02-25 10:23:41,786 - Chart_3 - INFO - java.lang.IndexOutOfBoundsException: toIndex = 1000

2024-02-25 10:23:41,786 - Chart_3 - INFO - 补丁1 1测试失败
2024-02-25 10:23:41,787 - Chart_3 - INFO - 开始验证补丁1 2:
2024-02-25 10:23:41,787 - Chart_3 - INFO - 
        copy.data = new java.util.ArrayList();
        for (int i = start; i <= end; i++) {
            copy.data.add(this.data.get(i));
        }

2024-02-25 10:23:43,068 - Chart_3 - INFO - 编译成功
2024-02-25 10:23:52,117 - Chart_3 - INFO - 测试失败
2024-02-25 10:23:52,117 - Chart_3 - INFO - Failing tests: 3
  - org.jfree.data.time.junit.MonthTests::testParseMonth
  - org.jfree.data.time.junit.TimeSeriesTests::testCreateCopy2
  - org.jfree.data.time.junit.TimeSeriesTests::testCreateCopy3

2024-02-25 10:23:52,549 - Chart_3 - INFO - 选择失败的测试用例为:
2024-02-25 10:23:52,549 - Chart_3 - INFO - org.jfree.data.time.junit.TimeSeriesTests::testCreateCopy2
2024-02-25 10:23:52,549 - Chart_3 - INFO - 失败的测试代码为:
2024-02-25 10:23:52,549 - Chart_3 - INFO -             TimeSeries series3 = series2.createCopy(99, 999);

2024-02-25 10:23:52,549 - Chart_3 - INFO - 失败信息为:
2024-02-25 10:23:52,549 - Chart_3 - INFO - java.lang.IndexOutOfBoundsException: Index: 99, Size: 0

2024-02-25 10:23:52,549 - Chart_3 - INFO - 补丁1 2测试失败
2024-02-25 10:23:52,550 - Chart_3 - INFO - 开始验证补丁1 3:
2024-02-25 10:23:52,550 - Chart_3 - INFO - 
        copy.data = new java.util.ArrayList(this.data);
        copy.data.subList(end + 1, copy.data.size()).clear();

2024-02-25 10:23:53,832 - Chart_3 - INFO - 编译成功
2024-02-25 10:24:02,893 - Chart_3 - INFO - 测试失败
2024-02-25 10:24:02,893 - Chart_3 - INFO - Failing tests: 3
  - org.jfree.data.time.junit.MonthTests::testParseMonth
  - org.jfree.data.time.junit.TimeSeriesTests::testCreateCopy2
  - org.jfree.data.time.junit.TimeSeriesTests::testCreateCopy3

2024-02-25 10:24:03,333 - Chart_3 - INFO - 选择失败的测试用例为:
2024-02-25 10:24:03,333 - Chart_3 - INFO - org.jfree.data.time.junit.TimeSeriesTests::testCreateCopy2
2024-02-25 10:24:03,333 - Chart_3 - INFO - 失败的测试代码为:
2024-02-25 10:24:03,333 - Chart_3 - INFO -             TimeSeries series3 = series2.createCopy(99, 999);

2024-02-25 10:24:03,333 - Chart_3 - INFO - 失败信息为:
2024-02-25 10:24:03,333 - Chart_3 - INFO - java.lang.IllegalArgumentException: fromIndex(1000) > toIndex(0)

2024-02-25 10:24:03,333 - Chart_3 - INFO - 补丁1 3测试失败
2024-02-25 10:24:03,334 - Chart_3 - INFO - 开始验证补丁1 4:
2024-02-25 10:24:03,334 - Chart_3 - INFO - 
copy.data = new java.util.ArrayList(this.data.subList(start, end + 1));

2024-02-25 10:24:04,598 - Chart_3 - INFO - 编译成功
2024-02-25 10:24:13,627 - Chart_3 - INFO - 测试失败
2024-02-25 10:24:13,627 - Chart_3 - INFO - Failing tests: 3
  - org.jfree.data.time.junit.MonthTests::testParseMonth
  - org.jfree.data.time.junit.TimeSeriesTests::testCreateCopy2
  - org.jfree.data.time.junit.TimeSeriesTests::testCreateCopy3

2024-02-25 10:24:14,059 - Chart_3 - INFO - 选择失败的测试用例为:
2024-02-25 10:24:14,059 - Chart_3 - INFO - org.jfree.data.time.junit.TimeSeriesTests::testCreateCopy2
2024-02-25 10:24:14,059 - Chart_3 - INFO - 失败的测试代码为:
2024-02-25 10:24:14,059 - Chart_3 - INFO -             TimeSeries series3 = series2.createCopy(99, 999);

2024-02-25 10:24:14,059 - Chart_3 - INFO - 失败信息为:
2024-02-25 10:24:14,059 - Chart_3 - INFO - java.lang.IndexOutOfBoundsException: toIndex = 1000

2024-02-25 10:24:14,059 - Chart_3 - INFO - 补丁1 4测试失败
2024-02-25 10:24:14,060 - Chart_3 - INFO - 开始验证补丁1 5:
2024-02-25 10:24:14,060 - Chart_3 - INFO - 
copy.data = new java.util.ArrayList();
for (int i = start; i <= end; i++) {
    copy.data.add(this.data.get(i));
}

2024-02-25 10:24:15,326 - Chart_3 - INFO - 编译成功
2024-02-25 10:24:24,367 - Chart_3 - INFO - 测试失败
2024-02-25 10:24:24,367 - Chart_3 - INFO - Failing tests: 3
  - org.jfree.data.time.junit.MonthTests::testParseMonth
  - org.jfree.data.time.junit.TimeSeriesTests::testCreateCopy2
  - org.jfree.data.time.junit.TimeSeriesTests::testCreateCopy3

2024-02-25 10:24:24,803 - Chart_3 - INFO - 选择失败的测试用例为:
2024-02-25 10:24:24,803 - Chart_3 - INFO - org.jfree.data.time.junit.TimeSeriesTests::testCreateCopy2
2024-02-25 10:24:24,803 - Chart_3 - INFO - 失败的测试代码为:
2024-02-25 10:24:24,803 - Chart_3 - INFO -             TimeSeries series3 = series2.createCopy(99, 999);

2024-02-25 10:24:24,803 - Chart_3 - INFO - 失败信息为:
2024-02-25 10:24:24,803 - Chart_3 - INFO - java.lang.IndexOutOfBoundsException: Index: 99, Size: 0

2024-02-25 10:24:24,803 - Chart_3 - INFO - 补丁1 5测试失败
2024-02-25 10:24:24,804 - Chart_3 - INFO - 开始验证补丁1 6:
2024-02-25 10:24:24,804 - Chart_3 - INFO - 
copy.data = new java.util.ArrayList();
for (TimeSeriesDataItem item : this.data.subList(start, end + 1)) {
    TimeSeriesDataItem clone = (TimeSeriesDataItem) item.clone();
    // assuming there is some condition to check before adding the item
    if (conditionToIncludeItem(clone)) {
        copy.data.add(clone);
    }
}

2024-02-25 10:24:25,404 - Chart_3 - INFO - 编译失败
2024-02-25 10:24:25,404 - Chart_3 - INFO - 错误: -source 1.4 中不支持 for-each 循环
for (TimeSeriesDataItem item : this.data.subList(start, end + 1)) {
2024-02-25 10:24:25,404 - Chart_3 - INFO - 补丁1 6 未成功编译
2024-02-25 10:24:25,405 - Chart_3 - INFO - 开始验证补丁1 7:
2024-02-25 10:24:25,405 - Chart_3 - INFO - 
copy.data = new java.util.ArrayList(this.data.subList(start, end + 1));

2024-02-25 10:24:25,405 - Chart_3 - INFO - 补丁1 7为重复的补丁
2024-02-25 10:24:25,406 - Chart_3 - INFO - 开始验证补丁1 8:
2024-02-25 10:24:25,406 - Chart_3 - INFO - 
copy.data = new java.util.ArrayList();
for (int i = start; i <= end; i++) {
    copy.data.add(this.data.get(i));
}

2024-02-25 10:24:25,406 - Chart_3 - INFO - 补丁1 8为重复的补丁
2024-02-25 10:24:25,407 - Chart_3 - INFO - 开始验证补丁1 9:
2024-02-25 10:24:25,407 - Chart_3 - INFO - 
copy.data = new java.util.ArrayList(this.data.size());
for (int i = start; i <= end; i++) {
    copy.data.add(null);
}
Collections.copy(copy.data, this.data.subList(start, end + 1));

2024-02-25 10:24:26,688 - Chart_3 - INFO - 编译成功
2024-02-25 10:24:35,935 - Chart_3 - INFO - 测试失败
2024-02-25 10:24:35,935 - Chart_3 - INFO - Failing tests: 3
  - org.jfree.data.time.junit.MonthTests::testParseMonth
  - org.jfree.data.time.junit.TimeSeriesTests::testCreateCopy2
  - org.jfree.data.time.junit.TimeSeriesTests::testCreateCopy3

2024-02-25 10:24:36,367 - Chart_3 - INFO - 选择失败的测试用例为:
2024-02-25 10:24:36,367 - Chart_3 - INFO - org.jfree.data.time.junit.TimeSeriesTests::testCreateCopy2
2024-02-25 10:24:36,367 - Chart_3 - INFO - 失败的测试代码为:
2024-02-25 10:24:36,368 - Chart_3 - INFO -             TimeSeries series3 = series2.createCopy(99, 999);

2024-02-25 10:24:36,368 - Chart_3 - INFO - 失败信息为:
2024-02-25 10:24:36,368 - Chart_3 - INFO - java.lang.IndexOutOfBoundsException: toIndex = 1000

2024-02-25 10:24:36,368 - Chart_3 - INFO - 补丁1 9测试失败
2024-02-25 10:24:36,369 - Chart_3 - INFO - 开始验证补丁2 1:
2024-02-25 10:24:36,369 - Chart_3 - INFO - 
copy.data = new java.util.ArrayList<>(this.data.subList(start, end + 1));

2024-02-25 10:24:36,967 - Chart_3 - INFO - 编译失败
2024-02-25 10:24:36,967 - Chart_3 - INFO - 错误: -source 1.4 中不支持泛型
copy.data = new java.util.ArrayList<>(this.data.subList(start, end + 1));
2024-02-25 10:24:36,967 - Chart_3 - INFO - 补丁2 1 未成功编译
2024-02-25 10:24:36,968 - Chart_3 - INFO - 开始验证补丁2 2:
2024-02-25 10:24:36,968 - Chart_3 - INFO - 
copy.data = new java.util.ArrayList<>(this.data.size());
for (int index = start; index < end; index++) {
    copy.data.add(null);
}

2024-02-25 10:24:37,563 - Chart_3 - INFO - 编译失败
2024-02-25 10:24:37,564 - Chart_3 - INFO - 错误: -source 1.4 中不支持泛型
copy.data = new java.util.ArrayList<>(this.data.size());
2024-02-25 10:24:37,564 - Chart_3 - INFO - 补丁2 2 未成功编译
2024-02-25 10:24:37,565 - Chart_3 - INFO - 开始验证补丁2 3:
2024-02-25 10:24:37,565 - Chart_3 - INFO - 
copy.data = new java.util.ArrayList<>(this.data);

2024-02-25 10:24:38,176 - Chart_3 - INFO - 编译失败
2024-02-25 10:24:38,176 - Chart_3 - INFO - 错误: -source 1.4 中不支持泛型
copy.data = new java.util.ArrayList<>(this.data);
2024-02-25 10:24:38,176 - Chart_3 - INFO - 补丁2 3 未成功编译
2024-02-25 10:24:38,177 - Chart_3 - INFO - 开始验证补丁2 4:
2024-02-25 10:24:38,177 - Chart_3 - INFO - 
copy.data = new java.util.ArrayList(this.data.subList(start, end + 1));

2024-02-25 10:24:38,177 - Chart_3 - INFO - 补丁2 4为重复的补丁
2024-02-25 10:24:38,182 - Chart_3 - INFO - 开始验证补丁2 5:
2024-02-25 10:24:38,182 - Chart_3 - INFO - 
copy.data = new java.util.ArrayList(this.data.subList(start, end));

2024-02-25 10:24:39,449 - Chart_3 - INFO - 编译成功
2024-02-25 10:24:48,375 - Chart_3 - INFO - 测试失败
2024-02-25 10:24:48,375 - Chart_3 - INFO - Failing tests: 3
  - org.jfree.data.time.junit.MonthTests::testParseMonth
  - org.jfree.data.time.junit.TimeSeriesTests::testCreateCopy2
  - org.jfree.data.time.junit.TimeSeriesTests::testCreateCopy3

2024-02-25 10:24:48,817 - Chart_3 - INFO - 选择失败的测试用例为:
2024-02-25 10:24:48,817 - Chart_3 - INFO - org.jfree.data.time.junit.TimeSeriesTests::testCreateCopy2
2024-02-25 10:24:48,817 - Chart_3 - INFO - 失败的测试代码为:
2024-02-25 10:24:48,817 - Chart_3 - INFO -             TimeSeries series3 = series2.createCopy(99, 999);

2024-02-25 10:24:48,817 - Chart_3 - INFO - 失败信息为:
2024-02-25 10:24:48,817 - Chart_3 - INFO - java.lang.IndexOutOfBoundsException: toIndex = 999

2024-02-25 10:24:48,817 - Chart_3 - INFO - 补丁2 5测试失败
2024-02-25 10:24:48,818 - Chart_3 - INFO - 开始验证补丁2 6:
2024-02-25 10:24:48,818 - Chart_3 - INFO - 
copy.data = new java.util.ArrayList();
for (int index = start; index < end; index++) {
    copy.data.add(this.data.get(index));
}

2024-02-25 10:24:50,077 - Chart_3 - INFO - 编译成功
2024-02-25 10:24:59,146 - Chart_3 - INFO - 测试失败
2024-02-25 10:24:59,146 - Chart_3 - INFO - Failing tests: 3
  - org.jfree.data.time.junit.MonthTests::testParseMonth
  - org.jfree.data.time.junit.TimeSeriesTests::testCreateCopy2
  - org.jfree.data.time.junit.TimeSeriesTests::testCreateCopy3

2024-02-25 10:24:59,585 - Chart_3 - INFO - 选择失败的测试用例为:
2024-02-25 10:24:59,585 - Chart_3 - INFO - org.jfree.data.time.junit.TimeSeriesTests::testCreateCopy2
2024-02-25 10:24:59,585 - Chart_3 - INFO - 失败的测试代码为:
2024-02-25 10:24:59,585 - Chart_3 - INFO -             TimeSeries series3 = series2.createCopy(99, 999);

2024-02-25 10:24:59,585 - Chart_3 - INFO - 失败信息为:
2024-02-25 10:24:59,585 - Chart_3 - INFO - java.lang.IndexOutOfBoundsException: Index: 99, Size: 0

2024-02-25 10:24:59,585 - Chart_3 - INFO - 补丁2 6测试失败
2024-02-25 10:24:59,586 - Chart_3 - INFO - 开始验证补丁2 7:
2024-02-25 10:24:59,586 - Chart_3 - INFO - 
        // Initialize the data ArrayList in the copied TimeSeries object
        copy.data = new java.util.ArrayList(this.data.subList(start, end + 1));

2024-02-25 10:25:00,898 - Chart_3 - INFO - 编译成功
2024-02-25 10:25:10,002 - Chart_3 - INFO - 测试失败
2024-02-25 10:25:10,002 - Chart_3 - INFO - Failing tests: 3
  - org.jfree.data.time.junit.MonthTests::testParseMonth
  - org.jfree.data.time.junit.TimeSeriesTests::testCreateCopy2
  - org.jfree.data.time.junit.TimeSeriesTests::testCreateCopy3

2024-02-25 10:25:10,438 - Chart_3 - INFO - 选择失败的测试用例为:
2024-02-25 10:25:10,438 - Chart_3 - INFO - org.jfree.data.time.junit.TimeSeriesTests::testCreateCopy2
2024-02-25 10:25:10,438 - Chart_3 - INFO - 失败的测试代码为:
2024-02-25 10:25:10,438 - Chart_3 - INFO -             TimeSeries series3 = series2.createCopy(99, 999);

2024-02-25 10:25:10,438 - Chart_3 - INFO - 失败信息为:
2024-02-25 10:25:10,438 - Chart_3 - INFO - java.lang.IndexOutOfBoundsException: toIndex = 1000

2024-02-25 10:25:10,438 - Chart_3 - INFO - 补丁2 7测试失败
2024-02-25 10:25:10,439 - Chart_3 - INFO - 开始验证补丁2 8:
2024-02-25 10:25:10,439 - Chart_3 - INFO - 
        // Clear the data array and selectively add back elements within the range [start, end]
        copy.data.clear();
        for (int index = start; index <= end; index++) {
            copy.data.add(this.data.get(index));
        }

2024-02-25 10:25:11,693 - Chart_3 - INFO - 编译成功
2024-02-25 10:25:20,796 - Chart_3 - INFO - 测试失败
2024-02-25 10:25:20,797 - Chart_3 - INFO - Failing tests: 4
  - org.jfree.data.time.junit.MonthTests::testParseMonth
  - org.jfree.data.time.junit.TimeSeriesTests::testCreateCopy1
  - org.jfree.data.time.junit.TimeSeriesTests::testCreateCopy2
  - org.jfree.data.time.junit.TimeSeriesTests::testCreateCopy3

2024-02-25 10:25:21,235 - Chart_3 - INFO - 选择失败的测试用例为:
2024-02-25 10:25:21,235 - Chart_3 - INFO - org.jfree.data.time.junit.TimeSeriesTests::testCreateCopy1
2024-02-25 10:25:21,235 - Chart_3 - INFO - 失败的测试代码为:
2024-02-25 10:25:21,235 - Chart_3 - INFO -             TimeSeries result2 = series.createCopy(

2024-02-25 10:25:21,235 - Chart_3 - INFO - 失败信息为:
2024-02-25 10:25:21,235 - Chart_3 - INFO - java.lang.IndexOutOfBoundsException: Index: 0, Size: 0

2024-02-25 10:25:21,235 - Chart_3 - INFO - 补丁2 8测试失败
2024-02-25 10:25:21,236 - Chart_3 - INFO - 开始验证补丁2 9:
2024-02-25 10:25:21,236 - Chart_3 - INFO - 
        // Initialize an empty data ArrayList and start adding elements in the following loop
        copy.data = new java.util.ArrayList();

2024-02-25 10:25:22,497 - Chart_3 - INFO - 编译成功
2024-02-25 10:25:31,550 - Chart_3 - INFO - 测试失败
2024-02-25 10:25:31,550 - Chart_3 - INFO - Failing tests: 2
  - org.jfree.data.time.junit.MonthTests::testParseMonth
  - org.jfree.data.time.junit.TimeSeriesTests::testCreateCopy3

2024-02-25 10:25:31,983 - Chart_3 - INFO - 选择失败的测试用例为:
2024-02-25 10:25:31,983 - Chart_3 - INFO - org.jfree.data.time.junit.TimeSeriesTests::testCreateCopy3
2024-02-25 10:25:31,983 - Chart_3 - INFO - 失败的测试代码为:
2024-02-25 10:25:31,983 - Chart_3 - INFO -         assertEquals(101.0, s2.getMaxY(), EPSILON);

2024-02-25 10:25:31,983 - Chart_3 - INFO - 失败信息为:
2024-02-25 10:25:31,983 - Chart_3 - INFO - junit.framework.AssertionFailedError: expected:<101.0> but was:<102.0>

2024-02-25 10:25:31,983 - Chart_3 - INFO - 补丁2 9测试失败
2024-02-25 10:25:31,984 - Chart_3 - INFO - 开始验证补丁3 1:
2024-02-25 10:25:31,984 - Chart_3 - INFO - 
copy.data = new java.util.ArrayList(this.data.subList(start, end + 1));

2024-02-25 10:25:31,984 - Chart_3 - INFO - 补丁3 1为重复的补丁
2024-02-25 10:25:31,985 - Chart_3 - INFO - 开始验证补丁3 2:
2024-02-25 10:25:31,985 - Chart_3 - INFO - 
copy.data.clear();
for (int index = start; index <= end; index++) {
    copy.data.add(this.data.get(index).clone());
}

2024-02-25 10:25:32,777 - Chart_3 - INFO - 编译失败
2024-02-25 10:25:32,777 - Chart_3 - INFO - 错误: clone()可以在Object中访问protected
copy.data.add(this.data.get(index).clone());
2024-02-25 10:25:32,777 - Chart_3 - INFO - 补丁3 2 未成功编译
2024-02-25 10:25:32,778 - Chart_3 - INFO - 开始验证补丁3 3:
2024-02-25 10:25:32,778 - Chart_3 - INFO - 
copy.data = new java.util.ArrayList();
for (int index = start; index <= end; index++) {
    copy.data.add(this.data.get(index).clone());
}

2024-02-25 10:25:33,539 - Chart_3 - INFO - 编译失败
2024-02-25 10:25:33,539 - Chart_3 - INFO - 错误: clone()可以在Object中访问protected
copy.data.add(this.data.get(index).clone());
2024-02-25 10:25:33,539 - Chart_3 - INFO - 补丁3 3 未成功编译
2024-02-25 10:25:33,540 - Chart_3 - INFO - 开始验证补丁3 4:
2024-02-25 10:25:33,540 - Chart_3 - INFO - 
        copy.data = new java.util.ArrayList(this.data.subList(start, end + 1));

2024-02-25 10:25:33,540 - Chart_3 - INFO - 补丁3 4为重复的补丁
2024-02-25 10:25:33,541 - Chart_3 - INFO - 开始验证补丁3 5:
2024-02-25 10:25:33,541 - Chart_3 - INFO - 
        copy.data = new java.util.ArrayList();
        for (int index = start; index <= end; index++) {
            copy.data.add(null);
        }

2024-02-25 10:25:34,806 - Chart_3 - INFO - 编译成功
2024-02-25 10:25:43,793 - Chart_3 - INFO - 测试失败
2024-02-25 10:25:43,793 - Chart_3 - INFO - Failing tests: 2
  - org.jfree.data.time.junit.MonthTests::testParseMonth
  - org.jfree.data.time.junit.TimeSeriesTests::testCreateCopy3

2024-02-25 10:25:44,224 - Chart_3 - INFO - 选择失败的测试用例为:
2024-02-25 10:25:44,224 - Chart_3 - INFO - org.jfree.data.time.junit.TimeSeriesTests::testCreateCopy3
2024-02-25 10:25:44,224 - Chart_3 - INFO - 失败的测试代码为:
2024-02-25 10:25:44,224 - Chart_3 - INFO -         assertEquals(101.0, s2.getMaxY(), EPSILON);

2024-02-25 10:25:44,224 - Chart_3 - INFO - 失败信息为:
2024-02-25 10:25:44,224 - Chart_3 - INFO - junit.framework.AssertionFailedError: expected:<101.0> but was:<102.0>

2024-02-25 10:25:44,224 - Chart_3 - INFO - 补丁3 5测试失败
2024-02-25 10:25:44,225 - Chart_3 - INFO - 开始验证补丁3 6:
2024-02-25 10:25:44,225 - Chart_3 - INFO - 
        copy.data = new java.util.ArrayList(this.data.size());

2024-02-25 10:25:45,506 - Chart_3 - INFO - 编译成功
2024-02-25 10:25:54,599 - Chart_3 - INFO - 测试失败
2024-02-25 10:25:54,599 - Chart_3 - INFO - Failing tests: 2
  - org.jfree.data.time.junit.MonthTests::testParseMonth
  - org.jfree.data.time.junit.TimeSeriesTests::testCreateCopy3

2024-02-25 10:25:55,032 - Chart_3 - INFO - 选择失败的测试用例为:
2024-02-25 10:25:55,032 - Chart_3 - INFO - org.jfree.data.time.junit.TimeSeriesTests::testCreateCopy3
2024-02-25 10:25:55,032 - Chart_3 - INFO - 失败的测试代码为:
2024-02-25 10:25:55,032 - Chart_3 - INFO -         assertEquals(101.0, s2.getMaxY(), EPSILON);

2024-02-25 10:25:55,033 - Chart_3 - INFO - 失败信息为:
2024-02-25 10:25:55,033 - Chart_3 - INFO - junit.framework.AssertionFailedError: expected:<101.0> but was:<102.0>

2024-02-25 10:25:55,033 - Chart_3 - INFO - 补丁3 6测试失败
2024-02-25 10:25:55,034 - Chart_3 - INFO - 开始验证补丁3 7:
2024-02-25 10:25:55,034 - Chart_3 - INFO - 
   copy.data = new java.util.ArrayList(this.data.subList(start, end + 1));
   
2024-02-25 10:25:56,306 - Chart_3 - INFO - 编译成功
2024-02-25 10:26:05,386 - Chart_3 - INFO - 测试失败
2024-02-25 10:26:05,386 - Chart_3 - INFO - Failing tests: 3
  - org.jfree.data.time.junit.MonthTests::testParseMonth
  - org.jfree.data.time.junit.TimeSeriesTests::testCreateCopy2
  - org.jfree.data.time.junit.TimeSeriesTests::testCreateCopy3

2024-02-25 10:26:05,822 - Chart_3 - INFO - 选择失败的测试用例为:
2024-02-25 10:26:05,822 - Chart_3 - INFO - org.jfree.data.time.junit.TimeSeriesTests::testCreateCopy2
2024-02-25 10:26:05,822 - Chart_3 - INFO - 失败的测试代码为:
2024-02-25 10:26:05,822 - Chart_3 - INFO -             TimeSeries series3 = series2.createCopy(99, 999);

2024-02-25 10:26:05,822 - Chart_3 - INFO - 失败信息为:
2024-02-25 10:26:05,822 - Chart_3 - INFO - java.lang.IndexOutOfBoundsException: toIndex = 1000

2024-02-25 10:26:05,822 - Chart_3 - INFO - 补丁3 7测试失败
2024-02-25 10:26:05,823 - Chart_3 - INFO - 开始验证补丁3 8:
2024-02-25 10:26:05,823 - Chart_3 - INFO - 
   copy.data = new java.util.ArrayList();
   // Assuming there is a method inside TimeSeries that adds items correctly.
   
2024-02-25 10:26:07,092 - Chart_3 - INFO - 编译成功
2024-02-25 10:26:16,065 - Chart_3 - INFO - 测试失败
2024-02-25 10:26:16,065 - Chart_3 - INFO - Failing tests: 2
  - org.jfree.data.time.junit.MonthTests::testParseMonth
  - org.jfree.data.time.junit.TimeSeriesTests::testCreateCopy3

2024-02-25 10:26:16,502 - Chart_3 - INFO - 选择失败的测试用例为:
2024-02-25 10:26:16,502 - Chart_3 - INFO - org.jfree.data.time.junit.TimeSeriesTests::testCreateCopy3
2024-02-25 10:26:16,502 - Chart_3 - INFO - 失败的测试代码为:
2024-02-25 10:26:16,502 - Chart_3 - INFO -         assertEquals(101.0, s2.getMaxY(), EPSILON);

2024-02-25 10:26:16,502 - Chart_3 - INFO - 失败信息为:
2024-02-25 10:26:16,502 - Chart_3 - INFO - junit.framework.AssertionFailedError: expected:<101.0> but was:<102.0>

2024-02-25 10:26:16,502 - Chart_3 - INFO - 补丁3 8测试失败
2024-02-25 10:26:16,503 - Chart_3 - INFO - 开始验证补丁3 9:
2024-02-25 10:26:16,503 - Chart_3 - INFO - 
   // Assuming add method takes care of adding in the right order and range.
   for (int index = start; index <= end; index++) {
       copy.add(this.data.get(index));
   }
   
2024-02-25 10:26:17,265 - Chart_3 - INFO - 编译失败
2024-02-25 10:26:17,265 - Chart_3 - INFO - 错误: 对于add(Object), 找不到合适的方法
copy.add(this.data.get(index));
2024-02-25 10:26:17,265 - Chart_3 - INFO - 补丁3 9 未成功编译
2024-02-25 10:26:17,265 - Chart_3 - INFO - Chart_3 未成功修复
