2024-02-25 20:36:37,424 - Chart_4 - INFO - rm -rf /home/chongchong/d4j-project/Chart_4
2024-02-25 20:36:37,484 - Chart_4 - INFO - 删除 Chart 4b 成功
2024-02-25 20:36:37,485 - Chart_4 - INFO - defects4j checkout -p Chart -v 4b -w /home/chongchong/d4j-project/Chart_4
2024-02-25 20:36:40,576 - Chart_4 - INFO - checkout Chart 4b 成功
2024-02-25 20:36:44,014 - Chart_4 - INFO - 编译成功
2024-02-25 20:36:51,327 - Chart_4 - INFO - 测试失败
2024-02-25 20:36:51,328 - Chart_4 - INFO - Failing tests: 23
  - org.jfree.chart.axis.junit.LogAxisTests::testXYAutoRange1
  - org.jfree.chart.axis.junit.LogAxisTests::testXYAutoRange2
  - org.jfree.chart.axis.junit.NumberAxisTests::testXYAutoRange1
  - org.jfree.chart.axis.junit.NumberAxisTests::testXYAutoRange2
  - org.jfree.chart.axis.junit.ValueAxisTests::testAxisMargins
  - org.jfree.chart.junit.JFreeChartTests::testSerialization4
  - org.jfree.chart.junit.ScatterPlotTests::testDrawWithNullInfo
  - org.jfree.chart.junit.ScatterPlotTests::testSetSeriesToolTipGenerator
  - org.jfree.chart.junit.ScatterPlotTests::testReplaceDataset
  - org.jfree.chart.junit.TimeSeriesChartTests::testDrawWithNullInfo
  - org.jfree.chart.junit.TimeSeriesChartTests::testSetSeriesToolTipGenerator
  - org.jfree.chart.junit.TimeSeriesChartTests::testReplaceDataset
  - org.jfree.chart.junit.XYAreaChartTests::testDrawWithNullInfo
  - org.jfree.chart.junit.XYAreaChartTests::testSetSeriesToolTipGenerator
  - org.jfree.chart.junit.XYAreaChartTests::testReplaceDataset
  - org.jfree.chart.junit.XYStepAreaChartTests::testDrawWithNullInfo
  - org.jfree.chart.junit.XYStepAreaChartTests::testSetSeriesToolTipGenerator
  - org.jfree.chart.junit.XYStepAreaChartTests::testReplaceDataset
  - org.jfree.chart.junit.XYStepChartTests::testDrawWithNullInfo
  - org.jfree.chart.junit.XYStepChartTests::testSetSeriesToolTipGenerator
  - org.jfree.chart.junit.XYStepChartTests::testReplaceDataset
  - org.jfree.chart.plot.junit.XYPlotTests::testDrawRangeGridlines
  - org.jfree.data.time.junit.MonthTests::testParseMonth

2024-02-25 20:36:52,190 - Chart_4 - INFO - 它的bug类型为:
2024-02-25 20:36:52,190 - Chart_4 - INFO - 4
2024-02-25 20:37:39,220 - Chart_4 - INFO - rm -rf /home/chongchong/d4j-project/Chart_4
2024-02-25 20:37:39,283 - Chart_4 - INFO - 删除 Chart 4b 成功
2024-02-25 20:37:39,284 - Chart_4 - INFO - defects4j checkout -p Chart -v 4b -w /home/chongchong/d4j-project/Chart_4
2024-02-25 20:37:42,351 - Chart_4 - INFO - checkout Chart 4b 成功
2024-02-25 20:37:45,803 - Chart_4 - INFO - 编译成功
2024-02-25 20:37:53,105 - Chart_4 - INFO - 测试失败
2024-02-25 20:37:53,105 - Chart_4 - INFO - Failing tests: 23
  - org.jfree.chart.axis.junit.LogAxisTests::testXYAutoRange1
  - org.jfree.chart.axis.junit.LogAxisTests::testXYAutoRange2
  - org.jfree.chart.axis.junit.NumberAxisTests::testXYAutoRange1
  - org.jfree.chart.axis.junit.NumberAxisTests::testXYAutoRange2
  - org.jfree.chart.axis.junit.ValueAxisTests::testAxisMargins
  - org.jfree.chart.junit.JFreeChartTests::testSerialization4
  - org.jfree.chart.junit.ScatterPlotTests::testDrawWithNullInfo
  - org.jfree.chart.junit.ScatterPlotTests::testSetSeriesToolTipGenerator
  - org.jfree.chart.junit.ScatterPlotTests::testReplaceDataset
  - org.jfree.chart.junit.TimeSeriesChartTests::testDrawWithNullInfo
  - org.jfree.chart.junit.TimeSeriesChartTests::testSetSeriesToolTipGenerator
  - org.jfree.chart.junit.TimeSeriesChartTests::testReplaceDataset
  - org.jfree.chart.junit.XYAreaChartTests::testDrawWithNullInfo
  - org.jfree.chart.junit.XYAreaChartTests::testSetSeriesToolTipGenerator
  - org.jfree.chart.junit.XYAreaChartTests::testReplaceDataset
  - org.jfree.chart.junit.XYStepAreaChartTests::testDrawWithNullInfo
  - org.jfree.chart.junit.XYStepAreaChartTests::testSetSeriesToolTipGenerator
  - org.jfree.chart.junit.XYStepAreaChartTests::testReplaceDataset
  - org.jfree.chart.junit.XYStepChartTests::testDrawWithNullInfo
  - org.jfree.chart.junit.XYStepChartTests::testSetSeriesToolTipGenerator
  - org.jfree.chart.junit.XYStepChartTests::testReplaceDataset
  - org.jfree.chart.plot.junit.XYPlotTests::testDrawRangeGridlines
  - org.jfree.data.time.junit.MonthTests::testParseMonth

2024-02-25 20:37:53,942 - Chart_4 - INFO - 它的bug类型为:
2024-02-25 20:37:53,942 - Chart_4 - INFO - 4
2024-02-25 20:46:51,474 - Chart_4 - INFO - rm -rf /home/chongchong/d4j-project/Chart_4
2024-02-25 20:46:51,536 - Chart_4 - INFO - 删除 Chart 4b 成功
2024-02-25 20:46:51,536 - Chart_4 - INFO - defects4j checkout -p Chart -v 4b -w /home/chongchong/d4j-project/Chart_4
2024-02-25 20:46:54,623 - Chart_4 - INFO - checkout Chart 4b 成功
2024-02-25 20:46:57,926 - Chart_4 - INFO - 编译成功
2024-02-25 20:47:05,387 - Chart_4 - INFO - 测试失败
2024-02-25 20:47:05,387 - Chart_4 - INFO - Failing tests: 23
  - org.jfree.chart.axis.junit.LogAxisTests::testXYAutoRange1
  - org.jfree.chart.axis.junit.LogAxisTests::testXYAutoRange2
  - org.jfree.chart.axis.junit.NumberAxisTests::testXYAutoRange1
  - org.jfree.chart.axis.junit.NumberAxisTests::testXYAutoRange2
  - org.jfree.chart.axis.junit.ValueAxisTests::testAxisMargins
  - org.jfree.chart.junit.JFreeChartTests::testSerialization4
  - org.jfree.chart.junit.ScatterPlotTests::testDrawWithNullInfo
  - org.jfree.chart.junit.ScatterPlotTests::testSetSeriesToolTipGenerator
  - org.jfree.chart.junit.ScatterPlotTests::testReplaceDataset
  - org.jfree.chart.junit.TimeSeriesChartTests::testDrawWithNullInfo
  - org.jfree.chart.junit.TimeSeriesChartTests::testSetSeriesToolTipGenerator
  - org.jfree.chart.junit.TimeSeriesChartTests::testReplaceDataset
  - org.jfree.chart.junit.XYAreaChartTests::testDrawWithNullInfo
  - org.jfree.chart.junit.XYAreaChartTests::testSetSeriesToolTipGenerator
  - org.jfree.chart.junit.XYAreaChartTests::testReplaceDataset
  - org.jfree.chart.junit.XYStepAreaChartTests::testDrawWithNullInfo
  - org.jfree.chart.junit.XYStepAreaChartTests::testSetSeriesToolTipGenerator
  - org.jfree.chart.junit.XYStepAreaChartTests::testReplaceDataset
  - org.jfree.chart.junit.XYStepChartTests::testDrawWithNullInfo
  - org.jfree.chart.junit.XYStepChartTests::testSetSeriesToolTipGenerator
  - org.jfree.chart.junit.XYStepChartTests::testReplaceDataset
  - org.jfree.chart.plot.junit.XYPlotTests::testDrawRangeGridlines
  - org.jfree.data.time.junit.MonthTests::testParseMonth

2024-02-25 20:47:06,209 - Chart_4 - INFO - 它的bug类型为:
2024-02-25 20:47:06,209 - Chart_4 - INFO - 4
2024-02-25 20:48:51,131 - Chart_4 - INFO - rm -rf /home/chongchong/d4j-project/Chart_4
2024-02-25 20:48:51,192 - Chart_4 - INFO - 删除 Chart 4b 成功
2024-02-25 20:48:51,193 - Chart_4 - INFO - defects4j checkout -p Chart -v 4b -w /home/chongchong/d4j-project/Chart_4
2024-02-25 20:48:54,274 - Chart_4 - INFO - checkout Chart 4b 成功
2024-02-25 20:48:57,724 - Chart_4 - INFO - 编译成功
2024-02-25 20:49:05,103 - Chart_4 - INFO - 测试失败
2024-02-25 20:49:05,103 - Chart_4 - INFO - Failing tests: 23
  - org.jfree.chart.axis.junit.LogAxisTests::testXYAutoRange1
  - org.jfree.chart.axis.junit.LogAxisTests::testXYAutoRange2
  - org.jfree.chart.axis.junit.NumberAxisTests::testXYAutoRange1
  - org.jfree.chart.axis.junit.NumberAxisTests::testXYAutoRange2
  - org.jfree.chart.axis.junit.ValueAxisTests::testAxisMargins
  - org.jfree.chart.junit.JFreeChartTests::testSerialization4
  - org.jfree.chart.junit.ScatterPlotTests::testDrawWithNullInfo
  - org.jfree.chart.junit.ScatterPlotTests::testSetSeriesToolTipGenerator
  - org.jfree.chart.junit.ScatterPlotTests::testReplaceDataset
  - org.jfree.chart.junit.TimeSeriesChartTests::testDrawWithNullInfo
  - org.jfree.chart.junit.TimeSeriesChartTests::testSetSeriesToolTipGenerator
  - org.jfree.chart.junit.TimeSeriesChartTests::testReplaceDataset
  - org.jfree.chart.junit.XYAreaChartTests::testDrawWithNullInfo
  - org.jfree.chart.junit.XYAreaChartTests::testSetSeriesToolTipGenerator
  - org.jfree.chart.junit.XYAreaChartTests::testReplaceDataset
  - org.jfree.chart.junit.XYStepAreaChartTests::testDrawWithNullInfo
  - org.jfree.chart.junit.XYStepAreaChartTests::testSetSeriesToolTipGenerator
  - org.jfree.chart.junit.XYStepAreaChartTests::testReplaceDataset
  - org.jfree.chart.junit.XYStepChartTests::testDrawWithNullInfo
  - org.jfree.chart.junit.XYStepChartTests::testSetSeriesToolTipGenerator
  - org.jfree.chart.junit.XYStepChartTests::testReplaceDataset
  - org.jfree.chart.plot.junit.XYPlotTests::testDrawRangeGridlines
  - org.jfree.data.time.junit.MonthTests::testParseMonth

2024-02-25 20:49:05,958 - Chart_4 - INFO - 它的bug类型为:
2024-02-25 20:49:05,958 - Chart_4 - INFO - 4
