2024-02-25 10:54:50,406 - Closure_28 - INFO - rm -rf /home/chongchong/d4j-project/Closure_28
2024-02-25 10:54:50,407 - Closure_28 - INFO - 删除 Closure 28b 成功
2024-02-25 10:54:50,407 - Closure_28 - INFO - defects4j checkout -p Closure -v 28b -w /home/chongchong/d4j-project/Closure_28
2024-02-25 10:54:52,147 - Closure_28 - INFO - checkout Closure 28b 成功
2024-02-25 10:55:03,531 - Closure_28 - INFO - 编译成功
2024-02-25 10:55:50,354 - Closure_28 - INFO - 测试失败
2024-02-25 10:55:50,354 - Closure_28 - INFO - Failing tests: 2
  - com.google.javascript.jscomp.InlineCostEstimatorTest::testCost
  - com.google.javascript.jscomp.InlineFunctionsTest::testIssue728

2024-02-25 10:55:51,376 - Closure_28 - INFO - 它的bug类型为:
2024-02-25 10:55:51,376 - Closure_28 - INFO - 3
2024-02-25 10:56:42,605 - Closure_28 - INFO - 开始验证补丁1 1:
2024-02-25 10:56:42,605 - Closure_28 - INFO - 
         }
        
         // Assuming the 'add' method is part of a larger block or class
   
2024-02-25 10:56:44,453 - Closure_28 - INFO - 编译失败
2024-02-25 10:56:44,453 - Closure_28 - INFO - 错误: 需要class, interface或enum
}
2024-02-25 10:56:44,453 - Closure_28 - INFO - 补丁1 1 未成功编译
2024-02-25 10:56:44,455 - Closure_28 - INFO - 开始验证补丁1 2:
2024-02-25 10:56:44,455 - Closure_28 - INFO - 
       }
   }
   
2024-02-25 10:56:46,250 - Closure_28 - INFO - 编译失败
2024-02-25 10:56:46,250 - Closure_28 - INFO - 错误: 需要class, interface或enum
}
2024-02-25 10:56:46,251 - Closure_28 - INFO - 补丁1 2 未成功编译
2024-02-25 10:56:46,252 - Closure_28 - INFO - 开始验证补丁1 3:
2024-02-25 10:56:46,252 - Closure_28 - INFO - 
        // Additional methods or comments

       }
   }
   
2024-02-25 10:56:48,059 - Closure_28 - INFO - 编译失败
2024-02-25 10:56:48,059 - Closure_28 - INFO - 错误: 需要class, interface或enum
}
2024-02-25 10:56:48,059 - Closure_28 - INFO - 补丁1 3 未成功编译
2024-02-25 10:56:48,060 - Closure_28 - INFO - 开始验证补丁1 4:
2024-02-25 10:56:48,060 - Closure_28 - INFO - 
      add(ESTIMATED_IDENTIFIER);
    }

    /**
     * Constants (true, false, null) are considered basically free,
     * because it's likely that they will get folded when we're done.
     */
  } // End of method or class block
}

2024-02-25 10:56:49,870 - Closure_28 - INFO - 编译失败
2024-02-25 10:56:49,870 - Closure_28 - INFO - 错误: 方法声明无效; 需要返回类型
add(ESTIMATED_IDENTIFIER);
2024-02-25 10:56:49,870 - Closure_28 - INFO - 补丁1 4 未成功编译
2024-02-25 10:56:49,871 - Closure_28 - INFO - 开始验证补丁1 5:
2024-02-25 10:56:49,871 - Closure_28 - INFO - 
      add(ESTIMATED_IDENTIFIER);
    }

    /**
     * Constants (true, false, null) are considered basically free,
     * because it's likely that they will get folded when we're done.
     */
    private void foldConstants() {
        // Method implementation for folding constants and assigning costs
    }
}

2024-02-25 10:56:51,661 - Closure_28 - INFO - 编译失败
2024-02-25 10:56:51,661 - Closure_28 - INFO - 错误: 方法声明无效; 需要返回类型
add(ESTIMATED_IDENTIFIER);
2024-02-25 10:56:51,661 - Closure_28 - INFO - 补丁1 5 未成功编译
2024-02-25 10:56:51,662 - Closure_28 - INFO - 开始验证补丁1 6:
2024-02-25 10:56:51,662 - Closure_28 - INFO - 
      add(ESTIMATED_IDENTIFIER);
    }

    /**
     * Constants (true, false, null) are considered basically free,
     * because it's likely that they will get folded when we're done.
     */
    interface ConstantFolder {
        // Interface methods and properties that dictate how folding is managed
    }
}

2024-02-25 10:56:53,428 - Closure_28 - INFO - 编译失败
2024-02-25 10:56:53,428 - Closure_28 - INFO - 错误: 方法声明无效; 需要返回类型
add(ESTIMATED_IDENTIFIER);
2024-02-25 10:56:53,428 - Closure_28 - INFO - 补丁1 6 未成功编译
2024-02-25 10:56:53,429 - Closure_28 - INFO - 开始验证补丁1 7:
2024-02-25 10:56:53,429 - Closure_28 - INFO - 
    }
}

2024-02-25 10:56:55,216 - Closure_28 - INFO - 编译失败
2024-02-25 10:56:55,216 - Closure_28 - INFO - 错误: 需要class, interface或enum
}
2024-02-25 10:56:55,216 - Closure_28 - INFO - 补丁1 7 未成功编译
2024-02-25 10:56:55,217 - Closure_28 - INFO - 开始验证补丁1 8:
2024-02-25 10:56:55,217 - Closure_28 - INFO - 
        // Additional code for cost calculation might go here

    }
}

2024-02-25 10:56:56,998 - Closure_28 - INFO - 编译失败
2024-02-25 10:56:56,998 - Closure_28 - INFO - 错误: 需要class, interface或enum
}
2024-02-25 10:56:56,998 - Closure_28 - INFO - 补丁1 8 未成功编译
2024-02-25 10:56:56,999 - Closure_28 - INFO - 开始验证补丁1 9:
2024-02-25 10:56:56,999 - Closure_28 - INFO - 
        return 1; // Assuming constants are assigned a cost of 1
    }
}

2024-02-25 10:56:58,787 - Closure_28 - INFO - 编译失败
2024-02-25 10:56:58,787 - Closure_28 - INFO - 错误: 非法的类型开始
return 1; // Assuming constants are assigned a cost of 1
2024-02-25 10:56:58,787 - Closure_28 - INFO - 补丁1 9 未成功编译
2024-02-25 10:56:58,788 - Closure_28 - INFO - 开始验证补丁2 1:
2024-02-25 10:56:58,788 - Closure_28 - INFO - 
  }
}

2024-02-25 10:57:00,576 - Closure_28 - INFO - 编译失败
2024-02-25 10:57:00,576 - Closure_28 - INFO - 错误: 需要class, interface或enum
}
2024-02-25 10:57:00,576 - Closure_28 - INFO - 补丁2 1 未成功编译
2024-02-25 10:57:00,577 - Closure_28 - INFO - 开始验证补丁2 2:
2024-02-25 10:57:00,577 - Closure_28 - INFO - 
    // Additional code related to cost optimization might be needed here
  }
}

2024-02-25 10:57:02,357 - Closure_28 - INFO - 编译失败
2024-02-25 10:57:02,357 - Closure_28 - INFO - 错误: 需要class, interface或enum
}
2024-02-25 10:57:02,357 - Closure_28 - INFO - 补丁2 2 未成功编译
2024-02-25 10:57:02,358 - Closure_28 - INFO - 开始验证补丁2 3:
2024-02-25 10:57:02,358 - Closure_28 - INFO - 
    // Implement cost calculation for constants here

    return 1; // assuming constants should have a cost of 1 as per the comment
  }
}

2024-02-25 10:57:04,153 - Closure_28 - INFO - 编译失败
2024-02-25 10:57:04,153 - Closure_28 - INFO - 错误: 非法的类型开始
return 1; // assuming constants should have a cost of 1 as per the comment
2024-02-25 10:57:04,153 - Closure_28 - INFO - 补丁2 3 未成功编译
2024-02-25 10:57:04,154 - Closure_28 - INFO - 开始验证补丁2 4:
2024-02-25 10:57:04,154 - Closure_28 - INFO - 
    }

    // Potential implementation of the cost calculation method
    private int calculateCost(Object constant) {
        if (constant instanceof Boolean || constant == null) {
            return 1; // Assign minimal cost for constants `true`, `false`, and `null`
        }
        // Additional cost calculation for other types if needed
        // ...
    }
}

2024-02-25 10:57:05,932 - Closure_28 - INFO - 编译失败
2024-02-25 10:57:05,932 - Closure_28 - INFO - 错误: 需要class, interface或enum
}
2024-02-25 10:57:05,932 - Closure_28 - INFO - 补丁2 4 未成功编译
2024-02-25 10:57:05,933 - Closure_28 - INFO - 开始验证补丁2 5:
2024-02-25 10:57:05,933 - Closure_28 - INFO - 
    }

    // Alternatively, a method to handle specifically the cost of constants
    private int costOfConstant() {
        return 1; // Constants have a cost of 1
    }
}

2024-02-25 10:57:07,719 - Closure_28 - INFO - 编译失败
2024-02-25 10:57:07,719 - Closure_28 - INFO - 错误: 需要class, interface或enum
}
2024-02-25 10:57:07,719 - Closure_28 - INFO - 补丁2 5 未成功编译
2024-02-25 10:57:07,720 - Closure_28 - INFO - 开始验证补丁2 6:
2024-02-25 10:57:07,720 - Closure_28 - INFO - 
    }

    // If `true`, `false`, `null` should have same costs, consider a general method
    private int getConstantCost() {
        // Implementation assumes constants cost is the same
        return 1;
    }
}

2024-02-25 10:57:09,495 - Closure_28 - INFO - 编译失败
2024-02-25 10:57:09,495 - Closure_28 - INFO - 错误: 需要class, interface或enum
}
2024-02-25 10:57:09,496 - Closure_28 - INFO - 补丁2 6 未成功编译
2024-02-25 10:57:09,497 - Closure_28 - INFO - 开始验证补丁2 7:
2024-02-25 10:57:09,497 - Closure_28 - INFO - 
}

2024-02-25 10:57:11,294 - Closure_28 - INFO - 编译失败
2024-02-25 10:57:11,294 - Closure_28 - INFO - 错误: 需要class, interface或enum
}
2024-02-25 10:57:11,294 - Closure_28 - INFO - 补丁2 7 未成功编译
2024-02-25 10:57:11,295 - Closure_28 - INFO - 开始验证补丁2 8:
2024-02-25 10:57:11,295 - Closure_28 - INFO - 
    // Code to handle constants' cost possibly goes here
}

2024-02-25 10:57:13,080 - Closure_28 - INFO - 编译失败
2024-02-25 10:57:13,080 - Closure_28 - INFO - 错误: 需要class, interface或enum
}
2024-02-25 10:57:13,080 - Closure_28 - INFO - 补丁2 8 未成功编译
2024-02-25 10:57:13,081 - Closure_28 - INFO - 开始验证补丁2 9:
2024-02-25 10:57:13,081 - Closure_28 - INFO - 
    // Placeholder for missing method or logic to handle constants' cost
    // Assumed implementation:
    private int costOfConstant(Object constant) {
        // Assuming constants should cost 1
        return 1;
    }
}

2024-02-25 10:57:14,859 - Closure_28 - INFO - 编译失败
2024-02-25 10:57:14,859 - Closure_28 - INFO - 错误: 需要class, interface或enum
}
2024-02-25 10:57:14,859 - Closure_28 - INFO - 补丁2 9 未成功编译
2024-02-25 10:57:14,860 - Closure_28 - INFO - 开始验证补丁3 1:
2024-02-25 10:57:14,860 - Closure_28 - INFO - 
}

/**
 * Constants (true, false, null) are considered basically free,
 * because it's likely that they will get folded when we're done.
 */

2024-02-25 10:57:16,652 - Closure_28 - INFO - 编译失败
2024-02-25 10:57:16,652 - Closure_28 - INFO - 错误: 需要class, interface或enum
}
2024-02-25 10:57:16,652 - Closure_28 - INFO - 补丁3 1 未成功编译
2024-02-25 10:57:16,653 - Closure_28 - INFO - 开始验证补丁3 2:
2024-02-25 10:57:16,653 - Closure_28 - INFO - 
// Additional logic or notes could be placed here if necessary

}

/**
 * Constants (true, false, null) are considered basically free,
 * because it's likely that they will get folded when we're done.
 */

2024-02-25 10:57:18,415 - Closure_28 - INFO - 编译失败
2024-02-25 10:57:18,415 - Closure_28 - INFO - 错误: 需要class, interface或enum
}
2024-02-25 10:57:18,416 - Closure_28 - INFO - 补丁3 2 未成功编译
2024-02-25 10:57:18,417 - Closure_28 - INFO - 开始验证补丁3 3:
2024-02-25 10:57:18,417 - Closure_28 - INFO - 
// TODO: Implement the cost calculation for constants (true, false, null)

}

/**
 * Constants (true, false, null) are considered basically free,
 * because it's likely that they will get folded when we're done.
 */

2024-02-25 10:57:20,205 - Closure_28 - INFO - 编译失败
2024-02-25 10:57:20,205 - Closure_28 - INFO - 错误: 需要class, interface或enum
}
2024-02-25 10:57:20,206 - Closure_28 - INFO - 补丁3 3 未成功编译
2024-02-25 10:57:20,207 - Closure_28 - INFO - 开始验证补丁3 4:
2024-02-25 10:57:20,207 - Closure_28 - INFO - 
  }
}

2024-02-25 10:57:20,207 - Closure_28 - INFO - 补丁3 4为重复的补丁
2024-02-25 10:57:20,208 - Closure_28 - INFO - 开始验证补丁3 5:
2024-02-25 10:57:20,208 - Closure_28 - INFO - 
    return 1;
  }
}

2024-02-25 10:57:22,008 - Closure_28 - INFO - 编译失败
2024-02-25 10:57:22,008 - Closure_28 - INFO - 错误: 非法的类型开始
return 1;
2024-02-25 10:57:22,008 - Closure_28 - INFO - 补丁3 5 未成功编译
2024-02-25 10:57:22,009 - Closure_28 - INFO - 开始验证补丁3 6:
2024-02-25 10:57:22,009 - Closure_28 - INFO - 
    // Method implementation that calculates the cost of expressions
    int calculateCost(Expression expr) {
        if (expr.isConstant()) {
            return 1; // Constants have a cost of 1
        }
        // Other cost calculations
        return DEFAULT_COST; // Placeholder for the default cost
    }
  }
}

2024-02-25 10:57:23,806 - Closure_28 - INFO - 编译失败
2024-02-25 10:57:23,806 - Closure_28 - INFO - 错误: 需要class, interface或enum
}
2024-02-25 10:57:23,807 - Closure_28 - INFO - 补丁3 6 未成功编译
2024-02-25 10:57:23,808 - Closure_28 - INFO - 开始验证补丁3 7:
2024-02-25 10:57:23,808 - Closure_28 - INFO - 
  }

  private int calculateCost(Expression expr) {
    // Checks if the expression is a constant
    if (expr is Constant) {
      // Constants have a cost of 1
      return 1;
    }
    // ... additional cost calculation logic for non-constants ...
  }
}

2024-02-25 10:57:25,586 - Closure_28 - INFO - 编译失败
2024-02-25 10:57:25,586 - Closure_28 - INFO - 错误: 需要')'
if (expr is Constant) {
2024-02-25 10:57:25,586 - Closure_28 - INFO - 补丁3 7 未成功编译
2024-02-25 10:57:25,588 - Closure_28 - INFO - 开始验证补丁3 8:
2024-02-25 10:57:25,588 - Closure_28 - INFO - 
  }

  private int getExpressionCost(Expression expr) {
    // Implementation that handles the constants with the presumed cost of 1
    return expr.isConstant() ? 1 : expr.complexityValue();
  }
}

2024-02-25 10:57:27,382 - Closure_28 - INFO - 编译失败
2024-02-25 10:57:27,382 - Closure_28 - INFO - 错误: 需要class, interface或enum
}
2024-02-25 10:57:27,382 - Closure_28 - INFO - 补丁3 8 未成功编译
2024-02-25 10:57:27,383 - Closure_28 - INFO - 开始验证补丁3 9:
2024-02-25 10:57:27,383 - Closure_28 - INFO - 
  }

  // Assuming Incorrect Implementation
  private int getCost(Expression expr) {
    // Presumed mistake: assigning constant expressions a cost of 4
    return 4; // This line should be corrected to return 1 for constants
  }
}

2024-02-25 10:57:29,169 - Closure_28 - INFO - 编译失败
2024-02-25 10:57:29,169 - Closure_28 - INFO - 错误: 需要class, interface或enum
}
2024-02-25 10:57:29,169 - Closure_28 - INFO - 补丁3 9 未成功编译
2024-02-25 10:57:29,169 - Closure_28 - INFO - Closure_28 未成功修复
