2024-02-26 00:24:49,165 - Closure_17 - INFO - rm -rf /home/chongchong/d4j-project/Closure_17
2024-02-26 00:24:49,166 - Closure_17 - INFO - 删除 Closure 17b 成功
2024-02-26 00:24:49,166 - Closure_17 - INFO - defects4j checkout -p Closure -v 17b -w /home/chongchong/d4j-project/Closure_17
2024-02-26 00:24:52,151 - Closure_17 - INFO - checkout Closure 17b 成功
2024-02-26 00:25:03,765 - Closure_17 - INFO - 编译成功
2024-02-26 00:25:51,181 - Closure_17 - INFO - 测试失败
2024-02-26 00:25:51,181 - Closure_17 - INFO - Failing tests: 1
  - com.google.javascript.jscomp.TypeCheckTest::testIssue688

2024-02-26 00:25:52,229 - Closure_17 - INFO - 它的bug类型为:
2024-02-26 00:25:52,229 - Closure_17 - INFO - 4
2024-02-26 00:27:30,622 - Closure_17 - INFO - 开始验证补丁1 1:
2024-02-26 00:27:30,622 - Closure_17 - INFO - 
if (rValue.getJSType() != null && !rValue.getJSType().isUnknownType()) {
  // If rValue has a type-cast, we use the type in the type-cast.
  knownType = rValue.getJSType();
} // Continue with the rest of the logic that was omitted by the placeholder.

2024-02-26 00:27:32,467 - Closure_17 - INFO - 编译失败
2024-02-26 00:27:32,467 - Closure_17 - INFO - 错误: 非法的类型开始
return getDeclaredTypeInAnnotation(sourceName, lValue, info);
2024-02-26 00:27:32,467 - Closure_17 - INFO - 补丁1 1 未成功编译
2024-02-26 00:27:32,468 - Closure_17 - INFO - 开始验证补丁1 2:
2024-02-26 00:27:32,468 - Closure_17 - INFO - 
if (rValue.getJSType() != null && !rValue.getJSType().isUnknownType()) {
  // Verify the type-cast is appropriate for rValue's actual type.
  JSType inferredType = rValue.getJSType().restrictByNotNullOrUndefined();
  if (inferredType.isSubtypeOf(knownType) || knownType.isEquivalentTo(inferredType)) {
    knownType = inferredType;
  } else {
    // Handle the case where the type-cast does not match the inferred type
    reportTypeMismatch(rValue, knownType, inferredType);
  }
} // Continue with additional logic.

2024-02-26 00:27:34,304 - Closure_17 - INFO - 编译失败
2024-02-26 00:27:34,304 - Closure_17 - INFO - 错误: 非法的类型开始
return getDeclaredTypeInAnnotation(sourceName, lValue, info);
2024-02-26 00:27:34,304 - Closure_17 - INFO - 补丁1 2 未成功编译
2024-02-26 00:27:34,305 - Closure_17 - INFO - 开始验证补丁1 3:
2024-02-26 00:27:34,305 - Closure_17 - INFO - 
if (rValue.getJSType() != null && !rValue.getJSType().isUnknownType()) {
  // If rValue has a type-cast, we initially use the type in the type-cast.
  knownType = rValue.getJSType();
} else {
  // If the type is unknown, further analysis may be required to determine the appropriate type
  JSType inferredType = performDeepTypeAnalysis(rValue);
  if (inferredType != null && !inferredType.isUnknownType()) {
    knownType = inferredType;
  }
} // Additional verification or logic may follow.

2024-02-26 00:27:36,151 - Closure_17 - INFO - 编译失败
2024-02-26 00:27:36,151 - Closure_17 - INFO - 错误: 非法的类型开始
return getDeclaredTypeInAnnotation(sourceName, lValue, info);
2024-02-26 00:27:36,151 - Closure_17 - INFO - 补丁1 3 未成功编译
2024-02-26 00:27:36,152 - Closure_17 - INFO - 开始验证补丁1 4:
2024-02-26 00:27:36,152 - Closure_17 - INFO - 
              if (rValue.getJSType() != null && !rValue.getJSType().isUnknownType()) {
                // If rValue has a type-cast, we use the type in the type-cast.
                knownType = rValue.getJSType();
              }

2024-02-26 00:27:38,036 - Closure_17 - INFO - 编译失败
2024-02-26 00:27:38,036 - Closure_17 - INFO - 错误: 非法的类型开始
return getDeclaredTypeInAnnotation(sourceName, lValue, info);
2024-02-26 00:27:38,037 - Closure_17 - INFO - 补丁1 4 未成功编译
2024-02-26 00:27:38,038 - Closure_17 - INFO - 开始验证补丁1 5:
2024-02-26 00:27:38,038 - Closure_17 - INFO - 
              if (rValue.getJSType() != null && !rValue.getJSType().isUnknownType()) {
                // If rValue has a type-cast, we temporarily use the type in the type-cast.
                knownType = rValue.getJSType();
                // Additional logic may be required here to verify knownType before use.
              }

2024-02-26 00:27:39,898 - Closure_17 - INFO - 编译失败
2024-02-26 00:27:39,898 - Closure_17 - INFO - 错误: 非法的类型开始
return getDeclaredTypeInAnnotation(sourceName, lValue, info);
2024-02-26 00:27:39,899 - Closure_17 - INFO - 补丁1 5 未成功编译
2024-02-26 00:27:39,900 - Closure_17 - INFO - 开始验证补丁1 6:
2024-02-26 00:27:39,900 - Closure_17 - INFO - 
              if (rValue.getJSType() != null) {
                // An explicit type is available, let's use it for further analysis.
                knownType = rValue.getJSType();
              } else if (!rValue.getJSType().isUnknownType()) {
                // Type is not explicitly known but not unknown, this case needs special handling.
                // Additional logic for when knownType is not explicitly set.
              }

2024-02-26 00:27:41,785 - Closure_17 - INFO - 编译失败
2024-02-26 00:27:41,785 - Closure_17 - INFO - 错误: 非法的类型开始
return getDeclaredTypeInAnnotation(sourceName, lValue, info);
2024-02-26 00:27:41,785 - Closure_17 - INFO - 补丁1 6 未成功编译
2024-02-26 00:27:41,786 - Closure_17 - INFO - 开始验证补丁1 7:
2024-02-26 00:27:41,786 - Closure_17 - INFO - 
if (rValue.getJSType() != null && !rValue.getJSType().isUnknownType()) {
  // If rValue has a type-cast, we use the type in the type-cast.
  knownType = rValue.getJSType();
}

2024-02-26 00:27:43,659 - Closure_17 - INFO - 编译失败
2024-02-26 00:27:43,659 - Closure_17 - INFO - 错误: 非法的类型开始
return getDeclaredTypeInAnnotation(sourceName, lValue, info);
2024-02-26 00:27:43,659 - Closure_17 - INFO - 补丁1 7 未成功编译
2024-02-26 00:27:43,660 - Closure_17 - INFO - 开始验证补丁1 8:
2024-02-26 00:27:43,660 - Closure_17 - INFO - 
if (rValue.getJSType() != null) {
  if (!rValue.getJSType().isUnknownType()) {
    // If rValue has a type-cast, we use the type in the type-cast.
    knownType = rValue.getJSType();
  } else {
    // Handle the case where rValue's type is unknown
    // Additional logic to handle unknown types could go here
  }
}

2024-02-26 00:27:45,509 - Closure_17 - INFO - 编译失败
2024-02-26 00:27:45,509 - Closure_17 - INFO - 错误: 非法的类型开始
return getDeclaredTypeInAnnotation(sourceName, lValue, info);
2024-02-26 00:27:45,509 - Closure_17 - INFO - 补丁1 8 未成功编译
2024-02-26 00:27:45,510 - Closure_17 - INFO - 开始验证补丁1 9:
2024-02-26 00:27:45,510 - Closure_17 - INFO - 
if (rValue.getJSType() != null) {
  JSType rValueType = rValue.getJSType();
  if (!rValueType.isUnknownType()) {
    // If rValue has a type-cast, we use the type in the type-cast.
    knownType = rValueType;
  } else {
    // Handle the case where rValue's type is unknown
    // Perhaps infer the type from context or evaluate further
    knownType = inferTypeFromContext(rValue);
  }
}

2024-02-26 00:27:47,383 - Closure_17 - INFO - 编译失败
2024-02-26 00:27:47,383 - Closure_17 - INFO - 错误: 非法的类型开始
return getDeclaredTypeInAnnotation(sourceName, lValue, info);
2024-02-26 00:27:47,383 - Closure_17 - INFO - 补丁1 9 未成功编译
2024-02-26 00:27:47,384 - Closure_17 - INFO - 开始验证补丁2 1:
2024-02-26 00:27:47,384 - Closure_17 - INFO - 
if (rValue.getJSType() != null && !rValue.getJSType().isUnknownType()) {
  // If rValue has a type-cast, we use the type in the type-cast.
  knownType = rValue.getJSType();
}

2024-02-26 00:27:47,384 - Closure_17 - INFO - 补丁2 1为重复的补丁
2024-02-26 00:27:47,385 - Closure_17 - INFO - 开始验证补丁2 2:
2024-02-26 00:27:47,385 - Closure_17 - INFO - 
if (rValue.getJSType() != null && !rValue.getJSType().isUnknownType()) {
  // If rValue has a type-cast, we use the type in the type-cast.
  if (expectedType.isEquivalentTo(rValue.getJSType()) || rValue.getJSType().isSubtypeOf(expectedType)) {
    return rValue.getJSType();
  }
}

2024-02-26 00:27:49,230 - Closure_17 - INFO - 编译失败
2024-02-26 00:27:49,230 - Closure_17 - INFO - 错误: 非法的类型开始
return getDeclaredTypeInAnnotation(sourceName, lValue, info);
2024-02-26 00:27:49,231 - Closure_17 - INFO - 补丁2 2 未成功编译
2024-02-26 00:27:49,232 - Closure_17 - INFO - 开始验证补丁2 3:
2024-02-26 00:27:49,232 - Closure_17 - INFO - 
if (rValue.getJSType() != null && !rValue.getJSType().isUnknownType()) {
  // If rValue has a type-cast, we use the type in the type-cast.
  JSType rValueType = rValue.getJSType();
  if (isExpectedType(rValueType)) {
    return rValueType;
  }
}

2024-02-26 00:27:51,106 - Closure_17 - INFO - 编译失败
2024-02-26 00:27:51,106 - Closure_17 - INFO - 错误: 非法的类型开始
return getDeclaredTypeInAnnotation(sourceName, lValue, info);
2024-02-26 00:27:51,106 - Closure_17 - INFO - 补丁2 3 未成功编译
2024-02-26 00:27:51,107 - Closure_17 - INFO - 开始验证补丁2 4:
2024-02-26 00:27:51,107 - Closure_17 - INFO - 
if (rValue.getJSType() != null && !rValue.getJSType().isUnknownType()) {
  // If rValue has a type-cast, we use the type in the type-cast.
  knownType = rValue.getJSType();
}

2024-02-26 00:27:51,107 - Closure_17 - INFO - 补丁2 4为重复的补丁
2024-02-26 00:27:51,108 - Closure_17 - INFO - 开始验证补丁2 5:
2024-02-26 00:27:51,108 - Closure_17 - INFO - 
if (rValue.getJSType() instanceof ObjectType && !rValue.getJSType().isUnknownType()) {
  // Assume rValue is an object with a known type, which isn't the unknown type
  knownType = rValue.getJSType();
}

2024-02-26 00:27:52,955 - Closure_17 - INFO - 编译失败
2024-02-26 00:27:52,955 - Closure_17 - INFO - 错误: 非法的类型开始
return getDeclaredTypeInAnnotation(sourceName, lValue, info);
2024-02-26 00:27:52,955 - Closure_17 - INFO - 补丁2 5 未成功编译
2024-02-26 00:27:52,956 - Closure_17 - INFO - 开始验证补丁2 6:
2024-02-26 00:27:52,956 - Closure_17 - INFO - 
if (rValue.getJSType() != null && !rValue.getJSType().isUnknownType() && rValue.getJSType().equals(expectedType)) {
  // Check if rValue's type matches expected type and is not unknown
  knownType = rValue.getJSType();
}

2024-02-26 00:27:54,795 - Closure_17 - INFO - 编译失败
2024-02-26 00:27:54,795 - Closure_17 - INFO - 错误: 非法的类型开始
return getDeclaredTypeInAnnotation(sourceName, lValue, info);
2024-02-26 00:27:54,795 - Closure_17 - INFO - 补丁2 6 未成功编译
2024-02-26 00:27:54,796 - Closure_17 - INFO - 开始验证补丁2 7:
2024-02-26 00:27:54,796 - Closure_17 - INFO - 
   if (rValue.getJSType() != null && !rValue.getJSType().isUnknownType()) {
     knownType = rValue.getJSType(); // Get the known type from rValue
     // Additional logic may be needed to ensure the type is correct and consistent
     // for the current context or usage.
   }
   
2024-02-26 00:27:56,628 - Closure_17 - INFO - 编译失败
2024-02-26 00:27:56,628 - Closure_17 - INFO - 错误: 非法的类型开始
return getDeclaredTypeInAnnotation(sourceName, lValue, info);
2024-02-26 00:27:56,628 - Closure_17 - INFO - 补丁2 7 未成功编译
2024-02-26 00:27:56,629 - Closure_17 - INFO - 开始验证补丁2 8:
2024-02-26 00:27:56,629 - Closure_17 - INFO - 
   if (rValue.getJSType() != null && !rValue.getJSType().isUnknownType()) {
     // Ensure the known type is appropriate for the context before returning
     JSType expectedType = getExpectedTypeForContext(); // Hypothetical method to get expected type
     if (rValue.getJSType().isEquivalentTo(expectedType)) {
       return rValue.getJSType(); // Return the type only if it matches the expected type
     }
   }
   
2024-02-26 00:27:58,492 - Closure_17 - INFO - 编译失败
2024-02-26 00:27:58,492 - Closure_17 - INFO - 错误: 非法的类型开始
return getDeclaredTypeInAnnotation(sourceName, lValue, info);
2024-02-26 00:27:58,492 - Closure_17 - INFO - 补丁2 8 未成功编译
2024-02-26 00:27:58,493 - Closure_17 - INFO - 开始验证补丁2 9:
2024-02-26 00:27:58,493 - Closure_17 - INFO - 
   if (rValue instanceof TypedRValue && ((TypedRValue)rValue).getTypeCast() != null) {
     return ((TypedRValue)rValue).getTypeCast(); // If rValue has a type-cast, return that type
   } else if (rValue.getJSType() != null && !rValue.getJSType().isUnknownType()) {
     return rValue.getJSType(); // Otherwise, use the rValue's type if known and not unknown
   }
   
2024-02-26 00:28:00,332 - Closure_17 - INFO - 编译失败
2024-02-26 00:28:00,332 - Closure_17 - INFO - 错误: 非法的类型开始
return getDeclaredTypeInAnnotation(sourceName, lValue, info);
2024-02-26 00:28:00,332 - Closure_17 - INFO - 补丁2 9 未成功编译
2024-02-26 00:28:00,333 - Closure_17 - INFO - 开始验证补丁3 1:
2024-02-26 00:28:00,333 - Closure_17 - INFO - 
if (rValue.getJSType() != null && !rValue.getJSType().isUnknownType() && rValue.isCast()) {
  // If rValue has a type-cast, use the type in the type-cast.
  knownType = rValue.getJSType();
}

2024-02-26 00:28:02,179 - Closure_17 - INFO - 编译失败
2024-02-26 00:28:02,179 - Closure_17 - INFO - 错误: 非法的类型开始
return getDeclaredTypeInAnnotation(sourceName, lValue, info);
2024-02-26 00:28:02,179 - Closure_17 - INFO - 补丁3 1 未成功编译
2024-02-26 00:28:02,181 - Closure_17 - INFO - 开始验证补丁3 2:
2024-02-26 00:28:02,181 - Closure_17 - INFO - 
if (rValue.isCast()) {
  // If rValue has a type-cast, use the type in the type-cast.
  knownType = rValue.getCastType();
}

2024-02-26 00:28:04,017 - Closure_17 - INFO - 编译失败
2024-02-26 00:28:04,017 - Closure_17 - INFO - 错误: 非法的类型开始
return getDeclaredTypeInAnnotation(sourceName, lValue, info);
2024-02-26 00:28:04,017 - Closure_17 - INFO - 补丁3 2 未成功编译
2024-02-26 00:28:04,018 - Closure_17 - INFO - 开始验证补丁3 3:
2024-02-26 00:28:04,018 - Closure_17 - INFO - 
if (rValue.getJSType() != null && !rValue.getJSType().isUnknownType()) {
  JSType typeFromCast = getTypeFromCast(rValue);
  if (typeFromCast != null) {
    // If rValue has a type-cast, use the type in the type-cast.
    knownType = typeFromCast;
  }
}

2024-02-26 00:28:05,864 - Closure_17 - INFO - 编译失败
2024-02-26 00:28:05,864 - Closure_17 - INFO - 错误: 非法的类型开始
return getDeclaredTypeInAnnotation(sourceName, lValue, info);
2024-02-26 00:28:05,864 - Closure_17 - INFO - 补丁3 3 未成功编译
2024-02-26 00:28:05,865 - Closure_17 - INFO - 开始验证补丁3 4:
2024-02-26 00:28:05,865 - Closure_17 - INFO - 
              if (rValue.getJSType() != null && !rValue.getJSType().isUnknownType()) {
                // If rValue has a type-cast, check for type-casting pattern and use that type
                if (rValue.isCast()) {
                  knownType = rValue.getCastType();
                } else {
                  knownType = rValue.getJSType();
                }
              }

2024-02-26 00:28:07,737 - Closure_17 - INFO - 编译失败
2024-02-26 00:28:07,737 - Closure_17 - INFO - 错误: 非法的类型开始
return getDeclaredTypeInAnnotation(sourceName, lValue, info);
2024-02-26 00:28:07,737 - Closure_17 - INFO - 补丁3 4 未成功编译
2024-02-26 00:28:07,738 - Closure_17 - INFO - 开始验证补丁3 5:
2024-02-26 00:28:07,738 - Closure_17 - INFO - 
              if (rValue.getJSType() != null && !rValue.getJSType().isUnknownType()) {
                // If rValue's type information comes from a type-cast, use the explicit casted type instead
                JSType explicitCastType = rValue.getExplicitCastType();
                if (explicitCastType != null) {
                  knownType = explicitCastType;
                } else {
                  knownType = rValue.getJSType();
                }
              }

2024-02-26 00:28:09,587 - Closure_17 - INFO - 编译失败
2024-02-26 00:28:09,587 - Closure_17 - INFO - 错误: 非法的类型开始
return getDeclaredTypeInAnnotation(sourceName, lValue, info);
2024-02-26 00:28:09,587 - Closure_17 - INFO - 补丁3 5 未成功编译
2024-02-26 00:28:09,588 - Closure_17 - INFO - 开始验证补丁3 6:
2024-02-26 00:28:09,588 - Closure_17 - INFO - 
              if (rValue.getJSType() != null && !rValue.getJSType().isUnknownType()) {
                // If rValue is associated with a type-cast, prioritize that type
                JSType castedType = rValue.hasTypeCast() ? rValue.getTypeFromCast() : null;
                if (castedType != null) {
                  knownType = castedType;
                } else {
                  knownType = rValue.getJSType();
                }
              }

2024-02-26 00:28:11,430 - Closure_17 - INFO - 编译失败
2024-02-26 00:28:11,430 - Closure_17 - INFO - 错误: 非法的类型开始
return getDeclaredTypeInAnnotation(sourceName, lValue, info);
2024-02-26 00:28:11,430 - Closure_17 - INFO - 补丁3 6 未成功编译
2024-02-26 00:28:11,432 - Closure_17 - INFO - 开始验证补丁3 7:
2024-02-26 00:28:11,432 - Closure_17 - INFO - 
if (rValue.getJSType() != null && !rValue.getJSType().isUnknownType()) {
  // If rValue has a type-cast, we use the type in the type-cast.
  // Assuming 'rValue' has a method 'hasTypeCast' to check for type-cast
  if (rValue.hasTypeCast()) {
    knownType = rValue.getJSType();
  }
}

2024-02-26 00:28:13,291 - Closure_17 - INFO - 编译失败
2024-02-26 00:28:13,291 - Closure_17 - INFO - 错误: 非法的类型开始
return getDeclaredTypeInAnnotation(sourceName, lValue, info);
2024-02-26 00:28:13,291 - Closure_17 - INFO - 补丁3 7 未成功编译
2024-02-26 00:28:13,292 - Closure_17 - INFO - 开始验证补丁3 8:
2024-02-26 00:28:13,292 - Closure_17 - INFO - 
if (rValue.getJSType() != null && !rValue.getJSType().isUnknownType()) {
  // If rValue has a type-cast, we use the type in the type-cast.
  // Check if `rValue` is a type-cast construct
  if (rValue instanceof TypeCast) {
    knownType = ((TypeCast) rValue).getCastType();
  }
}

2024-02-26 00:28:15,159 - Closure_17 - INFO - 编译失败
2024-02-26 00:28:15,159 - Closure_17 - INFO - 错误: 非法的类型开始
return getDeclaredTypeInAnnotation(sourceName, lValue, info);
2024-02-26 00:28:15,160 - Closure_17 - INFO - 补丁3 8 未成功编译
2024-02-26 00:28:15,161 - Closure_17 - INFO - 开始验证补丁3 9:
2024-02-26 00:28:15,161 - Closure_17 - INFO - 
if (rValue.getJSType() != null && !rValue.getJSType().isUnknownType()) {
  // If rValue has a type-cast, we use the type in the type-cast.
  if (rValue.isTypeCast()) {
    // Assuming 'getTypeCast' retrieves the type-cast type if available
    knownType = rValue.getTypeCast();
  }
}

2024-02-26 00:28:16,987 - Closure_17 - INFO - 编译失败
2024-02-26 00:28:16,987 - Closure_17 - INFO - 错误: 非法的类型开始
return getDeclaredTypeInAnnotation(sourceName, lValue, info);
2024-02-26 00:28:16,987 - Closure_17 - INFO - 补丁3 9 未成功编译
2024-02-26 00:28:16,987 - Closure_17 - INFO - Closure_17 未成功修复
