2024-02-25 11:59:32,213 - Closure_119 - INFO - rm -rf /home/chongchong/d4j-project/Closure_119
2024-02-25 11:59:32,214 - Closure_119 - INFO - 删除 Closure 119b 成功
2024-02-25 11:59:32,214 - Closure_119 - INFO - defects4j checkout -p Closure -v 119b -w /home/chongchong/d4j-project/Closure_119
2024-02-25 11:59:35,016 - Closure_119 - INFO - checkout Closure 119b 成功
2024-02-25 11:59:46,985 - Closure_119 - INFO - 编译成功
2024-02-25 12:00:45,199 - Closure_119 - INFO - 测试失败
2024-02-25 12:00:45,199 - Closure_119 - INFO - Failing tests: 1
  - com.google.javascript.jscomp.CheckGlobalNamesTest::testGlobalCatch

2024-02-25 12:00:46,214 - Closure_119 - INFO - 它的bug类型为:
2024-02-25 12:00:46,214 - Closure_119 - INFO - 3
2024-02-25 12:01:39,311 - Closure_119 - INFO - 开始验证补丁1 1:
2024-02-25 12:01:39,311 - Closure_119 - INFO - 
              case Token.INC:
                isSet = true;
                type = Name.Type.OTHER;
                break;

2024-02-25 12:01:41,381 - Closure_119 - INFO - 编译失败
2024-02-25 12:01:41,382 - Closure_119 - INFO - 错误: case 标签重复
case Token.INC:
2024-02-25 12:01:41,382 - Closure_119 - INFO - 补丁1 1 未成功编译
2024-02-25 12:01:41,383 - Closure_119 - INFO - 开始验证补丁1 2:
2024-02-25 12:01:41,383 - Closure_119 - INFO - 
              case Token.INC:
                isSet = false;
                type = Name.Type.UNKNOWN; // or any other appropriate Type based on the context
                break;

2024-02-25 12:01:43,437 - Closure_119 - INFO - 编译失败
2024-02-25 12:01:43,437 - Closure_119 - INFO - 错误: 找不到符号
type = Name.Type.UNKNOWN; // or any other appropriate Type based on the context
2024-02-25 12:01:43,437 - Closure_119 - INFO - 补丁1 2 未成功编译
2024-02-25 12:01:43,438 - Closure_119 - INFO - 开始验证补丁1 3:
2024-02-25 12:01:43,438 - Closure_119 - INFO - 
              case Token.INC:
                doSomeAdditionalOperation(); // This method needs to be defined elsewhere in the codebase
                isSet = true;
                type = Name.Type.OTHER;
                break;

2024-02-25 12:01:45,502 - Closure_119 - INFO - 编译失败
2024-02-25 12:01:45,502 - Closure_119 - INFO - 错误: 找不到符号
doSomeAdditionalOperation(); // This method needs to be defined elsewhere in the codebase
2024-02-25 12:01:45,502 - Closure_119 - INFO - 补丁1 3 未成功编译
2024-02-25 12:01:45,503 - Closure_119 - INFO - 开始验证补丁1 4:
2024-02-25 12:01:45,503 - Closure_119 - INFO - 
              case Token.INC:
                isSet = true;
                type = Name.Type.OTHER;
                break;

2024-02-25 12:01:45,503 - Closure_119 - INFO - 补丁1 4为重复的补丁
2024-02-25 12:01:45,504 - Closure_119 - INFO - 开始验证补丁1 5:
2024-02-25 12:01:45,504 - Closure_119 - INFO - 
              // Additional logic may be required here to handle the 'e' variable before the case label
              case Token.INC:
                isSet = true;
                // Handling 'e' variable, if this is the point where 'e' should be defined or modified
                type = Name.Type.OTHER;
                break;

2024-02-25 12:01:47,566 - Closure_119 - INFO - 编译失败
2024-02-25 12:01:47,567 - Closure_119 - INFO - 错误: case 标签重复
case Token.INC:
2024-02-25 12:01:47,567 - Closure_119 - INFO - 补丁1 5 未成功编译
2024-02-25 12:01:47,568 - Closure_119 - INFO - 开始验证补丁1 6:
2024-02-25 12:01:47,568 - Closure_119 - INFO - 
              case Token.INC:
                isSet = true;
                type = Name.Type.OTHER;
                break;
              // Here, additional checks or variable definitions might be added for correct error handling
              // For instance, defining or checking for the 'e' variable:
              // catch (Exception e) {
              //   // handle exception
              // }

2024-02-25 12:01:49,672 - Closure_119 - INFO - 编译失败
2024-02-25 12:01:49,673 - Closure_119 - INFO - 错误: case 标签重复
case Token.INC:
2024-02-25 12:01:49,673 - Closure_119 - INFO - 补丁1 6 未成功编译
2024-02-25 12:01:49,674 - Closure_119 - INFO - 开始验证补丁1 7:
2024-02-25 12:01:49,674 - Closure_119 - INFO - 
              case Token.INC:
                isSet = true;
                type = Name.Type.OTHER;
                break;
              case Token.DEC:

2024-02-25 12:01:51,764 - Closure_119 - INFO - 编译失败
2024-02-25 12:01:51,764 - Closure_119 - INFO - 错误: case 标签重复
case Token.INC:
2024-02-25 12:01:51,764 - Closure_119 - INFO - 补丁1 7 未成功编译
2024-02-25 12:01:51,765 - Closure_119 - INFO - 开始验证补丁1 8:
2024-02-25 12:01:51,765 - Closure_119 - INFO - 
              case Token.INC:
                isSet = false;
                type = Name.Type.OTHER;
                break;
              case Token.DEC:

2024-02-25 12:01:53,827 - Closure_119 - INFO - 编译失败
2024-02-25 12:01:53,827 - Closure_119 - INFO - 错误: case 标签重复
case Token.INC:
2024-02-25 12:01:53,827 - Closure_119 - INFO - 补丁1 8 未成功编译
2024-02-25 12:01:53,828 - Closure_119 - INFO - 开始验证补丁1 9:
2024-02-25 12:01:53,828 - Closure_119 - INFO - 
              case Token.INC:
                // Additional logic to handle the increment operation, if required
                isSet = true;
                type = Name.Type.FUNCTION; // assuming incrementing a function type is possible
                break;
              case Token.DEC:

2024-02-25 12:01:55,914 - Closure_119 - INFO - 编译失败
2024-02-25 12:01:55,914 - Closure_119 - INFO - 错误: case 标签重复
case Token.INC:
2024-02-25 12:01:55,914 - Closure_119 - INFO - 补丁1 9 未成功编译
2024-02-25 12:01:55,916 - Closure_119 - INFO - 开始验证补丁2 1:
2024-02-25 12:01:55,916 - Closure_119 - INFO - 
              case Token.INC:
                isSet = true;
                type = Name.Type.OTHER;
                break;

2024-02-25 12:01:55,916 - Closure_119 - INFO - 补丁2 1为重复的补丁
2024-02-25 12:01:55,917 - Closure_119 - INFO - 开始验证补丁2 2:
2024-02-25 12:01:55,917 - Closure_119 - INFO - 
              case Token.INC:
                isSet = true;
                type = Name.Type.SOME_OTHER_TYPE; // Assuming there might be a more appropriate type.
                break;

2024-02-25 12:01:57,969 - Closure_119 - INFO - 编译失败
2024-02-25 12:01:57,969 - Closure_119 - INFO - 错误: 找不到符号
type = Name.Type.SOME_OTHER_TYPE; // Assuming there might be a more appropriate type.
2024-02-25 12:01:57,970 - Closure_119 - INFO - 补丁2 2 未成功编译
2024-02-25 12:01:57,971 - Closure_119 - INFO - 开始验证补丁2 3:
2024-02-25 12:01:57,971 - Closure_119 - INFO - 
              case Token.INC:
                if (someSpecificCondition) {
                  // Handle a special case, possibly related to the catch block scope issue.
                }
                isSet = true;
                type = Name.Type.OTHER;
                break;

2024-02-25 12:02:00,034 - Closure_119 - INFO - 编译失败
2024-02-25 12:02:00,034 - Closure_119 - INFO - 错误: 找不到符号
if (someSpecificCondition) {
2024-02-25 12:02:00,034 - Closure_119 - INFO - 补丁2 3 未成功编译
2024-02-25 12:02:00,035 - Closure_119 - INFO - 开始验证补丁2 4:
2024-02-25 12:02:00,035 - Closure_119 - INFO - 
                case Token.INC:
                    isSet = true;
                    type = Name.Type.OTHER;
                    break;

2024-02-25 12:02:02,092 - Closure_119 - INFO - 编译失败
2024-02-25 12:02:02,092 - Closure_119 - INFO - 错误: case 标签重复
case Token.INC:
2024-02-25 12:02:02,092 - Closure_119 - INFO - 补丁2 4 未成功编译
2024-02-25 12:02:02,093 - Closure_119 - INFO - 开始验证补丁2 5:
2024-02-25 12:02:02,093 - Closure_119 - INFO - 
                // Correct placeholder should be the `case` for the increment, using the token `Token.INC`.
                case Token.INC:
                    // The rest of the behavior might be similar to the `Token.DEC` case.
                    isSet = true; 
                    type = Name.Type.OTHER; 
                    break; 

2024-02-25 12:02:04,153 - Closure_119 - INFO - 编译失败
2024-02-25 12:02:04,153 - Closure_119 - INFO - 错误: case 标签重复
case Token.INC:
2024-02-25 12:02:04,153 - Closure_119 - INFO - 补丁2 5 未成功编译
2024-02-25 12:02:04,155 - Closure_119 - INFO - 开始验证补丁2 6:
2024-02-25 12:02:04,155 - Closure_119 - INFO - 
                // Assuming the previous case handling for `Token.DEC` is correct,
                // we only need to add a similar case for `Token.INC`.
                case Token.INC: // Added case for Token.INC
                    isSet = true; 
                    type = Name.Type.OTHER; 
                    break; // Break is important to prevent fall-through to other cases

2024-02-25 12:02:06,207 - Closure_119 - INFO - 编译失败
2024-02-25 12:02:06,207 - Closure_119 - INFO - 错误: case 标签重复
case Token.INC:
2024-02-25 12:02:06,207 - Closure_119 - INFO - 补丁2 6 未成功编译
2024-02-25 12:02:06,208 - Closure_119 - INFO - 开始验证补丁2 7:
2024-02-25 12:02:06,208 - Closure_119 - INFO - 
              case Token.INC:
                isSet = true;
                type = Name.Type.OTHER;
                break;

2024-02-25 12:02:06,208 - Closure_119 - INFO - 补丁2 7为重复的补丁
2024-02-25 12:02:06,209 - Closure_119 - INFO - 开始验证补丁2 8:
2024-02-25 12:02:06,209 - Closure_119 - INFO - 
              case Token.INC:
                isSet = true;
                type = Name.Type.FUNCTION; // assuming increment should be treated similar to a function in this context
                break;

2024-02-25 12:02:08,300 - Closure_119 - INFO - 编译失败
2024-02-25 12:02:08,300 - Closure_119 - INFO - 错误: case 标签重复
case Token.INC:
2024-02-25 12:02:08,300 - Closure_119 - INFO - 补丁2 8 未成功编译
2024-02-25 12:02:08,301 - Closure_119 - INFO - 开始验证补丁2 9:
2024-02-25 12:02:08,301 - Closure_119 - INFO - 
              case Token.INC: // assuming the absence of custom logic indicates that 'isSet' should be false for increments
                isSet = false;
                type = Name.Type.OTHER;
                break;

2024-02-25 12:02:10,359 - Closure_119 - INFO - 编译失败
2024-02-25 12:02:10,359 - Closure_119 - INFO - 错误: case 标签重复
case Token.INC:
2024-02-25 12:02:10,359 - Closure_119 - INFO - 补丁2 9 未成功编译
2024-02-25 12:02:10,360 - Closure_119 - INFO - 开始验证补丁3 1:
2024-02-25 12:02:10,360 - Closure_119 - INFO - 
              case Token.INC:
                isSet = true;
                type = Name.Type.OTHER;
                break;

2024-02-25 12:02:10,360 - Closure_119 - INFO - 补丁3 1为重复的补丁
2024-02-25 12:02:10,366 - Closure_119 - INFO - 开始验证补丁3 2:
2024-02-25 12:02:10,366 - Closure_119 - INFO - 
              case Token.INC:
                isSet = true;
                type = Name.Type.NUMBER;
                break;

2024-02-25 12:02:12,431 - Closure_119 - INFO - 编译失败
2024-02-25 12:02:12,431 - Closure_119 - INFO - 错误: 找不到符号
type = Name.Type.NUMBER;
2024-02-25 12:02:12,431 - Closure_119 - INFO - 补丁3 2 未成功编译
2024-02-25 12:02:12,432 - Closure_119 - INFO - 开始验证补丁3 3:
2024-02-25 12:02:12,433 - Closure_119 - INFO - 
              case Token.INC:
                // Implementation of specific logic for increment operator if required
                isSet = true;
                // Maybe the increment leads to a different type or a special case handling
                type = Name.Type.SPECIAL_INCREMENT;
                break;

2024-02-25 12:02:14,520 - Closure_119 - INFO - 编译失败
2024-02-25 12:02:14,520 - Closure_119 - INFO - 错误: 找不到符号
type = Name.Type.SPECIAL_INCREMENT;
2024-02-25 12:02:14,520 - Closure_119 - INFO - 补丁3 3 未成功编译
2024-02-25 12:02:14,521 - Closure_119 - INFO - 开始验证补丁3 4:
2024-02-25 12:02:14,521 - Closure_119 - INFO - 
              case Token.INC:
                isSet = true;
                type = Name.Type.OTHER;
                break;

2024-02-25 12:02:14,521 - Closure_119 - INFO - 补丁3 4为重复的补丁
2024-02-25 12:02:14,526 - Closure_119 - INFO - 开始验证补丁3 5:
2024-02-25 12:02:14,527 - Closure_119 - INFO - 
              case Token.INC:
                if (NodeUtil.isModifyOperation(parent)) {
                  isSet = true;
                  type = Name.Type.MODIFY;
                } else {
                  isSet = false;
                }
                break;

2024-02-25 12:02:16,594 - Closure_119 - INFO - 编译失败
2024-02-25 12:02:16,594 - Closure_119 - INFO - 错误: 找不到符号
if (NodeUtil.isModifyOperation(parent)) {
2024-02-25 12:02:16,594 - Closure_119 - INFO - 补丁3 5 未成功编译
2024-02-25 12:02:16,595 - Closure_119 - INFO - 开始验证补丁3 6:
2024-02-25 12:02:16,595 - Closure_119 - INFO - 
              case Token.INC:
                // Additional logic to ensure 'e' is defined before incrementing
                if (isVariableDefined(e)) {
                  isSet = true;
                  type = Name.Type.OTHER;
                } else {
                  throw new UndefinedNameException("Variable 'e' is not defined");
                }
                break;

2024-02-25 12:02:18,671 - Closure_119 - INFO - 编译失败
2024-02-25 12:02:18,671 - Closure_119 - INFO - 错误: 找不到符号
if (isVariableDefined(e)) {
2024-02-25 12:02:18,671 - Closure_119 - INFO - 补丁3 6 未成功编译
2024-02-25 12:02:18,672 - Closure_119 - INFO - 开始验证补丁3 7:
2024-02-25 12:02:18,672 - Closure_119 - INFO - 
              case Token.INC:  // Assuming this was the missing case
                isSet = true;
                type = Name.Type.OTHER;
                break;

2024-02-25 12:02:20,715 - Closure_119 - INFO - 编译失败
2024-02-25 12:02:20,715 - Closure_119 - INFO - 错误: case 标签重复
case Token.INC:
2024-02-25 12:02:20,715 - Closure_119 - INFO - 补丁3 7 未成功编译
2024-02-25 12:02:20,716 - Closure_119 - INFO - 开始验证补丁3 8:
2024-02-25 12:02:20,717 - Closure_119 - INFO - 
              case Token.INC:
                isSet = true;
                type = Name.Type.NUMBER;  // If a different type classification is needed for the increment operation
                break;

2024-02-25 12:02:22,774 - Closure_119 - INFO - 编译失败
2024-02-25 12:02:22,774 - Closure_119 - INFO - 错误: 找不到符号
type = Name.Type.NUMBER;  // If a different type classification is needed for the increment operation
2024-02-25 12:02:22,774 - Closure_119 - INFO - 补丁3 8 未成功编译
2024-02-25 12:02:22,775 - Closure_119 - INFO - 开始验证补丁3 9:
2024-02-25 12:02:22,776 - Closure_119 - INFO - 
              // Assuming that the increment case needs a different handler
              case Token.INC:
                isSet = false; // If the isSet should not be true for increment operations
                // Potential custom logic for the increment operation
                break;

2024-02-25 12:02:24,850 - Closure_119 - INFO - 编译失败
2024-02-25 12:02:24,850 - Closure_119 - INFO - 错误: case 标签重复
case Token.INC:
2024-02-25 12:02:24,850 - Closure_119 - INFO - 补丁3 9 未成功编译
2024-02-25 12:02:24,850 - Closure_119 - INFO - Closure_119 未成功修复
