2024-02-25 11:26:37,236 - Closure_107 - INFO - rm -rf /home/chongchong/d4j-project/Closure_107
2024-02-25 11:26:37,237 - Closure_107 - INFO - 删除 Closure 107b 成功
2024-02-25 11:26:37,237 - Closure_107 - INFO - defects4j checkout -p Closure -v 107b -w /home/chongchong/d4j-project/Closure_107
2024-02-25 11:26:40,036 - Closure_107 - INFO - checkout Closure 107b 成功
2024-02-25 11:26:52,499 - Closure_107 - INFO - 编译成功
2024-02-25 11:27:51,234 - Closure_107 - INFO - 测试失败
2024-02-25 11:27:51,234 - Closure_107 - INFO - Failing tests: 1
  - com.google.javascript.jscomp.CommandLineRunnerTest::testGetMsgWiringNoWarnings

2024-02-25 11:27:52,274 - Closure_107 - INFO - 它的bug类型为:
2024-02-25 11:27:52,274 - Closure_107 - INFO - 3
2024-02-25 11:29:09,219 - Closure_107 - INFO - 开始验证补丁1 1:
2024-02-25 11:29:09,219 - Closure_107 - INFO - 
      // Remove the erroneous closing brace
      // implementation of goog.getMsg that makes the substitution at
      // run-time.
      //
      // In ADVANCED mode, goog.getMsg is going to be renamed anyway,
      // so we might as well inline it. But shut off the i18n warnings,
      // because the user didn't really ask for i18n.
      options.messageBundle = new EmptyMessageBundle();

      // No additional code required here, placeholder removed

    return options;
  }

  @Override
  protected Compiler createCompiler() {
    return new Compiler(getErrorPrintStream());

2024-02-25 11:29:11,059 - Closure_107 - INFO - 编译失败
2024-02-25 11:29:11,059 - Closure_107 - INFO - 错误: 需要';'
protected Compiler createCompiler() {
2024-02-25 11:29:11,059 - Closure_107 - INFO - 补丁1 1 未成功编译
2024-02-25 11:29:11,060 - Closure_107 - INFO - 开始验证补丁1 2:
2024-02-25 11:29:11,060 - Closure_107 - INFO - 
      // Close an existing block before the return statement, assuming there might be an omitted block of code
      options.messageBundle = new EmptyMessageBundle();
      // ... Possibly some other code related to options configuration
    } // Close the block before the return statement

    return options;
  }

  @Override
  protected Compiler createCompiler() {
    return new Compiler(getErrorPrintStream());

2024-02-25 11:29:12,881 - Closure_107 - INFO - 编译失败
2024-02-25 11:29:12,881 - Closure_107 - INFO - 错误: 非法的类型开始
return options;
2024-02-25 11:29:12,881 - Closure_107 - INFO - 补丁1 2 未成功编译
2024-02-25 11:29:12,882 - Closure_107 - INFO - 开始验证补丁1 3:
2024-02-25 11:29:12,882 - Closure_107 - INFO - 
      // Assuming there might be a missing if statement or loop before the placeholder
      if (someCondition) {
          // related code if condition is true
          options.messageBundle = new EmptyMessageBundle();
      } // Now the curly brace correctly closes the block

    return options;
  }

  @Override
  protected Compiler createCompiler() {
    return new Compiler(getErrorPrintStream());

2024-02-25 11:29:14,727 - Closure_107 - INFO - 编译失败
2024-02-25 11:29:14,727 - Closure_107 - INFO - 错误: 需要';'
protected Compiler createCompiler() {
2024-02-25 11:29:14,727 - Closure_107 - INFO - 补丁1 3 未成功编译
2024-02-25 11:29:14,728 - Closure_107 - INFO - 开始验证补丁1 4:
2024-02-25 11:29:14,728 - Closure_107 - INFO - 
      // No additional code needed to be added; the extra brace should be removed.

2024-02-25 11:29:19,011 - Closure_107 - INFO - 编译成功
2024-02-25 11:30:19,490 - Closure_107 - INFO - 测试失败
2024-02-25 11:30:19,496 - Closure_107 - INFO - Failing tests: 1
  - com.google.javascript.jscomp.CommandLineRunnerTest::testGetMsgWiringNoWarnings

2024-02-25 11:30:20,005 - Closure_107 - INFO - 选择失败的测试用例为:
2024-02-25 11:30:20,005 - Closure_107 - INFO - com.google.javascript.jscomp.CommandLineRunnerTest::testGetMsgWiringNoWarnings
2024-02-25 11:30:20,005 - Closure_107 - INFO - 失败的测试代码为:
2024-02-25 11:30:20,005 - Closure_107 - INFO -     test("/** @desc A bad foo. */ var MSG_FOO = 1;", "");

2024-02-25 11:30:20,005 - Closure_107 - INFO - 失败信息为:
2024-02-25 11:30:20,005 - Closure_107 - INFO - junit.framework.AssertionFailedError: Expected no warnings or errors

2024-02-25 11:30:20,005 - Closure_107 - INFO - 补丁1 4测试失败
2024-02-25 11:30:20,006 - Closure_107 - INFO - 开始验证补丁1 5:
2024-02-25 11:30:20,006 - Closure_107 - INFO - 
      // It's possible a block of code was intended but not included.
      // The specifics of the block would depend on the surrounding context.
      // Example placeholder for additional logic:
      // Perform some important operation here

2024-02-25 11:30:24,318 - Closure_107 - INFO - 编译成功
2024-02-25 11:31:25,235 - Closure_107 - INFO - 测试失败
2024-02-25 11:31:25,235 - Closure_107 - INFO - Failing tests: 1
  - com.google.javascript.jscomp.CommandLineRunnerTest::testGetMsgWiringNoWarnings

2024-02-25 11:31:25,749 - Closure_107 - INFO - 选择失败的测试用例为:
2024-02-25 11:31:25,749 - Closure_107 - INFO - com.google.javascript.jscomp.CommandLineRunnerTest::testGetMsgWiringNoWarnings
2024-02-25 11:31:25,749 - Closure_107 - INFO - 失败的测试代码为:
2024-02-25 11:31:25,749 - Closure_107 - INFO -     test("/** @desc A bad foo. */ var MSG_FOO = 1;", "");

2024-02-25 11:31:25,749 - Closure_107 - INFO - 失败信息为:
2024-02-25 11:31:25,749 - Closure_107 - INFO - junit.framework.AssertionFailedError: Expected no warnings or errors

2024-02-25 11:31:25,749 - Closure_107 - INFO - 补丁1 5测试失败
2024-02-25 11:31:25,750 - Closure_107 - INFO - 开始验证补丁1 6:
2024-02-25 11:31:25,750 - Closure_107 - INFO - 
      // If the closing brace was meant to end a previous block,
      // ensure all necessary blocks are properly closed before `return options;`.
      // This is less likely since the method seems to end shortly after.

2024-02-25 11:31:30,072 - Closure_107 - INFO - 编译成功
2024-02-25 11:32:30,651 - Closure_107 - INFO - 测试失败
2024-02-25 11:32:30,651 - Closure_107 - INFO - Failing tests: 1
  - com.google.javascript.jscomp.CommandLineRunnerTest::testGetMsgWiringNoWarnings

2024-02-25 11:32:31,163 - Closure_107 - INFO - 选择失败的测试用例为:
2024-02-25 11:32:31,163 - Closure_107 - INFO - com.google.javascript.jscomp.CommandLineRunnerTest::testGetMsgWiringNoWarnings
2024-02-25 11:32:31,163 - Closure_107 - INFO - 失败的测试代码为:
2024-02-25 11:32:31,163 - Closure_107 - INFO -     test("/** @desc A bad foo. */ var MSG_FOO = 1;", "");

2024-02-25 11:32:31,163 - Closure_107 - INFO - 失败信息为:
2024-02-25 11:32:31,163 - Closure_107 - INFO - junit.framework.AssertionFailedError: Expected no warnings or errors

2024-02-25 11:32:31,163 - Closure_107 - INFO - 补丁1 6测试失败
2024-02-25 11:32:31,164 - Closure_107 - INFO - 开始验证补丁1 7:
2024-02-25 11:32:31,164 - Closure_107 - INFO - 
      // Implementation details or additional method code may go here

    } // End of the goog.getMsg method block

    return options;
  }

2024-02-25 11:32:32,984 - Closure_107 - INFO - 编译失败
2024-02-25 11:32:32,984 - Closure_107 - INFO - 错误: 需要class, interface或enum
return options;
2024-02-25 11:32:32,984 - Closure_107 - INFO - 补丁1 7 未成功编译
2024-02-25 11:32:32,986 - Closure_107 - INFO - 开始验证补丁1 8:
2024-02-25 11:32:32,986 - Closure_107 - INFO - 
      // Additional implementation details
      // You can add more code here if needed

    } // Correctly close the block before returning options

    return options;
  }

2024-02-25 11:32:34,867 - Closure_107 - INFO - 编译失败
2024-02-25 11:32:34,867 - Closure_107 - INFO - 错误: 需要class, interface或enum
return options;
2024-02-25 11:32:34,867 - Closure_107 - INFO - 补丁1 8 未成功编译
2024-02-25 11:32:34,868 - Closure_107 - INFO - 开始验证补丁1 9:
2024-02-25 11:32:34,868 - Closure_107 - INFO - 
      // Pseudo-code representing the missing logic or a call to a method
      performSubstitutions(options);

    } // Include necessary logic and then close the block

    return options;
  }

2024-02-25 11:32:36,692 - Closure_107 - INFO - 编译失败
2024-02-25 11:32:36,692 - Closure_107 - INFO - 错误: 需要class, interface或enum
return options;
2024-02-25 11:32:36,692 - Closure_107 - INFO - 补丁1 9 未成功编译
2024-02-25 11:32:36,693 - Closure_107 - INFO - 开始验证补丁2 1:
2024-02-25 11:32:36,693 - Closure_107 - INFO - 
      options.messageBundle = new EmptyMessageBundle();
      // No additional code needed here

      return options;
  }

  @Override
  protected Compiler createCompiler() {
    return new Compiler(getErrorPrintStream());
}

2024-02-25 11:32:38,509 - Closure_107 - INFO - 编译失败
2024-02-25 11:32:38,509 - Closure_107 - INFO - 错误: 需要';'
protected Compiler createCompiler() {
2024-02-25 11:32:38,509 - Closure_107 - INFO - 补丁2 1 未成功编译
2024-02-25 11:32:38,510 - Closure_107 - INFO - 开始验证补丁2 2:
2024-02-25 11:32:38,510 - Closure_107 - INFO - 
      options.messageBundle = new EmptyMessageBundle();
      // Missing logic or configuration goes here, for example:
      // options.setSomeConfiguration(value);

      return options;
  }

  @Override
  protected Compiler createCompiler() {
    return new Compiler(getErrorPrintStream());
}

2024-02-25 11:32:40,351 - Closure_107 - INFO - 编译失败
2024-02-25 11:32:40,351 - Closure_107 - INFO - 错误: 需要';'
protected Compiler createCompiler() {
2024-02-25 11:32:40,351 - Closure_107 - INFO - 补丁2 2 未成功编译
2024-02-25 11:32:40,352 - Closure_107 - INFO - 开始验证补丁2 3:
2024-02-25 11:32:40,353 - Closure_107 - INFO - 
      options.messageBundle = new EmptyMessageBundle();
      try {
          // Code that could throw an exception or requires additional handling
      } catch (Exception e) {
          // Exception handling
      }

      return options;
  }

  @Override
  protected Compiler createCompiler() {
    return new Compiler(getErrorPrintStream());
}

2024-02-25 11:32:42,176 - Closure_107 - INFO - 编译失败
2024-02-25 11:32:42,176 - Closure_107 - INFO - 错误: 需要';'
protected Compiler createCompiler() {
2024-02-25 11:32:42,176 - Closure_107 - INFO - 补丁2 3 未成功编译
2024-02-25 11:32:42,177 - Closure_107 - INFO - 开始验证补丁2 4:
2024-02-25 11:32:42,177 - Closure_107 - INFO - 
      // No additional code needed; remove the placeholder and fix the stray brace.
      options.messageBundle = new EmptyMessageBundle();
      // The <fill> placeholder is removed and the code block is properly closed.

      return options;
  }

2024-02-25 11:32:44,000 - Closure_107 - INFO - 编译失败
2024-02-25 11:32:44,000 - Closure_107 - INFO - 错误: 非法的类型开始
return options;
2024-02-25 11:32:44,000 - Closure_107 - INFO - 补丁2 4 未成功编译
2024-02-25 11:32:44,001 - Closure_107 - INFO - 开始验证补丁2 5:
2024-02-25 11:32:44,001 - Closure_107 - INFO - 
      // If the <fill> was meant to close the 'goog.getMsg' configuration block, add the missing code that completes the functionality.
      options.messageBundle = new EmptyMessageBundle();
      // Additional configuration or method invocations might go here
      // ...
      // Ensure the block is properly closed with a closing brace.
      return options;
  }

2024-02-25 11:32:45,846 - Closure_107 - INFO - 编译失败
2024-02-25 11:32:45,846 - Closure_107 - INFO - 错误: 非法的类型开始
return options;
2024-02-25 11:32:45,847 - Closure_107 - INFO - 补丁2 5 未成功编译
2024-02-25 11:32:45,848 - Closure_107 - INFO - 开始验证补丁2 6:
2024-02-25 11:32:45,848 - Closure_107 - INFO - 
      // If the placeholder indicates there should be an entire block of code, replace <fill> with the appropriate code.
      options.messageBundle = new EmptyMessageBundle();
      // hypothetical method to configure the 'goog.getMsg' functionality without i18n warnings.
      configureGoogGetMsg(options);
      return options;
  }
  
  // The implementation of the 'configureGoogGetMsg' method (or similar) would follow.

2024-02-25 11:32:47,678 - Closure_107 - INFO - 编译失败
2024-02-25 11:32:47,678 - Closure_107 - INFO - 错误: 非法的类型开始
return options;
2024-02-25 11:32:47,678 - Closure_107 - INFO - 补丁2 6 未成功编译
2024-02-25 11:32:47,680 - Closure_107 - INFO - 开始验证补丁2 7:
2024-02-25 11:32:47,680 - Closure_107 - INFO - 
      // Existing code...
      options.messageBundle = new EmptyMessageBundle();
    }
    // Additional necessary code here if any

    return options;
  }
  // ...

2024-02-25 11:32:49,503 - Closure_107 - INFO - 编译失败
2024-02-25 11:32:49,503 - Closure_107 - INFO - 错误: 需要class, interface或enum
return options;
2024-02-25 11:32:49,503 - Closure_107 - INFO - 补丁2 7 未成功编译
2024-02-25 11:32:49,504 - Closure_107 - INFO - 开始验证补丁2 8:
2024-02-25 11:32:49,504 - Closure_107 - INFO - 
      // Existing code...
      options.messageBundle = new EmptyMessageBundle();
      // Additional logic related to setting 'options' could go here

    return options;
  }
  // ...

2024-02-25 11:32:51,313 - Closure_107 - INFO - 编译失败
2024-02-25 11:32:51,313 - Closure_107 - INFO - 错误: 非法的类型开始
return options;
2024-02-25 11:32:51,313 - Closure_107 - INFO - 补丁2 8 未成功编译
2024-02-25 11:32:51,315 - Closure_107 - INFO - 开始验证补丁2 9:
2024-02-25 11:32:51,315 - Closure_107 - INFO - 
      // Existing code...
      options.messageBundle = new EmptyMessageBundle();
      // Suppose additional configuration is necessary for options
      configureOptions(options);
      return options;
    }
    // Additional functions related to the configuration could be defined here

  // ...

2024-02-25 11:32:53,172 - Closure_107 - INFO - 编译失败
2024-02-25 11:32:53,172 - Closure_107 - INFO - 错误: 非法的类型开始
return options;
2024-02-25 11:32:53,172 - Closure_107 - INFO - 补丁2 9 未成功编译
2024-02-25 11:32:53,174 - Closure_107 - INFO - 开始验证补丁3 1:
2024-02-25 11:32:53,174 - Closure_107 - INFO - 
    // No additional code is necessary to fill this gap; the existing closing brace is correct
  }

2024-02-25 11:32:54,994 - Closure_107 - INFO - 编译失败
2024-02-25 11:32:54,994 - Closure_107 - INFO - 错误: 非法的类型开始
return options;
2024-02-25 11:32:54,994 - Closure_107 - INFO - 补丁3 1 未成功编译
2024-02-25 11:32:54,995 - Closure_107 - INFO - 开始验证补丁3 2:
2024-02-25 11:32:54,995 - Closure_107 - INFO - 
    // If additional logic is required within the method before the closing brace:
    // [Insert necessary code here]
    
  }

2024-02-25 11:32:56,835 - Closure_107 - INFO - 编译失败
2024-02-25 11:32:56,835 - Closure_107 - INFO - 错误: 非法的类型开始
return options;
2024-02-25 11:32:56,835 - Closure_107 - INFO - 补丁3 2 未成功编译
2024-02-25 11:32:56,837 - Closure_107 - INFO - 开始验证补丁3 3:
2024-02-25 11:32:56,837 - Closure_107 - INFO - 
    // If the closing brace was intended to end an inner block, not the method:
    // [Insert any code related to the inner block here, if any]
    }
    // Additional code or logic that belongs to the method but outside the inner block
  }

2024-02-25 11:32:58,645 - Closure_107 - INFO - 编译失败
2024-02-25 11:32:58,645 - Closure_107 - INFO - 错误: 需要class, interface或enum
return options;
2024-02-25 11:32:58,646 - Closure_107 - INFO - 补丁3 3 未成功编译
2024-02-25 11:32:58,647 - Closure_107 - INFO - 开始验证补丁3 4:
2024-02-25 11:32:58,647 - Closure_107 - INFO - 
      // Remove the placeholder and close the previous method correctly
      return options;
  }

2024-02-25 11:33:00,498 - Closure_107 - INFO - 编译失败
2024-02-25 11:33:00,498 - Closure_107 - INFO - 错误: 非法的类型开始
return options;
2024-02-25 11:33:00,499 - Closure_107 - INFO - 补丁3 4 未成功编译
2024-02-25 11:33:00,500 - Closure_107 - INFO - 开始验证补丁3 5:
2024-02-25 11:33:00,500 - Closure_107 - INFO - 
      // if block or loop closure, if applicable, followed by method closure
      if (someCondition) {
        // Some code here
      } // Missing closure of the block introduced above
      return options;
  }

2024-02-25 11:33:02,305 - Closure_107 - INFO - 编译失败
2024-02-25 11:33:02,305 - Closure_107 - INFO - 错误: 非法的类型开始
return options;
2024-02-25 11:33:02,305 - Closure_107 - INFO - 补丁3 5 未成功编译
2024-02-25 11:33:02,306 - Closure_107 - INFO - 开始验证补丁3 6:
2024-02-25 11:33:02,306 - Closure_107 - INFO - 
      // Closure of a nested class or a local method
      class SomeNestedClass {
        // ...
      } // Closure of the nested class
      return options;
  }

2024-02-25 11:33:04,121 - Closure_107 - INFO - 编译失败
2024-02-25 11:33:04,121 - Closure_107 - INFO - 错误: 非法的类型开始
return options;
2024-02-25 11:33:04,121 - Closure_107 - INFO - 补丁3 6 未成功编译
2024-02-25 11:33:04,122 - Closure_107 - INFO - 开始验证补丁3 7:
2024-02-25 11:33:04,122 - Closure_107 - INFO - 
      // No additional lines of code needed here

2024-02-25 11:33:08,449 - Closure_107 - INFO - 编译成功
2024-02-25 11:34:06,993 - Closure_107 - INFO - 测试失败
2024-02-25 11:34:06,993 - Closure_107 - INFO - Failing tests: 1
  - com.google.javascript.jscomp.CommandLineRunnerTest::testGetMsgWiringNoWarnings

2024-02-25 11:34:07,510 - Closure_107 - INFO - 选择失败的测试用例为:
2024-02-25 11:34:07,510 - Closure_107 - INFO - com.google.javascript.jscomp.CommandLineRunnerTest::testGetMsgWiringNoWarnings
2024-02-25 11:34:07,510 - Closure_107 - INFO - 失败的测试代码为:
2024-02-25 11:34:07,510 - Closure_107 - INFO -     test("/** @desc A bad foo. */ var MSG_FOO = 1;", "");

2024-02-25 11:34:07,510 - Closure_107 - INFO - 失败信息为:
2024-02-25 11:34:07,510 - Closure_107 - INFO - junit.framework.AssertionFailedError: Expected no warnings or errors

2024-02-25 11:34:07,510 - Closure_107 - INFO - 补丁3 7测试失败
2024-02-25 11:34:07,511 - Closure_107 - INFO - 开始验证补丁3 8:
2024-02-25 11:34:07,511 - Closure_107 - INFO - 
      // If there were supposed to be additional logic here, it would go like this:
      // ...some additional lines of code...

2024-02-25 11:34:11,822 - Closure_107 - INFO - 编译成功
2024-02-25 11:35:11,728 - Closure_107 - INFO - 测试失败
2024-02-25 11:35:11,728 - Closure_107 - INFO - Failing tests: 1
  - com.google.javascript.jscomp.CommandLineRunnerTest::testGetMsgWiringNoWarnings

2024-02-25 11:35:12,232 - Closure_107 - INFO - 选择失败的测试用例为:
2024-02-25 11:35:12,232 - Closure_107 - INFO - com.google.javascript.jscomp.CommandLineRunnerTest::testGetMsgWiringNoWarnings
2024-02-25 11:35:12,232 - Closure_107 - INFO - 失败的测试代码为:
2024-02-25 11:35:12,232 - Closure_107 - INFO -     test("/** @desc A bad foo. */ var MSG_FOO = 1;", "");

2024-02-25 11:35:12,232 - Closure_107 - INFO - 失败信息为:
2024-02-25 11:35:12,232 - Closure_107 - INFO - junit.framework.AssertionFailedError: Expected no warnings or errors

2024-02-25 11:35:12,232 - Closure_107 - INFO - 补丁3 8测试失败
2024-02-25 11:35:12,233 - Closure_107 - INFO - 开始验证补丁3 9:
2024-02-25 11:35:12,233 - Closure_107 - INFO - 
      // Else, we need to close an existing block before returning options
      } // Close the previous block if it was missing
      return options;

2024-02-25 11:35:14,071 - Closure_107 - INFO - 编译失败
2024-02-25 11:35:14,071 - Closure_107 - INFO - 错误: 非法的类型开始
return options;
2024-02-25 11:35:14,071 - Closure_107 - INFO - 补丁3 9 未成功编译
2024-02-25 11:35:14,071 - Closure_107 - INFO - Closure_107 未成功修复
