2024-02-25 11:10:02,088 - Closure_81 - INFO - rm -rf /home/chongchong/d4j-project/Closure_81
2024-02-25 11:10:02,089 - Closure_81 - INFO - 删除 Closure 81b 成功
2024-02-25 11:10:02,089 - Closure_81 - INFO - defects4j checkout -p Closure -v 81b -w /home/chongchong/d4j-project/Closure_81
2024-02-25 11:10:03,933 - Closure_81 - INFO - checkout Closure 81b 成功
2024-02-25 11:10:12,424 - Closure_81 - INFO - 编译成功
2024-02-25 11:10:48,788 - Closure_81 - INFO - 测试失败
2024-02-25 11:10:48,788 - Closure_81 - INFO - Failing tests: 1
  - com.google.javascript.jscomp.parsing.ParserTest::testUnnamedFunctionStatement

2024-02-25 11:10:49,805 - Closure_81 - INFO - 它的bug类型为:
2024-02-25 11:10:49,805 - Closure_81 - INFO - 3
2024-02-25 11:11:27,914 - Closure_81 - INFO - 开始验证补丁1 1:
2024-02-25 11:11:27,914 - Closure_81 - INFO - 
        // Do not instantiate a Name for unnamed functions
        return processUnnamedFunction(functionNode);

2024-02-25 11:11:29,244 - Closure_81 - INFO - 编译失败
2024-02-25 11:11:29,244 - Closure_81 - INFO - 错误: 找不到符号
return processUnnamedFunction(functionNode);
2024-02-25 11:11:29,244 - Closure_81 - INFO - 补丁1 1 未成功编译
2024-02-25 11:11:29,246 - Closure_81 - INFO - 开始验证补丁1 2:
2024-02-25 11:11:29,246 - Closure_81 - INFO - 
        // Trigger the intended parse error for unnamed functions
        throw new ParseException("Expected named function, found unnamed function");

2024-02-25 11:11:30,557 - Closure_81 - INFO - 编译失败
2024-02-25 11:11:30,557 - Closure_81 - INFO - 错误: 找不到符号
throw new ParseException("Expected named function, found unnamed function");
2024-02-25 11:11:30,557 - Closure_81 - INFO - 补丁1 2 未成功编译
2024-02-25 11:11:30,558 - Closure_81 - INFO - 开始验证补丁1 3:
2024-02-25 11:11:30,558 - Closure_81 - INFO - 
        // Set name to null to indicate absence of a function name and continue processing
        name = null;

2024-02-25 11:11:33,322 - Closure_81 - INFO - 编译成功
2024-02-25 11:12:08,755 - Closure_81 - INFO - 测试失败
2024-02-25 11:12:08,755 - Closure_81 - INFO - Failing tests: 1
  - com.google.javascript.jscomp.parsing.ParserTest::testUnnamedFunctionStatement

2024-02-25 11:12:09,258 - Closure_81 - INFO - 选择失败的测试用例为:
2024-02-25 11:12:09,258 - Closure_81 - INFO - com.google.javascript.jscomp.parsing.ParserTest::testUnnamedFunctionStatement
2024-02-25 11:12:09,259 - Closure_81 - INFO - 失败的测试代码为:
2024-02-25 11:12:09,259 - Closure_81 - INFO -     parseError("function() {};", "unnamed function statement");

2024-02-25 11:12:09,259 - Closure_81 - INFO - 失败信息为:
2024-02-25 11:12:09,259 - Closure_81 - INFO - junit.framework.AssertionFailedError

2024-02-25 11:12:09,259 - Closure_81 - INFO - 补丁1 3测试失败
2024-02-25 11:12:09,260 - Closure_81 - INFO - 开始验证补丁1 4:
2024-02-25 11:12:09,260 - Closure_81 - INFO - 
    // No action needed, the name remains as null to represent an unnamed function
    // and further down the logic will handle it accordingly.

2024-02-25 11:12:12,051 - Closure_81 - INFO - 编译成功
2024-02-25 11:12:49,026 - Closure_81 - INFO - 测试失败
2024-02-25 11:12:49,026 - Closure_81 - INFO - Failing tests: 1
  - com.google.javascript.jscomp.parsing.ParserTest::testUnnamedFunctionStatement

2024-02-25 11:12:49,536 - Closure_81 - INFO - 选择失败的测试用例为:
2024-02-25 11:12:49,536 - Closure_81 - INFO - com.google.javascript.jscomp.parsing.ParserTest::testUnnamedFunctionStatement
2024-02-25 11:12:49,536 - Closure_81 - INFO - 失败的测试代码为:
2024-02-25 11:12:49,536 - Closure_81 - INFO -     parseError("function() {};", "unnamed function statement");

2024-02-25 11:12:49,536 - Closure_81 - INFO - 失败信息为:
2024-02-25 11:12:49,536 - Closure_81 - INFO - junit.framework.AssertionFailedError

2024-02-25 11:12:49,536 - Closure_81 - INFO - 补丁1 4测试失败
2024-02-25 11:12:49,537 - Closure_81 - INFO - 开始验证补丁1 5:
2024-02-25 11:12:49,537 - Closure_81 - INFO - 
    name = new Name(0, ""); // Properly construct a name node with an empty identifier

2024-02-25 11:12:52,313 - Closure_81 - INFO - 编译成功
2024-02-25 11:13:28,532 - Closure_81 - INFO - 测试失败
2024-02-25 11:13:28,532 - Closure_81 - INFO - Failing tests: 1
  - com.google.javascript.jscomp.parsing.ParserTest::testUnnamedFunctionStatement

2024-02-25 11:13:29,043 - Closure_81 - INFO - 选择失败的测试用例为:
2024-02-25 11:13:29,043 - Closure_81 - INFO - com.google.javascript.jscomp.parsing.ParserTest::testUnnamedFunctionStatement
2024-02-25 11:13:29,043 - Closure_81 - INFO - 失败的测试代码为:
2024-02-25 11:13:29,043 - Closure_81 - INFO -     parseError("function() {};", "unnamed function statement");

2024-02-25 11:13:29,043 - Closure_81 - INFO - 失败信息为:
2024-02-25 11:13:29,043 - Closure_81 - INFO - junit.framework.AssertionFailedError

2024-02-25 11:13:29,043 - Closure_81 - INFO - 补丁1 5测试失败
2024-02-25 11:13:29,044 - Closure_81 - INFO - 开始验证补丁1 6:
2024-02-25 11:13:29,044 - Closure_81 - INFO - 
    throw new IllegalArgumentException("FunctionNode name is null - cannot process an unnamed function.");

2024-02-25 11:13:30,339 - Closure_81 - INFO - 编译失败
2024-02-25 11:13:30,339 - Closure_81 - INFO - 错误: 无法访问的语句
name = new Name();
2024-02-25 11:13:30,339 - Closure_81 - INFO - 补丁1 6 未成功编译
2024-02-25 11:13:30,340 - Closure_81 - INFO - 开始验证补丁1 7:
2024-02-25 11:13:30,340 - Closure_81 - INFO - 
// No operation required if the name should remain null for unnamed functions

2024-02-25 11:13:33,114 - Closure_81 - INFO - 编译成功
2024-02-25 11:14:08,719 - Closure_81 - INFO - 测试失败
2024-02-25 11:14:08,719 - Closure_81 - INFO - Failing tests: 1
  - com.google.javascript.jscomp.parsing.ParserTest::testUnnamedFunctionStatement

2024-02-25 11:14:09,222 - Closure_81 - INFO - 选择失败的测试用例为:
2024-02-25 11:14:09,222 - Closure_81 - INFO - com.google.javascript.jscomp.parsing.ParserTest::testUnnamedFunctionStatement
2024-02-25 11:14:09,222 - Closure_81 - INFO - 失败的测试代码为:
2024-02-25 11:14:09,222 - Closure_81 - INFO -     parseError("function() {};", "unnamed function statement");

2024-02-25 11:14:09,222 - Closure_81 - INFO - 失败信息为:
2024-02-25 11:14:09,222 - Closure_81 - INFO - junit.framework.AssertionFailedError

2024-02-25 11:14:09,222 - Closure_81 - INFO - 补丁1 7测试失败
2024-02-25 11:14:09,223 - Closure_81 - INFO - 开始验证补丁1 8:
2024-02-25 11:14:09,223 - Closure_81 - INFO - 
// Create a new unnamed marker name if necessary
name = new Name(0, ""); // Assuming Name takes a position and the identifier in its constructor

2024-02-25 11:14:11,976 - Closure_81 - INFO - 编译成功
2024-02-25 11:14:47,410 - Closure_81 - INFO - 测试失败
2024-02-25 11:14:47,410 - Closure_81 - INFO - Failing tests: 1
  - com.google.javascript.jscomp.parsing.ParserTest::testUnnamedFunctionStatement

2024-02-25 11:14:47,918 - Closure_81 - INFO - 选择失败的测试用例为:
2024-02-25 11:14:47,918 - Closure_81 - INFO - com.google.javascript.jscomp.parsing.ParserTest::testUnnamedFunctionStatement
2024-02-25 11:14:47,918 - Closure_81 - INFO - 失败的测试代码为:
2024-02-25 11:14:47,918 - Closure_81 - INFO -     parseError("function() {};", "unnamed function statement");

2024-02-25 11:14:47,919 - Closure_81 - INFO - 失败信息为:
2024-02-25 11:14:47,919 - Closure_81 - INFO - junit.framework.AssertionFailedError

2024-02-25 11:14:47,919 - Closure_81 - INFO - 补丁1 8测试失败
2024-02-25 11:14:47,920 - Closure_81 - INFO - 开始验证补丁1 9:
2024-02-25 11:14:47,920 - Closure_81 - INFO - 
throw new IllegalArgumentException("FunctionNode cannot have a null name");

2024-02-25 11:14:49,229 - Closure_81 - INFO - 编译失败
2024-02-25 11:14:49,229 - Closure_81 - INFO - 错误: 无法访问的语句
name = new Name();
2024-02-25 11:14:49,229 - Closure_81 - INFO - 补丁1 9 未成功编译
2024-02-25 11:14:49,230 - Closure_81 - INFO - 开始验证补丁2 1:
2024-02-25 11:14:49,230 - Closure_81 - INFO - 
name = new Name(0, ""); // Potentially, line number and an empty string as the identifier can be provided.

2024-02-25 11:14:52,036 - Closure_81 - INFO - 编译成功
2024-02-25 11:15:27,382 - Closure_81 - INFO - 测试失败
2024-02-25 11:15:27,382 - Closure_81 - INFO - Failing tests: 1
  - com.google.javascript.jscomp.parsing.ParserTest::testUnnamedFunctionStatement

2024-02-25 11:15:27,887 - Closure_81 - INFO - 选择失败的测试用例为:
2024-02-25 11:15:27,887 - Closure_81 - INFO - com.google.javascript.jscomp.parsing.ParserTest::testUnnamedFunctionStatement
2024-02-25 11:15:27,888 - Closure_81 - INFO - 失败的测试代码为:
2024-02-25 11:15:27,888 - Closure_81 - INFO -     parseError("function() {};", "unnamed function statement");

2024-02-25 11:15:27,888 - Closure_81 - INFO - 失败信息为:
2024-02-25 11:15:27,888 - Closure_81 - INFO - junit.framework.AssertionFailedError

2024-02-25 11:15:27,888 - Closure_81 - INFO - 补丁2 1测试失败
2024-02-25 11:15:27,889 - Closure_81 - INFO - 开始验证补丁2 2:
2024-02-25 11:15:27,889 - Closure_81 - INFO - 
throw new UnsupportedOperationException("Unnamed function statements are not supported.");

2024-02-25 11:15:29,203 - Closure_81 - INFO - 编译失败
2024-02-25 11:15:29,204 - Closure_81 - INFO - 错误: 无法访问的语句
name = new Name();
2024-02-25 11:15:29,204 - Closure_81 - INFO - 补丁2 2 未成功编译
2024-02-25 11:15:29,205 - Closure_81 - INFO - 开始验证补丁2 3:
2024-02-25 11:15:29,205 - Closure_81 - INFO - 
// No operation or a comment indicating why no action is required for an unnamed function
// For example:
// This function is unnamed; no further action is required.

2024-02-25 11:15:31,982 - Closure_81 - INFO - 编译成功
2024-02-25 11:16:07,381 - Closure_81 - INFO - 测试失败
2024-02-25 11:16:07,381 - Closure_81 - INFO - Failing tests: 1
  - com.google.javascript.jscomp.parsing.ParserTest::testUnnamedFunctionStatement

2024-02-25 11:16:07,891 - Closure_81 - INFO - 选择失败的测试用例为:
2024-02-25 11:16:07,891 - Closure_81 - INFO - com.google.javascript.jscomp.parsing.ParserTest::testUnnamedFunctionStatement
2024-02-25 11:16:07,891 - Closure_81 - INFO - 失败的测试代码为:
2024-02-25 11:16:07,891 - Closure_81 - INFO -     parseError("function() {};", "unnamed function statement");

2024-02-25 11:16:07,892 - Closure_81 - INFO - 失败信息为:
2024-02-25 11:16:07,892 - Closure_81 - INFO - junit.framework.AssertionFailedError

2024-02-25 11:16:07,892 - Closure_81 - INFO - 补丁2 3测试失败
2024-02-25 11:16:07,893 - Closure_81 - INFO - 开始验证补丁2 4:
2024-02-25 11:16:07,893 - Closure_81 - INFO - 
name = Name.identifier("");

2024-02-25 11:16:09,207 - Closure_81 - INFO - 编译失败
2024-02-25 11:16:09,207 - Closure_81 - INFO - 错误: 找不到符号
name = Name.identifier("");
2024-02-25 11:16:09,207 - Closure_81 - INFO - 补丁2 4 未成功编译
2024-02-25 11:16:09,208 - Closure_81 - INFO - 开始验证补丁2 5:
2024-02-25 11:16:09,208 - Closure_81 - INFO - 
throw new SyntaxError("Function statements require a name");

2024-02-25 11:16:10,515 - Closure_81 - INFO - 编译失败
2024-02-25 11:16:10,515 - Closure_81 - INFO - 错误: 找不到符号
throw new SyntaxError("Function statements require a name");
2024-02-25 11:16:10,515 - Closure_81 - INFO - 补丁2 5 未成功编译
2024-02-25 11:16:10,516 - Closure_81 - INFO - 开始验证补丁2 6:
2024-02-25 11:16:10,516 - Closure_81 - INFO - 
name = createDummyName();

2024-02-25 11:16:11,819 - Closure_81 - INFO - 编译失败
2024-02-25 11:16:11,819 - Closure_81 - INFO - 错误: 找不到符号
name = createDummyName();
2024-02-25 11:16:11,819 - Closure_81 - INFO - 补丁2 6 未成功编译
2024-02-25 11:16:11,820 - Closure_81 - INFO - 开始验证补丁2 7:
2024-02-25 11:16:11,820 - Closure_81 - INFO - 
name = new Name();

2024-02-25 11:16:14,625 - Closure_81 - INFO - 编译成功
2024-02-25 11:16:49,953 - Closure_81 - INFO - 测试失败
2024-02-25 11:16:49,953 - Closure_81 - INFO - Failing tests: 1
  - com.google.javascript.jscomp.parsing.ParserTest::testUnnamedFunctionStatement

2024-02-25 11:16:50,463 - Closure_81 - INFO - 选择失败的测试用例为:
2024-02-25 11:16:50,463 - Closure_81 - INFO - com.google.javascript.jscomp.parsing.ParserTest::testUnnamedFunctionStatement
2024-02-25 11:16:50,463 - Closure_81 - INFO - 失败的测试代码为:
2024-02-25 11:16:50,463 - Closure_81 - INFO -     parseError("function() {};", "unnamed function statement");

2024-02-25 11:16:50,463 - Closure_81 - INFO - 失败信息为:
2024-02-25 11:16:50,463 - Closure_81 - INFO - junit.framework.AssertionFailedError

2024-02-25 11:16:50,463 - Closure_81 - INFO - 补丁2 7测试失败
2024-02-25 11:16:50,464 - Closure_81 - INFO - 开始验证补丁2 8:
2024-02-25 11:16:50,464 - Closure_81 - INFO - 
throw new SomeException("Function name cannot be null");

2024-02-25 11:16:51,762 - Closure_81 - INFO - 编译失败
2024-02-25 11:16:51,762 - Closure_81 - INFO - 错误: 找不到符号
throw new SomeException("Function name cannot be null");
2024-02-25 11:16:51,762 - Closure_81 - INFO - 补丁2 8 未成功编译
2024-02-25 11:16:51,763 - Closure_81 - INFO - 开始验证补丁2 9:
2024-02-25 11:16:51,763 - Closure_81 - INFO - 
// No action needed, default to null or handle error as per the project's specifications

2024-02-25 11:16:54,574 - Closure_81 - INFO - 编译成功
2024-02-25 11:17:30,409 - Closure_81 - INFO - 测试失败
2024-02-25 11:17:30,409 - Closure_81 - INFO - Failing tests: 1
  - com.google.javascript.jscomp.parsing.ParserTest::testUnnamedFunctionStatement

2024-02-25 11:17:30,916 - Closure_81 - INFO - 选择失败的测试用例为:
2024-02-25 11:17:30,916 - Closure_81 - INFO - com.google.javascript.jscomp.parsing.ParserTest::testUnnamedFunctionStatement
2024-02-25 11:17:30,916 - Closure_81 - INFO - 失败的测试代码为:
2024-02-25 11:17:30,916 - Closure_81 - INFO -     parseError("function() {};", "unnamed function statement");

2024-02-25 11:17:30,916 - Closure_81 - INFO - 失败信息为:
2024-02-25 11:17:30,916 - Closure_81 - INFO - junit.framework.AssertionFailedError

2024-02-25 11:17:30,916 - Closure_81 - INFO - 补丁2 9测试失败
2024-02-25 11:17:30,917 - Closure_81 - INFO - 开始验证补丁3 1:
2024-02-25 11:17:30,917 - Closure_81 - INFO - 
        name = new Name(0, ""); // Correctly create a new Name with an empty string if the function is unnamed, assuming 0 is a suitable position index.

2024-02-25 11:17:33,750 - Closure_81 - INFO - 编译成功
2024-02-25 11:18:10,172 - Closure_81 - INFO - 测试失败
2024-02-25 11:18:10,172 - Closure_81 - INFO - Failing tests: 1
  - com.google.javascript.jscomp.parsing.ParserTest::testUnnamedFunctionStatement

2024-02-25 11:18:10,682 - Closure_81 - INFO - 选择失败的测试用例为:
2024-02-25 11:18:10,682 - Closure_81 - INFO - com.google.javascript.jscomp.parsing.ParserTest::testUnnamedFunctionStatement
2024-02-25 11:18:10,682 - Closure_81 - INFO - 失败的测试代码为:
2024-02-25 11:18:10,682 - Closure_81 - INFO -     parseError("function() {};", "unnamed function statement");

2024-02-25 11:18:10,682 - Closure_81 - INFO - 失败信息为:
2024-02-25 11:18:10,682 - Closure_81 - INFO - junit.framework.AssertionFailedError

2024-02-25 11:18:10,682 - Closure_81 - INFO - 补丁3 1测试失败
2024-02-25 11:18:10,683 - Closure_81 - INFO - 开始验证补丁3 2:
2024-02-25 11:18:10,683 - Closure_81 - INFO - 
        throw new IllegalArgumentException("FunctionNode must have a name or be a part of an assignment or a variable declaration");

2024-02-25 11:18:11,985 - Closure_81 - INFO - 编译失败
2024-02-25 11:18:11,985 - Closure_81 - INFO - 错误: 无法访问的语句
name = new Name();
2024-02-25 11:18:11,985 - Closure_81 - INFO - 补丁3 2 未成功编译
2024-02-25 11:18:11,986 - Closure_81 - INFO - 开始验证补丁3 3:
2024-02-25 11:18:11,986 - Closure_81 - INFO - 
        name = null; // Leave the name as null to represent an unnamed function and handle it later in the code.

2024-02-25 11:18:14,772 - Closure_81 - INFO - 编译成功
2024-02-25 11:18:50,855 - Closure_81 - INFO - 测试失败
2024-02-25 11:18:50,855 - Closure_81 - INFO - Failing tests: 1
  - com.google.javascript.jscomp.parsing.ParserTest::testUnnamedFunctionStatement

2024-02-25 11:18:51,359 - Closure_81 - INFO - 选择失败的测试用例为:
2024-02-25 11:18:51,359 - Closure_81 - INFO - com.google.javascript.jscomp.parsing.ParserTest::testUnnamedFunctionStatement
2024-02-25 11:18:51,359 - Closure_81 - INFO - 失败的测试代码为:
2024-02-25 11:18:51,359 - Closure_81 - INFO -     parseError("function() {};", "unnamed function statement");

2024-02-25 11:18:51,359 - Closure_81 - INFO - 失败信息为:
2024-02-25 11:18:51,359 - Closure_81 - INFO - junit.framework.AssertionFailedError

2024-02-25 11:18:51,359 - Closure_81 - INFO - 补丁3 3测试失败
2024-02-25 11:18:51,360 - Closure_81 - INFO - 开始验证补丁3 4:
2024-02-25 11:18:51,360 - Closure_81 - INFO - 
name = new Name(functionNode.getLineno(), "");

2024-02-25 11:18:54,147 - Closure_81 - INFO - 编译成功
2024-02-25 11:19:30,640 - Closure_81 - INFO - 测试失败
2024-02-25 11:19:30,640 - Closure_81 - INFO - Failing tests: 1
  - com.google.javascript.jscomp.parsing.ParserTest::testUnnamedFunctionStatement

2024-02-25 11:19:31,143 - Closure_81 - INFO - 选择失败的测试用例为:
2024-02-25 11:19:31,143 - Closure_81 - INFO - com.google.javascript.jscomp.parsing.ParserTest::testUnnamedFunctionStatement
2024-02-25 11:19:31,143 - Closure_81 - INFO - 失败的测试代码为:
2024-02-25 11:19:31,143 - Closure_81 - INFO -     parseError("function() {};", "unnamed function statement");

2024-02-25 11:19:31,143 - Closure_81 - INFO - 失败信息为:
2024-02-25 11:19:31,143 - Closure_81 - INFO - junit.framework.AssertionFailedError

2024-02-25 11:19:31,143 - Closure_81 - INFO - 补丁3 4测试失败
2024-02-25 11:19:31,144 - Closure_81 - INFO - 开始验证补丁3 5:
2024-02-25 11:19:31,144 - Closure_81 - INFO - 
name = null;

2024-02-25 11:19:33,907 - Closure_81 - INFO - 编译成功
2024-02-25 11:20:09,877 - Closure_81 - INFO - 测试失败
2024-02-25 11:20:09,877 - Closure_81 - INFO - Failing tests: 1
  - com.google.javascript.jscomp.parsing.ParserTest::testUnnamedFunctionStatement

2024-02-25 11:20:10,383 - Closure_81 - INFO - 选择失败的测试用例为:
2024-02-25 11:20:10,383 - Closure_81 - INFO - com.google.javascript.jscomp.parsing.ParserTest::testUnnamedFunctionStatement
2024-02-25 11:20:10,383 - Closure_81 - INFO - 失败的测试代码为:
2024-02-25 11:20:10,383 - Closure_81 - INFO -     parseError("function() {};", "unnamed function statement");

2024-02-25 11:20:10,383 - Closure_81 - INFO - 失败信息为:
2024-02-25 11:20:10,383 - Closure_81 - INFO - junit.framework.AssertionFailedError

2024-02-25 11:20:10,383 - Closure_81 - INFO - 补丁3 5测试失败
2024-02-25 11:20:10,384 - Closure_81 - INFO - 开始验证补丁3 6:
2024-02-25 11:20:10,384 - Closure_81 - INFO - 
name = new Name(functionNode.getLineno(), "<anonymous>");

2024-02-25 11:20:13,145 - Closure_81 - INFO - 编译成功
2024-02-25 11:20:49,014 - Closure_81 - INFO - 测试失败
2024-02-25 11:20:49,014 - Closure_81 - INFO - Failing tests: 1
  - com.google.javascript.jscomp.parsing.ParserTest::testUnnamedFunctionStatement

2024-02-25 11:20:49,535 - Closure_81 - INFO - 选择失败的测试用例为:
2024-02-25 11:20:49,535 - Closure_81 - INFO - com.google.javascript.jscomp.parsing.ParserTest::testUnnamedFunctionStatement
2024-02-25 11:20:49,535 - Closure_81 - INFO - 失败的测试代码为:
2024-02-25 11:20:49,535 - Closure_81 - INFO -     parseError("function() {};", "unnamed function statement");

2024-02-25 11:20:49,535 - Closure_81 - INFO - 失败信息为:
2024-02-25 11:20:49,535 - Closure_81 - INFO - junit.framework.AssertionFailedError

2024-02-25 11:20:49,535 - Closure_81 - INFO - 补丁3 6测试失败
2024-02-25 11:20:49,536 - Closure_81 - INFO - 开始验证补丁3 7:
2024-02-25 11:20:49,536 - Closure_81 - INFO - 
name = new Name(0, ""); // 0 or another specific line number if required.

// Alternatively, if the code elsewhere can handle a null `name`, just omit the assignment to `name`:
// (comment out or remove the line 'name.setIdentifier("");')

2024-02-25 11:20:52,318 - Closure_81 - INFO - 编译成功
2024-02-25 11:21:28,182 - Closure_81 - INFO - 测试失败
2024-02-25 11:21:28,182 - Closure_81 - INFO - Failing tests: 1
  - com.google.javascript.jscomp.parsing.ParserTest::testUnnamedFunctionStatement

2024-02-25 11:21:28,686 - Closure_81 - INFO - 选择失败的测试用例为:
2024-02-25 11:21:28,686 - Closure_81 - INFO - com.google.javascript.jscomp.parsing.ParserTest::testUnnamedFunctionStatement
2024-02-25 11:21:28,686 - Closure_81 - INFO - 失败的测试代码为:
2024-02-25 11:21:28,686 - Closure_81 - INFO -     parseError("function() {};", "unnamed function statement");

2024-02-25 11:21:28,686 - Closure_81 - INFO - 失败信息为:
2024-02-25 11:21:28,686 - Closure_81 - INFO - junit.framework.AssertionFailedError

2024-02-25 11:21:28,686 - Closure_81 - INFO - 补丁3 7测试失败
2024-02-25 11:21:28,687 - Closure_81 - INFO - 开始验证补丁3 8:
2024-02-25 11:21:28,687 - Closure_81 - INFO - 
throw new IllegalArgumentException("Function name cannot be null for named functions.");

2024-02-25 11:21:29,983 - Closure_81 - INFO - 编译失败
2024-02-25 11:21:29,983 - Closure_81 - INFO - 错误: 无法访问的语句
name = new Name();
2024-02-25 11:21:29,983 - Closure_81 - INFO - 补丁3 8 未成功编译
2024-02-25 11:21:29,984 - Closure_81 - INFO - 开始验证补丁3 9:
2024-02-25 11:21:29,984 - Closure_81 - INFO - 
isUnnamedFunction = true;
// No need to modify the name object at all, as long as the rest of the code can handle a null value.

2024-02-25 11:21:32,748 - Closure_81 - INFO - 编译成功
2024-02-25 11:22:08,033 - Closure_81 - INFO - 测试失败
2024-02-25 11:22:08,033 - Closure_81 - INFO - Failing tests: 1
  - com.google.javascript.jscomp.parsing.ParserTest::testUnnamedFunctionStatement

2024-02-25 11:22:08,547 - Closure_81 - INFO - 选择失败的测试用例为:
2024-02-25 11:22:08,547 - Closure_81 - INFO - com.google.javascript.jscomp.parsing.ParserTest::testUnnamedFunctionStatement
2024-02-25 11:22:08,547 - Closure_81 - INFO - 失败的测试代码为:
2024-02-25 11:22:08,547 - Closure_81 - INFO -     parseError("function() {};", "unnamed function statement");

2024-02-25 11:22:08,547 - Closure_81 - INFO - 失败信息为:
2024-02-25 11:22:08,547 - Closure_81 - INFO - junit.framework.AssertionFailedError

2024-02-25 11:22:08,547 - Closure_81 - INFO - 补丁3 9测试失败
2024-02-25 11:22:08,547 - Closure_81 - INFO - Closure_81 未成功修复
