2024-02-24 00:32:54,217 - Closure_65 - INFO - rm -rf /home/chongchong/d4j-project/Closure_65
2024-02-24 00:32:54,217 - Closure_65 - INFO - 删除 Closure 65b 成功
2024-02-24 00:32:54,218 - Closure_65 - INFO - defects4j checkout -p Closure -v 65b -w /home/chongchong/d4j-project/Closure_65
2024-02-24 00:32:56,061 - Closure_65 - INFO - checkout Closure 65b 成功
2024-02-24 00:33:05,044 - Closure_65 - INFO - 编译成功
2024-02-24 00:33:45,167 - Closure_65 - INFO - 测试失败
2024-02-24 00:33:45,167 - Closure_65 - INFO - Failing tests: 1
  - com.google.javascript.jscomp.CodePrinterTest::testZero

2024-02-24 00:33:46,181 - Closure_65 - INFO - 它的bug类型为:
2024-02-24 00:33:46,181 - Closure_65 - INFO - 1
2024-02-24 00:34:24,388 - Closure_65 - INFO - Closure_65 未成功修复
2024-02-24 13:39:56,595 - Closure_65 - INFO - rm -rf /home/chongchong/d4j-project/Closure_65
2024-02-24 13:39:56,639 - Closure_65 - INFO - 删除 Closure 65b 成功
2024-02-24 13:39:56,639 - Closure_65 - INFO - defects4j checkout -p Closure -v 65b -w /home/chongchong/d4j-project/Closure_65
2024-02-24 13:39:58,157 - Closure_65 - INFO - checkout Closure 65b 成功
2024-02-24 13:40:07,232 - Closure_65 - INFO - 编译成功
2024-02-24 13:40:46,923 - Closure_65 - INFO - 测试失败
2024-02-24 13:40:46,923 - Closure_65 - INFO - Failing tests: 1
  - com.google.javascript.jscomp.CodePrinterTest::testZero

2024-02-24 13:40:47,940 - Closure_65 - INFO - 它的bug类型为:
2024-02-24 13:40:47,940 - Closure_65 - INFO - 1
2024-02-24 13:41:23,425 - Closure_65 - INFO - 开始验证补丁1 1:
2024-02-24 13:41:23,425 - Closure_65 - INFO - 
case '\0': sb.append("\\000"); break;

2024-02-24 13:41:26,187 - Closure_65 - INFO - 编译成功
2024-02-24 13:42:06,746 - Closure_65 - INFO - 测试成功
2024-02-24 13:42:06,746 - Closure_65 - INFO - 补丁1 1 通过了所有的测试用例
