2024-02-25 12:34:46,605 - Lang_54 - INFO - rm -rf /home/chongchong/d4j-project/Lang_54
2024-02-25 12:34:46,606 - Lang_54 - INFO - 删除 Lang 54b 成功
2024-02-25 12:34:46,606 - Lang_54 - INFO - defects4j checkout -p Lang -v 54b -w /home/chongchong/d4j-project/Lang_54
2024-02-25 12:34:49,926 - Lang_54 - INFO - checkout Lang 54b 成功
2024-02-25 12:34:53,971 - Lang_54 - INFO - 编译成功
2024-02-25 12:35:03,199 - Lang_54 - INFO - 测试失败
2024-02-25 12:35:03,199 - Lang_54 - INFO - Failing tests: 1
  - org.apache.commons.lang.LocaleUtilsTest::testLang328

2024-02-25 12:35:04,078 - Lang_54 - INFO - 它的bug类型为:
2024-02-25 12:35:04,078 - Lang_54 - INFO - 3
2024-02-25 12:36:04,325 - Lang_54 - INFO - 开始验证补丁1 1:
2024-02-25 12:36:04,325 - Lang_54 - INFO - 
if (len > 4) {
    char ch4 = str.charAt(4);
    // The rest of the code remains unchanged
}

2024-02-25 12:36:05,406 - Lang_54 - INFO - 编译成功
2024-02-25 12:36:14,696 - Lang_54 - INFO - 测试失败
2024-02-25 12:36:14,696 - Lang_54 - INFO - Failing tests: 1
  - org.apache.commons.lang.LocaleUtilsTest::testLang328

2024-02-25 12:36:15,139 - Lang_54 - INFO - 选择失败的测试用例为:
2024-02-25 12:36:15,139 - Lang_54 - INFO - org.apache.commons.lang.LocaleUtilsTest::testLang328
2024-02-25 12:36:15,139 - Lang_54 - INFO - 失败的测试代码为:
2024-02-25 12:36:15,139 - Lang_54 - INFO -         assertValidToLocale("fr__POSIX", "fr", "", "POSIX");

2024-02-25 12:36:15,139 - Lang_54 - INFO - 失败信息为:
2024-02-25 12:36:15,139 - Lang_54 - INFO - java.lang.IllegalArgumentException: Invalid locale format: fr__POSIX

2024-02-25 12:36:15,139 - Lang_54 - INFO - 补丁1 1测试失败
2024-02-25 12:36:15,140 - Lang_54 - INFO - 开始验证补丁1 2:
2024-02-25 12:36:15,140 - Lang_54 - INFO - 
char ch4 = (len > 4) ? str.charAt(4) : ' ';
// The rest of the code will need to be adjusted to handle the case where ch4 is a space character (' ') indicating no country code is provided.

2024-02-25 12:36:15,803 - Lang_54 - INFO - 编译失败
2024-02-25 12:36:15,803 - Lang_54 - INFO - 错误: 已在方法 toLocale(String)中定义了变量 ch4
char ch4 = str.charAt(4);
2024-02-25 12:36:15,803 - Lang_54 - INFO - 补丁1 2 未成功编译
2024-02-25 12:36:15,805 - Lang_54 - INFO - 开始验证补丁1 3:
2024-02-25 12:36:15,805 - Lang_54 - INFO - 
char ch4 = 'A'; // Assume a default value that will pass the uppercase letter check, since we might not have a country code.
if (len > 4) {
    ch4 = str.charAt(4);
}

2024-02-25 12:36:16,473 - Lang_54 - INFO - 编译失败
2024-02-25 12:36:16,473 - Lang_54 - INFO - 错误: 已在方法 toLocale(String)中定义了变量 ch4
char ch4 = str.charAt(4);
2024-02-25 12:36:16,473 - Lang_54 - INFO - 补丁1 3 未成功编译
2024-02-25 12:36:16,474 - Lang_54 - INFO - 开始验证补丁1 4:
2024-02-25 12:36:16,474 - Lang_54 - INFO - 
            // The original ch4 = str.charAt(4) throws an exception if the country code is missing
            char ch4 = len > 4 ? str.charAt(4) : '_'; // Use '_' as a default if there is no country code

2024-02-25 12:36:17,128 - Lang_54 - INFO - 编译失败
2024-02-25 12:36:17,128 - Lang_54 - INFO - 错误: 已在方法 toLocale(String)中定义了变量 ch4
char ch4 = str.charAt(4);
2024-02-25 12:36:17,128 - Lang_54 - INFO - 补丁1 4 未成功编译
2024-02-25 12:36:17,129 - Lang_54 - INFO - 开始验证补丁1 5:
2024-02-25 12:36:17,129 - Lang_54 - INFO - 
            // Considering an additional underscore might mean no country code provided
            char ch4 = str.charAt(5); // Assuming that the variant starts at index 5 rather than 4

2024-02-25 12:36:17,786 - Lang_54 - INFO - 编译失败
2024-02-25 12:36:17,786 - Lang_54 - INFO - 错误: 已在方法 toLocale(String)中定义了变量 ch4
char ch4 = str.charAt(4);
2024-02-25 12:36:17,786 - Lang_54 - INFO - 补丁1 5 未成功编译
2024-02-25 12:36:17,787 - Lang_54 - INFO - 开始验证补丁1 6:
2024-02-25 12:36:17,787 - Lang_54 - INFO - 
            // Skips over the second underscore in the case of a missing country code
            char ch4 = str.charAt(len > 4 ? 4 : 5); // This assumes there's either a country code or a variant

2024-02-25 12:36:18,433 - Lang_54 - INFO - 编译失败
2024-02-25 12:36:18,433 - Lang_54 - INFO - 错误: 已在方法 toLocale(String)中定义了变量 ch4
char ch4 = str.charAt(4);
2024-02-25 12:36:18,433 - Lang_54 - INFO - 补丁1 6 未成功编译
2024-02-25 12:36:18,434 - Lang_54 - INFO - 开始验证补丁1 7:
2024-02-25 12:36:18,434 - Lang_54 - INFO - 
            char ch4 = str.length() > 4 ? str.charAt(4) : ' ';
            if (len < 5 || (len == 5 && (ch3 != '_' || ch4 != '_'))) {
                // Validate whether the characters after the initial two-character language code and
                // the first underscore are uppercase letters (assumed to be country code).
                if ((ch3 < 'A' || ch3 > 'Z') && ch3 != '_') {
                    throw new IllegalArgumentException("Invalid locale format: " + str);
                }
                if (ch4 != ' ' && (ch4 < 'A' || ch4 > 'Z') && ch4 != '_') {
                    throw new IllegalArgumentException("Invalid locale format: " + str);
                }
            }

2024-02-25 12:36:19,098 - Lang_54 - INFO - 编译失败
2024-02-25 12:36:19,098 - Lang_54 - INFO - 错误: 已在方法 toLocale(String)中定义了变量 ch4
char ch4 = str.charAt(4);
2024-02-25 12:36:19,098 - Lang_54 - INFO - 补丁1 7 未成功编译
2024-02-25 12:36:19,100 - Lang_54 - INFO - 开始验证补丁1 8:
2024-02-25 12:36:19,100 - Lang_54 - INFO - 
            char ch4 = len > 4 ? str.charAt(4) : '_'; // Assign '_' if length is less than 5 to avoid out of bounds exception
            if ((ch3 < 'A' || ch3 > 'Z') && ch3 != '_') {
                throw new IllegalArgumentException("Invalid locale format: " + str);
            }
            // Check whether the ch4 is an uppercase country code or an underscore indicating a variant
            if (ch4 != '_' && (ch4 < 'A' || ch4 > 'Z')) {
                throw new IllegalArgumentException("Invalid locale format: " + str);
            }

2024-02-25 12:36:19,763 - Lang_54 - INFO - 编译失败
2024-02-25 12:36:19,763 - Lang_54 - INFO - 错误: 已在方法 toLocale(String)中定义了变量 ch4
char ch4 = str.charAt(4);
2024-02-25 12:36:19,763 - Lang_54 - INFO - 补丁1 8 未成功编译
2024-02-25 12:36:19,764 - Lang_54 - INFO - 开始验证补丁1 9:
2024-02-25 12:36:19,765 - Lang_54 - INFO - 
            // Do not assign ch4 if length < 5 to avoid out of bounds exception
            if (len > 4) {
                char ch4 = str.charAt(4);
                if ((ch3 < 'A' || ch3 > 'Z') && ch3 != '_') {
                    throw new IllegalArgumentException("Invalid locale format: " + str);
                }
                // Check whether the ch4 is an uppercase country code or an underscore indicating a variant
                if ((ch4 < 'A' || ch4 > 'Z') && ch4 != '_') {
                    throw new IllegalArgumentException("Invalid locale format: " + str);
                }
            }

2024-02-25 12:36:20,822 - Lang_54 - INFO - 编译成功
2024-02-25 12:36:30,036 - Lang_54 - INFO - 测试失败
2024-02-25 12:36:30,036 - Lang_54 - INFO - Failing tests: 1
  - org.apache.commons.lang.LocaleUtilsTest::testLang328

2024-02-25 12:36:30,480 - Lang_54 - INFO - 选择失败的测试用例为:
2024-02-25 12:36:30,481 - Lang_54 - INFO - org.apache.commons.lang.LocaleUtilsTest::testLang328
2024-02-25 12:36:30,481 - Lang_54 - INFO - 失败的测试代码为:
2024-02-25 12:36:30,481 - Lang_54 - INFO -         assertValidToLocale("fr__POSIX", "fr", "", "POSIX");

2024-02-25 12:36:30,481 - Lang_54 - INFO - 失败信息为:
2024-02-25 12:36:30,481 - Lang_54 - INFO - java.lang.IllegalArgumentException: Invalid locale format: fr__POSIX

2024-02-25 12:36:30,481 - Lang_54 - INFO - 补丁1 9测试失败
2024-02-25 12:36:30,482 - Lang_54 - INFO - 开始验证补丁2 1:
2024-02-25 12:36:30,482 - Lang_54 - INFO - 
            char ch4 = len > 4 ? str.charAt(4) : 0;

2024-02-25 12:36:31,153 - Lang_54 - INFO - 编译失败
2024-02-25 12:36:31,153 - Lang_54 - INFO - 错误: 已在方法 toLocale(String)中定义了变量 ch4
char ch4 = str.charAt(4);
2024-02-25 12:36:31,153 - Lang_54 - INFO - 补丁2 1 未成功编译
2024-02-25 12:36:31,154 - Lang_54 - INFO - 开始验证补丁2 2:
2024-02-25 12:36:31,155 - Lang_54 - INFO - 
            char ch4 = ' ';
            if (len > 4) {
                ch4 = str.charAt(4);
            }

2024-02-25 12:36:31,811 - Lang_54 - INFO - 编译失败
2024-02-25 12:36:31,811 - Lang_54 - INFO - 错误: 已在方法 toLocale(String)中定义了变量 ch4
char ch4 = str.charAt(4);
2024-02-25 12:36:31,811 - Lang_54 - INFO - 补丁2 2 未成功编译
2024-02-25 12:36:31,812 - Lang_54 - INFO - 开始验证补丁2 3:
2024-02-25 12:36:31,812 - Lang_54 - INFO - 
            // Check for the length to prevent StringIndexOutOfBoundsException
            char ch4 = str.length() > 4 ? str.charAt(4) : null;

2024-02-25 12:36:32,475 - Lang_54 - INFO - 编译失败
2024-02-25 12:36:32,475 - Lang_54 - INFO - 错误: ? 的不兼容类型: 两者都不是对方的子类型
char ch4 = str.length() > 4 ? str.charAt(4) : null;
2024-02-25 12:36:32,475 - Lang_54 - INFO - 补丁2 3 未成功编译
2024-02-25 12:36:32,476 - Lang_54 - INFO - 开始验证补丁2 4:
2024-02-25 12:36:32,476 - Lang_54 - INFO - 
char ch4 = str.charAt(4);

2024-02-25 12:36:33,135 - Lang_54 - INFO - 编译失败
2024-02-25 12:36:33,136 - Lang_54 - INFO - 错误: 已在方法 toLocale(String)中定义了变量 ch4
char ch4 = str.charAt(4);
2024-02-25 12:36:33,136 - Lang_54 - INFO - 补丁2 4 未成功编译
2024-02-25 12:36:33,137 - Lang_54 - INFO - 开始验证补丁2 5:
2024-02-25 12:36:33,137 - Lang_54 - INFO - 
char ch4 = len > 4 ? str.charAt(4) : null; // Or a default value that indicates no character present

2024-02-25 12:36:33,806 - Lang_54 - INFO - 编译失败
2024-02-25 12:36:33,806 - Lang_54 - INFO - 错误: ? 的不兼容类型: 两者都不是对方的子类型
char ch4 = len > 4 ? str.charAt(4) : null; // Or a default value that indicates no character present
2024-02-25 12:36:33,806 - Lang_54 - INFO - 补丁2 5 未成功编译
2024-02-25 12:36:33,807 - Lang_54 - INFO - 开始验证补丁2 6:
2024-02-25 12:36:33,808 - Lang_54 - INFO - 
// There is no direct need for `ch4` if we are only concerned with checking the underscores and length

2024-02-25 12:36:34,855 - Lang_54 - INFO - 编译成功
2024-02-25 12:36:44,312 - Lang_54 - INFO - 测试失败
2024-02-25 12:36:44,313 - Lang_54 - INFO - Failing tests: 1
  - org.apache.commons.lang.LocaleUtilsTest::testLang328

2024-02-25 12:36:44,752 - Lang_54 - INFO - 选择失败的测试用例为:
2024-02-25 12:36:44,752 - Lang_54 - INFO - org.apache.commons.lang.LocaleUtilsTest::testLang328
2024-02-25 12:36:44,752 - Lang_54 - INFO - 失败的测试代码为:
2024-02-25 12:36:44,752 - Lang_54 - INFO -         assertValidToLocale("fr__POSIX", "fr", "", "POSIX");

2024-02-25 12:36:44,752 - Lang_54 - INFO - 失败信息为:
2024-02-25 12:36:44,752 - Lang_54 - INFO - java.lang.IllegalArgumentException: Invalid locale format: fr__POSIX

2024-02-25 12:36:44,752 - Lang_54 - INFO - 补丁2 6测试失败
2024-02-25 12:36:44,753 - Lang_54 - INFO - 开始验证补丁2 7:
2024-02-25 12:36:44,753 - Lang_54 - INFO - 
            char ch4 = len > 4 ? str.charAt(4) : '\0';

2024-02-25 12:36:45,403 - Lang_54 - INFO - 编译失败
2024-02-25 12:36:45,403 - Lang_54 - INFO - 错误: 已在方法 toLocale(String)中定义了变量 ch4
char ch4 = str.charAt(4);
2024-02-25 12:36:45,403 - Lang_54 - INFO - 补丁2 7 未成功编译
2024-02-25 12:36:45,404 - Lang_54 - INFO - 开始验证补丁2 8:
2024-02-25 12:36:45,404 - Lang_54 - INFO - 
            char ch4 = str.length() > 4 ? str.charAt(4) : ' ';

2024-02-25 12:36:46,070 - Lang_54 - INFO - 编译失败
2024-02-25 12:36:46,070 - Lang_54 - INFO - 错误: 已在方法 toLocale(String)中定义了变量 ch4
char ch4 = str.charAt(4);
2024-02-25 12:36:46,070 - Lang_54 - INFO - 补丁2 8 未成功编译
2024-02-25 12:36:46,071 - Lang_54 - INFO - 开始验证补丁2 9:
2024-02-25 12:36:46,071 - Lang_54 - INFO - 
            // Remove the character check and allow further validation to handle language or variant

2024-02-25 12:36:47,132 - Lang_54 - INFO - 编译成功
2024-02-25 12:36:56,448 - Lang_54 - INFO - 测试失败
2024-02-25 12:36:56,448 - Lang_54 - INFO - Failing tests: 1
  - org.apache.commons.lang.LocaleUtilsTest::testLang328

2024-02-25 12:36:56,886 - Lang_54 - INFO - 选择失败的测试用例为:
2024-02-25 12:36:56,886 - Lang_54 - INFO - org.apache.commons.lang.LocaleUtilsTest::testLang328
2024-02-25 12:36:56,887 - Lang_54 - INFO - 失败的测试代码为:
2024-02-25 12:36:56,887 - Lang_54 - INFO -         assertValidToLocale("fr__POSIX", "fr", "", "POSIX");

2024-02-25 12:36:56,887 - Lang_54 - INFO - 失败信息为:
2024-02-25 12:36:56,887 - Lang_54 - INFO - java.lang.IllegalArgumentException: Invalid locale format: fr__POSIX

2024-02-25 12:36:56,887 - Lang_54 - INFO - 补丁2 9测试失败
2024-02-25 12:36:56,888 - Lang_54 - INFO - 开始验证补丁3 1:
2024-02-25 12:36:56,888 - Lang_54 - INFO - 
char ch4 = (len > 4) ? str.charAt(4) : '_';

2024-02-25 12:36:57,549 - Lang_54 - INFO - 编译失败
2024-02-25 12:36:57,549 - Lang_54 - INFO - 错误: 已在方法 toLocale(String)中定义了变量 ch4
char ch4 = str.charAt(4);
2024-02-25 12:36:57,549 - Lang_54 - INFO - 补丁3 1 未成功编译
2024-02-25 12:36:57,550 - Lang_54 - INFO - 开始验证补丁3 2:
2024-02-25 12:36:57,550 - Lang_54 - INFO - 
char ch4 = '_';
if (len > 4) {
    ch4 = str.charAt(4);
}

2024-02-25 12:36:58,200 - Lang_54 - INFO - 编译失败
2024-02-25 12:36:58,200 - Lang_54 - INFO - 错误: 已在方法 toLocale(String)中定义了变量 ch4
char ch4 = str.charAt(4);
2024-02-25 12:36:58,200 - Lang_54 - INFO - 补丁3 2 未成功编译
2024-02-25 12:36:58,201 - Lang_54 - INFO - 开始验证补丁3 3:
2024-02-25 12:36:58,201 - Lang_54 - INFO - 
char ch4 = (len == 5 || len > 6) ? str.charAt(4) : '_';

2024-02-25 12:36:58,862 - Lang_54 - INFO - 编译失败
2024-02-25 12:36:58,862 - Lang_54 - INFO - 错误: 已在方法 toLocale(String)中定义了变量 ch4
char ch4 = str.charAt(4);
2024-02-25 12:36:58,862 - Lang_54 - INFO - 补丁3 3 未成功编译
2024-02-25 12:36:58,863 - Lang_54 - INFO - 开始验证补丁3 4:
2024-02-25 12:36:58,863 - Lang_54 - INFO - 
char ch4 = len > 4 ? str.charAt(4) : '_';
if (ch3 == '_' && ch4 == '_') {
    // Handle special case for empty country code and start processing variant
    return new Locale(str.substring(0, 2), "", str.substring(5));
}

2024-02-25 12:36:59,525 - Lang_54 - INFO - 编译失败
2024-02-25 12:36:59,525 - Lang_54 - INFO - 错误: 已在方法 toLocale(String)中定义了变量 ch4
char ch4 = str.charAt(4);
2024-02-25 12:36:59,525 - Lang_54 - INFO - 补丁3 4 未成功编译
2024-02-25 12:36:59,526 - Lang_54 - INFO - 开始验证补丁3 5:
2024-02-25 12:36:59,527 - Lang_54 - INFO - 
// Considering ch4 only if the length is more than 4 and ch3 is not '_'
char ch4 = (len > 4 && ch3 != '_') ? str.charAt(4) : '_';

2024-02-25 12:37:00,184 - Lang_54 - INFO - 编译失败
2024-02-25 12:37:00,184 - Lang_54 - INFO - 错误: 已在方法 toLocale(String)中定义了变量 ch4
char ch4 = str.charAt(4);
2024-02-25 12:37:00,184 - Lang_54 - INFO - 补丁3 5 未成功编译
2024-02-25 12:37:00,186 - Lang_54 - INFO - 开始验证补丁3 6:
2024-02-25 12:37:00,186 - Lang_54 - INFO - 
// Account for possible underscores indicating an empty country code
char ch4 = (ch3 == '_' && len > 4) ? str.charAt(5) : (len > 4 ? str.charAt(4) : '_');

2024-02-25 12:37:00,833 - Lang_54 - INFO - 编译失败
2024-02-25 12:37:00,833 - Lang_54 - INFO - 错误: 已在方法 toLocale(String)中定义了变量 ch4
char ch4 = str.charAt(4);
2024-02-25 12:37:00,833 - Lang_54 - INFO - 补丁3 6 未成功编译
2024-02-25 12:37:00,835 - Lang_54 - INFO - 开始验证补丁3 7:
2024-02-25 12:37:00,835 - Lang_54 - INFO - 
char ch4 = len > 4 ? str.charAt(4) : ' ';
if (len > 4 && ch3 == '_' && ch4 == '_') {
    ch4 = str.charAt(6);
}

2024-02-25 12:37:01,500 - Lang_54 - INFO - 编译失败
2024-02-25 12:37:01,500 - Lang_54 - INFO - 错误: 已在方法 toLocale(String)中定义了变量 ch4
char ch4 = str.charAt(4);
2024-02-25 12:37:01,500 - Lang_54 - INFO - 补丁3 7 未成功编译
2024-02-25 12:37:01,501 - Lang_54 - INFO - 开始验证补丁3 8:
2024-02-25 12:37:01,501 - Lang_54 - INFO - 
char ch4 = (len > 4 && str.charAt(3) != '_') ? str.charAt(4) : ' ';

2024-02-25 12:37:02,154 - Lang_54 - INFO - 编译失败
2024-02-25 12:37:02,154 - Lang_54 - INFO - 错误: 已在方法 toLocale(String)中定义了变量 ch4
char ch4 = str.charAt(4);
2024-02-25 12:37:02,154 - Lang_54 - INFO - 补丁3 8 未成功编译
2024-02-25 12:37:02,155 - Lang_54 - INFO - 开始验证补丁3 9:
2024-02-25 12:37:02,155 - Lang_54 - INFO - 
char ch4 = ' ';
if (len > 4) {
    if (str.charAt(3) != '_') {
        ch4 = str.charAt(4);
    } else {
        // The code to handle variants after the underscore, if needed.
    }
}

2024-02-25 12:37:02,810 - Lang_54 - INFO - 编译失败
2024-02-25 12:37:02,810 - Lang_54 - INFO - 错误: 已在方法 toLocale(String)中定义了变量 ch4
char ch4 = str.charAt(4);
2024-02-25 12:37:02,810 - Lang_54 - INFO - 补丁3 9 未成功编译
2024-02-25 12:37:02,810 - Lang_54 - INFO - Lang_54 未成功修复
