2024-02-23 23:33:38,979 - Lang_29 - INFO - rm -rf /home/chongchong/d4j-project/Lang_29
2024-02-23 23:33:38,980 - Lang_29 - INFO - 删除 Lang 29b 成功
2024-02-23 23:33:38,980 - Lang_29 - INFO - defects4j checkout -p Lang -v 29b -w /home/chongchong/d4j-project/Lang_29
2024-02-23 23:33:42,322 - Lang_29 - INFO - checkout Lang 29b 成功
2024-02-23 23:33:46,692 - Lang_29 - INFO - 编译成功
2024-02-23 23:33:55,447 - Lang_29 - INFO - 测试失败
2024-02-23 23:33:55,447 - Lang_29 - INFO - Failing tests: 1
  - org.apache.commons.lang3.SystemUtilsTest::testJavaVersionAsInt

2024-02-23 23:33:56,331 - Lang_29 - INFO - 它的bug类型为:
2024-02-23 23:33:56,331 - Lang_29 - INFO - 1
2024-02-23 23:34:29,732 - Lang_29 - INFO - 开始验证补丁1 1:
2024-02-23 23:34:29,732 - Lang_29 - INFO - 
   static int toJavaVersionInt(String version) {

2024-02-23 23:34:30,789 - Lang_29 - INFO - 编译成功
2024-02-23 23:34:39,557 - Lang_29 - INFO - 测试失败
2024-02-23 23:34:39,557 - Lang_29 - INFO - Failing tests: 1
  - org.apache.commons.lang3.SystemUtilsTest::testJavaVersionAsInt

2024-02-23 23:34:39,997 - Lang_29 - INFO - 选择失败的测试用例为:
2024-02-23 23:34:39,997 - Lang_29 - INFO - org.apache.commons.lang3.SystemUtilsTest::testJavaVersionAsInt
2024-02-23 23:34:39,997 - Lang_29 - INFO - 失败的测试代码为:
2024-02-23 23:34:39,997 - Lang_29 - INFO -         assertEquals(0, SystemUtils.toJavaVersionInt(null));

2024-02-23 23:34:39,997 - Lang_29 - INFO - 失败信息为:
2024-02-23 23:34:39,997 - Lang_29 - INFO - java.lang.NoSuchMethodError: org.apache.commons.lang3.SystemUtils.toJavaVersionInt(Ljava/lang/String;)F

2024-02-23 23:34:39,997 - Lang_29 - INFO - 补丁1 1测试失败
2024-02-23 23:34:39,998 - Lang_29 - INFO - 开始验证补丁1 2:
2024-02-23 23:34:39,998 - Lang_29 - INFO - 
   private static int toJavaVersionInt(String version) {

2024-02-23 23:34:41,081 - Lang_29 - INFO - 编译成功
2024-02-23 23:34:49,864 - Lang_29 - INFO - 测试失败
2024-02-23 23:34:49,864 - Lang_29 - INFO - Failing tests: 1
  - org.apache.commons.lang3.SystemUtilsTest::testJavaVersionAsInt

2024-02-23 23:34:50,300 - Lang_29 - INFO - 选择失败的测试用例为:
2024-02-23 23:34:50,300 - Lang_29 - INFO - org.apache.commons.lang3.SystemUtilsTest::testJavaVersionAsInt
2024-02-23 23:34:50,300 - Lang_29 - INFO - 失败的测试代码为:
2024-02-23 23:34:50,300 - Lang_29 - INFO -         assertEquals(0, SystemUtils.toJavaVersionInt(null));

2024-02-23 23:34:50,300 - Lang_29 - INFO - 失败信息为:
2024-02-23 23:34:50,300 - Lang_29 - INFO - java.lang.NoSuchMethodError: org.apache.commons.lang3.SystemUtils.toJavaVersionInt(Ljava/lang/String;)F

2024-02-23 23:34:50,300 - Lang_29 - INFO - 补丁1 2测试失败
2024-02-23 23:34:50,301 - Lang_29 - INFO - 开始验证补丁1 3:
2024-02-23 23:34:50,301 - Lang_29 - INFO - 
   static int toJavaVersion(String version) {

2024-02-23 23:34:50,301 - Lang_29 - INFO - 补丁3 7 与人工补丁一致