2024-02-25 12:30:40,953 - Lang_52 - INFO - rm -rf /home/chongchong/d4j-project/Lang_52
2024-02-25 12:30:40,954 - Lang_52 - INFO - 删除 Lang 52b 成功
2024-02-25 12:30:40,954 - Lang_52 - INFO - defects4j checkout -p Lang -v 52b -w /home/chongchong/d4j-project/Lang_52
2024-02-25 12:30:44,274 - Lang_52 - INFO - checkout Lang 52b 成功
2024-02-25 12:30:48,349 - Lang_52 - INFO - 编译成功
2024-02-25 12:30:57,585 - Lang_52 - INFO - 测试失败
2024-02-25 12:30:57,585 - Lang_52 - INFO - Failing tests: 1
  - org.apache.commons.lang.StringEscapeUtilsTest::testEscapeJavaScript

2024-02-25 12:30:58,460 - Lang_52 - INFO - 它的bug类型为:
2024-02-25 12:30:58,460 - Lang_52 - INFO - 3
2024-02-25 12:31:36,818 - Lang_52 - INFO - 开始验证补丁1 1:
2024-02-25 12:31:36,818 - Lang_52 - INFO - 
case '\'':
    if (escapeSingleQuote) {
        out.write('\\');
    }
    out.write('\'');
    break;

2024-02-25 12:31:37,480 - Lang_52 - INFO - 编译失败
2024-02-25 12:31:37,480 - Lang_52 - INFO - 错误: case 标签重复
case '\'':
2024-02-25 12:31:37,480 - Lang_52 - INFO - 补丁1 1 未成功编译
2024-02-25 12:31:37,481 - Lang_52 - INFO - 开始验证补丁1 2:
2024-02-25 12:31:37,481 - Lang_52 - INFO - 
case '/':
    out.write('\\');
    out.write('/');
    break;

2024-02-25 12:31:38,561 - Lang_52 - INFO - 编译成功
2024-02-25 12:31:47,780 - Lang_52 - INFO - 测试成功
2024-02-25 12:31:47,780 - Lang_52 - INFO - 补丁1 2 通过了所有的测试用例
