2024-02-25 12:24:28,382 - Lang_44 - INFO - rm -rf /home/chongchong/d4j-project/Lang_44
2024-02-25 12:24:28,383 - Lang_44 - INFO - 删除 Lang 44b 成功
2024-02-25 12:24:28,383 - Lang_44 - INFO - defects4j checkout -p Lang -v 44b -w /home/chongchong/d4j-project/Lang_44
2024-02-25 12:24:31,716 - Lang_44 - INFO - checkout Lang 44b 成功
2024-02-25 12:24:35,969 - Lang_44 - INFO - 编译成功
2024-02-25 12:24:45,775 - Lang_44 - INFO - 测试失败
2024-02-25 12:24:45,775 - Lang_44 - INFO - Failing tests: 1
  - org.apache.commons.lang.NumberUtilsTest::testLang457

2024-02-25 12:24:46,652 - Lang_44 - INFO - 它的bug类型为:
2024-02-25 12:24:46,652 - Lang_44 - INFO - 3
2024-02-25 12:25:44,528 - Lang_44 - INFO - 开始验证补丁1 1:
2024-02-25 12:25:44,528 - Lang_44 - INFO - 
        if (val.startsWith("--")) {
            // The condition to handle strings that begin with "--", which is not a valid number.
            throw new NumberFormatException(val + " is not a valid number.");
        }

2024-02-25 12:25:45,598 - Lang_44 - INFO - 编译成功
2024-02-25 12:25:55,453 - Lang_44 - INFO - 测试失败
2024-02-25 12:25:55,453 - Lang_44 - INFO - Failing tests: 1
  - org.apache.commons.lang.NumberUtilsTest::testLang457

2024-02-25 12:25:55,892 - Lang_44 - INFO - 选择失败的测试用例为:
2024-02-25 12:25:55,892 - Lang_44 - INFO - org.apache.commons.lang.NumberUtilsTest::testLang457
2024-02-25 12:25:55,893 - Lang_44 - INFO - 失败的测试代码为:
2024-02-25 12:25:55,893 - Lang_44 - INFO -                 NumberUtils.createNumber(badInputs[i]);

2024-02-25 12:25:55,893 - Lang_44 - INFO - 失败信息为:
2024-02-25 12:25:55,893 - Lang_44 - INFO - java.lang.StringIndexOutOfBoundsException: String index out of range: 0

2024-02-25 12:25:55,893 - Lang_44 - INFO - 补丁1 1测试失败
2024-02-25 12:25:55,894 - Lang_44 - INFO - 开始验证补丁1 2:
2024-02-25 12:25:55,894 - Lang_44 - INFO - 
        if (val.equals("--")) {
            // The condition to specifically handle the string "--", which is not a valid number.
            return null;
        }

2024-02-25 12:25:56,959 - Lang_44 - INFO - 编译成功
2024-02-25 12:26:06,837 - Lang_44 - INFO - 测试失败
2024-02-25 12:26:06,837 - Lang_44 - INFO - Failing tests: 1
  - org.apache.commons.lang.NumberUtilsTest::testLang457

2024-02-25 12:26:07,282 - Lang_44 - INFO - 选择失败的测试用例为:
2024-02-25 12:26:07,282 - Lang_44 - INFO - org.apache.commons.lang.NumberUtilsTest::testLang457
2024-02-25 12:26:07,282 - Lang_44 - INFO - 失败的测试代码为:
2024-02-25 12:26:07,282 - Lang_44 - INFO -                 NumberUtils.createNumber(badInputs[i]);

2024-02-25 12:26:07,282 - Lang_44 - INFO - 失败信息为:
2024-02-25 12:26:07,282 - Lang_44 - INFO - java.lang.StringIndexOutOfBoundsException: String index out of range: 0

2024-02-25 12:26:07,282 - Lang_44 - INFO - 补丁1 2测试失败
2024-02-25 12:26:07,283 - Lang_44 - INFO - 开始验证补丁1 3:
2024-02-25 12:26:07,283 - Lang_44 - INFO - 
        // Assuming that the original intention was to ignore any strings starting with more than one hyphen.
        if (val.matches("-{2,}.*")) {
            return null;
        }

2024-02-25 12:26:08,360 - Lang_44 - INFO - 编译成功
2024-02-25 12:26:18,190 - Lang_44 - INFO - 测试失败
2024-02-25 12:26:18,191 - Lang_44 - INFO - Failing tests: 1
  - org.apache.commons.lang.NumberUtilsTest::testLang457

2024-02-25 12:26:18,624 - Lang_44 - INFO - 选择失败的测试用例为:
2024-02-25 12:26:18,624 - Lang_44 - INFO - org.apache.commons.lang.NumberUtilsTest::testLang457
2024-02-25 12:26:18,624 - Lang_44 - INFO - 失败的测试代码为:
2024-02-25 12:26:18,624 - Lang_44 - INFO -                 NumberUtils.createNumber(badInputs[i]);

2024-02-25 12:26:18,624 - Lang_44 - INFO - 失败信息为:
2024-02-25 12:26:18,624 - Lang_44 - INFO - java.lang.StringIndexOutOfBoundsException: String index out of range: 0

2024-02-25 12:26:18,624 - Lang_44 - INFO - 补丁1 3测试失败
2024-02-25 12:26:18,626 - Lang_44 - INFO - 开始验证补丁1 4:
2024-02-25 12:26:18,626 - Lang_44 - INFO - 
if (val.startsWith("--")) {
    throw new NumberFormatException(val + " is not a valid number.");
}

2024-02-25 12:26:19,707 - Lang_44 - INFO - 编译成功
2024-02-25 12:26:29,585 - Lang_44 - INFO - 测试失败
2024-02-25 12:26:29,585 - Lang_44 - INFO - Failing tests: 1
  - org.apache.commons.lang.NumberUtilsTest::testLang457

2024-02-25 12:26:30,025 - Lang_44 - INFO - 选择失败的测试用例为:
2024-02-25 12:26:30,025 - Lang_44 - INFO - org.apache.commons.lang.NumberUtilsTest::testLang457
2024-02-25 12:26:30,025 - Lang_44 - INFO - 失败的测试代码为:
2024-02-25 12:26:30,025 - Lang_44 - INFO -                 NumberUtils.createNumber(badInputs[i]);

2024-02-25 12:26:30,025 - Lang_44 - INFO - 失败信息为:
2024-02-25 12:26:30,025 - Lang_44 - INFO - java.lang.StringIndexOutOfBoundsException: String index out of range: 0

2024-02-25 12:26:30,025 - Lang_44 - INFO - 补丁1 4测试失败
2024-02-25 12:26:30,026 - Lang_44 - INFO - 开始验证补丁1 5:
2024-02-25 12:26:30,026 - Lang_44 - INFO - 
if (val.matches("-+.*")) {
    throw new NumberFormatException(val + " is not a valid number.");
}

2024-02-25 12:26:31,084 - Lang_44 - INFO - 编译成功
2024-02-25 12:26:40,905 - Lang_44 - INFO - 测试失败
2024-02-25 12:26:40,906 - Lang_44 - INFO - Failing tests: 3
  - org.apache.commons.lang.NumberUtilsTest::testCreateNumber
  - org.apache.commons.lang.NumberUtilsTest::testLang457
  - org.apache.commons.lang.NumberUtilsTest::testIsNumber

2024-02-25 12:26:41,345 - Lang_44 - INFO - 选择失败的测试用例为:
2024-02-25 12:26:41,345 - Lang_44 - INFO - org.apache.commons.lang.NumberUtilsTest::testCreateNumber
2024-02-25 12:26:41,345 - Lang_44 - INFO - 失败的测试代码为:
2024-02-25 12:26:41,345 - Lang_44 - INFO -         assertEquals("createNumber(String) 8 failed", new Float("-1234.5"), NumberUtils.createNumber("-1234.5"));

2024-02-25 12:26:41,345 - Lang_44 - INFO - 失败信息为:
2024-02-25 12:26:41,345 - Lang_44 - INFO - java.lang.NumberFormatException: -1234.5 is not a valid number.

2024-02-25 12:26:41,345 - Lang_44 - INFO - 补丁1 5测试失败
2024-02-25 12:26:41,346 - Lang_44 - INFO - 开始验证补丁1 6:
2024-02-25 12:26:41,346 - Lang_44 - INFO - 
// An alternative approach could be more generic and eliminate any string that starts with multiple minus signs
if (val.startsWith("--")) {
    throw new IllegalArgumentException(val + " is not a valid representation for a number.");
}

2024-02-25 12:26:42,410 - Lang_44 - INFO - 编译成功
2024-02-25 12:26:52,317 - Lang_44 - INFO - 测试失败
2024-02-25 12:26:52,317 - Lang_44 - INFO - Failing tests: 2
  - org.apache.commons.lang.NumberUtilsTest::testLang457
  - org.apache.commons.lang.NumberUtilsTest::testIsNumber

2024-02-25 12:26:52,756 - Lang_44 - INFO - 选择失败的测试用例为:
2024-02-25 12:26:52,756 - Lang_44 - INFO - org.apache.commons.lang.NumberUtilsTest::testLang457
2024-02-25 12:26:52,756 - Lang_44 - INFO - 失败的测试代码为:
2024-02-25 12:26:52,756 - Lang_44 - INFO -                 NumberUtils.createNumber(badInputs[i]);

2024-02-25 12:26:52,756 - Lang_44 - INFO - 失败信息为:
2024-02-25 12:26:52,756 - Lang_44 - INFO - java.lang.StringIndexOutOfBoundsException: String index out of range: 0

2024-02-25 12:26:52,756 - Lang_44 - INFO - 补丁1 6测试失败
2024-02-25 12:26:52,757 - Lang_44 - INFO - 开始验证补丁1 7:
2024-02-25 12:26:52,757 - Lang_44 - INFO - 
if (val.startsWith("--")) {
    throw new NumberFormatException(val + " is not a valid number.");
}

2024-02-25 12:26:52,757 - Lang_44 - INFO - 补丁1 7为重复的补丁
2024-02-25 12:26:52,758 - Lang_44 - INFO - 开始验证补丁1 8:
2024-02-25 12:26:52,758 - Lang_44 - INFO - 
if (val.equals("--")) {
    return null;
}

2024-02-25 12:26:53,841 - Lang_44 - INFO - 编译成功
2024-02-25 12:27:03,785 - Lang_44 - INFO - 测试失败
2024-02-25 12:27:03,785 - Lang_44 - INFO - Failing tests: 1
  - org.apache.commons.lang.NumberUtilsTest::testLang457

2024-02-25 12:27:04,232 - Lang_44 - INFO - 选择失败的测试用例为:
2024-02-25 12:27:04,232 - Lang_44 - INFO - org.apache.commons.lang.NumberUtilsTest::testLang457
2024-02-25 12:27:04,232 - Lang_44 - INFO - 失败的测试代码为:
2024-02-25 12:27:04,232 - Lang_44 - INFO -                 NumberUtils.createNumber(badInputs[i]);

2024-02-25 12:27:04,232 - Lang_44 - INFO - 失败信息为:
2024-02-25 12:27:04,232 - Lang_44 - INFO - java.lang.StringIndexOutOfBoundsException: String index out of range: 0

2024-02-25 12:27:04,232 - Lang_44 - INFO - 补丁1 8测试失败
2024-02-25 12:27:04,233 - Lang_44 - INFO - 开始验证补丁1 9:
2024-02-25 12:27:04,233 - Lang_44 - INFO - 
if (val.startsWith("--")) {
    return BigDecimal.ZERO; // To handle a specific case, modify accordingly
}

2024-02-25 12:27:05,309 - Lang_44 - INFO - 编译成功
2024-02-25 12:27:15,167 - Lang_44 - INFO - 测试失败
2024-02-25 12:27:15,168 - Lang_44 - INFO - Failing tests: 2
  - org.apache.commons.lang.NumberUtilsTest::testLang457
  - org.apache.commons.lang.NumberUtilsTest::testIsNumber

2024-02-25 12:27:15,607 - Lang_44 - INFO - 选择失败的测试用例为:
2024-02-25 12:27:15,607 - Lang_44 - INFO - org.apache.commons.lang.NumberUtilsTest::testLang457
2024-02-25 12:27:15,607 - Lang_44 - INFO - 失败的测试代码为:
2024-02-25 12:27:15,607 - Lang_44 - INFO -                 NumberUtils.createNumber(badInputs[i]);

2024-02-25 12:27:15,607 - Lang_44 - INFO - 失败信息为:
2024-02-25 12:27:15,607 - Lang_44 - INFO - java.lang.StringIndexOutOfBoundsException: String index out of range: 0

2024-02-25 12:27:15,607 - Lang_44 - INFO - 补丁1 9测试失败
2024-02-25 12:27:15,608 - Lang_44 - INFO - 开始验证补丁2 1:
2024-02-25 12:27:15,608 - Lang_44 - INFO - 
        if (val.startsWith("--")) {
            throw new NumberFormatException(val + " is not a valid number.");
        }

2024-02-25 12:27:16,680 - Lang_44 - INFO - 编译成功
2024-02-25 12:27:26,530 - Lang_44 - INFO - 测试失败
2024-02-25 12:27:26,530 - Lang_44 - INFO - Failing tests: 1
  - org.apache.commons.lang.NumberUtilsTest::testLang457

2024-02-25 12:27:26,970 - Lang_44 - INFO - 选择失败的测试用例为:
2024-02-25 12:27:26,970 - Lang_44 - INFO - org.apache.commons.lang.NumberUtilsTest::testLang457
2024-02-25 12:27:26,970 - Lang_44 - INFO - 失败的测试代码为:
2024-02-25 12:27:26,970 - Lang_44 - INFO -                 NumberUtils.createNumber(badInputs[i]);

2024-02-25 12:27:26,970 - Lang_44 - INFO - 失败信息为:
2024-02-25 12:27:26,970 - Lang_44 - INFO - java.lang.StringIndexOutOfBoundsException: String index out of range: 0

2024-02-25 12:27:26,970 - Lang_44 - INFO - 补丁2 1测试失败
2024-02-25 12:27:26,971 - Lang_44 - INFO - 开始验证补丁2 2:
2024-02-25 12:27:26,971 - Lang_44 - INFO - 
        if (!Character.isDigit(val.charAt(0)) && val.charAt(0) != '-' && val.charAt(0) != '+') {
            throw new NumberFormatException(val + " is not a valid number.");
        }

2024-02-25 12:27:28,035 - Lang_44 - INFO - 编译成功
2024-02-25 12:27:37,915 - Lang_44 - INFO - 测试失败
2024-02-25 12:27:37,915 - Lang_44 - INFO - Failing tests: 1
  - org.apache.commons.lang.NumberUtilsTest::testIsNumber

2024-02-25 12:27:38,358 - Lang_44 - INFO - 选择失败的测试用例为:
2024-02-25 12:27:38,358 - Lang_44 - INFO - org.apache.commons.lang.NumberUtilsTest::testIsNumber
2024-02-25 12:27:38,358 - Lang_44 - INFO - 失败的测试代码为:
2024-02-25 12:27:38,358 - Lang_44 - INFO -         assertTrue("isNumber(String)/createNumber(String) 3 failed", checkCreateNumber(val));

2024-02-25 12:27:38,358 - Lang_44 - INFO - 失败信息为:
2024-02-25 12:27:38,358 - Lang_44 - INFO - junit.framework.AssertionFailedError: isNumber(String)/createNumber(String) 3 failed

2024-02-25 12:27:38,358 - Lang_44 - INFO - 补丁2 2测试失败
2024-02-25 12:27:38,359 - Lang_44 - INFO - 开始验证补丁2 3:
2024-02-25 12:27:38,359 - Lang_44 - INFO - 
        if (val.matches("--.*")) {
            throw new NumberFormatException(val + " is not a valid number.");
        }

2024-02-25 12:27:39,431 - Lang_44 - INFO - 编译成功
2024-02-25 12:27:49,297 - Lang_44 - INFO - 测试失败
2024-02-25 12:27:49,297 - Lang_44 - INFO - Failing tests: 1
  - org.apache.commons.lang.NumberUtilsTest::testLang457

2024-02-25 12:27:49,732 - Lang_44 - INFO - 选择失败的测试用例为:
2024-02-25 12:27:49,732 - Lang_44 - INFO - org.apache.commons.lang.NumberUtilsTest::testLang457
2024-02-25 12:27:49,732 - Lang_44 - INFO - 失败的测试代码为:
2024-02-25 12:27:49,732 - Lang_44 - INFO -                 NumberUtils.createNumber(badInputs[i]);

2024-02-25 12:27:49,732 - Lang_44 - INFO - 失败信息为:
2024-02-25 12:27:49,732 - Lang_44 - INFO - java.lang.StringIndexOutOfBoundsException: String index out of range: 0

2024-02-25 12:27:49,732 - Lang_44 - INFO - 补丁2 3测试失败
2024-02-25 12:27:49,733 - Lang_44 - INFO - 开始验证补丁2 4:
2024-02-25 12:27:49,733 - Lang_44 - INFO - 
if (val.startsWith("--")) {
    throw new NumberFormatException(val + " is not a valid number.");
}

2024-02-25 12:27:49,733 - Lang_44 - INFO - 补丁2 4为重复的补丁
2024-02-25 12:27:49,734 - Lang_44 - INFO - 开始验证补丁2 5:
2024-02-25 12:27:49,734 - Lang_44 - INFO - 
if (val.matches("-{2,}.*")) {
    throw new NumberFormatException(val + " is not a valid number.");
}

2024-02-25 12:27:50,815 - Lang_44 - INFO - 编译成功
2024-02-25 12:28:00,650 - Lang_44 - INFO - 测试失败
2024-02-25 12:28:00,650 - Lang_44 - INFO - Failing tests: 1
  - org.apache.commons.lang.NumberUtilsTest::testLang457

2024-02-25 12:28:01,103 - Lang_44 - INFO - 选择失败的测试用例为:
2024-02-25 12:28:01,104 - Lang_44 - INFO - org.apache.commons.lang.NumberUtilsTest::testLang457
2024-02-25 12:28:01,104 - Lang_44 - INFO - 失败的测试代码为:
2024-02-25 12:28:01,104 - Lang_44 - INFO -                 NumberUtils.createNumber(badInputs[i]);

2024-02-25 12:28:01,104 - Lang_44 - INFO - 失败信息为:
2024-02-25 12:28:01,104 - Lang_44 - INFO - java.lang.StringIndexOutOfBoundsException: String index out of range: 0

2024-02-25 12:28:01,104 - Lang_44 - INFO - 补丁2 5测试失败
2024-02-25 12:28:01,105 - Lang_44 - INFO - 开始验证补丁2 6:
2024-02-25 12:28:01,105 - Lang_44 - INFO - 
// Assuming the intent is to also guard against strings with multiple hyphens not just at the beginning
if (val.contains("--")) {
    throw new NumberFormatException(val + " is not a valid number.");
}

2024-02-25 12:28:02,190 - Lang_44 - INFO - 编译成功
2024-02-25 12:28:12,071 - Lang_44 - INFO - 测试失败
2024-02-25 12:28:12,072 - Lang_44 - INFO - Failing tests: 1
  - org.apache.commons.lang.NumberUtilsTest::testLang457

2024-02-25 12:28:12,513 - Lang_44 - INFO - 选择失败的测试用例为:
2024-02-25 12:28:12,513 - Lang_44 - INFO - org.apache.commons.lang.NumberUtilsTest::testLang457
2024-02-25 12:28:12,513 - Lang_44 - INFO - 失败的测试代码为:
2024-02-25 12:28:12,513 - Lang_44 - INFO -                 NumberUtils.createNumber(badInputs[i]);

2024-02-25 12:28:12,513 - Lang_44 - INFO - 失败信息为:
2024-02-25 12:28:12,513 - Lang_44 - INFO - java.lang.StringIndexOutOfBoundsException: String index out of range: 0

2024-02-25 12:28:12,514 - Lang_44 - INFO - 补丁2 6测试失败
2024-02-25 12:28:12,515 - Lang_44 - INFO - 开始验证补丁2 7:
2024-02-25 12:28:12,515 - Lang_44 - INFO - 
        if (val.startsWith("--")) {
            throw new NumberFormatException(val + " is not a valid number.");
        }

2024-02-25 12:28:12,515 - Lang_44 - INFO - 补丁2 7为重复的补丁
2024-02-25 12:28:12,516 - Lang_44 - INFO - 开始验证补丁2 8:
2024-02-25 12:28:12,516 - Lang_44 - INFO - 
        if (val.startsWith("--")) {
            val = val.substring(2);
        }

2024-02-25 12:28:13,581 - Lang_44 - INFO - 编译成功
2024-02-25 12:28:23,485 - Lang_44 - INFO - 测试失败
2024-02-25 12:28:23,485 - Lang_44 - INFO - Failing tests: 2
  - org.apache.commons.lang.NumberUtilsTest::testLang457
  - org.apache.commons.lang.NumberUtilsTest::testIsNumber

2024-02-25 12:28:23,925 - Lang_44 - INFO - 选择失败的测试用例为:
2024-02-25 12:28:23,925 - Lang_44 - INFO - org.apache.commons.lang.NumberUtilsTest::testLang457
2024-02-25 12:28:23,925 - Lang_44 - INFO - 失败的测试代码为:
2024-02-25 12:28:23,925 - Lang_44 - INFO -                 NumberUtils.createNumber(badInputs[i]);

2024-02-25 12:28:23,925 - Lang_44 - INFO - 失败信息为:
2024-02-25 12:28:23,925 - Lang_44 - INFO - java.lang.StringIndexOutOfBoundsException: String index out of range: 0

2024-02-25 12:28:23,925 - Lang_44 - INFO - 补丁2 8测试失败
2024-02-25 12:28:23,926 - Lang_44 - INFO - 开始验证补丁2 9:
2024-02-25 12:28:23,926 - Lang_44 - INFO - 
        if (val.trim().isEmpty()) { 
            throw new NumberFormatException("A string of whitespace is not a valid number.");
        }

2024-02-25 12:28:24,993 - Lang_44 - INFO - 编译成功
2024-02-25 12:28:34,910 - Lang_44 - INFO - 测试失败
2024-02-25 12:28:34,910 - Lang_44 - INFO - Failing tests: 1
  - org.apache.commons.lang.NumberUtilsTest::testLang457

2024-02-25 12:28:35,357 - Lang_44 - INFO - 选择失败的测试用例为:
2024-02-25 12:28:35,357 - Lang_44 - INFO - org.apache.commons.lang.NumberUtilsTest::testLang457
2024-02-25 12:28:35,357 - Lang_44 - INFO - 失败的测试代码为:
2024-02-25 12:28:35,357 - Lang_44 - INFO -                 NumberUtils.createNumber(badInputs[i]);

2024-02-25 12:28:35,357 - Lang_44 - INFO - 失败信息为:
2024-02-25 12:28:35,357 - Lang_44 - INFO - java.lang.StringIndexOutOfBoundsException: String index out of range: 0

2024-02-25 12:28:35,357 - Lang_44 - INFO - 补丁2 9测试失败
2024-02-25 12:28:35,358 - Lang_44 - INFO - 开始验证补丁3 1:
2024-02-25 12:28:35,358 - Lang_44 - INFO - 
if (val.startsWith("--")) {
    throw new NumberFormatException(val + " is not a valid number.");
}

2024-02-25 12:28:35,358 - Lang_44 - INFO - 补丁3 1为重复的补丁
2024-02-25 12:28:35,359 - Lang_44 - INFO - 开始验证补丁3 2:
2024-02-25 12:28:35,359 - Lang_44 - INFO - 
if (val.matches("-?0+\\.?0*")) {
    return new BigDecimal(0);
}

2024-02-25 12:28:36,433 - Lang_44 - INFO - 编译成功
2024-02-25 12:28:46,347 - Lang_44 - INFO - 测试失败
2024-02-25 12:28:46,347 - Lang_44 - INFO - Failing tests: 1
  - org.apache.commons.lang.NumberUtilsTest::testLang457

2024-02-25 12:28:46,784 - Lang_44 - INFO - 选择失败的测试用例为:
2024-02-25 12:28:46,784 - Lang_44 - INFO - org.apache.commons.lang.NumberUtilsTest::testLang457
2024-02-25 12:28:46,784 - Lang_44 - INFO - 失败的测试代码为:
2024-02-25 12:28:46,784 - Lang_44 - INFO -                 NumberUtils.createNumber(badInputs[i]);

2024-02-25 12:28:46,784 - Lang_44 - INFO - 失败信息为:
2024-02-25 12:28:46,784 - Lang_44 - INFO - java.lang.StringIndexOutOfBoundsException: String index out of range: 0

2024-02-25 12:28:46,784 - Lang_44 - INFO - 补丁3 2测试失败
2024-02-25 12:28:46,785 - Lang_44 - INFO - 开始验证补丁3 3:
2024-02-25 12:28:46,785 - Lang_44 - INFO - 
if (val.startsWith("--")) {
    return null; // Alternatively, consider throwing an informative exception as in the first solution.
}

2024-02-25 12:28:47,855 - Lang_44 - INFO - 编译成功
2024-02-25 12:28:57,919 - Lang_44 - INFO - 测试失败
2024-02-25 12:28:57,919 - Lang_44 - INFO - Failing tests: 1
  - org.apache.commons.lang.NumberUtilsTest::testLang457

2024-02-25 12:28:58,360 - Lang_44 - INFO - 选择失败的测试用例为:
2024-02-25 12:28:58,361 - Lang_44 - INFO - org.apache.commons.lang.NumberUtilsTest::testLang457
2024-02-25 12:28:58,361 - Lang_44 - INFO - 失败的测试代码为:
2024-02-25 12:28:58,361 - Lang_44 - INFO -                 NumberUtils.createNumber(badInputs[i]);

2024-02-25 12:28:58,361 - Lang_44 - INFO - 失败信息为:
2024-02-25 12:28:58,361 - Lang_44 - INFO - java.lang.StringIndexOutOfBoundsException: String index out of range: 0

2024-02-25 12:28:58,361 - Lang_44 - INFO - 补丁3 3测试失败
2024-02-25 12:28:58,362 - Lang_44 - INFO - 开始验证补丁3 4:
2024-02-25 12:28:58,362 - Lang_44 - INFO - 
    public static Number createNumber(String val) throws NumberFormatException {
        if (val == null) {
            return null;
        }
        if (val.length() == 0) {
            throw new NumberFormatException("\"\" is not a valid number.");
        }
        if (val.startsWith("--")) {
            // This is likely an invalid numeric value. Double hyphens are not standard for numeric representations.
            throw new NumberFormatException(val + " is not a valid number.");
        }
        if (val.startsWith("0x") || val.startsWith("-0x")) {
            // Further processing for hexadecimal numbers likely follows...
        }
        // Additional code...
    }

2024-02-25 12:28:58,899 - Lang_44 - INFO - 编译失败
2024-02-25 12:28:58,899 - Lang_44 - INFO - 错误: 非法的表达式开始
public static Number createNumber(String val) throws NumberFormatException {
2024-02-25 12:28:58,899 - Lang_44 - INFO - 补丁3 4 未成功编译
2024-02-25 12:28:58,900 - Lang_44 - INFO - 开始验证补丁3 5:
2024-02-25 12:28:58,900 - Lang_44 - INFO - 
    public static Number createNumber(String val) throws NumberFormatException {
        if (val == null) {
            return null;
        }
        if (val.length() == 0) {
            throw new NumberFormatException("\"\" is not a valid number.");
        }
        if (val.matches("-?0[Xx].*")) {
            // Process for hexadecimal numbers that starts with "0x" or "-0x".
            // ... Code to parse hexadecimal string to number ...
        } else if (val.matches("--.*")) {
            // The input string starts with two hyphens, which is not a valid number format.
            throw new NumberFormatException(val + " is not a valid number.");
        }
        // Additional code...
    }

2024-02-25 12:28:59,432 - Lang_44 - INFO - 编译失败
2024-02-25 12:28:59,432 - Lang_44 - INFO - 错误: 非法的表达式开始
public static Number createNumber(String val) throws NumberFormatException {
2024-02-25 12:28:59,432 - Lang_44 - INFO - 补丁3 5 未成功编译
2024-02-25 12:28:59,434 - Lang_44 - INFO - 开始验证补丁3 6:
2024-02-25 12:28:59,434 - Lang_44 - INFO - 
    public static Number createNumber(String val) throws NumberFormatException {
        if (val == null) {
            return null;
        }
        if (val.length() == 0) {
            throw new NumberFormatException("\"\" is not a valid number.");
        }
        // Assuming that "--" is a specific case that needs to be handled, but not described in the error.
        if (val.equals("--")) {
            // Custom handling for the specific case where val equals exactly two hyphens.
            // Could be a placeholder or special case in the specific application context.
            // ... Custom handling code ...
        }
        if (val.startsWith("0x") || val.startsWith("-0x")) {
            // Further processing for hexadecimal numbers likely follows...
        }
        // Additional code...
    }

2024-02-25 12:28:59,970 - Lang_44 - INFO - 编译失败
2024-02-25 12:28:59,970 - Lang_44 - INFO - 错误: 非法的表达式开始
public static Number createNumber(String val) throws NumberFormatException {
2024-02-25 12:28:59,970 - Lang_44 - INFO - 补丁3 6 未成功编译
2024-02-25 12:28:59,971 - Lang_44 - INFO - 开始验证补丁3 7:
2024-02-25 12:28:59,971 - Lang_44 - INFO - 
    if (val.startsWith("--")) {
        throw new NumberFormatException(val + " is not a valid number.");
    }
    
2024-02-25 12:29:01,054 - Lang_44 - INFO - 编译成功
2024-02-25 12:29:10,973 - Lang_44 - INFO - 测试失败
2024-02-25 12:29:10,973 - Lang_44 - INFO - Failing tests: 1
  - org.apache.commons.lang.NumberUtilsTest::testLang457

2024-02-25 12:29:11,409 - Lang_44 - INFO - 选择失败的测试用例为:
2024-02-25 12:29:11,409 - Lang_44 - INFO - org.apache.commons.lang.NumberUtilsTest::testLang457
2024-02-25 12:29:11,409 - Lang_44 - INFO - 失败的测试代码为:
2024-02-25 12:29:11,409 - Lang_44 - INFO -                 NumberUtils.createNumber(badInputs[i]);

2024-02-25 12:29:11,409 - Lang_44 - INFO - 失败信息为:
2024-02-25 12:29:11,409 - Lang_44 - INFO - java.lang.StringIndexOutOfBoundsException: String index out of range: 0

2024-02-25 12:29:11,409 - Lang_44 - INFO - 补丁3 7测试失败
2024-02-25 12:29:11,410 - Lang_44 - INFO - 开始验证补丁3 8:
2024-02-25 12:29:11,410 - Lang_44 - INFO - 
    if (val.startsWith("--")) {
        // Handle as a special case or add a comment explaining why "--" is acceptable
        // Might be returning a specific kind of number, like a custom error value
        return handleDoubleHyphens(val); // Assume handleDoubleHyphens is a method that you will implement to handle "--"
    }
    
2024-02-25 12:29:12,068 - Lang_44 - INFO - 编译失败
2024-02-25 12:29:12,068 - Lang_44 - INFO - 错误: 找不到符号
return handleDoubleHyphens(val); // Assume handleDoubleHyphens is a method that you will implement to handle "--"
2024-02-25 12:29:12,068 - Lang_44 - INFO - 补丁3 8 未成功编译
2024-02-25 12:29:12,069 - Lang_44 - INFO - 开始验证补丁3 9:
2024-02-25 12:29:12,069 - Lang_44 - INFO - 
    if (val.startsWith("--")) {
        // Further processing of strings starting with double hyphens before deciding to return null or throw an exception
        return processDoubleHyphens(val); // Assume processDoubleHyphens is a method that you will implement for additional processing
    }
    
2024-02-25 12:29:12,726 - Lang_44 - INFO - 编译失败
2024-02-25 12:29:12,726 - Lang_44 - INFO - 错误: 找不到符号
return processDoubleHyphens(val); // Assume processDoubleHyphens is a method that you will implement for additional processing
2024-02-25 12:29:12,726 - Lang_44 - INFO - 补丁3 9 未成功编译
2024-02-25 12:29:12,726 - Lang_44 - INFO - Lang_44 未成功修复
