2024-02-24 01:16:26,229 - Math_85 - INFO - rm -rf /home/chongchong/d4j-project/Math_85
2024-02-24 01:16:26,230 - Math_85 - INFO - 删除 Math 85b 成功
2024-02-24 01:16:26,230 - Math_85 - INFO - defects4j checkout -p Math -v 85b -w /home/chongchong/d4j-project/Math_85
2024-02-24 01:16:29,664 - Math_85 - INFO - checkout Math 85b 成功
2024-02-24 01:16:35,266 - Math_85 - INFO - 编译成功
2024-02-24 01:16:41,707 - Math_85 - INFO - 测试失败
2024-02-24 01:16:41,707 - Math_85 - INFO - Failing tests: 1
  - org.apache.commons.math.distribution.NormalDistributionTest::testMath280

2024-02-24 01:16:42,624 - Math_85 - INFO - 它的bug类型为:
2024-02-24 01:16:42,624 - Math_85 - INFO - 1
2024-02-24 01:17:13,181 - Math_85 - INFO - Math_85 未成功修复
2024-02-24 11:34:14,127 - Math_85 - INFO - rm -rf /home/chongchong/d4j-project/Math_85
2024-02-24 11:34:14,155 - Math_85 - INFO - 删除 Math 85b 成功
2024-02-24 11:34:14,155 - Math_85 - INFO - defects4j checkout -p Math -v 85b -w /home/chongchong/d4j-project/Math_85
2024-02-24 11:34:17,586 - Math_85 - INFO - checkout Math 85b 成功
2024-02-24 11:34:23,203 - Math_85 - INFO - 编译成功
2024-02-24 11:34:29,637 - Math_85 - INFO - 测试失败
2024-02-24 11:34:29,637 - Math_85 - INFO - Failing tests: 1
  - org.apache.commons.math.distribution.NormalDistributionTest::testMath280

2024-02-24 11:34:30,545 - Math_85 - INFO - 它的bug类型为:
2024-02-24 11:34:30,545 - Math_85 - INFO - 1
2024-02-24 11:35:23,380 - Math_85 - INFO - 开始验证补丁1 1:
2024-02-24 11:35:23,380 - Math_85 - INFO - 
if (fa * fb > 0.0) {

2024-02-24 11:35:24,588 - Math_85 - INFO - 编译成功
2024-02-24 11:35:31,233 - Math_85 - INFO - 测试成功
2024-02-24 11:35:31,234 - Math_85 - INFO - 补丁1 1 通过了所有的测试用例
